<?xml version="1.0" encoding="UTF-8"?>
<testsuite xmlns:xsi="http://www.w3.org/2001/XMLSchema-instance" xsi:noNamespaceSchemaLocation="https://maven.apache.org/surefire/maven-surefire-plugin/xsd/surefire-test-report-3.0.xsd" version="3.0" name="TestSuite" time="115.337" tests="5" errors="0" skipped="0" failures="0">
  <properties>
    <property name="sun.desktop" value="windows"/>
    <property name="awt.toolkit" value="sun.awt.windows.WToolkit"/>
    <property name="java.specification.version" value="11"/>
    <property name="sun.cpu.isalist" value="amd64"/>
    <property name="sun.jnu.encoding" value="Cp1252"/>
    <property name="java.class.path" value="C:\Users\pooja05\eclipse-workspace\ExitTest\target\test-classes;C:\Users\pooja05\eclipse-workspace\ExitTest\target\classes;C:\Users\pooja05\.m2\repository\org\testng\testng\6.14.3\testng-6.14.3.jar;C:\Users\pooja05\.m2\repository\com\beust\jcommander\1.72\jcommander-1.72.jar;C:\Users\pooja05\.m2\repository\org\apache-extras\beanshell\bsh\2.0b6\bsh-2.0b6.jar;C:\Users\pooja05\.m2\repository\com\relevantcodes\extentreports\2.41.2\extentreports-2.41.2.jar;C:\Users\pooja05\.m2\repository\org\jsoup\jsoup\1.8.3\jsoup-1.8.3.jar;C:\Users\pooja05\.m2\repository\org\xerial\sqlite-jdbc\3.8.11.1\sqlite-jdbc-3.8.11.1.jar;C:\Users\pooja05\.m2\repository\org\mongodb\mongodb-driver\3.0.4\mongodb-driver-3.0.4.jar;C:\Users\pooja05\.m2\repository\org\mongodb\bson\3.0.4\bson-3.0.4.jar;C:\Users\pooja05\.m2\repository\org\mongodb\mongodb-driver-core\3.0.4\mongodb-driver-core-3.0.4.jar;C:\Users\pooja05\.m2\repository\io\appium\java-client\6.1.0\java-client-6.1.0.jar;C:\Users\pooja05\.m2\repository\org\seleniumhq\selenium\selenium-support\3.12.0\selenium-support-3.12.0.jar;C:\Users\pooja05\.m2\repository\commons-codec\commons-codec\1.10\commons-codec-1.10.jar;C:\Users\pooja05\.m2\repository\commons-logging\commons-logging\1.2\commons-logging-1.2.jar;C:\Users\pooja05\.m2\repository\org\apache\httpcomponents\httpcore\4.4.6\httpcore-4.4.6.jar;C:\Users\pooja05\.m2\repository\com\google\code\gson\gson\2.8.4\gson-2.8.4.jar;C:\Users\pooja05\.m2\repository\org\apache\httpcomponents\httpclient\4.5.5\httpclient-4.5.5.jar;C:\Users\pooja05\.m2\repository\cglib\cglib\3.2.6\cglib-3.2.6.jar;C:\Users\pooja05\.m2\repository\org\ow2\asm\asm\6.0\asm-6.0.jar;C:\Users\pooja05\.m2\repository\org\apache\ant\ant\1.9.6\ant-1.9.6.jar;C:\Users\pooja05\.m2\repository\org\apache\ant\ant-launcher\1.9.6\ant-launcher-1.9.6.jar;C:\Users\pooja05\.m2\repository\commons-validator\commons-validator\1.6\commons-validator-1.6.jar;C:\Users\pooja05\.m2\repository\commons-beanutils\commons-beanutils\1.9.2\commons-beanutils-1.9.2.jar;C:\Users\pooja05\.m2\repository\commons-digester\commons-digester\1.8.1\commons-digester-1.8.1.jar;C:\Users\pooja05\.m2\repository\commons-collections\commons-collections\3.2.2\commons-collections-3.2.2.jar;C:\Users\pooja05\.m2\repository\org\apache\commons\commons-lang3\3.7\commons-lang3-3.7.jar;C:\Users\pooja05\.m2\repository\commons-io\commons-io\2.6\commons-io-2.6.jar;C:\Users\pooja05\.m2\repository\org\springframework\spring-context\5.0.5.RELEASE\spring-context-5.0.5.RELEASE.jar;C:\Users\pooja05\.m2\repository\org\springframework\spring-aop\5.0.5.RELEASE\spring-aop-5.0.5.RELEASE.jar;C:\Users\pooja05\.m2\repository\org\springframework\spring-beans\5.0.5.RELEASE\spring-beans-5.0.5.RELEASE.jar;C:\Users\pooja05\.m2\repository\org\springframework\spring-core\5.0.5.RELEASE\spring-core-5.0.5.RELEASE.jar;C:\Users\pooja05\.m2\repository\org\springframework\spring-jcl\5.0.5.RELEASE\spring-jcl-5.0.5.RELEASE.jar;C:\Users\pooja05\.m2\repository\org\springframework\spring-expression\5.0.5.RELEASE\spring-expression-5.0.5.RELEASE.jar;C:\Users\pooja05\.m2\repository\org\aspectj\aspectjweaver\1.9.1\aspectjweaver-1.9.1.jar;C:\Users\pooja05\.m2\repository\org\openpnp\opencv\3.2.0-1\opencv-3.2.0-1.jar;C:\Users\pooja05\.m2\repository\org\seleniumhq\selenium\selenium-java\3.141.5\selenium-java-3.141.5.jar;C:\Users\pooja05\.m2\repository\org\seleniumhq\selenium\selenium-chrome-driver\3.141.5\selenium-chrome-driver-3.141.5.jar;C:\Users\pooja05\.m2\repository\org\seleniumhq\selenium\selenium-edge-driver\3.141.5\selenium-edge-driver-3.141.5.jar;C:\Users\pooja05\.m2\repository\org\seleniumhq\selenium\selenium-firefox-driver\3.141.5\selenium-firefox-driver-3.141.5.jar;C:\Users\pooja05\.m2\repository\org\seleniumhq\selenium\selenium-ie-driver\3.141.5\selenium-ie-driver-3.141.5.jar;C:\Users\pooja05\.m2\repository\org\seleniumhq\selenium\selenium-opera-driver\3.141.5\selenium-opera-driver-3.141.5.jar;C:\Users\pooja05\.m2\repository\org\seleniumhq\selenium\selenium-remote-driver\3.141.5\selenium-remote-driver-3.141.5.jar;C:\Users\pooja05\.m2\repository\org\seleniumhq\selenium\selenium-safari-driver\3.141.5\selenium-safari-driver-3.141.5.jar;C:\Users\pooja05\.m2\repository\net\bytebuddy\byte-buddy\1.8.15\byte-buddy-1.8.15.jar;C:\Users\pooja05\.m2\repository\org\apache\commons\commons-exec\1.3\commons-exec-1.3.jar;C:\Users\pooja05\.m2\repository\com\google\guava\guava\25.0-jre\guava-25.0-jre.jar;C:\Users\pooja05\.m2\repository\com\google\code\findbugs\jsr305\1.3.9\jsr305-1.3.9.jar;C:\Users\pooja05\.m2\repository\org\checkerframework\checker-compat-qual\2.0.0\checker-compat-qual-2.0.0.jar;C:\Users\pooja05\.m2\repository\com\google\errorprone\error_prone_annotations\2.1.3\error_prone_annotations-2.1.3.jar;C:\Users\pooja05\.m2\repository\com\google\j2objc\j2objc-annotations\1.1\j2objc-annotations-1.1.jar;C:\Users\pooja05\.m2\repository\org\codehaus\mojo\animal-sniffer-annotations\1.14\animal-sniffer-annotations-1.14.jar;C:\Users\pooja05\.m2\repository\com\squareup\okhttp3\okhttp\3.11.0\okhttp-3.11.0.jar;C:\Users\pooja05\.m2\repository\com\squareup\okio\okio\1.14.0\okio-1.14.0.jar;C:\Users\pooja05\.m2\repository\org\seleniumhq\selenium\selenium-api\3.141.5\selenium-api-3.141.5.jar;C:\Users\pooja05\.m2\repository\info\cukes\cucumber-picocontainer\1.2.5\cucumber-picocontainer-1.2.5.jar;C:\Users\pooja05\.m2\repository\info\cukes\cucumber-jvm-deps\1.0.5\cucumber-jvm-deps-1.0.5.jar;C:\Users\pooja05\.m2\repository\org\picocontainer\picocontainer\2.15\picocontainer-2.15.jar;C:\Users\pooja05\.m2\repository\info\cukes\cucumber-java\1.2.5\cucumber-java-1.2.5.jar;C:\Users\pooja05\.m2\repository\info\cukes\cucumber-core\1.2.5\cucumber-core-1.2.5.jar;C:\Users\pooja05\.m2\repository\info\cukes\cucumber-html\0.2.3\cucumber-html-0.2.3.jar;C:\Users\pooja05\.m2\repository\info\cukes\cucumber-testng\1.2.5\cucumber-testng-1.2.5.jar;C:\Users\pooja05\.m2\repository\net\masterthought\cucumber-reporting\1.0.0\cucumber-reporting-1.0.0.jar;C:\Users\pooja05\.m2\repository\org\apache\velocity\velocity\1.7\velocity-1.7.jar;C:\Users\pooja05\.m2\repository\commons-lang\commons-lang\2.4\commons-lang-2.4.jar;C:\Users\pooja05\.m2\repository\velocity-tools\velocity-tools\1.4\velocity-tools-1.4.jar;C:\Users\pooja05\.m2\repository\joda-time\joda-time\2.9.1\joda-time-2.9.1.jar;C:\Users\pooja05\.m2\repository\net\lingala\zip4j\zip4j\1.3.2\zip4j-1.3.2.jar;C:\Users\pooja05\.m2\repository\org\apache\maven\plugins\maven-gpg-plugin\1.6\maven-gpg-plugin-1.6.jar;C:\Users\pooja05\.m2\repository\org\apache\maven\maven-plugin-api\2.2.1\maven-plugin-api-2.2.1.jar;C:\Users\pooja05\.m2\repository\org\apache\maven\maven-project\2.2.1\maven-project-2.2.1.jar;C:\Users\pooja05\.m2\repository\org\apache\maven\maven-settings\2.2.1\maven-settings-2.2.1.jar;C:\Users\pooja05\.m2\repository\org\apache\maven\maven-profile\2.2.1\maven-profile-2.2.1.jar;C:\Users\pooja05\.m2\repository\org\apache\maven\maven-artifact-manager\2.2.1\maven-artifact-manager-2.2.1.jar;C:\Users\pooja05\.m2\repository\org\apache\maven\wagon\wagon-provider-api\1.0-beta-6\wagon-provider-api-1.0-beta-6.jar;C:\Users\pooja05\.m2\repository\backport-util-concurrent\backport-util-concurrent\3.1\backport-util-concurrent-3.1.jar;C:\Users\pooja05\.m2\repository\org\apache\maven\maven-plugin-registry\2.2.1\maven-plugin-registry-2.2.1.jar;C:\Users\pooja05\.m2\repository\org\codehaus\plexus\plexus-interpolation\1.11\plexus-interpolation-1.11.jar;C:\Users\pooja05\.m2\repository\org\codehaus\plexus\plexus-container-default\1.0-alpha-9-stable-1\plexus-container-default-1.0-alpha-9-stable-1.jar;C:\Users\pooja05\.m2\repository\junit\junit\3.8.1\junit-3.8.1.jar;C:\Users\pooja05\.m2\repository\classworlds\classworlds\1.1-alpha-2\classworlds-1.1-alpha-2.jar;C:\Users\pooja05\.m2\repository\org\apache\maven\maven-artifact\2.2.1\maven-artifact-2.2.1.jar;C:\Users\pooja05\.m2\repository\org\apache\maven\maven-repository-metadata\2.2.1\maven-repository-metadata-2.2.1.jar;C:\Users\pooja05\.m2\repository\org\apache\maven\maven-model\2.2.1\maven-model-2.2.1.jar;C:\Users\pooja05\.m2\repository\org\codehaus\plexus\plexus-utils\3.0.20\plexus-utils-3.0.20.jar;C:\Users\pooja05\.m2\repository\org\sonatype\plexus\plexus-sec-dispatcher\1.4\plexus-sec-dispatcher-1.4.jar;C:\Users\pooja05\.m2\repository\org\sonatype\plexus\plexus-cipher\1.4\plexus-cipher-1.4.jar;C:\Users\pooja05\.m2\repository\info\cukes\gherkin\2.12.2\gherkin-2.12.2.jar;C:\Users\pooja05\.m2\repository\com\vimalselvam\cucumber-extentsreport\3.0.2\cucumber-extentsreport-3.0.2.jar;C:\Users\pooja05\.m2\repository\tech\grasshopper\extentreports-cucumber6-adapter\2.0.0\extentreports-cucumber6-adapter-2.0.0.jar;C:\Users\pooja05\.m2\repository\com\aventstack\klov-reporter\5.0.1\klov-reporter-5.0.1.jar;C:\Users\pooja05\.m2\repository\org\apache\httpcomponents\httpmime\4.5.2\httpmime-4.5.2.jar;C:\Users\pooja05\.m2\repository\com\aventstack\extentreports\5.0.9\extentreports-5.0.9.jar;C:\Users\pooja05\.m2\repository\io\reactivex\rxjava3\rxjava\3.0.4\rxjava-3.0.4.jar;C:\Users\pooja05\.m2\repository\org\reactivestreams\reactive-streams\1.0.3\reactive-streams-1.0.3.jar;C:\Users\pooja05\.m2\repository\org\projectlombok\lombok\1.18.12\lombok-1.18.12.jar;C:\Users\pooja05\.m2\repository\log4j\log4j\1.2.17\log4j-1.2.17.jar;C:\Users\pooja05\.m2\repository\org\freemarker\freemarker\2.3.31\freemarker-2.3.31.jar;C:\Users\pooja05\.m2\repository\org\apache\poi\poi-ooxml\3.9\poi-ooxml-3.9.jar;C:\Users\pooja05\.m2\repository\org\apache\poi\poi\3.9\poi-3.9.jar;C:\Users\pooja05\.m2\repository\org\apache\poi\poi-ooxml-schemas\3.9\poi-ooxml-schemas-3.9.jar;C:\Users\pooja05\.m2\repository\org\apache\xmlbeans\xmlbeans\2.3.0\xmlbeans-2.3.0.jar;C:\Users\pooja05\.m2\repository\stax\stax-api\1.0.1\stax-api-1.0.1.jar;C:\Users\pooja05\.m2\repository\dom4j\dom4j\1.6.1\dom4j-1.6.1.jar;C:\Users\pooja05\.m2\repository\xml-apis\xml-apis\1.0.b2\xml-apis-1.0.b2.jar;"/>
    <property name="java.vm.vendor" value="Oracle Corporation"/>
    <property name="sun.arch.data.model" value="64"/>
    <property name="user.variant" value=""/>
    <property name="java.vendor.url" value="https://openjdk.java.net/"/>
    <property name="user.timezone" value="Asia/Calcutta"/>
    <property name="java.vm.specification.version" value="11"/>
    <property name="os.name" value="Windows 10"/>
    <property name="sun.java.launcher" value="SUN_STANDARD"/>
    <property name="user.country" value="US"/>
    <property name="sun.boot.library.path" value="C:\Program Files\Java\jdk-11.0.15.1\bin"/>
    <property name="sun.java.command" value="C:\Users\pooja05\AppData\Local\Temp\surefire4000769080616547771\surefirebooter11228652680154517199.jar C:\Users\pooja05\AppData\Local\Temp\surefire4000769080616547771 2022-07-28T14-10-44_736-jvmRun1 surefire4728241041485627920tmp surefire_02674467084474436061tmp"/>
    <property name="jdk.debug" value="release"/>
    <property name="surefire.test.class.path" value="C:\Users\pooja05\eclipse-workspace\ExitTest\target\test-classes;C:\Users\pooja05\eclipse-workspace\ExitTest\target\classes;C:\Users\pooja05\.m2\repository\org\testng\testng\6.14.3\testng-6.14.3.jar;C:\Users\pooja05\.m2\repository\com\beust\jcommander\1.72\jcommander-1.72.jar;C:\Users\pooja05\.m2\repository\org\apache-extras\beanshell\bsh\2.0b6\bsh-2.0b6.jar;C:\Users\pooja05\.m2\repository\com\relevantcodes\extentreports\2.41.2\extentreports-2.41.2.jar;C:\Users\pooja05\.m2\repository\org\jsoup\jsoup\1.8.3\jsoup-1.8.3.jar;C:\Users\pooja05\.m2\repository\org\xerial\sqlite-jdbc\3.8.11.1\sqlite-jdbc-3.8.11.1.jar;C:\Users\pooja05\.m2\repository\org\mongodb\mongodb-driver\3.0.4\mongodb-driver-3.0.4.jar;C:\Users\pooja05\.m2\repository\org\mongodb\bson\3.0.4\bson-3.0.4.jar;C:\Users\pooja05\.m2\repository\org\mongodb\mongodb-driver-core\3.0.4\mongodb-driver-core-3.0.4.jar;C:\Users\pooja05\.m2\repository\io\appium\java-client\6.1.0\java-client-6.1.0.jar;C:\Users\pooja05\.m2\repository\org\seleniumhq\selenium\selenium-support\3.12.0\selenium-support-3.12.0.jar;C:\Users\pooja05\.m2\repository\commons-codec\commons-codec\1.10\commons-codec-1.10.jar;C:\Users\pooja05\.m2\repository\commons-logging\commons-logging\1.2\commons-logging-1.2.jar;C:\Users\pooja05\.m2\repository\org\apache\httpcomponents\httpcore\4.4.6\httpcore-4.4.6.jar;C:\Users\pooja05\.m2\repository\com\google\code\gson\gson\2.8.4\gson-2.8.4.jar;C:\Users\pooja05\.m2\repository\org\apache\httpcomponents\httpclient\4.5.5\httpclient-4.5.5.jar;C:\Users\pooja05\.m2\repository\cglib\cglib\3.2.6\cglib-3.2.6.jar;C:\Users\pooja05\.m2\repository\org\ow2\asm\asm\6.0\asm-6.0.jar;C:\Users\pooja05\.m2\repository\org\apache\ant\ant\1.9.6\ant-1.9.6.jar;C:\Users\pooja05\.m2\repository\org\apache\ant\ant-launcher\1.9.6\ant-launcher-1.9.6.jar;C:\Users\pooja05\.m2\repository\commons-validator\commons-validator\1.6\commons-validator-1.6.jar;C:\Users\pooja05\.m2\repository\commons-beanutils\commons-beanutils\1.9.2\commons-beanutils-1.9.2.jar;C:\Users\pooja05\.m2\repository\commons-digester\commons-digester\1.8.1\commons-digester-1.8.1.jar;C:\Users\pooja05\.m2\repository\commons-collections\commons-collections\3.2.2\commons-collections-3.2.2.jar;C:\Users\pooja05\.m2\repository\org\apache\commons\commons-lang3\3.7\commons-lang3-3.7.jar;C:\Users\pooja05\.m2\repository\commons-io\commons-io\2.6\commons-io-2.6.jar;C:\Users\pooja05\.m2\repository\org\springframework\spring-context\5.0.5.RELEASE\spring-context-5.0.5.RELEASE.jar;C:\Users\pooja05\.m2\repository\org\springframework\spring-aop\5.0.5.RELEASE\spring-aop-5.0.5.RELEASE.jar;C:\Users\pooja05\.m2\repository\org\springframework\spring-beans\5.0.5.RELEASE\spring-beans-5.0.5.RELEASE.jar;C:\Users\pooja05\.m2\repository\org\springframework\spring-core\5.0.5.RELEASE\spring-core-5.0.5.RELEASE.jar;C:\Users\pooja05\.m2\repository\org\springframework\spring-jcl\5.0.5.RELEASE\spring-jcl-5.0.5.RELEASE.jar;C:\Users\pooja05\.m2\repository\org\springframework\spring-expression\5.0.5.RELEASE\spring-expression-5.0.5.RELEASE.jar;C:\Users\pooja05\.m2\repository\org\aspectj\aspectjweaver\1.9.1\aspectjweaver-1.9.1.jar;C:\Users\pooja05\.m2\repository\org\openpnp\opencv\3.2.0-1\opencv-3.2.0-1.jar;C:\Users\pooja05\.m2\repository\org\seleniumhq\selenium\selenium-java\3.141.5\selenium-java-3.141.5.jar;C:\Users\pooja05\.m2\repository\org\seleniumhq\selenium\selenium-chrome-driver\3.141.5\selenium-chrome-driver-3.141.5.jar;C:\Users\pooja05\.m2\repository\org\seleniumhq\selenium\selenium-edge-driver\3.141.5\selenium-edge-driver-3.141.5.jar;C:\Users\pooja05\.m2\repository\org\seleniumhq\selenium\selenium-firefox-driver\3.141.5\selenium-firefox-driver-3.141.5.jar;C:\Users\pooja05\.m2\repository\org\seleniumhq\selenium\selenium-ie-driver\3.141.5\selenium-ie-driver-3.141.5.jar;C:\Users\pooja05\.m2\repository\org\seleniumhq\selenium\selenium-opera-driver\3.141.5\selenium-opera-driver-3.141.5.jar;C:\Users\pooja05\.m2\repository\org\seleniumhq\selenium\selenium-remote-driver\3.141.5\selenium-remote-driver-3.141.5.jar;C:\Users\pooja05\.m2\repository\org\seleniumhq\selenium\selenium-safari-driver\3.141.5\selenium-safari-driver-3.141.5.jar;C:\Users\pooja05\.m2\repository\net\bytebuddy\byte-buddy\1.8.15\byte-buddy-1.8.15.jar;C:\Users\pooja05\.m2\repository\org\apache\commons\commons-exec\1.3\commons-exec-1.3.jar;C:\Users\pooja05\.m2\repository\com\google\guava\guava\25.0-jre\guava-25.0-jre.jar;C:\Users\pooja05\.m2\repository\com\google\code\findbugs\jsr305\1.3.9\jsr305-1.3.9.jar;C:\Users\pooja05\.m2\repository\org\checkerframework\checker-compat-qual\2.0.0\checker-compat-qual-2.0.0.jar;C:\Users\pooja05\.m2\repository\com\google\errorprone\error_prone_annotations\2.1.3\error_prone_annotations-2.1.3.jar;C:\Users\pooja05\.m2\repository\com\google\j2objc\j2objc-annotations\1.1\j2objc-annotations-1.1.jar;C:\Users\pooja05\.m2\repository\org\codehaus\mojo\animal-sniffer-annotations\1.14\animal-sniffer-annotations-1.14.jar;C:\Users\pooja05\.m2\repository\com\squareup\okhttp3\okhttp\3.11.0\okhttp-3.11.0.jar;C:\Users\pooja05\.m2\repository\com\squareup\okio\okio\1.14.0\okio-1.14.0.jar;C:\Users\pooja05\.m2\repository\org\seleniumhq\selenium\selenium-api\3.141.5\selenium-api-3.141.5.jar;C:\Users\pooja05\.m2\repository\info\cukes\cucumber-picocontainer\1.2.5\cucumber-picocontainer-1.2.5.jar;C:\Users\pooja05\.m2\repository\info\cukes\cucumber-jvm-deps\1.0.5\cucumber-jvm-deps-1.0.5.jar;C:\Users\pooja05\.m2\repository\org\picocontainer\picocontainer\2.15\picocontainer-2.15.jar;C:\Users\pooja05\.m2\repository\info\cukes\cucumber-java\1.2.5\cucumber-java-1.2.5.jar;C:\Users\pooja05\.m2\repository\info\cukes\cucumber-core\1.2.5\cucumber-core-1.2.5.jar;C:\Users\pooja05\.m2\repository\info\cukes\cucumber-html\0.2.3\cucumber-html-0.2.3.jar;C:\Users\pooja05\.m2\repository\info\cukes\cucumber-testng\1.2.5\cucumber-testng-1.2.5.jar;C:\Users\pooja05\.m2\repository\net\masterthought\cucumber-reporting\1.0.0\cucumber-reporting-1.0.0.jar;C:\Users\pooja05\.m2\repository\org\apache\velocity\velocity\1.7\velocity-1.7.jar;C:\Users\pooja05\.m2\repository\commons-lang\commons-lang\2.4\commons-lang-2.4.jar;C:\Users\pooja05\.m2\repository\velocity-tools\velocity-tools\1.4\velocity-tools-1.4.jar;C:\Users\pooja05\.m2\repository\joda-time\joda-time\2.9.1\joda-time-2.9.1.jar;C:\Users\pooja05\.m2\repository\net\lingala\zip4j\zip4j\1.3.2\zip4j-1.3.2.jar;C:\Users\pooja05\.m2\repository\org\apache\maven\plugins\maven-gpg-plugin\1.6\maven-gpg-plugin-1.6.jar;C:\Users\pooja05\.m2\repository\org\apache\maven\maven-plugin-api\2.2.1\maven-plugin-api-2.2.1.jar;C:\Users\pooja05\.m2\repository\org\apache\maven\maven-project\2.2.1\maven-project-2.2.1.jar;C:\Users\pooja05\.m2\repository\org\apache\maven\maven-settings\2.2.1\maven-settings-2.2.1.jar;C:\Users\pooja05\.m2\repository\org\apache\maven\maven-profile\2.2.1\maven-profile-2.2.1.jar;C:\Users\pooja05\.m2\repository\org\apache\maven\maven-artifact-manager\2.2.1\maven-artifact-manager-2.2.1.jar;C:\Users\pooja05\.m2\repository\org\apache\maven\wagon\wagon-provider-api\1.0-beta-6\wagon-provider-api-1.0-beta-6.jar;C:\Users\pooja05\.m2\repository\backport-util-concurrent\backport-util-concurrent\3.1\backport-util-concurrent-3.1.jar;C:\Users\pooja05\.m2\repository\org\apache\maven\maven-plugin-registry\2.2.1\maven-plugin-registry-2.2.1.jar;C:\Users\pooja05\.m2\repository\org\codehaus\plexus\plexus-interpolation\1.11\plexus-interpolation-1.11.jar;C:\Users\pooja05\.m2\repository\org\codehaus\plexus\plexus-container-default\1.0-alpha-9-stable-1\plexus-container-default-1.0-alpha-9-stable-1.jar;C:\Users\pooja05\.m2\repository\junit\junit\3.8.1\junit-3.8.1.jar;C:\Users\pooja05\.m2\repository\classworlds\classworlds\1.1-alpha-2\classworlds-1.1-alpha-2.jar;C:\Users\pooja05\.m2\repository\org\apache\maven\maven-artifact\2.2.1\maven-artifact-2.2.1.jar;C:\Users\pooja05\.m2\repository\org\apache\maven\maven-repository-metadata\2.2.1\maven-repository-metadata-2.2.1.jar;C:\Users\pooja05\.m2\repository\org\apache\maven\maven-model\2.2.1\maven-model-2.2.1.jar;C:\Users\pooja05\.m2\repository\org\codehaus\plexus\plexus-utils\3.0.20\plexus-utils-3.0.20.jar;C:\Users\pooja05\.m2\repository\org\sonatype\plexus\plexus-sec-dispatcher\1.4\plexus-sec-dispatcher-1.4.jar;C:\Users\pooja05\.m2\repository\org\sonatype\plexus\plexus-cipher\1.4\plexus-cipher-1.4.jar;C:\Users\pooja05\.m2\repository\info\cukes\gherkin\2.12.2\gherkin-2.12.2.jar;C:\Users\pooja05\.m2\repository\com\vimalselvam\cucumber-extentsreport\3.0.2\cucumber-extentsreport-3.0.2.jar;C:\Users\pooja05\.m2\repository\tech\grasshopper\extentreports-cucumber6-adapter\2.0.0\extentreports-cucumber6-adapter-2.0.0.jar;C:\Users\pooja05\.m2\repository\com\aventstack\klov-reporter\5.0.1\klov-reporter-5.0.1.jar;C:\Users\pooja05\.m2\repository\org\apache\httpcomponents\httpmime\4.5.2\httpmime-4.5.2.jar;C:\Users\pooja05\.m2\repository\com\aventstack\extentreports\5.0.9\extentreports-5.0.9.jar;C:\Users\pooja05\.m2\repository\io\reactivex\rxjava3\rxjava\3.0.4\rxjava-3.0.4.jar;C:\Users\pooja05\.m2\repository\org\reactivestreams\reactive-streams\1.0.3\reactive-streams-1.0.3.jar;C:\Users\pooja05\.m2\repository\org\projectlombok\lombok\1.18.12\lombok-1.18.12.jar;C:\Users\pooja05\.m2\repository\log4j\log4j\1.2.17\log4j-1.2.17.jar;C:\Users\pooja05\.m2\repository\org\freemarker\freemarker\2.3.31\freemarker-2.3.31.jar;C:\Users\pooja05\.m2\repository\org\apache\poi\poi-ooxml\3.9\poi-ooxml-3.9.jar;C:\Users\pooja05\.m2\repository\org\apache\poi\poi\3.9\poi-3.9.jar;C:\Users\pooja05\.m2\repository\org\apache\poi\poi-ooxml-schemas\3.9\poi-ooxml-schemas-3.9.jar;C:\Users\pooja05\.m2\repository\org\apache\xmlbeans\xmlbeans\2.3.0\xmlbeans-2.3.0.jar;C:\Users\pooja05\.m2\repository\stax\stax-api\1.0.1\stax-api-1.0.1.jar;C:\Users\pooja05\.m2\repository\dom4j\dom4j\1.6.1\dom4j-1.6.1.jar;C:\Users\pooja05\.m2\repository\xml-apis\xml-apis\1.0.b2\xml-apis-1.0.b2.jar;"/>
    <property name="sun.cpu.endian" value="little"/>
    <property name="user.home" value="C:\Users\pooja05"/>
    <property name="user.language" value="en"/>
    <property name="java.specification.vendor" value="Oracle Corporation"/>
    <property name="java.version.date" value="2022-04-22"/>
    <property name="java.home" value="C:\Program Files\Java\jdk-11.0.15.1"/>
    <property name="file.separator" value="\"/>
    <property name="basedir" value="C:\Users\pooja05\eclipse-workspace\ExitTest"/>
    <property name="java.vm.compressedOopsMode" value="Zero based"/>
    <property name="line.separator" value="&#10;"/>
    <property name="java.specification.name" value="Java Platform API Specification"/>
    <property name="java.vm.specification.vendor" value="Oracle Corporation"/>
    <property name="java.awt.graphicsenv" value="sun.awt.Win32GraphicsEnvironment"/>
    <property name="surefire.real.class.path" value="C:\Users\pooja05\AppData\Local\Temp\surefire4000769080616547771\surefirebooter11228652680154517199.jar"/>
    <property name="user.script" value=""/>
    <property name="sun.management.compiler" value="HotSpot 64-Bit Tiered Compilers"/>
    <property name="java.runtime.version" value="11.0.15.1+2-LTS-10"/>
    <property name="user.name" value="pooja05"/>
    <property name="path.separator" value=";"/>
    <property name="os.version" value="10.0"/>
    <property name="java.runtime.name" value="Java(TM) SE Runtime Environment"/>
    <property name="file.encoding" value="Cp1252"/>
    <property name="java.vm.name" value="Java HotSpot(TM) 64-Bit Server VM"/>
    <property name="java.vendor.version" value="18.9"/>
    <property name="localRepository" value="C:\Users\pooja05\.m2\repository"/>
    <property name="java.vendor.url.bug" value="https://bugreport.java.com/bugreport/"/>
    <property name="java.io.tmpdir" value="C:\Users\pooja05\AppData\Local\Temp\"/>
    <property name="java.version" value="11.0.15.1"/>
    <property name="user.dir" value="C:\Users\pooja05\eclipse-workspace\ExitTest"/>
    <property name="os.arch" value="amd64"/>
    <property name="java.vm.specification.name" value="Java Virtual Machine Specification"/>
    <property name="java.awt.printerjob" value="sun.awt.windows.WPrinterJob"/>
    <property name="sun.os.patch.level" value=""/>
    <property name="java.library.path" value="C:\Program Files\Java\jdk-11.0.15.1\bin;C:\Windows\Sun\Java\bin;C:\Windows\system32;C:\Windows;C:\Users\pooja05\AppData\Local\Android\Sdk\tools;C:\Users\pooja05\AppData\Local\Android\Sdk\platform-tools;C:\Program Files\Microsoft MPI\Bin\;C:\Windows\system32;C:\Windows;C:\Windows\System32\Wbem;C:\Windows\System32\WindowsPowerShell\v1.0\;C:\Windows\System32\OpenSSH\;C:\Program Files\TortoiseSVN\bin;C:\.Net &amp; Java Software\Open JKD -11\bin;C:\Program Files\dotnet\;C:\Program Files\Microsoft SQL Server\130\Tools\Binn\;C:\Program Files\Microsoft SQL Server\Client SDK\ODBC\170\Tools\Binn\;C:\Program Files\nodejs\;C:\Program Files (x86)\Microsoft SQL Server\150\DTS\Binn\;C:\Program Files\Azure Data Studio\bin;C:\Program Files (x86)\Microsoft SQL Server\140\Tools\Binn\;C:\Program Files\Microsoft SQL Server\140\Tools\Binn\;C:\Program Files\Microsoft SQL Server\140\DTS\Binn\;C:\Program Files\Microsoft SQL Server\Client SDK\ODBC\130\Tools\Binn\;C:\Program Files\RedHat\java-11-openjdk-11.0.5-2\bin;C:\Users\pooja05\Downloads\apache-maven-3.8.5-bin\apache-maven-3.8.5\bin;C:\Program Files (x86)\dotnet\;C:\Program Files\Java\jdk-18.0.1.1\bin,C:\Users\pooja05\AppData\Local\Android\Sdk\tools;C:\Users\pooja05\AppData\Local\Android\Sdk\platform-tools;C:\Program Files\Common Files\Oracle\Java\javapath;C:\Program Files\Microsoft MPI\Bin\;C:\Windows\system32;C:\Windows;C:\Windows\System32\Wbem;C:\Windows\System32\WindowsPowerShell\v1.0\;C:\Windows\System32\OpenSSH\;C:\Program Files\TortoiseSVN\bin;C:\.Net &amp; Java Software\Open JKD -11\bin;C:\Program Files\dotnet\;C:\Program Files\Microsoft SQL Server\130\Tools\Binn\;C:\Program Files\Microsoft SQL Server\Client SDK\ODBC\170\Tools\Binn\;C:\Program Files\nodejs\;C:\Program Files (x86)\Microsoft SQL Server\150\DTS\Binn\;C:\Program Files\Azure Data Studio\bin;C:\Program Files (x86)\Microsoft SQL Server\140\Tools\Binn\;C:\Program Files\Microsoft SQL Server\140\Tools\Binn\;C:\Program Files\Microsoft SQL Server\140\DTS\Binn\;C:\Program Files\Microsoft SQL Server\Client SDK\ODBC\130\Tools\Binn\;C:\Program Files\RedHat\java-11-openjdk-11.0.5-2\bin;C:\Users\pooja05\Downloads\apache-maven-3.8.5-bin\apache-maven-3.8.5\bin;C:\Program Files (x86)\dotnet\;C:\Program Files\Java\jdk-18.0.1.1\bin;C:\Program Files\Git\cmd;C:\Program Files\Git\cmd;C:\Program Files\Java\jdk-11.0.15.1\bin;C:\Users\pooja05\AppData\Local\Programs\Python\Python310\Scripts\;C:\Users\pooja05\AppData\Local\Programs\Python\Python310\;C:\Users\pooja05\AppData\Local\Microsoft\WindowsApps;C:\Users\pooja05\.dotnet\tools;C:\Users\pooja05\AppData\Roaming\npm;C:\Program Files\Azure Data Studio\bin;C:\Users\pooja05\AppData\Local\Programs\Microsoft VS Code\bin;."/>
    <property name="java.vendor" value="Oracle Corporation"/>
    <property name="java.vm.info" value="mixed mode"/>
    <property name="java.vm.version" value="11.0.15.1+2-LTS-10"/>
    <property name="sun.io.unicode.encoding" value="UnicodeLittle"/>
    <property name="java.class.version" value="55.0"/>
  </properties>
  <testcase name="feature[Check the Functionality of Animation](1)" classname="Runner.Runner" time="16.388">
    <system-out><![CDATA[[TestNGContentHandler] [WARN] It is strongly recommended to add "<!DOCTYPE suite SYSTEM "http://testng.org/testng-1.0.dtd" >" at the top of your file, otherwise TestNG may fail or not work as expected.
&amp#27;[35m[Appium]&amp#27;[39m Welcome to Appium v1.22.3
&amp#27;[35m[Appium]&amp#27;[39m Appium REST http interface listener started on 0.0.0.0:4723
&amp#27;[35m[HTTP]&amp#27;[39m &amp#27;[37m-->&amp#27;[39m &amp#27;[37mGET&amp#27;[39m &amp#27;[37m/wd/hub/status&amp#27;[39m
&amp#27;[35m[HTTP]&amp#27;[39m &amp#27;[90m{}&amp#27;[39m
[debug] &amp#27;[35m[GENERIC]&amp#27;[39m Calling AppiumDriver.getStatus() with args: []
[debug] &amp#27;[35m[GENERIC]&amp#27;[39m Responding to client with driver.getStatus() result: {"build":{"version":"1.22.3"}}
&amp#27;[35m[HTTP]&amp#27;[39m &amp#27;[37m<-- GET /wd/hub/status &amp#27;[39m&amp#27;[32m200&amp#27;[39m &amp#27;[90m4 ms - 68&amp#27;[39m
&amp#27;[35m[HTTP]&amp#27;[39m &amp#27;[90m&amp#27;[39m
@tag
Feature: Check the Functionality of Animation
&amp#27;[35m[HTTP]&amp#27;[39m &amp#27;[37m-->&amp#27;[39m &amp#27;[37mPOST&amp#27;[39m &amp#27;[37m/wd/hub/session&amp#27;[39m
&amp#27;[35m[HTTP]&amp#27;[39m &amp#27;[90m{"desiredCapabilities":{"app":"src/test/resources/App/ApiDemos-debug.apk","appActivity":".ApiDemos","appPackage":"io.appium.android.apis","platformVersion":"8.1","platformName":"Android","deviceName":"android"},"capabilities":{"alwaysMatch":{"appium:app":"src/test/resources/App/ApiDemos-debug.apk","appium:appActivity":".ApiDemos","appium:appPackage":"io.appium.android.apis","appium:deviceName":"android","platformName":"android","appium:platformVersion":"8.1"},"firstMatch":[{}]}}&amp#27;[39m
[debug] &amp#27;[35m[W3C]&amp#27;[39m Calling AppiumDriver.createSession() with args: [{"app":"src/test/resources/App/ApiDemos-debug.apk","appActivity":".ApiDemos","appPackage":"io.appium.android.apis","platformVersion":"8.1","platformName":"Android","deviceName":"android"},null,{"alwaysMatch":{"appium:app":"src/test/resources/App/ApiDemos-debug.apk","appium:appActivity":".ApiDemos","appium:appPackage":"io.appium.android.apis","appium:deviceName":"android","platformName":"android","appium:platformVersion":"8.1"},"firstMatch":[{}]}]
[debug] &amp#27;[35m[BaseDriver]&amp#27;[39m Event 'newSessionRequested' logged at 1658997649547 (14:10:49 GMT+0530 (India Standard Time))
&amp#27;[35m[Appium]&amp#27;[39m 
&amp#27;[35m[Appium]&amp#27;[39m ======================================================================
&amp#27;[35m[Appium]&amp#27;[39m   DEPRECATION WARNING:
&amp#27;[35m[Appium]&amp#27;[39m 
&amp#27;[35m[Appium]&amp#27;[39m   The 'automationName' capability was not provided in the desired 
&amp#27;[35m[Appium]&amp#27;[39m   capabilities for this Android session
&amp#27;[35m[Appium]&amp#27;[39m 
&amp#27;[35m[Appium]&amp#27;[39m   Setting 'automationName=UiAutomator2' by default and using the 
&amp#27;[35m[Appium]&amp#27;[39m   UiAutomator2 Driver
&amp#27;[35m[Appium]&amp#27;[39m 
&amp#27;[35m[Appium]&amp#27;[39m   The next major version of Appium (2.x) will **require** the 
&amp#27;[35m[Appium]&amp#27;[39m   'automationName' capability to be set for all sessions on all 
&amp#27;[35m[Appium]&amp#27;[39m   platforms
&amp#27;[35m[Appium]&amp#27;[39m 
&amp#27;[35m[Appium]&amp#27;[39m   In previous versions (Appium <= 1.13.x), the default was 
&amp#27;[35m[Appium]&amp#27;[39m   'automationName=UiAutomator1'
&amp#27;[35m[Appium]&amp#27;[39m 
&amp#27;[35m[Appium]&amp#27;[39m   If you wish to use that automation instead of UiAutomator2, please 
&amp#27;[35m[Appium]&amp#27;[39m   add 'automationName=UiAutomator1' to your desired capabilities
&amp#27;[35m[Appium]&amp#27;[39m 
&amp#27;[35m[Appium]&amp#27;[39m   For more information about drivers, please visit 
&amp#27;[35m[Appium]&amp#27;[39m   http://appium.io/docs/en/about-appium/intro/ and explore the 
&amp#27;[35m[Appium]&amp#27;[39m   'Drivers' menu
&amp#27;[35m[Appium]&amp#27;[39m 
&amp#27;[35m[Appium]&amp#27;[39m ======================================================================
&amp#27;[35m[Appium]&amp#27;[39m 
&amp#27;[35m[Appium]&amp#27;[39m Appium v1.22.3 creating new AndroidUiautomator2Driver (v1.70.1) session
[debug] &amp#27;[35m[BaseDriver]&amp#27;[39m W3C capabilities and MJSONWP desired capabilities were provided
[debug] &amp#27;[35m[BaseDriver]&amp#27;[39m Creating session with W3C capabilities: {
[debug] &amp#27;[35m[BaseDriver]&amp#27;[39m   "alwaysMatch": {
[debug] &amp#27;[35m[BaseDriver]&amp#27;[39m     "platformName": "android",
[debug] &amp#27;[35m[BaseDriver]&amp#27;[39m     "appium:app": "src/test/resources/App/ApiDemos-debug.apk",
[debug] &amp#27;[35m[BaseDriver]&amp#27;[39m     "appium:appActivity": ".ApiDemos",
[debug] &amp#27;[35m[BaseDriver]&amp#27;[39m     "appium:appPackage": "io.appium.android.apis",
[debug] &amp#27;[35m[BaseDriver]&amp#27;[39m     "appium:deviceName": "android",
[debug] &amp#27;[35m[BaseDriver]&amp#27;[39m     "appium:platformVersion": "8.1"
[debug] &amp#27;[35m[BaseDriver]&amp#27;[39m   },
[debug] &amp#27;[35m[BaseDriver]&amp#27;[39m   "firstMatch": [
[debug] &amp#27;[35m[BaseDriver]&amp#27;[39m     {}
[debug] &amp#27;[35m[BaseDriver]&amp#27;[39m   ]
[debug] &amp#27;[35m[BaseDriver]&amp#27;[39m }
&amp#27;[35m[BaseDriver]&amp#27;[39m Session created with session id: 90ffa84a-49b9-4640-99bd-8100d25a8a7a
&amp#27;[35m[BaseDriver]&amp#27;[39m Using local app 'src/test/resources/App/ApiDemos-debug.apk'
&amp#27;[35m[BaseDriver]&amp#27;[39m The current application path 'src/test/resources/App/ApiDemos-debug.apk' is not absolute and has been rewritten to 'C:\Users\pooja05\eclipse-workspace\ExitTest\src\test\resources\App\ApiDemos-debug.apk'. Consider using absolute paths rather than relative
[debug] &amp#27;[35m[UiAutomator2]&amp#27;[39m Checking whether app is actually present
&amp#27;[35m[ADB]&amp#27;[39m Found 3 'build-tools' folders under 'C:\Users\pooja05\AppData\Local\Android\Sdk' (newest first):
&amp#27;[35m[ADB]&amp#27;[39m     C:/Users/pooja05/AppData/Local/Android/Sdk/build-tools/33.0.0
&amp#27;[35m[ADB]&amp#27;[39m     C:/Users/pooja05/AppData/Local/Android/Sdk/build-tools/30.0.3
&amp#27;[35m[ADB]&amp#27;[39m     C:/Users/pooja05/AppData/Local/Android/Sdk/build-tools/30.0.3-2
&amp#27;[35m[ADB]&amp#27;[39m Using 'adb.exe' from 'C:\Users\pooja05\AppData\Local\Android\Sdk\platform-tools\adb.exe'
[debug] &amp#27;[35m[ADB]&amp#27;[39m Running 'C:\Users\pooja05\AppData\Local\Android\Sdk\platform-tools\adb.exe -P 5037 start-server'
&amp#27;[35m[AndroidDriver]&amp#27;[39m Retrieving device list
[debug] &amp#27;[35m[ADB]&amp#27;[39m Trying to find a connected android device
[debug] &amp#27;[35m[ADB]&amp#27;[39m Getting connected devices
[debug] &amp#27;[35m[ADB]&amp#27;[39m Connected devices: [{"udid":"emulator-5554","state":"device"}]
&amp#27;[35m[AndroidDriver]&amp#27;[39m Looking for a device with Android '8.1.0'
[debug] &amp#27;[35m[ADB]&amp#27;[39m Setting device id to emulator-5554
&amp#27;[35m[ADB]&amp#27;[39m Getting device platform version
[debug] &amp#27;[35m[ADB]&amp#27;[39m Running 'C:\Users\pooja05\AppData\Local\Android\Sdk\platform-tools\adb.exe -P 5037 -s emulator-5554 shell getprop ro.build.version.release'
[debug] &amp#27;[35m[ADB]&amp#27;[39m Current device property 'ro.build.version.release': 8.1.0
&amp#27;[35m[AndroidDriver]&amp#27;[39m Using device: emulator-5554
&amp#27;[35m[ADB]&amp#27;[39m Using 'adb.exe' from 'C:\Users\pooja05\AppData\Local\Android\Sdk\platform-tools\adb.exe'
[debug] &amp#27;[35m[ADB]&amp#27;[39m Running 'C:\Users\pooja05\AppData\Local\Android\Sdk\platform-tools\adb.exe -P 5037 start-server'
[debug] &amp#27;[35m[ADB]&amp#27;[39m Setting device id to emulator-5554
[debug] &amp#27;[35m[ADB]&amp#27;[39m Running 'C:\Users\pooja05\AppData\Local\Android\Sdk\platform-tools\adb.exe -P 5037 -s emulator-5554 shell getprop ro.build.version.sdk'
[debug] &amp#27;[35m[ADB]&amp#27;[39m Current device property 'ro.build.version.sdk': 27
[debug] &amp#27;[35m[ADB]&amp#27;[39m Device API level: 27
[debug] &amp#27;[35m[ADB]&amp#27;[39m Running 'C:\Users\pooja05\AppData\Local\Android\Sdk\platform-tools\adb.exe -P 5037 -s emulator-5554 wait-for-device'
[debug] &amp#27;[35m[ADB]&amp#27;[39m Running 'C:\Users\pooja05\AppData\Local\Android\Sdk\platform-tools\adb.exe -P 5037 -s emulator-5554 shell echo ping'
[debug] &amp#27;[35m[AndroidDriver]&amp#27;[39m Pushing settings apk to device...
[debug] &amp#27;[35m[ADB]&amp#27;[39m Getting install status for io.appium.settings
[debug] &amp#27;[35m[ADB]&amp#27;[39m Running 'C:\Users\pooja05\AppData\Local\Android\Sdk\platform-tools\adb.exe -P 5037 -s emulator-5554 shell dumpsys package io.appium.settings'
[debug] &amp#27;[35m[ADB]&amp#27;[39m 'io.appium.settings' is installed
[debug] &amp#27;[35m[ADB]&amp#27;[39m Getting package info for 'io.appium.settings'
[debug] &amp#27;[35m[ADB]&amp#27;[39m Running 'C:\Users\pooja05\AppData\Local\Android\Sdk\platform-tools\adb.exe -P 5037 -s emulator-5554 shell dumpsys package io.appium.settings'
[debug] &amp#27;[35m[ADB]&amp#27;[39m The version name of the installed 'io.appium.settings' is greater or equal to the application version name ('3.4.0' >= '3.4.0')
[debug] &amp#27;[35m[ADB]&amp#27;[39m There is no need to install/upgrade 'C:\Users\pooja05\AppData\Roaming\npm\node_modules\appium\node_modules\io.appium.settings\apks\settings_apk-debug.apk'
[debug] &amp#27;[35m[ADB]&amp#27;[39m Getting IDs of all 'io.appium.settings' processes
[debug] &amp#27;[35m[ADB]&amp#27;[39m Running 'C:\Users\pooja05\AppData\Local\Android\Sdk\platform-tools\adb.exe -P 5037 -s emulator-5554 shell 'pgrep --help; echo $?''
[debug] &amp#27;[35m[ADB]&amp#27;[39m Running 'C:\Users\pooja05\AppData\Local\Android\Sdk\platform-tools\adb.exe -P 5037 -s emulator-5554 shell pgrep -f \(\[\[:blank:\]\]\|\^\)io\.appium\.settings\(\[\[:blank:\]\]\|\$\)'
[debug] &amp#27;[35m[AndroidDriver]&amp#27;[39m io.appium.settings is already running. There is no need to reset its permissions.
[debug] &amp#27;[35m[Logcat]&amp#27;[39m Starting logs capture with command: C:\\Users\\pooja05\\AppData\\Local\\Android\\Sdk\\platform-tools\\adb.exe -P 5037 -s emulator-5554 logcat -v threadtime
[debug] &amp#27;[35m[UiAutomator2]&amp#27;[39m Forwarding UiAutomator2 Server port 6790 to local port 8200
[debug] &amp#27;[35m[ADB]&amp#27;[39m Forwarding system: 8200 to device: 6790
[debug] &amp#27;[35m[ADB]&amp#27;[39m Running 'C:\Users\pooja05\AppData\Local\Android\Sdk\platform-tools\adb.exe -P 5037 -s emulator-5554 forward tcp:8200 tcp:6790'
[debug] &amp#27;[35m[ADB]&amp#27;[39m Getting install status for io.appium.uiautomator2.server
[debug] &amp#27;[35m[ADB]&amp#27;[39m Running 'C:\Users\pooja05\AppData\Local\Android\Sdk\platform-tools\adb.exe -P 5037 -s emulator-5554 shell dumpsys package io.appium.uiautomator2.server'
[debug] &amp#27;[35m[ADB]&amp#27;[39m 'io.appium.uiautomator2.server' is installed
[debug] &amp#27;[35m[ADB]&amp#27;[39m Getting package info for 'io.appium.uiautomator2.server'
[debug] &amp#27;[35m[ADB]&amp#27;[39m Running 'C:\Users\pooja05\AppData\Local\Android\Sdk\platform-tools\adb.exe -P 5037 -s emulator-5554 shell dumpsys package io.appium.uiautomator2.server'
[debug] &amp#27;[35m[ADB]&amp#27;[39m The version name of the installed 'io.appium.uiautomator2.server' is greater or equal to the application version name ('4.27.0' >= '4.27.0')
[debug] &amp#27;[35m[UiAutomator2]&amp#27;[39m io.appium.uiautomator2.server installation state: sameVersionInstalled
[debug] &amp#27;[35m[ADB]&amp#27;[39m Checking app cert for C:\Users\pooja05\AppData\Roaming\npm\node_modules\appium\node_modules\appium-uiautomator2-server\apks\appium-uiautomator2-server-v4.27.0.apk
&amp#27;[35m[ADB]&amp#27;[39m Using 'apksigner.jar' from 'C:\Users\pooja05\AppData\Local\Android\Sdk\build-tools\33.0.0\lib\apksigner.jar'
[debug] &amp#27;[35m[ADB]&amp#27;[39m Starting apksigner: 'C:\\Program Files\\Java\\jdk-11.0.15.1\\bin\\java.exe' -Xmx1024M -Xss1m -jar C:\\Users\\pooja05\\AppData\\Local\\Android\\Sdk\\build-tools\\33.0.0\\lib\\apksigner.jar verify --print-certs C:\\Users\\pooja05\\AppData\\Roaming\\npm\\node_modules\\appium\\node_modules\\appium-uiautomator2-server\\apks\\appium-uiautomator2-server-v4.27.0.apk
[debug] &amp#27;[35m[ADB]&amp#27;[39m apksigner stdout: Signer #1 certificate DN: EMAILADDRESS=android@android.com, CN=Android, OU=Android, O=Android, L=Mountain View, ST=California, C=US
[debug] &amp#27;[35m[ADB]&amp#27;[39m Signer #1 certificate SHA-256 digest: a40da80a59d170caa950cf15c18c454d47a39b26989d8b640ecd745ba71bf5dc
[debug] &amp#27;[35m[ADB]&amp#27;[39m Signer #1 certificate SHA-1 digest: 61ed377e85d386a8dfee6b864bd85b0bfaa5af81
[debug] &amp#27;[35m[ADB]&amp#27;[39m Signer #1 certificate MD5 digest: e89b158e4bcf988ebd09eb83f5378e87
[debug] &amp#27;[35m[ADB]&amp#27;[39m 
[debug] &amp#27;[35m[ADB]&amp#27;[39m sha256 hash did match for 'appium-uiautomator2-server-v4.27.0.apk'
&amp#27;[35m[ADB]&amp#27;[39m 'C:\Users\pooja05\AppData\Roaming\npm\node_modules\appium\node_modules\appium-uiautomator2-server\apks\appium-uiautomator2-server-v4.27.0.apk' is signed with the default certificate
[debug] &amp#27;[35m[ADB]&amp#27;[39m Getting install status for io.appium.uiautomator2.server.test
[debug] &amp#27;[35m[ADB]&amp#27;[39m Running 'C:\Users\pooja05\AppData\Local\Android\Sdk\platform-tools\adb.exe -P 5037 -s emulator-5554 shell dumpsys package io.appium.uiautomator2.server.test'
[debug] &amp#27;[35m[ADB]&amp#27;[39m 'io.appium.uiautomator2.server.test' is installed
[debug] &amp#27;[35m[ADB]&amp#27;[39m Checking app cert for C:\Users\pooja05\AppData\Roaming\npm\node_modules\appium\node_modules\appium-uiautomator2-server\apks\appium-uiautomator2-server-debug-androidTest.apk
[debug] &amp#27;[35m[ADB]&amp#27;[39m Starting apksigner: 'C:\\Program Files\\Java\\jdk-11.0.15.1\\bin\\java.exe' -Xmx1024M -Xss1m -jar C:\\Users\\pooja05\\AppData\\Local\\Android\\Sdk\\build-tools\\33.0.0\\lib\\apksigner.jar verify --print-certs C:\\Users\\pooja05\\AppData\\Roaming\\npm\\node_modules\\appium\\node_modules\\appium-uiautomator2-server\\apks\\appium-uiautomator2-server-debug-androidTest.apk
[debug] &amp#27;[35m[ADB]&amp#27;[39m apksigner stdout: Signer #1 certificate DN: EMAILADDRESS=android@android.com, CN=Android, OU=Android, O=Android, L=Mountain View, ST=California, C=US
[debug] &amp#27;[35m[ADB]&amp#27;[39m Signer #1 certificate SHA-256 digest: a40da80a59d170caa950cf15c18c454d47a39b26989d8b640ecd745ba71bf5dc
[debug] &amp#27;[35m[ADB]&amp#27;[39m Signer #1 certificate SHA-1 digest: 61ed377e85d386a8dfee6b864bd85b0bfaa5af81
[debug] &amp#27;[35m[ADB]&amp#27;[39m Signer #1 certificate MD5 digest: e89b158e4bcf988ebd09eb83f5378e87
[debug] &amp#27;[35m[ADB]&amp#27;[39m 
[debug] &amp#27;[35m[ADB]&amp#27;[39m sha256 hash did match for 'appium-uiautomator2-server-debug-androidTest.apk'
&amp#27;[35m[ADB]&amp#27;[39m 'C:\Users\pooja05\AppData\Roaming\npm\node_modules\appium\node_modules\appium-uiautomator2-server\apks\appium-uiautomator2-server-debug-androidTest.apk' is signed with the default certificate
&amp#27;[35m[UiAutomator2]&amp#27;[39m Server packages are not going to be (re)installed
[debug] &amp#27;[35m[UiAutomator2]&amp#27;[39m Waiting up to 30000ms for services to be available
[debug] &amp#27;[35m[ADB]&amp#27;[39m Running 'C:\Users\pooja05\AppData\Local\Android\Sdk\platform-tools\adb.exe -P 5037 -s emulator-5554 shell pm list instrumentation'
[debug] &amp#27;[35m[UiAutomator2]&amp#27;[39m Instrumentation target 'io.appium.uiautomator2.server.test/androidx.test.runner.AndroidJUnitRunner' is available
&amp#27;[35m[ADB]&amp#27;[39m Adding packages ["io.appium.settings","io.appium.uiautomator2.server","io.appium.uiautomator2.server.test"] to Doze whitelist
[debug] &amp#27;[35m[ADB]&amp#27;[39m Got the following command chunks to execute: [["dumpsys","deviceidle","whitelist","+io.appium.settings",";","dumpsys","deviceidle","whitelist","+io.appium.uiautomator2.server",";","dumpsys","deviceidle","whitelist","+io.appium.uiautomator2.server.test",";"]]
[debug] &amp#27;[35m[ADB]&amp#27;[39m Running 'C:\Users\pooja05\AppData\Local\Android\Sdk\platform-tools\adb.exe -P 5037 -s emulator-5554 shell dumpsys deviceidle whitelist +io.appium.settings ; dumpsys deviceidle whitelist +io.appium.uiautomator2.server ; dumpsys deviceidle whitelist +io.appium.uiautomator2.server.test ;'
[debug] &amp#27;[35m[ADB]&amp#27;[39m Checking app cert for C:\Users\pooja05\eclipse-workspace\ExitTest\src\test\resources\App\ApiDemos-debug.apk
[debug] &amp#27;[35m[ADB]&amp#27;[39m Starting apksigner: 'C:\\Program Files\\Java\\jdk-11.0.15.1\\bin\\java.exe' -Xmx1024M -Xss1m -jar C:\\Users\\pooja05\\AppData\\Local\\Android\\Sdk\\build-tools\\33.0.0\\lib\\apksigner.jar verify --print-certs C:\\Users\\pooja05\\eclipse-workspace\\ExitTest\\src\\test\\resources\\App\\ApiDemos-debug.apk
[debug] &amp#27;[35m[ADB]&amp#27;[39m apksigner stdout: Signer #1 certificate DN: EMAILADDRESS=android@android.com, CN=Android, OU=Android, O=Android, L=Mountain View, ST=California, C=US
[debug] &amp#27;[35m[ADB]&amp#27;[39m Signer #1 certificate SHA-256 digest: a40da80a59d170caa950cf15c18c454d47a39b26989d8b640ecd745ba71bf5dc
[debug] &amp#27;[35m[ADB]&amp#27;[39m Signer #1 certificate SHA-1 digest: 61ed377e85d386a8dfee6b864bd85b0bfaa5af81
[debug] &amp#27;[35m[ADB]&amp#27;[39m Signer #1 certificate MD5 digest: e89b158e4bcf988ebd09eb83f5378e87
[debug] &amp#27;[35m[ADB]&amp#27;[39m 
[debug] &amp#27;[35m[ADB]&amp#27;[39m sha256 hash did match for 'ApiDemos-debug.apk'
&amp#27;[35m[ADB]&amp#27;[39m 'C:\Users\pooja05\eclipse-workspace\ExitTest\src\test\resources\App\ApiDemos-debug.apk' is signed with the default certificate
[debug] &amp#27;[35m[ADB]&amp#27;[39m Getting install status for io.appium.android.apis
[debug] &amp#27;[35m[ADB]&amp#27;[39m Running 'C:\Users\pooja05\AppData\Local\Android\Sdk\platform-tools\adb.exe -P 5037 -s emulator-5554 shell dumpsys package io.appium.android.apis'
[debug] &amp#27;[35m[ADB]&amp#27;[39m 'io.appium.android.apis' is installed
[debug] &amp#27;[35m[ADB]&amp#27;[39m Getting package info for 'io.appium.android.apis'
[debug] &amp#27;[35m[ADB]&amp#27;[39m Running 'C:\Users\pooja05\AppData\Local\Android\Sdk\platform-tools\adb.exe -P 5037 -s emulator-5554 shell dumpsys package io.appium.android.apis'
&amp#27;[35m[ADB]&amp#27;[39m Cannot read version codes of 'C:\Users\pooja05\eclipse-workspace\ExitTest\src\test\resources\App\ApiDemos-debug.apk' and/or 'io.appium.android.apis'
&amp#27;[35m[ADB]&amp#27;[39m Cannot read version names of 'C:\Users\pooja05\eclipse-workspace\ExitTest\src\test\resources\App\ApiDemos-debug.apk' and/or 'io.appium.android.apis'
[debug] &amp#27;[35m[ADB]&amp#27;[39m The current install state of 'C:\Users\pooja05\eclipse-workspace\ExitTest\src\test\resources\App\ApiDemos-debug.apk' is unknown. Installing anyway
[debug] &amp#27;[35m[ADB]&amp#27;[39m Running 'C:\Users\pooja05\AppData\Local\Android\Sdk\platform-tools\adb.exe -P 5037 -s emulator-5554 help'
[debug] &amp#27;[35m[ADB]&amp#27;[39m Running 'C:\Users\pooja05\AppData\Local\Android\Sdk\platform-tools\adb.exe -P 5037 -s emulator-5554 features'
&amp#27;[35m[ADB]&amp#27;[39m The application at 'C:\Users\pooja05\eclipse-workspace\ExitTest\src\test\resources\App\ApiDemos-debug.apk' will not be cached, because the device under test has confirmed the support of streamed installs
[debug] &amp#27;[35m[ADB]&amp#27;[39m Running 'C:\Users\pooja05\AppData\Local\Android\Sdk\platform-tools\adb.exe -P 5037 -s emulator-5554 install -r C:\Users\pooja05\eclipse-workspace\ExitTest\src\test\resources\App\ApiDemos-debug.apk'
&amp#27;[35m[ADB]&amp#27;[39m The installation of 'ApiDemos-debug.apk' took 494ms
[debug] &amp#27;[35m[ADB]&amp#27;[39m Install command stdout: Performing Streamed Install
[debug] &amp#27;[35m[ADB]&amp#27;[39m Success
&amp#27;[35m[AndroidDriver]&amp#27;[39m Performing fast reset on 'io.appium.android.apis'
[debug] &amp#27;[35m[ADB]&amp#27;[39m Getting install status for io.appium.android.apis
[debug] &amp#27;[35m[ADB]&amp#27;[39m Running 'C:\Users\pooja05\AppData\Local\Android\Sdk\platform-tools\adb.exe -P 5037 -s emulator-5554 shell dumpsys package io.appium.android.apis'
[debug] &amp#27;[35m[ADB]&amp#27;[39m 'io.appium.android.apis' is installed
[debug] &amp#27;[35m[ADB]&amp#27;[39m Running 'C:\Users\pooja05\AppData\Local\Android\Sdk\platform-tools\adb.exe -P 5037 -s emulator-5554 shell am force-stop io.appium.android.apis'
[debug] &amp#27;[35m[ADB]&amp#27;[39m Running 'C:\Users\pooja05\AppData\Local\Android\Sdk\platform-tools\adb.exe -P 5037 -s emulator-5554 shell pm clear io.appium.android.apis'
[debug] &amp#27;[35m[AndroidDriver]&amp#27;[39m Performed fast reset on the installed 'io.appium.android.apis' application (stop and clear)
[debug] &amp#27;[35m[UiAutomator2]&amp#27;[39m Performing shallow cleanup of automation leftovers
[debug] &amp#27;[35m[UiAutomator2]&amp#27;[39m No obsolete sessions have been detected (socket hang up)
[debug] &amp#27;[35m[ADB]&amp#27;[39m Running 'C:\Users\pooja05\AppData\Local\Android\Sdk\platform-tools\adb.exe -P 5037 -s emulator-5554 shell am force-stop io.appium.uiautomator2.server.test'
&amp#27;[35m[UiAutomator2]&amp#27;[39m Starting UIAutomator2 server 4.27.0
&amp#27;[35m[UiAutomator2]&amp#27;[39m Using UIAutomator2 server from 'C:\Users\pooja05\AppData\Roaming\npm\node_modules\appium\node_modules\appium-uiautomator2-server\apks\appium-uiautomator2-server-v4.27.0.apk' and test from 'C:\Users\pooja05\AppData\Roaming\npm\node_modules\appium\node_modules\appium-uiautomator2-server\apks\appium-uiautomator2-server-debug-androidTest.apk'
&amp#27;[35m[UiAutomator2]&amp#27;[39m Waiting up to 30000ms for UiAutomator2 to be online...
[debug] &amp#27;[35m[ADB]&amp#27;[39m Creating ADB subprocess with args: ["-P",5037,"-s","emulator-5554","shell","am","instrument","-w","-e","disableAnalytics",true,"io.appium.uiautomator2.server.test/androidx.test.runner.AndroidJUnitRunner"]
[debug] &amp#27;[35m[WD Proxy]&amp#27;[39m Matched '/status' to command name 'getStatus'
[debug] &amp#27;[35m[WD Proxy]&amp#27;[39m Proxying [GET /status] to [GET http://127.0.0.1:8200/wd/hub/status] with no body
&amp#27;[35m[WD Proxy]&amp#27;[39m socket hang up
[debug] &amp#27;[35m[Instrumentation]&amp#27;[39m io.appium.uiautomator2.server.test.AppiumUiAutomator2Server:
[debug] &amp#27;[35m[WD Proxy]&amp#27;[39m Matched '/status' to command name 'getStatus'
[debug] &amp#27;[35m[WD Proxy]&amp#27;[39m Proxying [GET /status] to [GET http://127.0.0.1:8200/wd/hub/status] with no body
&amp#27;[35m[WD Proxy]&amp#27;[39m socket hang up
[debug] &amp#27;[35m[WD Proxy]&amp#27;[39m Matched '/status' to command name 'getStatus'
[debug] &amp#27;[35m[WD Proxy]&amp#27;[39m Proxying [GET /status] to [GET http://127.0.0.1:8200/wd/hub/status] with no body
[debug] &amp#27;[35m[WD Proxy]&amp#27;[39m Got response with status 200: {"sessionId":"None","value":{"message":"UiAutomator2 Server is ready to accept commands","ready":true}}
[debug] &amp#27;[35m[UiAutomator2]&amp#27;[39m The initialization of the instrumentation process took 2105ms
[debug] &amp#27;[35m[WD Proxy]&amp#27;[39m Matched '/session' to command name 'createSession'
[debug] &amp#27;[35m[WD Proxy]&amp#27;[39m Proxying [POST /session] to [POST http://127.0.0.1:8200/wd/hub/session] with body: {"capabilities":{"firstMatch":[{"platform":"LINUX","webStorageEnabled":false,"takesScreenshot":true,"javascriptEnabled":true,"databaseEnabled":false,"networkConnectionEnabled":true,"locationContextEnabled":false,"warnings":{},"desired":{"platformName":"android","app":"src/test/resources/App/ApiDemos-debug.apk","appActivity":".ApiDemos","appPackage":"io.appium.android.apis","deviceName":"android","platformVersion":"8.1"},"platformName":"android","app":"src/test/resources/App/ApiDemos-debug.apk","appActivity":".ApiDemos","appPackage":"io.appium.android.apis","deviceName":"emulator-5554","platformVersion":"8.1","deviceUDID":"emulator-5554"}],"alwaysMatch":{}}}
[debug] &amp#27;[35m[WD Proxy]&amp#27;[39m Got response with status 200: {"sessionId":"c84171f4-64a7-4fbd-8774-c3e1da68f329","value":{"capabilities":{"firstMatch":[{"platform":"LINUX","webStorageEnabled":false,"takesScreenshot":true,"javascriptEnabled":true,"databaseEnabled":false,"networkConnectionEnabled":true,"locationContextEnabled":false,"warnings":{},"desired":{"platformName":"android","app":"src/test/resources/App/ApiDemos-debug.apk","appActivity":".ApiDemos","appPackage":"io.appium.android.apis","deviceName":"android","platformVersion":"8.1"},"platformName":"android","app":"src/test/resources/App/ApiDemos-debug.apk","appActivity":".ApiDemos","appPackage":"io.appium.android.apis","deviceName":"emulator-5554","platformVersion":"8.1","deviceUDID":"emulator-5554"}],"alwaysMatch":{}},"sessionId":"c84171f4-64a7-4fbd-8774-c3e1da68f329"}}
&amp#27;[35m[WD Proxy]&amp#27;[39m Determined the downstream protocol as 'W3C'
[debug] &amp#27;[35m[WD Proxy]&amp#27;[39m Proxying [GET /appium/device/info] to [GET http://127.0.0.1:8200/wd/hub/session/c84171f4-64a7-4fbd-8774-c3e1da68f329/appium/device/info] with no body
[debug] &amp#27;[35m[WD Proxy]&amp#27;[39m Got response with status 200: {"sessionId":"c84171f4-64a7-4fbd-8774-c3e1da68f329","value":{"androidId":"422d6ee91807b345","apiVersion":"27","bluetooth":null,"brand":"google","carrierName":"Android","displayDensity":420,"locale":"en_US","manufacturer":"Google","model":"Android SDK built for x86","networks":[{"capabilities":{"SSID":null,"linkDownBandwidthKbps":102400,"linkUpstreamBandwidthKbps":51200,"networkCapabilities":"NET_CAPABILITY_MMS,NET_CAPABILITY_SUPL,NET_CAPABILITY_DUN,NET_CAPABILITY_FOTA,NET_CAPABILITY_IMS,NET_CAPABILITY_CBS,NET_CAPABILITY_IA,NET_CAPABILITY_INTERNET,NET_CAPABILITY_NOT_RESTRICTED,NET_CAPABILITY_TRUSTED,NET_CAPABILITY_NOT_VPN,NET_CAPABILITY_VALIDATED","signalStrength":-2147483648,"transportTypes":"TRANSPORT_CELLULAR"},"detailedState":"CONNECTED","extraInfo":"epc.tmobile.com","isAvailable":true,"isConnected":true,"isFailover":false,"isRoaming":false,"state":"CONNECTED","subtype":13,"subtypeName":"LTE","type":0,"typeName":"MOBILE"},{"capabilities":{"SSID":null,"linkDownBandwidthKbps":1048576,"linkUpstreamBandwidt...
[debug] &amp#27;[35m[ADB]&amp#27;[39m Running 'C:\Users\pooja05\AppData\Local\Android\Sdk\platform-tools\adb.exe -P 5037 -s emulator-5554 shell dumpsys window'
&amp#27;[35m[AndroidDriver]&amp#27;[39m Screen already unlocked, doing nothing
&amp#27;[35m[UiAutomator2]&amp#27;[39m Starting 'io.appium.android.apis/.ApiDemos and waiting for 'io.appium.android.apis/.ApiDemos'
[debug] &amp#27;[35m[ADB]&amp#27;[39m Running 'C:\Users\pooja05\AppData\Local\Android\Sdk\platform-tools\adb.exe -P 5037 -s emulator-5554 shell am start -W -n io.appium.android.apis/.ApiDemos -S -a android.intent.action.MAIN -c android.intent.category.LAUNCHER -f 0x10200000'
[debug] &amp#27;[35m[WD Proxy]&amp#27;[39m Proxying [GET /appium/device/pixel_ratio] to [GET http://127.0.0.1:8200/wd/hub/session/c84171f4-64a7-4fbd-8774-c3e1da68f329/appium/device/pixel_ratio] with no body
[debug] &amp#27;[35m[WD Proxy]&amp#27;[39m Got response with status 200: {"sessionId":"c84171f4-64a7-4fbd-8774-c3e1da68f329","value":2.625}
[debug] &amp#27;[35m[WD Proxy]&amp#27;[39m Matched '/appium/device/system_bars' to command name 'getSystemBars'
[debug] &amp#27;[35m[WD Proxy]&amp#27;[39m Proxying [GET /appium/device/system_bars] to [GET http://127.0.0.1:8200/wd/hub/session/c84171f4-64a7-4fbd-8774-c3e1da68f329/appium/device/system_bars] with no body
[debug] &amp#27;[35m[WD Proxy]&amp#27;[39m Got response with status 200: {"sessionId":"c84171f4-64a7-4fbd-8774-c3e1da68f329","value":{"statusBar":63}}
[debug] &amp#27;[35m[WD Proxy]&amp#27;[39m Matched '/window/current/size' to command name 'getWindowSize'
[debug] &amp#27;[35m[WD Proxy]&amp#27;[39m Proxying [GET /window/current/size] to [GET http://127.0.0.1:8200/wd/hub/session/c84171f4-64a7-4fbd-8774-c3e1da68f329/window/current/size] with no body
[debug] &amp#27;[35m[WD Proxy]&amp#27;[39m Got response with status 200: {"sessionId":"c84171f4-64a7-4fbd-8774-c3e1da68f329","value":{"height":1794,"width":1080}}
&amp#27;[35m[Appium]&amp#27;[39m New AndroidUiautomator2Driver session created successfully, session 90ffa84a-49b9-4640-99bd-8100d25a8a7a added to master session list
[debug] &amp#27;[35m[BaseDriver]&amp#27;[39m Event 'newSessionStarted' logged at 1658997656441 (14:10:56 GMT+0530 (India Standard Time))
[debug] &amp#27;[35m[W3C (90ffa84a)]&amp#27;[39m Cached the protocol value 'W3C' for the new session 90ffa84a-49b9-4640-99bd-8100d25a8a7a
[debug] &amp#27;[35m[W3C (90ffa84a)]&amp#27;[39m Responding to client with driver.createSession() result: {"capabilities":{"platform":"LINUX","webStorageEnabled":false,"takesScreenshot":true,"javascriptEnabled":true,"databaseEnabled":false,"networkConnectionEnabled":true,"locationContextEnabled":false,"warnings":{},"desired":{"platformName":"android","app":"src/test/resources/App/ApiDemos-debug.apk","appActivity":".ApiDemos","appPackage":"io.appium.android.apis","deviceName":"android","platformVersion":"8.1"},"platformName":"android","app":"src/test/resources/App/ApiDemos-debug.apk","appActivity":".ApiDemos","appPackage":"io.appium.android.apis","deviceName":"emulator-5554","platformVersion":"8.1.0","deviceUDID":"emulator-5554","deviceApiLevel":27,"deviceScreenSize":"1080x1920","deviceScreenDensity":420,"deviceModel":"Android SDK built for x86","deviceManufacturer":"Google","pixelRatio":2.625,"statBarHeight":63,"viewportRect":{"left":0,"top":63,"width":1080,"height":1731}}}
&amp#27;[35m[HTTP]&amp#27;[39m &amp#27;[37m<-- POST /wd/hub/session &amp#27;[39m&amp#27;[32m200&amp#27;[39m &amp#27;[90m6897 ms - 943&amp#27;[39m
&amp#27;[35m[HTTP]&amp#27;[39m &amp#27;[90m&amp#27;[39m
&amp#27;[35m[HTTP]&amp#27;[39m &amp#27;[37m-->&amp#27;[39m &amp#27;[37mGET&amp#27;[39m &amp#27;[37m/wd/hub/session/90ffa84a-49b9-4640-99bd-8100d25a8a7a&amp#27;[39m
&amp#27;[35m[HTTP]&amp#27;[39m &amp#27;[90m{}&amp#27;[39m
[debug] &amp#27;[35m[W3C (90ffa84a)]&amp#27;[39m Calling AppiumDriver.getSession() with args: ["90ffa84a-49b9-4640-99bd-8100d25a8a7a"]
[debug] &amp#27;[35m[UiAutomator2]&amp#27;[39m Getting session details from server to mix in
[debug] &amp#27;[35m[WD Proxy]&amp#27;[39m Matched '/' to command name 'getSession'
[debug] &amp#27;[35m[WD Proxy]&amp#27;[39m Proxying [GET /] to [GET http://127.0.0.1:8200/wd/hub/session/c84171f4-64a7-4fbd-8774-c3e1da68f329] with no body
[debug] &amp#27;[35m[WD Proxy]&amp#27;[39m Got response with status 200: {"sessionId":"c84171f4-64a7-4fbd-8774-c3e1da68f329","value":{"lastScrollData":null}}
[debug] &amp#27;[35m[W3C (90ffa84a)]&amp#27;[39m Responding to client with driver.getSession() result: {"platform":"LINUX","webStorageEnabled":false,"takesScreenshot":true,"javascriptEnabled":true,"databaseEnabled":false,"networkConnectionEnabled":true,"locationContextEnabled":false,"warnings":{},"desired":{"platformName":"android","app":"src/test/resources/App/ApiDemos-debug.apk","appActivity":".ApiDemos","appPackage":"io.appium.android.apis","deviceName":"android","platformVersion":"8.1"},"platformName":"android","app":"src/test/resources/App/ApiDemos-debug.apk","appActivity":".ApiDemos","appPackage":"io.appium.android.apis","deviceName":"emulator-5554","platformVersion":"8.1.0","deviceUDID":"emulator-5554","deviceApiLevel":27,"deviceScreenSize":"1080x1920","deviceScreenDensity":420,"deviceModel":"Android SDK built for x86","deviceManufacturer":"Google","pixelRatio":2.625,"statBarHeight":63,"viewportRect":{"left":0,"top":63,"width":1080,"height":1731},"lastScrollData":null}
&amp#27;[35m[HTTP]&amp#27;[39m &amp#27;[37m<-- GET /wd/hub/session/90ffa84a-49b9-4640-99bd-8100d25a8a7a &amp#27;[39m&amp#27;[32m200&amp#27;[39m &amp#27;[90m16 ms - 897&amp#27;[39m
&amp#27;[35m[HTTP]&amp#27;[39m &amp#27;[90m&amp#27;[39m
&amp#27;[35m[HTTP]&amp#27;[39m &amp#27;[37m-->&amp#27;[39m &amp#27;[37mGET&amp#27;[39m &amp#27;[37m/wd/hub/session/90ffa84a-49b9-4640-99bd-8100d25a8a7a&amp#27;[39m
&amp#27;[35m[HTTP]&amp#27;[39m &amp#27;[90m{}&amp#27;[39m
[debug] &amp#27;[35m[W3C (90ffa84a)]&amp#27;[39m Calling AppiumDriver.getSession() with args: ["90ffa84a-49b9-4640-99bd-8100d25a8a7a"]
[debug] &amp#27;[35m[UiAutomator2]&amp#27;[39m Getting session details from server to mix in
[debug] &amp#27;[35m[WD Proxy]&amp#27;[39m Matched '/' to command name 'getSession'
[debug] &amp#27;[35m[WD Proxy]&amp#27;[39m Proxying [GET /] to [GET http://127.0.0.1:8200/wd/hub/session/c84171f4-64a7-4fbd-8774-c3e1da68f329] with no body
[debug] &amp#27;[35m[WD Proxy]&amp#27;[39m Got response with status 200: {"sessionId":"c84171f4-64a7-4fbd-8774-c3e1da68f329","value":{"lastScrollData":null}}
[debug] &amp#27;[35m[W3C (90ffa84a)]&amp#27;[39m Responding to client with driver.getSession() result: {"platform":"LINUX","webStorageEnabled":false,"takesScreenshot":true,"javascriptEnabled":true,"databaseEnabled":false,"networkConnectionEnabled":true,"locationContextEnabled":false,"warnings":{},"desired":{"platformName":"android","app":"src/test/resources/App/ApiDemos-debug.apk","appActivity":".ApiDemos","appPackage":"io.appium.android.apis","deviceName":"android","platformVersion":"8.1"},"platformName":"android","app":"src/test/resources/App/ApiDemos-debug.apk","appActivity":".ApiDemos","appPackage":"io.appium.android.apis","deviceName":"emulator-5554","platformVersion":"8.1.0","deviceUDID":"emulator-5554","deviceApiLevel":27,"deviceScreenSize":"1080x1920","deviceScreenDensity":420,"deviceModel":"Android SDK built for x86","deviceManufacturer":"Google","pixelRatio":2.625,"statBarHeight":63,"viewportRect":{"left":0,"top":63,"width":1080,"height":1731},"lastScrollData":null}
&amp#27;[35m[HTTP]&amp#27;[39m &amp#27;[37m<-- GET /wd/hub/session/90ffa84a-49b9-4640-99bd-8100d25a8a7a &amp#27;[39m&amp#27;[32m200&amp#27;[39m &amp#27;[90m13 ms - 897&amp#27;[39m
&amp#27;[35m[HTTP]&amp#27;[39m &amp#27;[90m&amp#27;[39m
2022-07-28 14:07:745 %-Sp Log4j :58 -App is present in the device
&amp#27;[35m[HTTP]&amp#27;[39m &amp#27;[37m-->&amp#27;[39m &amp#27;[37mPOST&amp#27;[39m &amp#27;[37m/wd/hub/session/90ffa84a-49b9-4640-99bd-8100d25a8a7a/element&amp#27;[39m
&amp#27;[35m[HTTP]&amp#27;[39m &amp#27;[90m{"using":"xpath","value":"//android.widget.TextView[@content-desc=\"Animation\"]"}&amp#27;[39m
[debug] &amp#27;[35m[W3C (90ffa84a)]&amp#27;[39m Calling AppiumDriver.findElement() with args: ["xpath","//android.widget.TextView[@content-desc=\"Animation\"]","90ffa84a-49b9-4640-99bd-8100d25a8a7a"]
[debug] &amp#27;[35m[BaseDriver]&amp#27;[39m Valid locator strategies for this request: xpath, id, class name, accessibility id, css selector, -android uiautomator
[debug] &amp#27;[35m[BaseDriver]&amp#27;[39m Waiting up to 0 ms for condition
[debug] &amp#27;[35m[WD Proxy]&amp#27;[39m Matched '/element' to command name 'findElement'
[debug] &amp#27;[35m[WD Proxy]&amp#27;[39m Proxying [POST /element] to [POST http://127.0.0.1:8200/wd/hub/session/c84171f4-64a7-4fbd-8774-c3e1da68f329/element] with body: {"strategy":"xpath","selector":"//android.widget.TextView[@content-desc=\"Animation\"]","context":"","multiple":false}
[debug] &amp#27;[35m[WD Proxy]&amp#27;[39m Got response with status 200: {"sessionId":"c84171f4-64a7-4fbd-8774-c3e1da68f329","value":{"ELEMENT":"00000000-0000-005e-ffff-ffff00000006","element-6066-11e4-a52e-4f735466cecf":"00000000-0000-005e-ffff-ffff00000006"}}
[debug] &amp#27;[35m[W3C (90ffa84a)]&amp#27;[39m Responding to client with driver.findElement() result: {"element-6066-11e4-a52e-4f735466cecf":"00000000-0000-005e-ffff-ffff00000006","ELEMENT":"00000000-0000-005e-ffff-ffff00000006"}
&amp#27;[35m[HTTP]&amp#27;[39m &amp#27;[37m<-- POST /wd/hub/session/90ffa84a-49b9-4640-99bd-8100d25a8a7a/element &amp#27;[39m&amp#27;[32m200&amp#27;[39m &amp#27;[90m875 ms - 137&amp#27;[39m
&amp#27;[35m[HTTP]&amp#27;[39m &amp#27;[90m&amp#27;[39m
&amp#27;[35m[HTTP]&amp#27;[39m &amp#27;[37m-->&amp#27;[39m &amp#27;[37mPOST&amp#27;[39m &amp#27;[37m/wd/hub/session/90ffa84a-49b9-4640-99bd-8100d25a8a7a/touch/perform&amp#27;[39m
&amp#27;[35m[HTTP]&amp#27;[39m &amp#27;[90m{"actions":[{"action":"tap","options":{"element":"00000000-0000-005e-ffff-ffff00000006"}},{"action":"release","options":{}}]}&amp#27;[39m
[debug] &amp#27;[35m[W3C (90ffa84a)]&amp#27;[39m Calling AppiumDriver.performTouch() with args: [[{"action":"tap","options":{"element":"00000000-0000-005e-ffff-ffff00000006"}},{"action":"release","options":{}}],"90ffa84a-49b9-4640-99bd-8100d25a8a7a"]
&amp#27;[35m[UiAutomator2]&amp#27;[39m calling get location: 00000000-0000-005e-ffff-ffff00000006
[debug] &amp#27;[35m[WD Proxy]&amp#27;[39m Matched '/element/00000000-0000-005e-ffff-ffff00000006/location' to command name 'getLocation'
[debug] &amp#27;[35m[WD Proxy]&amp#27;[39m Proxying [GET /element/00000000-0000-005e-ffff-ffff00000006/location] to [GET http://127.0.0.1:8200/wd/hub/session/c84171f4-64a7-4fbd-8774-c3e1da68f329/element/00000000-0000-005e-ffff-ffff00000006/location] with no body
[debug] &amp#27;[35m[WD Proxy]&amp#27;[39m Got response with status 200: {"sessionId":"c84171f4-64a7-4fbd-8774-c3e1da68f329","value":{"x":0,"y":339}}
[debug] &amp#27;[35m[WD Proxy]&amp#27;[39m Matched '/element/00000000-0000-005e-ffff-ffff00000006/size' to command name 'getSize'
[debug] &amp#27;[35m[WD Proxy]&amp#27;[39m Proxying [GET /element/00000000-0000-005e-ffff-ffff00000006/size] to [GET http://127.0.0.1:8200/wd/hub/session/c84171f4-64a7-4fbd-8774-c3e1da68f329/element/00000000-0000-005e-ffff-ffff00000006/size] with no body
[debug] &amp#27;[35m[WD Proxy]&amp#27;[39m Got response with status 200: {"sessionId":"c84171f4-64a7-4fbd-8774-c3e1da68f329","value":{"height":126,"width":1080}}
[debug] &amp#27;[35m[WD Proxy]&amp#27;[39m Proxying [POST /appium/tap] to [POST http://127.0.0.1:8200/wd/hub/session/c84171f4-64a7-4fbd-8774-c3e1da68f329/appium/tap] with body: {"x":540,"y":402,"undefined":null}
[debug] &amp#27;[35m[WD Proxy]&amp#27;[39m Got response with status 200: {"sessionId":"c84171f4-64a7-4fbd-8774-c3e1da68f329","value":null}
[debug] &amp#27;[35m[W3C (90ffa84a)]&amp#27;[39m Responding to client with driver.performTouch() result: null
&amp#27;[35m[HTTP]&amp#27;[39m &amp#27;[37m<-- POST /wd/hub/session/90ffa84a-49b9-4640-99bd-8100d25a8a7a/touch/perform &amp#27;[39m&amp#27;[32m200&amp#27;[39m &amp#27;[90m1328 ms - 14&amp#27;[39m
&amp#27;[35m[HTTP]&amp#27;[39m &amp#27;[90m&amp#27;[39m
2022-07-28 14:07:998 %-Sp Log4j :68 -Click on the animation Button
&amp#27;[35m[HTTP]&amp#27;[39m &amp#27;[37m-->&amp#27;[39m &amp#27;[37mPOST&amp#27;[39m &amp#27;[37m/wd/hub/session/90ffa84a-49b9-4640-99bd-8100d25a8a7a/element&amp#27;[39m
&amp#27;[35m[HTTP]&amp#27;[39m &amp#27;[90m{"using":"xpath","value":"//android.widget.TextView[@content-desc=\"Hide-Show Animations\"]"}&amp#27;[39m
[debug] &amp#27;[35m[W3C (90ffa84a)]&amp#27;[39m Calling AppiumDriver.findElement() with args: ["xpath","//android.widget.TextView[@content-desc=\"Hide-Show Animations\"]","90ffa84a-49b9-4640-99bd-8100d25a8a7a"]
[debug] &amp#27;[35m[BaseDriver]&amp#27;[39m Valid locator strategies for this request: xpath, id, class name, accessibility id, css selector, -android uiautomator
[debug] &amp#27;[35m[BaseDriver]&amp#27;[39m Waiting up to 0 ms for condition
[debug] &amp#27;[35m[WD Proxy]&amp#27;[39m Matched '/element' to command name 'findElement'
[debug] &amp#27;[35m[WD Proxy]&amp#27;[39m Proxying [POST /element] to [POST http://127.0.0.1:8200/wd/hub/session/c84171f4-64a7-4fbd-8774-c3e1da68f329/element] with body: {"strategy":"xpath","selector":"//android.widget.TextView[@content-desc=\"Hide-Show Animations\"]","context":"","multiple":false}
[debug] &amp#27;[35m[WD Proxy]&amp#27;[39m Got response with status 200: {"sessionId":"c84171f4-64a7-4fbd-8774-c3e1da68f329","value":{"ELEMENT":"00000000-0000-005f-ffff-ffff0000001e","element-6066-11e4-a52e-4f735466cecf":"00000000-0000-005f-ffff-ffff0000001e"}}
[debug] &amp#27;[35m[W3C (90ffa84a)]&amp#27;[39m Responding to client with driver.findElement() result: {"element-6066-11e4-a52e-4f735466cecf":"00000000-0000-005f-ffff-ffff0000001e","ELEMENT":"00000000-0000-005f-ffff-ffff0000001e"}
&amp#27;[35m[HTTP]&amp#27;[39m &amp#27;[37m<-- POST /wd/hub/session/90ffa84a-49b9-4640-99bd-8100d25a8a7a/element &amp#27;[39m&amp#27;[32m200&amp#27;[39m &amp#27;[90m505 ms - 137&amp#27;[39m
&amp#27;[35m[HTTP]&amp#27;[39m &amp#27;[90m&amp#27;[39m
&amp#27;[35m[HTTP]&amp#27;[39m &amp#27;[37m-->&amp#27;[39m &amp#27;[37mPOST&amp#27;[39m &amp#27;[37m/wd/hub/session/90ffa84a-49b9-4640-99bd-8100d25a8a7a/touch/perform&amp#27;[39m
&amp#27;[35m[HTTP]&amp#27;[39m &amp#27;[90m{"actions":[{"action":"tap","options":{"element":"00000000-0000-005f-ffff-ffff0000001e"}},{"action":"release","options":{}}]}&amp#27;[39m
[debug] &amp#27;[35m[W3C (90ffa84a)]&amp#27;[39m Calling AppiumDriver.performTouch() with args: [[{"action":"tap","options":{"element":"00000000-0000-005f-ffff-ffff0000001e"}},{"action":"release","options":{}}],"90ffa84a-49b9-4640-99bd-8100d25a8a7a"]
&amp#27;[35m[UiAutomator2]&amp#27;[39m calling get location: 00000000-0000-005f-ffff-ffff0000001e
[debug] &amp#27;[35m[WD Proxy]&amp#27;[39m Matched '/element/00000000-0000-005f-ffff-ffff0000001e/location' to command name 'getLocation'
[debug] &amp#27;[35m[WD Proxy]&amp#27;[39m Proxying [GET /element/00000000-0000-005f-ffff-ffff0000001e/location] to [GET http://127.0.0.1:8200/wd/hub/session/c84171f4-64a7-4fbd-8774-c3e1da68f329/element/00000000-0000-005f-ffff-ffff0000001e/location] with no body
[debug] &amp#27;[35m[WD Proxy]&amp#27;[39m Got response with status 200: {"sessionId":"c84171f4-64a7-4fbd-8774-c3e1da68f329","value":{"x":0,"y":855}}
[debug] &amp#27;[35m[WD Proxy]&amp#27;[39m Matched '/element/00000000-0000-005f-ffff-ffff0000001e/size' to command name 'getSize'
[debug] &amp#27;[35m[WD Proxy]&amp#27;[39m Proxying [GET /element/00000000-0000-005f-ffff-ffff0000001e/size] to [GET http://127.0.0.1:8200/wd/hub/session/c84171f4-64a7-4fbd-8774-c3e1da68f329/element/00000000-0000-005f-ffff-ffff0000001e/size] with no body
[debug] &amp#27;[35m[WD Proxy]&amp#27;[39m Got response with status 200: {"sessionId":"c84171f4-64a7-4fbd-8774-c3e1da68f329","value":{"height":126,"width":1080}}
[debug] &amp#27;[35m[WD Proxy]&amp#27;[39m Proxying [POST /appium/tap] to [POST http://127.0.0.1:8200/wd/hub/session/c84171f4-64a7-4fbd-8774-c3e1da68f329/appium/tap] with body: {"x":540,"y":918,"undefined":null}
[debug] &amp#27;[35m[WD Proxy]&amp#27;[39m Got response with status 200: {"sessionId":"c84171f4-64a7-4fbd-8774-c3e1da68f329","value":null}
[debug] &amp#27;[35m[W3C (90ffa84a)]&amp#27;[39m Responding to client with driver.performTouch() result: null
&amp#27;[35m[HTTP]&amp#27;[39m &amp#27;[37m<-- POST /wd/hub/session/90ffa84a-49b9-4640-99bd-8100d25a8a7a/touch/perform &amp#27;[39m&amp#27;[32m200&amp#27;[39m &amp#27;[90m1214 ms - 14&amp#27;[39m
&amp#27;[35m[HTTP]&amp#27;[39m &amp#27;[90m&amp#27;[39m
2022-07-28 14:07:769 %-Sp Log4j :76 -Click on the Hide Button
&amp#27;[35m[HTTP]&amp#27;[39m &amp#27;[37m-->&amp#27;[39m &amp#27;[37mPOST&amp#27;[39m &amp#27;[37m/wd/hub/session/90ffa84a-49b9-4640-99bd-8100d25a8a7a/element&amp#27;[39m
&amp#27;[35m[HTTP]&amp#27;[39m &amp#27;[90m{"using":"id","value":"io.appium.android.apis:id/hideGoneCB"}&amp#27;[39m
[debug] &amp#27;[35m[W3C (90ffa84a)]&amp#27;[39m Calling AppiumDriver.findElement() with args: ["id","io.appium.android.apis:id/hideGoneCB","90ffa84a-49b9-4640-99bd-8100d25a8a7a"]
[debug] &amp#27;[35m[BaseDriver]&amp#27;[39m Valid locator strategies for this request: xpath, id, class name, accessibility id, css selector, -android uiautomator
[debug] &amp#27;[35m[BaseDriver]&amp#27;[39m Waiting up to 0 ms for condition
[debug] &amp#27;[35m[WD Proxy]&amp#27;[39m Matched '/element' to command name 'findElement'
[debug] &amp#27;[35m[WD Proxy]&amp#27;[39m Proxying [POST /element] to [POST http://127.0.0.1:8200/wd/hub/session/c84171f4-64a7-4fbd-8774-c3e1da68f329/element] with body: {"strategy":"id","selector":"io.appium.android.apis:id/hideGoneCB","context":"","multiple":false}
[debug] &amp#27;[35m[WD Proxy]&amp#27;[39m Got response with status 200: {"sessionId":"c84171f4-64a7-4fbd-8774-c3e1da68f329","value":{"ELEMENT":"00000000-0000-0060-ffff-ffff00000031","element-6066-11e4-a52e-4f735466cecf":"00000000-0000-0060-ffff-ffff00000031"}}
[debug] &amp#27;[35m[W3C (90ffa84a)]&amp#27;[39m Responding to client with driver.findElement() result: {"element-6066-11e4-a52e-4f735466cecf":"00000000-0000-0060-ffff-ffff00000031","ELEMENT":"00000000-0000-0060-ffff-ffff00000031"}
&amp#27;[35m[HTTP]&amp#27;[39m &amp#27;[37m<-- POST /wd/hub/session/90ffa84a-49b9-4640-99bd-8100d25a8a7a/element &amp#27;[39m&amp#27;[32m200&amp#27;[39m &amp#27;[90m26 ms - 137&amp#27;[39m
&amp#27;[35m[HTTP]&amp#27;[39m &amp#27;[90m&amp#27;[39m
&amp#27;[35m[HTTP]&amp#27;[39m &amp#27;[37m-->&amp#27;[39m &amp#27;[37mPOST&amp#27;[39m &amp#27;[37m/wd/hub/session/90ffa84a-49b9-4640-99bd-8100d25a8a7a/touch/perform&amp#27;[39m
&amp#27;[35m[HTTP]&amp#27;[39m &amp#27;[90m{"actions":[{"action":"tap","options":{"element":"00000000-0000-0060-ffff-ffff00000031"}},{"action":"release","options":{}}]}&amp#27;[39m
[debug] &amp#27;[35m[W3C (90ffa84a)]&amp#27;[39m Calling AppiumDriver.performTouch() with args: [[{"action":"tap","options":{"element":"00000000-0000-0060-ffff-ffff00000031"}},{"action":"release","options":{}}],"90ffa84a-49b9-4640-99bd-8100d25a8a7a"]
&amp#27;[35m[UiAutomator2]&amp#27;[39m calling get location: 00000000-0000-0060-ffff-ffff00000031
[debug] &amp#27;[35m[WD Proxy]&amp#27;[39m Matched '/element/00000000-0000-0060-ffff-ffff00000031/location' to command name 'getLocation'
[debug] &amp#27;[35m[WD Proxy]&amp#27;[39m Proxying [GET /element/00000000-0000-0060-ffff-ffff00000031/location] to [GET http://127.0.0.1:8200/wd/hub/session/c84171f4-64a7-4fbd-8774-c3e1da68f329/element/00000000-0000-0060-ffff-ffff00000031/location] with no body
[debug] &amp#27;[35m[WD Proxy]&amp#27;[39m Got response with status 200: {"sessionId":"c84171f4-64a7-4fbd-8774-c3e1da68f329","value":{"x":407,"y":336}}
[debug] &amp#27;[35m[WD Proxy]&amp#27;[39m Matched '/element/00000000-0000-0060-ffff-ffff00000031/size' to command name 'getSize'
[debug] &amp#27;[35m[WD Proxy]&amp#27;[39m Proxying [GET /element/00000000-0000-0060-ffff-ffff00000031/size] to [GET http://127.0.0.1:8200/wd/hub/session/c84171f4-64a7-4fbd-8774-c3e1da68f329/element/00000000-0000-0060-ffff-ffff00000031/size] with no body
[debug] &amp#27;[35m[WD Proxy]&amp#27;[39m Got response with status 200: {"sessionId":"c84171f4-64a7-4fbd-8774-c3e1da68f329","value":{"height":84,"width":292}}
[debug] &amp#27;[35m[WD Proxy]&amp#27;[39m Proxying [POST /appium/tap] to [POST http://127.0.0.1:8200/wd/hub/session/c84171f4-64a7-4fbd-8774-c3e1da68f329/appium/tap] with body: {"x":553,"y":378,"undefined":null}
[debug] &amp#27;[35m[WD Proxy]&amp#27;[39m Got response with status 200: {"sessionId":"c84171f4-64a7-4fbd-8774-c3e1da68f329","value":null}
[debug] &amp#27;[35m[W3C (90ffa84a)]&amp#27;[39m Responding to client with driver.performTouch() result: null
&amp#27;[35m[HTTP]&amp#27;[39m &amp#27;[37m<-- POST /wd/hub/session/90ffa84a-49b9-4640-99bd-8100d25a8a7a/touch/perform &amp#27;[39m&amp#27;[32m200&amp#27;[39m &amp#27;[90m146 ms - 14&amp#27;[39m
&amp#27;[35m[HTTP]&amp#27;[39m &amp#27;[90m&amp#27;[39m
2022-07-28 14:07:988 %-Sp Log4j :83 -Click on the hide Button
&amp#27;[35m[HTTP]&amp#27;[39m &amp#27;[37m-->&amp#27;[39m &amp#27;[37mPOST&amp#27;[39m &amp#27;[37m/wd/hub/session/90ffa84a-49b9-4640-99bd-8100d25a8a7a/element&amp#27;[39m
&amp#27;[35m[HTTP]&amp#27;[39m &amp#27;[90m{"using":"xpath","value":"/hierarchy/android.widget.FrameLayout/android.view.ViewGroup/android.widget.FrameLayout[2]/android.widget.LinearLayout/android.widget.LinearLayout[3]/android.widget.Button[3]\r\n"}&amp#27;[39m
[debug] &amp#27;[35m[W3C (90ffa84a)]&amp#27;[39m Calling AppiumDriver.findElement() with args: ["xpath","/hierarchy/android.widget.FrameLayout/android.view.ViewGroup/android.widget.FrameLayout[2]/android.widget.LinearLayout/android.widget.LinearLayout[3]/android.widget.Button[3]\r\n","90ffa84a-49b9-4640-99bd-8100d25a8a7a"]
[debug] &amp#27;[35m[BaseDriver]&amp#27;[39m Valid locator strategies for this request: xpath, id, class name, accessibility id, css selector, -android uiautomator
[debug] &amp#27;[35m[BaseDriver]&amp#27;[39m Waiting up to 0 ms for condition
[debug] &amp#27;[35m[WD Proxy]&amp#27;[39m Matched '/element' to command name 'findElement'
[debug] &amp#27;[35m[WD Proxy]&amp#27;[39m Proxying [POST /element] to [POST http://127.0.0.1:8200/wd/hub/session/c84171f4-64a7-4fbd-8774-c3e1da68f329/element] with body: {"strategy":"xpath","selector":"/hierarchy/android.widget.FrameLayout/android.view.ViewGroup/android.widget.FrameLayout[2]/android.widget.LinearLayout/android.widget.LinearLayout[3]/android.widget.Button[3]\r\n","context":"","multiple":false}
[debug] &amp#27;[35m[WD Proxy]&amp#27;[39m Got response with status 200: {"sessionId":"c84171f4-64a7-4fbd-8774-c3e1da68f329","value":{"ELEMENT":"00000000-0000-0060-ffff-ffff00000034","element-6066-11e4-a52e-4f735466cecf":"00000000-0000-0060-ffff-ffff00000034"}}
[debug] &amp#27;[35m[W3C (90ffa84a)]&amp#27;[39m Responding to client with driver.findElement() result: {"element-6066-11e4-a52e-4f735466cecf":"00000000-0000-0060-ffff-ffff00000034","ELEMENT":"00000000-0000-0060-ffff-ffff00000034"}
&amp#27;[35m[HTTP]&amp#27;[39m &amp#27;[37m<-- POST /wd/hub/session/90ffa84a-49b9-4640-99bd-8100d25a8a7a/element &amp#27;[39m&amp#27;[32m200&amp#27;[39m &amp#27;[90m50 ms - 137&amp#27;[39m
&amp#27;[35m[HTTP]&amp#27;[39m &amp#27;[90m&amp#27;[39m
&amp#27;[35m[HTTP]&amp#27;[39m &amp#27;[37m-->&amp#27;[39m &amp#27;[37mPOST&amp#27;[39m &amp#27;[37m/wd/hub/session/90ffa84a-49b9-4640-99bd-8100d25a8a7a/element/00000000-0000-0060-ffff-ffff00000034/click&amp#27;[39m
&amp#27;[35m[HTTP]&amp#27;[39m &amp#27;[90m{"id":"00000000-0000-0060-ffff-ffff00000034"}&amp#27;[39m
[debug] &amp#27;[35m[W3C (90ffa84a)]&amp#27;[39m Calling AppiumDriver.click() with args: ["00000000-0000-0060-ffff-ffff00000034","90ffa84a-49b9-4640-99bd-8100d25a8a7a"]
[debug] &amp#27;[35m[WD Proxy]&amp#27;[39m Matched '/element/00000000-0000-0060-ffff-ffff00000034/click' to command name 'click'
[debug] &amp#27;[35m[WD Proxy]&amp#27;[39m Proxying [POST /element/00000000-0000-0060-ffff-ffff00000034/click] to [POST http://127.0.0.1:8200/wd/hub/session/c84171f4-64a7-4fbd-8774-c3e1da68f329/element/00000000-0000-0060-ffff-ffff00000034/click] with body: {"element":"00000000-0000-0060-ffff-ffff00000034"}
[debug] &amp#27;[35m[WD Proxy]&amp#27;[39m Got response with status 200: {"sessionId":"c84171f4-64a7-4fbd-8774-c3e1da68f329","value":null}
[debug] &amp#27;[35m[W3C (90ffa84a)]&amp#27;[39m Responding to client with driver.click() result: null
&amp#27;[35m[HTTP]&amp#27;[39m &amp#27;[37m<-- POST /wd/hub/session/90ffa84a-49b9-4640-99bd-8100d25a8a7a/element/00000000-0000-0060-ffff-ffff00000034/click &amp#27;[39m&amp#27;[32m200&amp#27;[39m &amp#27;[90m18 ms - 14&amp#27;[39m
&amp#27;[35m[HTTP]&amp#27;[39m &amp#27;[90m&amp#27;[39m
2022-07-28 14:07:93 %-Sp Log4j :86 -Click on the two Button
&amp#27;[35m[HTTP]&amp#27;[39m &amp#27;[37m-->&amp#27;[39m &amp#27;[37mPOST&amp#27;[39m &amp#27;[37m/wd/hub/session/90ffa84a-49b9-4640-99bd-8100d25a8a7a/element&amp#27;[39m
&amp#27;[35m[HTTP]&amp#27;[39m &amp#27;[90m{"using":"id","value":"io.appium.android.apis:id/addNewButton"}&amp#27;[39m
[debug] &amp#27;[35m[W3C (90ffa84a)]&amp#27;[39m Calling AppiumDriver.findElement() with args: ["id","io.appium.android.apis:id/addNewButton","90ffa84a-49b9-4640-99bd-8100d25a8a7a"]
[debug] &amp#27;[35m[BaseDriver]&amp#27;[39m Valid locator strategies for this request: xpath, id, class name, accessibility id, css selector, -android uiautomator
[debug] &amp#27;[35m[BaseDriver]&amp#27;[39m Waiting up to 0 ms for condition
[debug] &amp#27;[35m[WD Proxy]&amp#27;[39m Matched '/element' to command name 'findElement'
[debug] &amp#27;[35m[WD Proxy]&amp#27;[39m Proxying [POST /element] to [POST http://127.0.0.1:8200/wd/hub/session/c84171f4-64a7-4fbd-8774-c3e1da68f329/element] with body: {"strategy":"id","selector":"io.appium.android.apis:id/addNewButton","context":"","multiple":false}
[debug] &amp#27;[35m[WD Proxy]&amp#27;[39m Got response with status 200: {"sessionId":"c84171f4-64a7-4fbd-8774-c3e1da68f329","value":{"ELEMENT":"00000000-0000-0060-ffff-ffff0000002f","element-6066-11e4-a52e-4f735466cecf":"00000000-0000-0060-ffff-ffff0000002f"}}
[debug] &amp#27;[35m[W3C (90ffa84a)]&amp#27;[39m Responding to client with driver.findElement() result: {"element-6066-11e4-a52e-4f735466cecf":"00000000-0000-0060-ffff-ffff0000002f","ELEMENT":"00000000-0000-0060-ffff-ffff0000002f"}
&amp#27;[35m[HTTP]&amp#27;[39m &amp#27;[37m<-- POST /wd/hub/session/90ffa84a-49b9-4640-99bd-8100d25a8a7a/element &amp#27;[39m&amp#27;[32m200&amp#27;[39m &amp#27;[90m33 ms - 137&amp#27;[39m
&amp#27;[35m[HTTP]&amp#27;[39m &amp#27;[90m&amp#27;[39m
&amp#27;[35m[HTTP]&amp#27;[39m &amp#27;[37m-->&amp#27;[39m &amp#27;[37mPOST&amp#27;[39m &amp#27;[37m/wd/hub/session/90ffa84a-49b9-4640-99bd-8100d25a8a7a/element/00000000-0000-0060-ffff-ffff0000002f/click&amp#27;[39m
&amp#27;[35m[HTTP]&amp#27;[39m &amp#27;[90m{"id":"00000000-0000-0060-ffff-ffff0000002f"}&amp#27;[39m
[debug] &amp#27;[35m[W3C (90ffa84a)]&amp#27;[39m Calling AppiumDriver.click() with args: ["00000000-0000-0060-ffff-ffff0000002f","90ffa84a-49b9-4640-99bd-8100d25a8a7a"]
[debug] &amp#27;[35m[WD Proxy]&amp#27;[39m Matched '/element/00000000-0000-0060-ffff-ffff0000002f/click' to command name 'click'
[debug] &amp#27;[35m[WD Proxy]&amp#27;[39m Proxying [POST /element/00000000-0000-0060-ffff-ffff0000002f/click] to [POST http://127.0.0.1:8200/wd/hub/session/c84171f4-64a7-4fbd-8774-c3e1da68f329/element/00000000-0000-0060-ffff-ffff0000002f/click] with body: {"element":"00000000-0000-0060-ffff-ffff0000002f"}
[debug] &amp#27;[35m[WD Proxy]&amp#27;[39m Got response with status 200: {"sessionId":"c84171f4-64a7-4fbd-8774-c3e1da68f329","value":null}
[debug] &amp#27;[35m[W3C (90ffa84a)]&amp#27;[39m Responding to client with driver.click() result: null
&amp#27;[35m[HTTP]&amp#27;[39m &amp#27;[37m<-- POST /wd/hub/session/90ffa84a-49b9-4640-99bd-8100d25a8a7a/element/00000000-0000-0060-ffff-ffff0000002f/click &amp#27;[39m&amp#27;[32m200&amp#27;[39m &amp#27;[90m20 ms - 14&amp#27;[39m
&amp#27;[35m[HTTP]&amp#27;[39m &amp#27;[90m&amp#27;[39m
&amp#27;[35m[HTTP]&amp#27;[39m &amp#27;[37m-->&amp#27;[39m &amp#27;[37mPOST&amp#27;[39m &amp#27;[37m/wd/hub/session/90ffa84a-49b9-4640-99bd-8100d25a8a7a/timeouts&amp#27;[39m
&amp#27;[35m[HTTP]&amp#27;[39m &amp#27;[90m{"implicit":10000}&amp#27;[39m
[debug] &amp#27;[35m[W3C (90ffa84a)]&amp#27;[39m Calling AppiumDriver.timeouts() with args: [null,null,null,null,10000,"90ffa84a-49b9-4640-99bd-8100d25a8a7a"]
[debug] &amp#27;[35m[BaseDriver]&amp#27;[39m W3C timeout argument: {"implicit":10000}}
[debug] &amp#27;[35m[BaseDriver]&amp#27;[39m Set implicit wait to 10000ms
[debug] &amp#27;[35m[W3C (90ffa84a)]&amp#27;[39m Responding to client with driver.timeouts() result: null
&amp#27;[35m[HTTP]&amp#27;[39m &amp#27;[37m<-- POST /wd/hub/session/90ffa84a-49b9-4640-99bd-8100d25a8a7a/timeouts &amp#27;[39m&amp#27;[32m200&amp#27;[39m &amp#27;[90m2 ms - 14&amp#27;[39m
&amp#27;[35m[HTTP]&amp#27;[39m &amp#27;[90m&amp#27;[39m
2022-07-28 14:07:184 %-Sp Log4j :95 -Click on the show Button
&amp#27;[35m[HTTP]&amp#27;[39m &amp#27;[37m-->&amp#27;[39m &amp#27;[37mDELETE&amp#27;[39m &amp#27;[37m/wd/hub/session/90ffa84a-49b9-4640-99bd-8100d25a8a7a&amp#27;[39m
&amp#27;[35m[HTTP]&amp#27;[39m &amp#27;[90m{}&amp#27;[39m
[debug] &amp#27;[35m[W3C (90ffa84a)]&amp#27;[39m Calling AppiumDriver.deleteSession() with args: ["90ffa84a-49b9-4640-99bd-8100d25a8a7a"]
[debug] &amp#27;[35m[BaseDriver]&amp#27;[39m Event 'quitSessionRequested' logged at 1658997665197 (14:11:05 GMT+0530 (India Standard Time))
&amp#27;[35m[Appium]&amp#27;[39m Removing session 90ffa84a-49b9-4640-99bd-8100d25a8a7a from our master session list
[debug] &amp#27;[35m[UiAutomator2]&amp#27;[39m Deleting UiAutomator2 session
[debug] &amp#27;[35m[UiAutomator2]&amp#27;[39m Deleting UiAutomator2 server session
[debug] &amp#27;[35m[WD Proxy]&amp#27;[39m Matched '/' to command name 'deleteSession'
[debug] &amp#27;[35m[WD Proxy]&amp#27;[39m Proxying [DELETE /] to [DELETE http://127.0.0.1:8200/wd/hub/session/c84171f4-64a7-4fbd-8774-c3e1da68f329] with no body
[debug] &amp#27;[35m[WD Proxy]&amp#27;[39m Got response with status 200: {"sessionId":"c84171f4-64a7-4fbd-8774-c3e1da68f329","value":null}
[debug] &amp#27;[35m[ADB]&amp#27;[39m Running 'C:\Users\pooja05\AppData\Local\Android\Sdk\platform-tools\adb.exe -P 5037 -s emulator-5554 shell am force-stop io.appium.android.apis'
[debug] &amp#27;[35m[Logcat]&amp#27;[39m Stopping logcat capture
[debug] &amp#27;[35m[ADB]&amp#27;[39m Removing forwarded port socket connection: 8200 
[debug] &amp#27;[35m[ADB]&amp#27;[39m Running 'C:\Users\pooja05\AppData\Local\Android\Sdk\platform-tools\adb.exe -P 5037 -s emulator-5554 forward --remove tcp:8200'
[debug] &amp#27;[35m[BaseDriver]&amp#27;[39m Event 'quitSessionFinished' logged at 1658997665345 (14:11:05 GMT+0530 (India Standard Time))
[debug] &amp#27;[35m[W3C (90ffa84a)]&amp#27;[39m Received response: null
[debug] &amp#27;[35m[W3C (90ffa84a)]&amp#27;[39m But deleting session, so not returning
[debug] &amp#27;[35m[W3C (90ffa84a)]&amp#27;[39m Responding to client with driver.deleteSession() result: null
&amp#27;[35m[HTTP]&amp#27;[39m &amp#27;[37m<-- DELETE /wd/hub/session/90ffa84a-49b9-4640-99bd-8100d25a8a7a &amp#27;[39m&amp#27;[32m200&amp#27;[39m &amp#27;[90m150 ms - 14&amp#27;[39m
&amp#27;[35m[HTTP]&amp#27;[39m &amp#27;[90m&amp#27;[39m

  @tag
  Scenario: Animation                         &amp#27;[90m# Animation.feature:6&amp#27;[0m
    &amp#27;[32mGiven &amp#27;[0m&amp#27;[32mApp is present&amp#27;[0m                      &amp#27;[90m# AnimationFeature.app_is_present()&amp#27;[0m
    &amp#27;[32mWhen &amp#27;[0m&amp#27;[32mclick on animation button&amp#27;[0m            &amp#27;[90m# AnimationFeature.click_on_animation_button()&amp#27;[0m
    &amp#27;[32mAnd &amp#27;[0m&amp#27;[32mclick on hide-show button&amp#27;[0m             &amp#27;[90m# AnimationFeature.click_on_hide_show_button()&amp#27;[0m
    &amp#27;[32mAnd &amp#27;[0m&amp#27;[32mclick on hide button and click on two&amp#27;[0m &amp#27;[90m# AnimationFeature.click_on_hide_button_and_click_on_two()&amp#27;[0m
    &amp#27;[32mThen &amp#27;[0m&amp#27;[32mclick on show button&amp#27;[0m                 &amp#27;[90m# AnimationFeature.click_on_show_button()&amp#27;[0m
]]></system-out>
    <system-err><![CDATA[Jul 28, 2022 2:10:56 PM io.appium.java_client.remote.AppiumCommandExecutor$1 lambda$0
INFO: Detected dialect: W3C
log4j:ERROR Unexpected char [S] at position 27 in conversion patterrn.
log4j:ERROR Unexpected char [S] at position 27 in conversion patterrn.
]]></system-err>
  </testcase>
  <testcase name="feature[Check the Functionality of APP](2)" classname="Runner.Runner" time="15.794">
    <system-out><![CDATA[feature
@tag
Feature: Check the Functionality of APP
&amp#27;[35m[HTTP]&amp#27;[39m &amp#27;[37m-->&amp#27;[39m &amp#27;[37mPOST&amp#27;[39m &amp#27;[37m/wd/hub/session&amp#27;[39m
&amp#27;[35m[HTTP]&amp#27;[39m &amp#27;[90m{"desiredCapabilities":{"app":"src/test/resources/App/ApiDemos-debug.apk","appActivity":".ApiDemos","appPackage":"io.appium.android.apis","platformVersion":"8.1","platformName":"Android","deviceName":"android"},"capabilities":{"alwaysMatch":{"appium:app":"src/test/resources/App/ApiDemos-debug.apk","appium:appActivity":".ApiDemos","appium:appPackage":"io.appium.android.apis","appium:deviceName":"android","platformName":"android","appium:platformVersion":"8.1"},"firstMatch":[{}]}}&amp#27;[39m
[debug] &amp#27;[35m[W3C]&amp#27;[39m Calling AppiumDriver.createSession() with args: [{"app":"src/test/resources/App/ApiDemos-debug.apk","appActivity":".ApiDemos","appPackage":"io.appium.android.apis","platformVersion":"8.1","platformName":"Android","deviceName":"android"},null,{"alwaysMatch":{"appium:app":"src/test/resources/App/ApiDemos-debug.apk","appium:appActivity":".ApiDemos","appium:appPackage":"io.appium.android.apis","appium:deviceName":"android","platformName":"android","appium:platformVersion":"8.1"},"firstMatch":[{}]}]
[debug] &amp#27;[35m[BaseDriver]&amp#27;[39m Event 'newSessionRequested' logged at 1658997665587 (14:11:05 GMT+0530 (India Standard Time))
&amp#27;[35m[Appium]&amp#27;[39m 
&amp#27;[35m[Appium]&amp#27;[39m ======================================================================
&amp#27;[35m[Appium]&amp#27;[39m   DEPRECATION WARNING:
&amp#27;[35m[Appium]&amp#27;[39m 
&amp#27;[35m[Appium]&amp#27;[39m   The 'automationName' capability was not provided in the desired 
&amp#27;[35m[Appium]&amp#27;[39m   capabilities for this Android session
&amp#27;[35m[Appium]&amp#27;[39m 
&amp#27;[35m[Appium]&amp#27;[39m   Setting 'automationName=UiAutomator2' by default and using the 
&amp#27;[35m[Appium]&amp#27;[39m   UiAutomator2 Driver
&amp#27;[35m[Appium]&amp#27;[39m 
&amp#27;[35m[Appium]&amp#27;[39m   The next major version of Appium (2.x) will **require** the 
&amp#27;[35m[Appium]&amp#27;[39m   'automationName' capability to be set for all sessions on all 
&amp#27;[35m[Appium]&amp#27;[39m   platforms
&amp#27;[35m[Appium]&amp#27;[39m 
&amp#27;[35m[Appium]&amp#27;[39m   In previous versions (Appium <= 1.13.x), the default was 
&amp#27;[35m[Appium]&amp#27;[39m   'automationName=UiAutomator1'
&amp#27;[35m[Appium]&amp#27;[39m 
&amp#27;[35m[Appium]&amp#27;[39m   If you wish to use that automation instead of UiAutomator2, please 
&amp#27;[35m[Appium]&amp#27;[39m   add 'automationName=UiAutomator1' to your desired capabilities
&amp#27;[35m[Appium]&amp#27;[39m 
&amp#27;[35m[Appium]&amp#27;[39m   For more information about drivers, please visit 
&amp#27;[35m[Appium]&amp#27;[39m   http://appium.io/docs/en/about-appium/intro/ and explore the 
&amp#27;[35m[Appium]&amp#27;[39m   'Drivers' menu
&amp#27;[35m[Appium]&amp#27;[39m 
&amp#27;[35m[Appium]&amp#27;[39m ======================================================================
&amp#27;[35m[Appium]&amp#27;[39m 
&amp#27;[35m[Appium]&amp#27;[39m Appium v1.22.3 creating new AndroidUiautomator2Driver (v1.70.1) session
[debug] &amp#27;[35m[BaseDriver]&amp#27;[39m W3C capabilities and MJSONWP desired capabilities were provided
[debug] &amp#27;[35m[BaseDriver]&amp#27;[39m Creating session with W3C capabilities: {
[debug] &amp#27;[35m[BaseDriver]&amp#27;[39m   "alwaysMatch": {
[debug] &amp#27;[35m[BaseDriver]&amp#27;[39m     "platformName": "android",
[debug] &amp#27;[35m[BaseDriver]&amp#27;[39m     "appium:app": "src/test/resources/App/ApiDemos-debug.apk",
[debug] &amp#27;[35m[BaseDriver]&amp#27;[39m     "appium:appActivity": ".ApiDemos",
[debug] &amp#27;[35m[BaseDriver]&amp#27;[39m     "appium:appPackage": "io.appium.android.apis",
[debug] &amp#27;[35m[BaseDriver]&amp#27;[39m     "appium:deviceName": "android",
[debug] &amp#27;[35m[BaseDriver]&amp#27;[39m     "appium:platformVersion": "8.1"
[debug] &amp#27;[35m[BaseDriver]&amp#27;[39m   },
[debug] &amp#27;[35m[BaseDriver]&amp#27;[39m   "firstMatch": [
[debug] &amp#27;[35m[BaseDriver]&amp#27;[39m     {}
[debug] &amp#27;[35m[BaseDriver]&amp#27;[39m   ]
[debug] &amp#27;[35m[BaseDriver]&amp#27;[39m }
&amp#27;[35m[BaseDriver]&amp#27;[39m Session created with session id: 9573bde2-13ca-473e-b928-43f4d34b66fb
&amp#27;[35m[BaseDriver]&amp#27;[39m Using local app 'src/test/resources/App/ApiDemos-debug.apk'
&amp#27;[35m[BaseDriver]&amp#27;[39m The current application path 'src/test/resources/App/ApiDemos-debug.apk' is not absolute and has been rewritten to 'C:\Users\pooja05\eclipse-workspace\ExitTest\src\test\resources\App\ApiDemos-debug.apk'. Consider using absolute paths rather than relative
[debug] &amp#27;[35m[UiAutomator2]&amp#27;[39m Checking whether app is actually present
&amp#27;[35m[ADB]&amp#27;[39m Using 'adb.exe' from 'C:\Users\pooja05\AppData\Local\Android\Sdk\platform-tools\adb.exe'
[debug] &amp#27;[35m[ADB]&amp#27;[39m Running 'C:\Users\pooja05\AppData\Local\Android\Sdk\platform-tools\adb.exe -P 5037 start-server'
&amp#27;[35m[AndroidDriver]&amp#27;[39m Retrieving device list
[debug] &amp#27;[35m[ADB]&amp#27;[39m Trying to find a connected android device
[debug] &amp#27;[35m[ADB]&amp#27;[39m Getting connected devices
[debug] &amp#27;[35m[ADB]&amp#27;[39m Connected devices: [{"udid":"emulator-5554","state":"device"}]
&amp#27;[35m[AndroidDriver]&amp#27;[39m Looking for a device with Android '8.1.0'
[debug] &amp#27;[35m[ADB]&amp#27;[39m Setting device id to emulator-5554
&amp#27;[35m[ADB]&amp#27;[39m Getting device platform version
[debug] &amp#27;[35m[ADB]&amp#27;[39m Running 'C:\Users\pooja05\AppData\Local\Android\Sdk\platform-tools\adb.exe -P 5037 -s emulator-5554 shell getprop ro.build.version.release'
[debug] &amp#27;[35m[ADB]&amp#27;[39m Current device property 'ro.build.version.release': 8.1.0
&amp#27;[35m[AndroidDriver]&amp#27;[39m Using device: emulator-5554
&amp#27;[35m[ADB]&amp#27;[39m Using 'adb.exe' from 'C:\Users\pooja05\AppData\Local\Android\Sdk\platform-tools\adb.exe'
[debug] &amp#27;[35m[ADB]&amp#27;[39m Running 'C:\Users\pooja05\AppData\Local\Android\Sdk\platform-tools\adb.exe -P 5037 start-server'
[debug] &amp#27;[35m[ADB]&amp#27;[39m Setting device id to emulator-5554
[debug] &amp#27;[35m[ADB]&amp#27;[39m Running 'C:\Users\pooja05\AppData\Local\Android\Sdk\platform-tools\adb.exe -P 5037 -s emulator-5554 shell getprop ro.build.version.sdk'
[debug] &amp#27;[35m[ADB]&amp#27;[39m Current device property 'ro.build.version.sdk': 27
[debug] &amp#27;[35m[ADB]&amp#27;[39m Device API level: 27
[debug] &amp#27;[35m[ADB]&amp#27;[39m Running 'C:\Users\pooja05\AppData\Local\Android\Sdk\platform-tools\adb.exe -P 5037 -s emulator-5554 wait-for-device'
[debug] &amp#27;[35m[ADB]&amp#27;[39m Running 'C:\Users\pooja05\AppData\Local\Android\Sdk\platform-tools\adb.exe -P 5037 -s emulator-5554 shell echo ping'
[debug] &amp#27;[35m[AndroidDriver]&amp#27;[39m Pushing settings apk to device...
[debug] &amp#27;[35m[ADB]&amp#27;[39m Getting install status for io.appium.settings
[debug] &amp#27;[35m[ADB]&amp#27;[39m Running 'C:\Users\pooja05\AppData\Local\Android\Sdk\platform-tools\adb.exe -P 5037 -s emulator-5554 shell dumpsys package io.appium.settings'
[debug] &amp#27;[35m[ADB]&amp#27;[39m 'io.appium.settings' is installed
[debug] &amp#27;[35m[ADB]&amp#27;[39m Getting package info for 'io.appium.settings'
[debug] &amp#27;[35m[ADB]&amp#27;[39m Running 'C:\Users\pooja05\AppData\Local\Android\Sdk\platform-tools\adb.exe -P 5037 -s emulator-5554 shell dumpsys package io.appium.settings'
[debug] &amp#27;[35m[Instrumentation]&amp#27;[39m .
[debug] &amp#27;[35m[Instrumentation]&amp#27;[39m Time: 12.057
[debug] &amp#27;[35m[Instrumentation]&amp#27;[39m 
[debug] &amp#27;[35m[Instrumentation]&amp#27;[39m OK (1 test)
[debug] &amp#27;[35m[ADB]&amp#27;[39m The version name of the installed 'io.appium.settings' is greater or equal to the application version name ('3.4.0' >= '3.4.0')
[debug] &amp#27;[35m[ADB]&amp#27;[39m There is no need to install/upgrade 'C:\Users\pooja05\AppData\Roaming\npm\node_modules\appium\node_modules\io.appium.settings\apks\settings_apk-debug.apk'
[debug] &amp#27;[35m[ADB]&amp#27;[39m Getting IDs of all 'io.appium.settings' processes
[debug] &amp#27;[35m[ADB]&amp#27;[39m Running 'C:\Users\pooja05\AppData\Local\Android\Sdk\platform-tools\adb.exe -P 5037 -s emulator-5554 shell 'pgrep --help; echo $?''
[debug] &amp#27;[35m[Instrumentation]&amp#27;[39m The process has exited with code 0
[debug] &amp#27;[35m[ADB]&amp#27;[39m Running 'C:\Users\pooja05\AppData\Local\Android\Sdk\platform-tools\adb.exe -P 5037 -s emulator-5554 shell pgrep -f \(\[\[:blank:\]\]\|\^\)io\.appium\.settings\(\[\[:blank:\]\]\|\$\)'
[debug] &amp#27;[35m[AndroidDriver]&amp#27;[39m io.appium.settings is already running. There is no need to reset its permissions.
[debug] &amp#27;[35m[Logcat]&amp#27;[39m Starting logs capture with command: C:\\Users\\pooja05\\AppData\\Local\\Android\\Sdk\\platform-tools\\adb.exe -P 5037 -s emulator-5554 logcat -v threadtime
[debug] &amp#27;[35m[UiAutomator2]&amp#27;[39m Forwarding UiAutomator2 Server port 6790 to local port 8200
[debug] &amp#27;[35m[ADB]&amp#27;[39m Forwarding system: 8200 to device: 6790
[debug] &amp#27;[35m[ADB]&amp#27;[39m Running 'C:\Users\pooja05\AppData\Local\Android\Sdk\platform-tools\adb.exe -P 5037 -s emulator-5554 forward tcp:8200 tcp:6790'
[debug] &amp#27;[35m[ADB]&amp#27;[39m Getting install status for io.appium.uiautomator2.server
[debug] &amp#27;[35m[ADB]&amp#27;[39m Running 'C:\Users\pooja05\AppData\Local\Android\Sdk\platform-tools\adb.exe -P 5037 -s emulator-5554 shell dumpsys package io.appium.uiautomator2.server'
[debug] &amp#27;[35m[ADB]&amp#27;[39m 'io.appium.uiautomator2.server' is installed
[debug] &amp#27;[35m[ADB]&amp#27;[39m Getting package info for 'io.appium.uiautomator2.server'
[debug] &amp#27;[35m[ADB]&amp#27;[39m Running 'C:\Users\pooja05\AppData\Local\Android\Sdk\platform-tools\adb.exe -P 5037 -s emulator-5554 shell dumpsys package io.appium.uiautomator2.server'
[debug] &amp#27;[35m[ADB]&amp#27;[39m The version name of the installed 'io.appium.uiautomator2.server' is greater or equal to the application version name ('4.27.0' >= '4.27.0')
[debug] &amp#27;[35m[UiAutomator2]&amp#27;[39m io.appium.uiautomator2.server installation state: sameVersionInstalled
[debug] &amp#27;[35m[ADB]&amp#27;[39m Checking app cert for C:\Users\pooja05\AppData\Roaming\npm\node_modules\appium\node_modules\appium-uiautomator2-server\apks\appium-uiautomator2-server-v4.27.0.apk
[debug] &amp#27;[35m[ADB]&amp#27;[39m Using the previously cached signature entry for 'appium-uiautomator2-server-v4.27.0.apk'
[debug] &amp#27;[35m[ADB]&amp#27;[39m sha256 hash did match for 'appium-uiautomator2-server-v4.27.0.apk'
[debug] &amp#27;[35m[ADB]&amp#27;[39m Getting install status for io.appium.uiautomator2.server.test
[debug] &amp#27;[35m[ADB]&amp#27;[39m Running 'C:\Users\pooja05\AppData\Local\Android\Sdk\platform-tools\adb.exe -P 5037 -s emulator-5554 shell dumpsys package io.appium.uiautomator2.server.test'
[debug] &amp#27;[35m[ADB]&amp#27;[39m 'io.appium.uiautomator2.server.test' is installed
[debug] &amp#27;[35m[ADB]&amp#27;[39m Checking app cert for C:\Users\pooja05\AppData\Roaming\npm\node_modules\appium\node_modules\appium-uiautomator2-server\apks\appium-uiautomator2-server-debug-androidTest.apk
[debug] &amp#27;[35m[ADB]&amp#27;[39m Using the previously cached signature entry for 'appium-uiautomator2-server-debug-androidTest.apk'
[debug] &amp#27;[35m[ADB]&amp#27;[39m sha256 hash did match for 'appium-uiautomator2-server-debug-androidTest.apk'
&amp#27;[35m[UiAutomator2]&amp#27;[39m Server packages are not going to be (re)installed
[debug] &amp#27;[35m[UiAutomator2]&amp#27;[39m Waiting up to 30000ms for services to be available
[debug] &amp#27;[35m[ADB]&amp#27;[39m Running 'C:\Users\pooja05\AppData\Local\Android\Sdk\platform-tools\adb.exe -P 5037 -s emulator-5554 shell pm list instrumentation'
[debug] &amp#27;[35m[UiAutomator2]&amp#27;[39m Instrumentation target 'io.appium.uiautomator2.server.test/androidx.test.runner.AndroidJUnitRunner' is available
&amp#27;[35m[ADB]&amp#27;[39m Adding packages ["io.appium.settings","io.appium.uiautomator2.server","io.appium.uiautomator2.server.test"] to Doze whitelist
[debug] &amp#27;[35m[ADB]&amp#27;[39m Got the following command chunks to execute: [["dumpsys","deviceidle","whitelist","+io.appium.settings",";","dumpsys","deviceidle","whitelist","+io.appium.uiautomator2.server",";","dumpsys","deviceidle","whitelist","+io.appium.uiautomator2.server.test",";"]]
[debug] &amp#27;[35m[ADB]&amp#27;[39m Running 'C:\Users\pooja05\AppData\Local\Android\Sdk\platform-tools\adb.exe -P 5037 -s emulator-5554 shell dumpsys deviceidle whitelist +io.appium.settings ; dumpsys deviceidle whitelist +io.appium.uiautomator2.server ; dumpsys deviceidle whitelist +io.appium.uiautomator2.server.test ;'
[debug] &amp#27;[35m[ADB]&amp#27;[39m Checking app cert for C:\Users\pooja05\eclipse-workspace\ExitTest\src\test\resources\App\ApiDemos-debug.apk
[debug] &amp#27;[35m[ADB]&amp#27;[39m Using the previously cached signature entry for 'ApiDemos-debug.apk'
[debug] &amp#27;[35m[ADB]&amp#27;[39m Getting install status for io.appium.android.apis
[debug] &amp#27;[35m[ADB]&amp#27;[39m Running 'C:\Users\pooja05\AppData\Local\Android\Sdk\platform-tools\adb.exe -P 5037 -s emulator-5554 shell dumpsys package io.appium.android.apis'
[debug] &amp#27;[35m[ADB]&amp#27;[39m 'io.appium.android.apis' is installed
[debug] &amp#27;[35m[ADB]&amp#27;[39m Getting package info for 'io.appium.android.apis'
[debug] &amp#27;[35m[ADB]&amp#27;[39m Running 'C:\Users\pooja05\AppData\Local\Android\Sdk\platform-tools\adb.exe -P 5037 -s emulator-5554 shell dumpsys package io.appium.android.apis'
&amp#27;[35m[ADB]&amp#27;[39m Cannot read version codes of 'C:\Users\pooja05\eclipse-workspace\ExitTest\src\test\resources\App\ApiDemos-debug.apk' and/or 'io.appium.android.apis'
&amp#27;[35m[ADB]&amp#27;[39m Cannot read version names of 'C:\Users\pooja05\eclipse-workspace\ExitTest\src\test\resources\App\ApiDemos-debug.apk' and/or 'io.appium.android.apis'
[debug] &amp#27;[35m[ADB]&amp#27;[39m The current install state of 'C:\Users\pooja05\eclipse-workspace\ExitTest\src\test\resources\App\ApiDemos-debug.apk' is unknown. Installing anyway
[debug] &amp#27;[35m[ADB]&amp#27;[39m Running 'C:\Users\pooja05\AppData\Local\Android\Sdk\platform-tools\adb.exe -P 5037 -s emulator-5554 features'
&amp#27;[35m[ADB]&amp#27;[39m The application at 'C:\Users\pooja05\eclipse-workspace\ExitTest\src\test\resources\App\ApiDemos-debug.apk' will not be cached, because the device under test has confirmed the support of streamed installs
[debug] &amp#27;[35m[ADB]&amp#27;[39m Running 'C:\Users\pooja05\AppData\Local\Android\Sdk\platform-tools\adb.exe -P 5037 -s emulator-5554 install -r C:\Users\pooja05\eclipse-workspace\ExitTest\src\test\resources\App\ApiDemos-debug.apk'
&amp#27;[35m[ADB]&amp#27;[39m The installation of 'ApiDemos-debug.apk' took 662ms
[debug] &amp#27;[35m[ADB]&amp#27;[39m Install command stdout: Performing Streamed Install
[debug] &amp#27;[35m[ADB]&amp#27;[39m Success
&amp#27;[35m[AndroidDriver]&amp#27;[39m Performing fast reset on 'io.appium.android.apis'
[debug] &amp#27;[35m[ADB]&amp#27;[39m Getting install status for io.appium.android.apis
[debug] &amp#27;[35m[ADB]&amp#27;[39m Running 'C:\Users\pooja05\AppData\Local\Android\Sdk\platform-tools\adb.exe -P 5037 -s emulator-5554 shell dumpsys package io.appium.android.apis'
[debug] &amp#27;[35m[ADB]&amp#27;[39m 'io.appium.android.apis' is installed
[debug] &amp#27;[35m[ADB]&amp#27;[39m Running 'C:\Users\pooja05\AppData\Local\Android\Sdk\platform-tools\adb.exe -P 5037 -s emulator-5554 shell am force-stop io.appium.android.apis'
[debug] &amp#27;[35m[ADB]&amp#27;[39m Running 'C:\Users\pooja05\AppData\Local\Android\Sdk\platform-tools\adb.exe -P 5037 -s emulator-5554 shell pm clear io.appium.android.apis'
[debug] &amp#27;[35m[AndroidDriver]&amp#27;[39m Performed fast reset on the installed 'io.appium.android.apis' application (stop and clear)
[debug] &amp#27;[35m[UiAutomator2]&amp#27;[39m Performing shallow cleanup of automation leftovers
[debug] &amp#27;[35m[UiAutomator2]&amp#27;[39m No obsolete sessions have been detected (socket hang up)
[debug] &amp#27;[35m[ADB]&amp#27;[39m Running 'C:\Users\pooja05\AppData\Local\Android\Sdk\platform-tools\adb.exe -P 5037 -s emulator-5554 shell am force-stop io.appium.uiautomator2.server.test'
&amp#27;[35m[UiAutomator2]&amp#27;[39m Starting UIAutomator2 server 4.27.0
&amp#27;[35m[UiAutomator2]&amp#27;[39m Using UIAutomator2 server from 'C:\Users\pooja05\AppData\Roaming\npm\node_modules\appium\node_modules\appium-uiautomator2-server\apks\appium-uiautomator2-server-v4.27.0.apk' and test from 'C:\Users\pooja05\AppData\Roaming\npm\node_modules\appium\node_modules\appium-uiautomator2-server\apks\appium-uiautomator2-server-debug-androidTest.apk'
&amp#27;[35m[UiAutomator2]&amp#27;[39m Waiting up to 30000ms for UiAutomator2 to be online...
[debug] &amp#27;[35m[ADB]&amp#27;[39m Creating ADB subprocess with args: ["-P",5037,"-s","emulator-5554","shell","am","instrument","-w","-e","disableAnalytics",true,"io.appium.uiautomator2.server.test/androidx.test.runner.AndroidJUnitRunner"]
[debug] &amp#27;[35m[WD Proxy]&amp#27;[39m Matched '/status' to command name 'getStatus'
[debug] &amp#27;[35m[WD Proxy]&amp#27;[39m Proxying [GET /status] to [GET http://127.0.0.1:8200/wd/hub/status] with no body
&amp#27;[35m[WD Proxy]&amp#27;[39m socket hang up
[debug] &amp#27;[35m[Instrumentation]&amp#27;[39m io.appium.uiautomator2.server.test.AppiumUiAutomator2Server:
[debug] &amp#27;[35m[WD Proxy]&amp#27;[39m Matched '/status' to command name 'getStatus'
[debug] &amp#27;[35m[WD Proxy]&amp#27;[39m Proxying [GET /status] to [GET http://127.0.0.1:8200/wd/hub/status] with no body
&amp#27;[35m[WD Proxy]&amp#27;[39m socket hang up
[debug] &amp#27;[35m[WD Proxy]&amp#27;[39m Matched '/status' to command name 'getStatus'
[debug] &amp#27;[35m[WD Proxy]&amp#27;[39m Proxying [GET /status] to [GET http://127.0.0.1:8200/wd/hub/status] with no body
[debug] &amp#27;[35m[WD Proxy]&amp#27;[39m Got response with status 200: {"sessionId":"None","value":{"message":"UiAutomator2 Server is ready to accept commands","ready":true}}
[debug] &amp#27;[35m[UiAutomator2]&amp#27;[39m The initialization of the instrumentation process took 2115ms
[debug] &amp#27;[35m[WD Proxy]&amp#27;[39m Matched '/session' to command name 'createSession'
[debug] &amp#27;[35m[WD Proxy]&amp#27;[39m Proxying [POST /session] to [POST http://127.0.0.1:8200/wd/hub/session] with body: {"capabilities":{"firstMatch":[{"platform":"LINUX","webStorageEnabled":false,"takesScreenshot":true,"javascriptEnabled":true,"databaseEnabled":false,"networkConnectionEnabled":true,"locationContextEnabled":false,"warnings":{},"desired":{"platformName":"android","app":"src/test/resources/App/ApiDemos-debug.apk","appActivity":".ApiDemos","appPackage":"io.appium.android.apis","deviceName":"android","platformVersion":"8.1"},"platformName":"android","app":"src/test/resources/App/ApiDemos-debug.apk","appActivity":".ApiDemos","appPackage":"io.appium.android.apis","deviceName":"emulator-5554","platformVersion":"8.1","deviceUDID":"emulator-5554"}],"alwaysMatch":{}}}
[debug] &amp#27;[35m[WD Proxy]&amp#27;[39m Got response with status 200: {"sessionId":"87f68da1-b0ec-4a2c-a5da-fa3ceab8eb4d","value":{"capabilities":{"firstMatch":[{"platform":"LINUX","webStorageEnabled":false,"takesScreenshot":true,"javascriptEnabled":true,"databaseEnabled":false,"networkConnectionEnabled":true,"locationContextEnabled":false,"warnings":{},"desired":{"platformName":"android","app":"src/test/resources/App/ApiDemos-debug.apk","appActivity":".ApiDemos","appPackage":"io.appium.android.apis","deviceName":"android","platformVersion":"8.1"},"platformName":"android","app":"src/test/resources/App/ApiDemos-debug.apk","appActivity":".ApiDemos","appPackage":"io.appium.android.apis","deviceName":"emulator-5554","platformVersion":"8.1","deviceUDID":"emulator-5554"}],"alwaysMatch":{}},"sessionId":"87f68da1-b0ec-4a2c-a5da-fa3ceab8eb4d"}}
&amp#27;[35m[WD Proxy]&amp#27;[39m Determined the downstream protocol as 'W3C'
[debug] &amp#27;[35m[WD Proxy]&amp#27;[39m Proxying [GET /appium/device/info] to [GET http://127.0.0.1:8200/wd/hub/session/87f68da1-b0ec-4a2c-a5da-fa3ceab8eb4d/appium/device/info] with no body
[debug] &amp#27;[35m[WD Proxy]&amp#27;[39m Got response with status 200: {"sessionId":"87f68da1-b0ec-4a2c-a5da-fa3ceab8eb4d","value":{"androidId":"422d6ee91807b345","apiVersion":"27","bluetooth":null,"brand":"google","carrierName":"Android","displayDensity":420,"locale":"en_US","manufacturer":"Google","model":"Android SDK built for x86","networks":[{"capabilities":{"SSID":null,"linkDownBandwidthKbps":102400,"linkUpstreamBandwidthKbps":51200,"networkCapabilities":"NET_CAPABILITY_MMS,NET_CAPABILITY_SUPL,NET_CAPABILITY_DUN,NET_CAPABILITY_FOTA,NET_CAPABILITY_IMS,NET_CAPABILITY_CBS,NET_CAPABILITY_IA,NET_CAPABILITY_INTERNET,NET_CAPABILITY_NOT_RESTRICTED,NET_CAPABILITY_TRUSTED,NET_CAPABILITY_NOT_VPN,NET_CAPABILITY_VALIDATED","signalStrength":-2147483648,"transportTypes":"TRANSPORT_CELLULAR"},"detailedState":"CONNECTED","extraInfo":"epc.tmobile.com","isAvailable":true,"isConnected":true,"isFailover":false,"isRoaming":false,"state":"CONNECTED","subtype":13,"subtypeName":"LTE","type":0,"typeName":"MOBILE"},{"capabilities":{"SSID":null,"linkDownBandwidthKbps":1048576,"linkUpstreamBandwidt...
[debug] &amp#27;[35m[ADB]&amp#27;[39m Running 'C:\Users\pooja05\AppData\Local\Android\Sdk\platform-tools\adb.exe -P 5037 -s emulator-5554 shell dumpsys window'
&amp#27;[35m[AndroidDriver]&amp#27;[39m Screen already unlocked, doing nothing
&amp#27;[35m[UiAutomator2]&amp#27;[39m Starting 'io.appium.android.apis/.ApiDemos and waiting for 'io.appium.android.apis/.ApiDemos'
[debug] &amp#27;[35m[ADB]&amp#27;[39m Running 'C:\Users\pooja05\AppData\Local\Android\Sdk\platform-tools\adb.exe -P 5037 -s emulator-5554 shell am start -W -n io.appium.android.apis/.ApiDemos -S -a android.intent.action.MAIN -c android.intent.category.LAUNCHER -f 0x10200000'
[debug] &amp#27;[35m[WD Proxy]&amp#27;[39m Proxying [GET /appium/device/pixel_ratio] to [GET http://127.0.0.1:8200/wd/hub/session/87f68da1-b0ec-4a2c-a5da-fa3ceab8eb4d/appium/device/pixel_ratio] with no body
[debug] &amp#27;[35m[WD Proxy]&amp#27;[39m Got response with status 200: {"sessionId":"87f68da1-b0ec-4a2c-a5da-fa3ceab8eb4d","value":2.625}
[debug] &amp#27;[35m[WD Proxy]&amp#27;[39m Matched '/appium/device/system_bars' to command name 'getSystemBars'
[debug] &amp#27;[35m[WD Proxy]&amp#27;[39m Proxying [GET /appium/device/system_bars] to [GET http://127.0.0.1:8200/wd/hub/session/87f68da1-b0ec-4a2c-a5da-fa3ceab8eb4d/appium/device/system_bars] with no body
[debug] &amp#27;[35m[WD Proxy]&amp#27;[39m Got response with status 200: {"sessionId":"87f68da1-b0ec-4a2c-a5da-fa3ceab8eb4d","value":{"statusBar":63}}
[debug] &amp#27;[35m[WD Proxy]&amp#27;[39m Matched '/window/current/size' to command name 'getWindowSize'
[debug] &amp#27;[35m[WD Proxy]&amp#27;[39m Proxying [GET /window/current/size] to [GET http://127.0.0.1:8200/wd/hub/session/87f68da1-b0ec-4a2c-a5da-fa3ceab8eb4d/window/current/size] with no body
[debug] &amp#27;[35m[WD Proxy]&amp#27;[39m Got response with status 200: {"sessionId":"87f68da1-b0ec-4a2c-a5da-fa3ceab8eb4d","value":{"height":1794,"width":1080}}
&amp#27;[35m[Appium]&amp#27;[39m New AndroidUiautomator2Driver session created successfully, session 9573bde2-13ca-473e-b928-43f4d34b66fb added to master session list
[debug] &amp#27;[35m[BaseDriver]&amp#27;[39m Event 'newSessionStarted' logged at 1658997671362 (14:11:11 GMT+0530 (India Standard Time))
[debug] &amp#27;[35m[W3C (9573bde2)]&amp#27;[39m Cached the protocol value 'W3C' for the new session 9573bde2-13ca-473e-b928-43f4d34b66fb
[debug] &amp#27;[35m[W3C (9573bde2)]&amp#27;[39m Responding to client with driver.createSession() result: {"capabilities":{"platform":"LINUX","webStorageEnabled":false,"takesScreenshot":true,"javascriptEnabled":true,"databaseEnabled":false,"networkConnectionEnabled":true,"locationContextEnabled":false,"warnings":{},"desired":{"platformName":"android","app":"src/test/resources/App/ApiDemos-debug.apk","appActivity":".ApiDemos","appPackage":"io.appium.android.apis","deviceName":"android","platformVersion":"8.1"},"platformName":"android","app":"src/test/resources/App/ApiDemos-debug.apk","appActivity":".ApiDemos","appPackage":"io.appium.android.apis","deviceName":"emulator-5554","platformVersion":"8.1.0","deviceUDID":"emulator-5554","deviceApiLevel":27,"deviceScreenSize":"1080x1920","deviceScreenDensity":420,"deviceModel":"Android SDK built for x86","deviceManufacturer":"Google","pixelRatio":2.625,"statBarHeight":63,"viewportRect":{"left":0,"top":63,"width":1080,"height":1731}}}
&amp#27;[35m[HTTP]&amp#27;[39m &amp#27;[37m<-- POST /wd/hub/session &amp#27;[39m&amp#27;[32m200&amp#27;[39m &amp#27;[90m5777 ms - 943&amp#27;[39m
&amp#27;[35m[HTTP]&amp#27;[39m &amp#27;[90m&amp#27;[39m
&amp#27;[35m[HTTP]&amp#27;[39m &amp#27;[37m-->&amp#27;[39m &amp#27;[37mGET&amp#27;[39m &amp#27;[37m/wd/hub/session/9573bde2-13ca-473e-b928-43f4d34b66fb&amp#27;[39m
&amp#27;[35m[HTTP]&amp#27;[39m &amp#27;[90m{}&amp#27;[39m
[debug] &amp#27;[35m[W3C (9573bde2)]&amp#27;[39m Calling AppiumDriver.getSession() with args: ["9573bde2-13ca-473e-b928-43f4d34b66fb"]
[debug] &amp#27;[35m[UiAutomator2]&amp#27;[39m Getting session details from server to mix in
[debug] &amp#27;[35m[WD Proxy]&amp#27;[39m Matched '/' to command name 'getSession'
[debug] &amp#27;[35m[WD Proxy]&amp#27;[39m Proxying [GET /] to [GET http://127.0.0.1:8200/wd/hub/session/87f68da1-b0ec-4a2c-a5da-fa3ceab8eb4d] with no body
[debug] &amp#27;[35m[WD Proxy]&amp#27;[39m Got response with status 200: {"sessionId":"87f68da1-b0ec-4a2c-a5da-fa3ceab8eb4d","value":{"lastScrollData":null}}
[debug] &amp#27;[35m[W3C (9573bde2)]&amp#27;[39m Responding to client with driver.getSession() result: {"platform":"LINUX","webStorageEnabled":false,"takesScreenshot":true,"javascriptEnabled":true,"databaseEnabled":false,"networkConnectionEnabled":true,"locationContextEnabled":false,"warnings":{},"desired":{"platformName":"android","app":"src/test/resources/App/ApiDemos-debug.apk","appActivity":".ApiDemos","appPackage":"io.appium.android.apis","deviceName":"android","platformVersion":"8.1"},"platformName":"android","app":"src/test/resources/App/ApiDemos-debug.apk","appActivity":".ApiDemos","appPackage":"io.appium.android.apis","deviceName":"emulator-5554","platformVersion":"8.1.0","deviceUDID":"emulator-5554","deviceApiLevel":27,"deviceScreenSize":"1080x1920","deviceScreenDensity":420,"deviceModel":"Android SDK built for x86","deviceManufacturer":"Google","pixelRatio":2.625,"statBarHeight":63,"viewportRect":{"left":0,"top":63,"width":1080,"height":1731},"lastScrollData":null}
&amp#27;[35m[HTTP]&amp#27;[39m &amp#27;[37m<-- GET /wd/hub/session/9573bde2-13ca-473e-b928-43f4d34b66fb &amp#27;[39m&amp#27;[32m200&amp#27;[39m &amp#27;[90m15 ms - 897&amp#27;[39m
&amp#27;[35m[HTTP]&amp#27;[39m &amp#27;[90m&amp#27;[39m
&amp#27;[35m[HTTP]&amp#27;[39m &amp#27;[37m-->&amp#27;[39m &amp#27;[37mGET&amp#27;[39m &amp#27;[37m/wd/hub/session/9573bde2-13ca-473e-b928-43f4d34b66fb&amp#27;[39m
&amp#27;[35m[HTTP]&amp#27;[39m &amp#27;[90m{}&amp#27;[39m
[debug] &amp#27;[35m[W3C (9573bde2)]&amp#27;[39m Calling AppiumDriver.getSession() with args: ["9573bde2-13ca-473e-b928-43f4d34b66fb"]
[debug] &amp#27;[35m[UiAutomator2]&amp#27;[39m Getting session details from server to mix in
[debug] &amp#27;[35m[WD Proxy]&amp#27;[39m Matched '/' to command name 'getSession'
[debug] &amp#27;[35m[WD Proxy]&amp#27;[39m Proxying [GET /] to [GET http://127.0.0.1:8200/wd/hub/session/87f68da1-b0ec-4a2c-a5da-fa3ceab8eb4d] with no body
[debug] &amp#27;[35m[WD Proxy]&amp#27;[39m Got response with status 200: {"sessionId":"87f68da1-b0ec-4a2c-a5da-fa3ceab8eb4d","value":{"lastScrollData":null}}
[debug] &amp#27;[35m[W3C (9573bde2)]&amp#27;[39m Responding to client with driver.getSession() result: {"platform":"LINUX","webStorageEnabled":false,"takesScreenshot":true,"javascriptEnabled":true,"databaseEnabled":false,"networkConnectionEnabled":true,"locationContextEnabled":false,"warnings":{},"desired":{"platformName":"android","app":"src/test/resources/App/ApiDemos-debug.apk","appActivity":".ApiDemos","appPackage":"io.appium.android.apis","deviceName":"android","platformVersion":"8.1"},"platformName":"android","app":"src/test/resources/App/ApiDemos-debug.apk","appActivity":".ApiDemos","appPackage":"io.appium.android.apis","deviceName":"emulator-5554","platformVersion":"8.1.0","deviceUDID":"emulator-5554","deviceApiLevel":27,"deviceScreenSize":"1080x1920","deviceScreenDensity":420,"deviceModel":"Android SDK built for x86","deviceManufacturer":"Google","pixelRatio":2.625,"statBarHeight":63,"viewportRect":{"left":0,"top":63,"width":1080,"height":1731},"lastScrollData":null}
&amp#27;[35m[HTTP]&amp#27;[39m &amp#27;[37m<-- GET /wd/hub/session/9573bde2-13ca-473e-b928-43f4d34b66fb &amp#27;[39m&amp#27;[32m200&amp#27;[39m &amp#27;[90m13 ms - 897&amp#27;[39m
&amp#27;[35m[HTTP]&amp#27;[39m &amp#27;[90m&amp#27;[39m
&amp#27;[35m[HTTP]&amp#27;[39m &amp#27;[37m-->&amp#27;[39m &amp#27;[37mPOST&amp#27;[39m &amp#27;[37m/wd/hub/session/9573bde2-13ca-473e-b928-43f4d34b66fb/element&amp#27;[39m
&amp#27;[35m[HTTP]&amp#27;[39m &amp#27;[90m{"using":"xpath","value":"//android.widget.TextView[@content-desc=\"App\"]"}&amp#27;[39m
[debug] &amp#27;[35m[W3C (9573bde2)]&amp#27;[39m Calling AppiumDriver.findElement() with args: ["xpath","//android.widget.TextView[@content-desc=\"App\"]","9573bde2-13ca-473e-b928-43f4d34b66fb"]
[debug] &amp#27;[35m[BaseDriver]&amp#27;[39m Valid locator strategies for this request: xpath, id, class name, accessibility id, css selector, -android uiautomator
[debug] &amp#27;[35m[BaseDriver]&amp#27;[39m Waiting up to 0 ms for condition
[debug] &amp#27;[35m[WD Proxy]&amp#27;[39m Matched '/element' to command name 'findElement'
[debug] &amp#27;[35m[WD Proxy]&amp#27;[39m Proxying [POST /element] to [POST http://127.0.0.1:8200/wd/hub/session/87f68da1-b0ec-4a2c-a5da-fa3ceab8eb4d/element] with body: {"strategy":"xpath","selector":"//android.widget.TextView[@content-desc=\"App\"]","context":"","multiple":false}
[debug] &amp#27;[35m[WD Proxy]&amp#27;[39m Got response with status 200: {"sessionId":"87f68da1-b0ec-4a2c-a5da-fa3ceab8eb4d","value":{"ELEMENT":"00000000-0000-006a-ffff-ffff00000007","element-6066-11e4-a52e-4f735466cecf":"00000000-0000-006a-ffff-ffff00000007"}}
[debug] &amp#27;[35m[W3C (9573bde2)]&amp#27;[39m Responding to client with driver.findElement() result: {"element-6066-11e4-a52e-4f735466cecf":"00000000-0000-006a-ffff-ffff00000007","ELEMENT":"00000000-0000-006a-ffff-ffff00000007"}
&amp#27;[35m[HTTP]&amp#27;[39m &amp#27;[37m<-- POST /wd/hub/session/9573bde2-13ca-473e-b928-43f4d34b66fb/element &amp#27;[39m&amp#27;[32m200&amp#27;[39m &amp#27;[90m1063 ms - 137&amp#27;[39m
&amp#27;[35m[HTTP]&amp#27;[39m &amp#27;[90m&amp#27;[39m
&amp#27;[35m[HTTP]&amp#27;[39m &amp#27;[37m-->&amp#27;[39m &amp#27;[37mPOST&amp#27;[39m &amp#27;[37m/wd/hub/session/9573bde2-13ca-473e-b928-43f4d34b66fb/touch/perform&amp#27;[39m
&amp#27;[35m[HTTP]&amp#27;[39m &amp#27;[90m{"actions":[{"action":"tap","options":{"element":"00000000-0000-006a-ffff-ffff00000007"}},{"action":"release","options":{}}]}&amp#27;[39m
[debug] &amp#27;[35m[W3C (9573bde2)]&amp#27;[39m Calling AppiumDriver.performTouch() with args: [[{"action":"tap","options":{"element":"00000000-0000-006a-ffff-ffff00000007"}},{"action":"release","options":{}}],"9573bde2-13ca-473e-b928-43f4d34b66fb"]
&amp#27;[35m[UiAutomator2]&amp#27;[39m calling get location: 00000000-0000-006a-ffff-ffff00000007
[debug] &amp#27;[35m[WD Proxy]&amp#27;[39m Matched '/element/00000000-0000-006a-ffff-ffff00000007/location' to command name 'getLocation'
[debug] &amp#27;[35m[WD Proxy]&amp#27;[39m Proxying [GET /element/00000000-0000-006a-ffff-ffff00000007/location] to [GET http://127.0.0.1:8200/wd/hub/session/87f68da1-b0ec-4a2c-a5da-fa3ceab8eb4d/element/00000000-0000-006a-ffff-ffff00000007/location] with no body
[debug] &amp#27;[35m[WD Proxy]&amp#27;[39m Got response with status 200: {"sessionId":"87f68da1-b0ec-4a2c-a5da-fa3ceab8eb4d","value":{"x":0,"y":468}}
[debug] &amp#27;[35m[WD Proxy]&amp#27;[39m Matched '/element/00000000-0000-006a-ffff-ffff00000007/size' to command name 'getSize'
[debug] &amp#27;[35m[WD Proxy]&amp#27;[39m Proxying [GET /element/00000000-0000-006a-ffff-ffff00000007/size] to [GET http://127.0.0.1:8200/wd/hub/session/87f68da1-b0ec-4a2c-a5da-fa3ceab8eb4d/element/00000000-0000-006a-ffff-ffff00000007/size] with no body
[debug] &amp#27;[35m[WD Proxy]&amp#27;[39m Got response with status 200: {"sessionId":"87f68da1-b0ec-4a2c-a5da-fa3ceab8eb4d","value":{"height":126,"width":1080}}
[debug] &amp#27;[35m[WD Proxy]&amp#27;[39m Proxying [POST /appium/tap] to [POST http://127.0.0.1:8200/wd/hub/session/87f68da1-b0ec-4a2c-a5da-fa3ceab8eb4d/appium/tap] with body: {"x":540,"y":531,"undefined":null}
[debug] &amp#27;[35m[WD Proxy]&amp#27;[39m Got response with status 200: {"sessionId":"87f68da1-b0ec-4a2c-a5da-fa3ceab8eb4d","value":null}
[debug] &amp#27;[35m[W3C (9573bde2)]&amp#27;[39m Responding to client with driver.performTouch() result: null
&amp#27;[35m[HTTP]&amp#27;[39m &amp#27;[37m<-- POST /wd/hub/session/9573bde2-13ca-473e-b928-43f4d34b66fb/touch/perform &amp#27;[39m&amp#27;[32m200&amp#27;[39m &amp#27;[90m1178 ms - 14&amp#27;[39m
&amp#27;[35m[HTTP]&amp#27;[39m &amp#27;[90m&amp#27;[39m
2022-07-28 14:07:689 %-Sp Log4j :23 -Click on the APP
&amp#27;[35m[HTTP]&amp#27;[39m &amp#27;[37m-->&amp#27;[39m &amp#27;[37mPOST&amp#27;[39m &amp#27;[37m/wd/hub/session/9573bde2-13ca-473e-b928-43f4d34b66fb/element&amp#27;[39m
&amp#27;[35m[HTTP]&amp#27;[39m &amp#27;[90m{"using":"xpath","value":"//android.widget.TextView[@content-desc=\"Fragment\"]"}&amp#27;[39m
[debug] &amp#27;[35m[W3C (9573bde2)]&amp#27;[39m Calling AppiumDriver.findElement() with args: ["xpath","//android.widget.TextView[@content-desc=\"Fragment\"]","9573bde2-13ca-473e-b928-43f4d34b66fb"]
[debug] &amp#27;[35m[BaseDriver]&amp#27;[39m Valid locator strategies for this request: xpath, id, class name, accessibility id, css selector, -android uiautomator
[debug] &amp#27;[35m[BaseDriver]&amp#27;[39m Waiting up to 0 ms for condition
[debug] &amp#27;[35m[WD Proxy]&amp#27;[39m Matched '/element' to command name 'findElement'
[debug] &amp#27;[35m[WD Proxy]&amp#27;[39m Proxying [POST /element] to [POST http://127.0.0.1:8200/wd/hub/session/87f68da1-b0ec-4a2c-a5da-fa3ceab8eb4d/element] with body: {"strategy":"xpath","selector":"//android.widget.TextView[@content-desc=\"Fragment\"]","context":"","multiple":false}
[debug] &amp#27;[35m[WD Proxy]&amp#27;[39m Got response with status 200: {"sessionId":"87f68da1-b0ec-4a2c-a5da-fa3ceab8eb4d","value":{"ELEMENT":"00000000-0000-006b-ffff-ffff0000001c","element-6066-11e4-a52e-4f735466cecf":"00000000-0000-006b-ffff-ffff0000001c"}}
[debug] &amp#27;[35m[W3C (9573bde2)]&amp#27;[39m Responding to client with driver.findElement() result: {"element-6066-11e4-a52e-4f735466cecf":"00000000-0000-006b-ffff-ffff0000001c","ELEMENT":"00000000-0000-006b-ffff-ffff0000001c"}
&amp#27;[35m[HTTP]&amp#27;[39m &amp#27;[37m<-- POST /wd/hub/session/9573bde2-13ca-473e-b928-43f4d34b66fb/element &amp#27;[39m&amp#27;[32m200&amp#27;[39m &amp#27;[90m73 ms - 137&amp#27;[39m
&amp#27;[35m[HTTP]&amp#27;[39m &amp#27;[90m&amp#27;[39m
&amp#27;[35m[HTTP]&amp#27;[39m &amp#27;[37m-->&amp#27;[39m &amp#27;[37mPOST&amp#27;[39m &amp#27;[37m/wd/hub/session/9573bde2-13ca-473e-b928-43f4d34b66fb/element/00000000-0000-006b-ffff-ffff0000001c/click&amp#27;[39m
&amp#27;[35m[HTTP]&amp#27;[39m &amp#27;[90m{"id":"00000000-0000-006b-ffff-ffff0000001c"}&amp#27;[39m
[debug] &amp#27;[35m[W3C (9573bde2)]&amp#27;[39m Calling AppiumDriver.click() with args: ["00000000-0000-006b-ffff-ffff0000001c","9573bde2-13ca-473e-b928-43f4d34b66fb"]
[debug] &amp#27;[35m[WD Proxy]&amp#27;[39m Matched '/element/00000000-0000-006b-ffff-ffff0000001c/click' to command name 'click'
[debug] &amp#27;[35m[WD Proxy]&amp#27;[39m Proxying [POST /element/00000000-0000-006b-ffff-ffff0000001c/click] to [POST http://127.0.0.1:8200/wd/hub/session/87f68da1-b0ec-4a2c-a5da-fa3ceab8eb4d/element/00000000-0000-006b-ffff-ffff0000001c/click] with body: {"element":"00000000-0000-006b-ffff-ffff0000001c"}
[debug] &amp#27;[35m[WD Proxy]&amp#27;[39m Got response with status 200: {"sessionId":"87f68da1-b0ec-4a2c-a5da-fa3ceab8eb4d","value":null}
[debug] &amp#27;[35m[W3C (9573bde2)]&amp#27;[39m Responding to client with driver.click() result: null
&amp#27;[35m[HTTP]&amp#27;[39m &amp#27;[37m<-- POST /wd/hub/session/9573bde2-13ca-473e-b928-43f4d34b66fb/element/00000000-0000-006b-ffff-ffff0000001c/click &amp#27;[39m&amp#27;[32m200&amp#27;[39m &amp#27;[90m24 ms - 14&amp#27;[39m
&amp#27;[35m[HTTP]&amp#27;[39m &amp#27;[90m&amp#27;[39m
&amp#27;[35m[HTTP]&amp#27;[39m &amp#27;[37m-->&amp#27;[39m &amp#27;[37mPOST&amp#27;[39m &amp#27;[37m/wd/hub/session/9573bde2-13ca-473e-b928-43f4d34b66fb/timeouts&amp#27;[39m
&amp#27;[35m[HTTP]&amp#27;[39m &amp#27;[90m{"implicit":10000}&amp#27;[39m
[debug] &amp#27;[35m[W3C (9573bde2)]&amp#27;[39m Calling AppiumDriver.timeouts() with args: [null,null,null,null,10000,"9573bde2-13ca-473e-b928-43f4d34b66fb"]
[debug] &amp#27;[35m[BaseDriver]&amp#27;[39m W3C timeout argument: {"implicit":10000}}
[debug] &amp#27;[35m[BaseDriver]&amp#27;[39m Set implicit wait to 10000ms
[debug] &amp#27;[35m[W3C (9573bde2)]&amp#27;[39m Responding to client with driver.timeouts() result: null
&amp#27;[35m[HTTP]&amp#27;[39m &amp#27;[37m<-- POST /wd/hub/session/9573bde2-13ca-473e-b928-43f4d34b66fb/timeouts &amp#27;[39m&amp#27;[32m200&amp#27;[39m &amp#27;[90m1 ms - 14&amp#27;[39m
&amp#27;[35m[HTTP]&amp#27;[39m &amp#27;[90m&amp#27;[39m
&amp#27;[35m[HTTP]&amp#27;[39m &amp#27;[37m-->&amp#27;[39m &amp#27;[37mGET&amp#27;[39m &amp#27;[37m/wd/hub/session/9573bde2-13ca-473e-b928-43f4d34b66fb/window/rect&amp#27;[39m
&amp#27;[35m[HTTP]&amp#27;[39m &amp#27;[90m{}&amp#27;[39m
[debug] &amp#27;[35m[W3C (9573bde2)]&amp#27;[39m Calling AppiumDriver.getWindowRect() with args: ["9573bde2-13ca-473e-b928-43f4d34b66fb"]
[debug] &amp#27;[35m[WD Proxy]&amp#27;[39m Matched '/window/current/size' to command name 'getWindowSize'
[debug] &amp#27;[35m[WD Proxy]&amp#27;[39m Proxying [GET /window/current/size] to [GET http://127.0.0.1:8200/wd/hub/session/87f68da1-b0ec-4a2c-a5da-fa3ceab8eb4d/window/current/size] with no body
[debug] &amp#27;[35m[WD Proxy]&amp#27;[39m Got response with status 200: {"sessionId":"87f68da1-b0ec-4a2c-a5da-fa3ceab8eb4d","value":{"height":1794,"width":1080}}
[debug] &amp#27;[35m[W3C (9573bde2)]&amp#27;[39m Responding to client with driver.getWindowRect() result: {"width":1080,"height":1794,"x":0,"y":0}
&amp#27;[35m[HTTP]&amp#27;[39m &amp#27;[37m<-- GET /wd/hub/session/9573bde2-13ca-473e-b928-43f4d34b66fb/window/rect &amp#27;[39m&amp#27;[32m200&amp#27;[39m &amp#27;[90m11 ms - 50&amp#27;[39m
&amp#27;[35m[HTTP]&amp#27;[39m &amp#27;[90m&amp#27;[39m
&amp#27;[35m[HTTP]&amp#27;[39m &amp#27;[37m-->&amp#27;[39m &amp#27;[37mPOST&amp#27;[39m &amp#27;[37m/wd/hub/session/9573bde2-13ca-473e-b928-43f4d34b66fb/touch/perform&amp#27;[39m
&amp#27;[35m[HTTP]&amp#27;[39m &amp#27;[90m{"actions":[{"action":"press","options":{"x":540,"y":179}},{"action":"wait","options":{"ms":1000}},{"action":"moveTo","options":{"x":540,"y":179}},{"action":"release","options":{}}]}&amp#27;[39m
[debug] &amp#27;[35m[W3C (9573bde2)]&amp#27;[39m Calling AppiumDriver.performTouch() with args: [[{"action":"press","options":{"x":540,"y":179}},{"action":"wait","options":{"ms":1000}},{"action":"moveTo","options":{"x":540,"y":179}},{"action":"release","options":{}}],"9573bde2-13ca-473e-b928-43f4d34b66fb"]
[debug] &amp#27;[35m[WD Proxy]&amp#27;[39m Matched '/touch/perform' to command name 'performTouch'
[debug] &amp#27;[35m[WD Proxy]&amp#27;[39m Proxying [POST /touch/perform] to [POST http://127.0.0.1:8200/wd/hub/session/87f68da1-b0ec-4a2c-a5da-fa3ceab8eb4d/touch/perform] with body: {"startX":540,"startY":179,"endX":540,"endY":179,"steps":28}
[debug] &amp#27;[35m[WD Proxy]&amp#27;[39m Got response with status 200: {"sessionId":"87f68da1-b0ec-4a2c-a5da-fa3ceab8eb4d","value":null}
[debug] &amp#27;[35m[W3C (9573bde2)]&amp#27;[39m Responding to client with driver.performTouch() result: null
&amp#27;[35m[HTTP]&amp#27;[39m &amp#27;[37m<-- POST /wd/hub/session/9573bde2-13ca-473e-b928-43f4d34b66fb/touch/perform &amp#27;[39m&amp#27;[32m200&amp#27;[39m &amp#27;[90m1407 ms - 14&amp#27;[39m
&amp#27;[35m[HTTP]&amp#27;[39m &amp#27;[90m&amp#27;[39m
2022-07-28 14:07:268 %-Sp Log4j :31 -Tap on the Fragment button
&amp#27;[35m[HTTP]&amp#27;[39m &amp#27;[37m-->&amp#27;[39m &amp#27;[37mPOST&amp#27;[39m &amp#27;[37m/wd/hub/session/9573bde2-13ca-473e-b928-43f4d34b66fb/element&amp#27;[39m
&amp#27;[35m[HTTP]&amp#27;[39m &amp#27;[90m{"using":"xpath","value":"//android.widget.TextView[@content-desc=\"Nesting Tabs\"]"}&amp#27;[39m
[debug] &amp#27;[35m[W3C (9573bde2)]&amp#27;[39m Calling AppiumDriver.findElement() with args: ["xpath","//android.widget.TextView[@content-desc=\"Nesting Tabs\"]","9573bde2-13ca-473e-b928-43f4d34b66fb"]
[debug] &amp#27;[35m[BaseDriver]&amp#27;[39m Valid locator strategies for this request: xpath, id, class name, accessibility id, css selector, -android uiautomator
[debug] &amp#27;[35m[BaseDriver]&amp#27;[39m Waiting up to 10000 ms for condition
[debug] &amp#27;[35m[WD Proxy]&amp#27;[39m Matched '/element' to command name 'findElement'
[debug] &amp#27;[35m[WD Proxy]&amp#27;[39m Proxying [POST /element] to [POST http://127.0.0.1:8200/wd/hub/session/87f68da1-b0ec-4a2c-a5da-fa3ceab8eb4d/element] with body: {"strategy":"xpath","selector":"//android.widget.TextView[@content-desc=\"Nesting Tabs\"]","context":"","multiple":false}
[debug] &amp#27;[35m[WD Proxy]&amp#27;[39m Got response with status 200: {"sessionId":"87f68da1-b0ec-4a2c-a5da-fa3ceab8eb4d","value":{"ELEMENT":"00000000-0000-006c-ffff-ffff00000037","element-6066-11e4-a52e-4f735466cecf":"00000000-0000-006c-ffff-ffff00000037"}}
[debug] &amp#27;[35m[W3C (9573bde2)]&amp#27;[39m Responding to client with driver.findElement() result: {"element-6066-11e4-a52e-4f735466cecf":"00000000-0000-006c-ffff-ffff00000037","ELEMENT":"00000000-0000-006c-ffff-ffff00000037"}
&amp#27;[35m[HTTP]&amp#27;[39m &amp#27;[37m<-- POST /wd/hub/session/9573bde2-13ca-473e-b928-43f4d34b66fb/element &amp#27;[39m&amp#27;[32m200&amp#27;[39m &amp#27;[90m58 ms - 137&amp#27;[39m
&amp#27;[35m[HTTP]&amp#27;[39m &amp#27;[90m&amp#27;[39m
&amp#27;[35m[HTTP]&amp#27;[39m &amp#27;[37m-->&amp#27;[39m &amp#27;[37mPOST&amp#27;[39m &amp#27;[37m/wd/hub/session/9573bde2-13ca-473e-b928-43f4d34b66fb/touch/perform&amp#27;[39m
&amp#27;[35m[HTTP]&amp#27;[39m &amp#27;[90m{"actions":[{"action":"tap","options":{"element":"00000000-0000-006c-ffff-ffff00000037"}},{"action":"release","options":{}}]}&amp#27;[39m
[debug] &amp#27;[35m[W3C (9573bde2)]&amp#27;[39m Calling AppiumDriver.performTouch() with args: [[{"action":"tap","options":{"element":"00000000-0000-006c-ffff-ffff00000037"}},{"action":"release","options":{}}],"9573bde2-13ca-473e-b928-43f4d34b66fb"]
&amp#27;[35m[UiAutomator2]&amp#27;[39m calling get location: 00000000-0000-006c-ffff-ffff00000037
[debug] &amp#27;[35m[WD Proxy]&amp#27;[39m Matched '/element/00000000-0000-006c-ffff-ffff00000037/location' to command name 'getLocation'
[debug] &amp#27;[35m[WD Proxy]&amp#27;[39m Proxying [GET /element/00000000-0000-006c-ffff-ffff00000037/location] to [GET http://127.0.0.1:8200/wd/hub/session/87f68da1-b0ec-4a2c-a5da-fa3ceab8eb4d/element/00000000-0000-006c-ffff-ffff00000037/location] with no body
[debug] &amp#27;[35m[WD Proxy]&amp#27;[39m Got response with status 200: {"sessionId":"87f68da1-b0ec-4a2c-a5da-fa3ceab8eb4d","value":{"x":0,"y":1500}}
[debug] &amp#27;[35m[WD Proxy]&amp#27;[39m Matched '/element/00000000-0000-006c-ffff-ffff00000037/size' to command name 'getSize'
[debug] &amp#27;[35m[WD Proxy]&amp#27;[39m Proxying [GET /element/00000000-0000-006c-ffff-ffff00000037/size] to [GET http://127.0.0.1:8200/wd/hub/session/87f68da1-b0ec-4a2c-a5da-fa3ceab8eb4d/element/00000000-0000-006c-ffff-ffff00000037/size] with no body
[debug] &amp#27;[35m[WD Proxy]&amp#27;[39m Got response with status 200: {"sessionId":"87f68da1-b0ec-4a2c-a5da-fa3ceab8eb4d","value":{"height":126,"width":1080}}
[debug] &amp#27;[35m[WD Proxy]&amp#27;[39m Proxying [POST /appium/tap] to [POST http://127.0.0.1:8200/wd/hub/session/87f68da1-b0ec-4a2c-a5da-fa3ceab8eb4d/appium/tap] with body: {"x":540,"y":1563,"undefined":null}
[debug] &amp#27;[35m[WD Proxy]&amp#27;[39m Got response with status 200: {"sessionId":"87f68da1-b0ec-4a2c-a5da-fa3ceab8eb4d","value":null}
[debug] &amp#27;[35m[W3C (9573bde2)]&amp#27;[39m Responding to client with driver.performTouch() result: null
&amp#27;[35m[HTTP]&amp#27;[39m &amp#27;[37m<-- POST /wd/hub/session/9573bde2-13ca-473e-b928-43f4d34b66fb/touch/perform &amp#27;[39m&amp#27;[32m200&amp#27;[39m &amp#27;[90m1184 ms - 14&amp#27;[39m
&amp#27;[35m[HTTP]&amp#27;[39m &amp#27;[90m&amp#27;[39m
&amp#27;[35m[HTTP]&amp#27;[39m &amp#27;[37m-->&amp#27;[39m &amp#27;[37mPOST&amp#27;[39m &amp#27;[37m/wd/hub/session/9573bde2-13ca-473e-b928-43f4d34b66fb/element&amp#27;[39m
&amp#27;[35m[HTTP]&amp#27;[39m &amp#27;[90m{"using":"xpath","value":"/hierarchy/android.widget.FrameLayout/android.view.ViewGroup/android.widget.FrameLayout[1]/android.widget.HorizontalScrollView/android.widget.LinearLayout/android.app.ActionBar.Tab[3]/android.widget.TextView"}&amp#27;[39m
[debug] &amp#27;[35m[W3C (9573bde2)]&amp#27;[39m Calling AppiumDriver.findElement() with args: ["xpath","/hierarchy/android.widget.FrameLayout/android.view.ViewGroup/android.widget.FrameLayout[1]/android.widget.HorizontalScrollView/android.widget.LinearLayout/android.app.ActionBar.Tab[3]/android.widget.TextView","9573bde2-13ca-473e-b928-43f4d34b66fb"]
[debug] &amp#27;[35m[BaseDriver]&amp#27;[39m Valid locator strategies for this request: xpath, id, class name, accessibility id, css selector, -android uiautomator
[debug] &amp#27;[35m[BaseDriver]&amp#27;[39m Waiting up to 10000 ms for condition
[debug] &amp#27;[35m[WD Proxy]&amp#27;[39m Matched '/element' to command name 'findElement'
[debug] &amp#27;[35m[WD Proxy]&amp#27;[39m Proxying [POST /element] to [POST http://127.0.0.1:8200/wd/hub/session/87f68da1-b0ec-4a2c-a5da-fa3ceab8eb4d/element] with body: {"strategy":"xpath","selector":"/hierarchy/android.widget.FrameLayout/android.view.ViewGroup/android.widget.FrameLayout[1]/android.widget.HorizontalScrollView/android.widget.LinearLayout/android.app.ActionBar.Tab[3]/android.widget.TextView","context":"","multiple":false}
[debug] &amp#27;[35m[WD Proxy]&amp#27;[39m Got response with status 200: {"sessionId":"87f68da1-b0ec-4a2c-a5da-fa3ceab8eb4d","value":{"ELEMENT":"00000000-0000-006d-ffff-ffff0000004e","element-6066-11e4-a52e-4f735466cecf":"00000000-0000-006d-ffff-ffff0000004e"}}
[debug] &amp#27;[35m[W3C (9573bde2)]&amp#27;[39m Responding to client with driver.findElement() result: {"element-6066-11e4-a52e-4f735466cecf":"00000000-0000-006d-ffff-ffff0000004e","ELEMENT":"00000000-0000-006d-ffff-ffff0000004e"}
&amp#27;[35m[HTTP]&amp#27;[39m &amp#27;[37m<-- POST /wd/hub/session/9573bde2-13ca-473e-b928-43f4d34b66fb/element &amp#27;[39m&amp#27;[32m200&amp#27;[39m &amp#27;[90m59 ms - 137&amp#27;[39m
&amp#27;[35m[HTTP]&amp#27;[39m &amp#27;[90m&amp#27;[39m
&amp#27;[35m[HTTP]&amp#27;[39m &amp#27;[37m-->&amp#27;[39m &amp#27;[37mPOST&amp#27;[39m &amp#27;[37m/wd/hub/session/9573bde2-13ca-473e-b928-43f4d34b66fb/element/00000000-0000-006d-ffff-ffff0000004e/click&amp#27;[39m
&amp#27;[35m[HTTP]&amp#27;[39m &amp#27;[90m{"id":"00000000-0000-006d-ffff-ffff0000004e"}&amp#27;[39m
[debug] &amp#27;[35m[W3C (9573bde2)]&amp#27;[39m Calling AppiumDriver.click() with args: ["00000000-0000-006d-ffff-ffff0000004e","9573bde2-13ca-473e-b928-43f4d34b66fb"]
[debug] &amp#27;[35m[WD Proxy]&amp#27;[39m Matched '/element/00000000-0000-006d-ffff-ffff0000004e/click' to command name 'click'
[debug] &amp#27;[35m[WD Proxy]&amp#27;[39m Proxying [POST /element/00000000-0000-006d-ffff-ffff0000004e/click] to [POST http://127.0.0.1:8200/wd/hub/session/87f68da1-b0ec-4a2c-a5da-fa3ceab8eb4d/element/00000000-0000-006d-ffff-ffff0000004e/click] with body: {"element":"00000000-0000-006d-ffff-ffff0000004e"}
[debug] &amp#27;[35m[WD Proxy]&amp#27;[39m Got response with status 200: {"sessionId":"87f68da1-b0ec-4a2c-a5da-fa3ceab8eb4d","value":null}
[debug] &amp#27;[35m[W3C (9573bde2)]&amp#27;[39m Responding to client with driver.click() result: null
&amp#27;[35m[HTTP]&amp#27;[39m &amp#27;[37m<-- POST /wd/hub/session/9573bde2-13ca-473e-b928-43f4d34b66fb/element/00000000-0000-006d-ffff-ffff0000004e/click &amp#27;[39m&amp#27;[32m200&amp#27;[39m &amp#27;[90m17 ms - 14&amp#27;[39m
&amp#27;[35m[HTTP]&amp#27;[39m &amp#27;[90m&amp#27;[39m
2022-07-28 14:07:654 %-Sp Log4j :38 -tap on the nested and stack button
2022-07-28 14:07:654 %-Sp Log4j :39 -Pages.App@5e599100
&amp#27;[35m[HTTP]&amp#27;[39m &amp#27;[37m-->&amp#27;[39m &amp#27;[37mPOST&amp#27;[39m &amp#27;[37m/wd/hub/session/9573bde2-13ca-473e-b928-43f4d34b66fb/element&amp#27;[39m
&amp#27;[35m[HTTP]&amp#27;[39m &amp#27;[90m{"using":"id","value":"io.appium.android.apis:id/new_fragment"}&amp#27;[39m
[debug] &amp#27;[35m[W3C (9573bde2)]&amp#27;[39m Calling AppiumDriver.findElement() with args: ["id","io.appium.android.apis:id/new_fragment","9573bde2-13ca-473e-b928-43f4d34b66fb"]
[debug] &amp#27;[35m[BaseDriver]&amp#27;[39m Valid locator strategies for this request: xpath, id, class name, accessibility id, css selector, -android uiautomator
[debug] &amp#27;[35m[BaseDriver]&amp#27;[39m Waiting up to 10000 ms for condition
[debug] &amp#27;[35m[WD Proxy]&amp#27;[39m Matched '/element' to command name 'findElement'
[debug] &amp#27;[35m[WD Proxy]&amp#27;[39m Proxying [POST /element] to [POST http://127.0.0.1:8200/wd/hub/session/87f68da1-b0ec-4a2c-a5da-fa3ceab8eb4d/element] with body: {"strategy":"id","selector":"io.appium.android.apis:id/new_fragment","context":"","multiple":false}
[debug] &amp#27;[35m[WD Proxy]&amp#27;[39m Got response with status 200: {"sessionId":"87f68da1-b0ec-4a2c-a5da-fa3ceab8eb4d","value":{"ELEMENT":"00000000-0000-006d-ffff-ffff00000055","element-6066-11e4-a52e-4f735466cecf":"00000000-0000-006d-ffff-ffff00000055"}}
[debug] &amp#27;[35m[W3C (9573bde2)]&amp#27;[39m Responding to client with driver.findElement() result: {"element-6066-11e4-a52e-4f735466cecf":"00000000-0000-006d-ffff-ffff00000055","ELEMENT":"00000000-0000-006d-ffff-ffff00000055"}
&amp#27;[35m[HTTP]&amp#27;[39m &amp#27;[37m<-- POST /wd/hub/session/9573bde2-13ca-473e-b928-43f4d34b66fb/element &amp#27;[39m&amp#27;[32m200&amp#27;[39m &amp#27;[90m636 ms - 137&amp#27;[39m
&amp#27;[35m[HTTP]&amp#27;[39m &amp#27;[90m&amp#27;[39m
&amp#27;[35m[HTTP]&amp#27;[39m &amp#27;[37m-->&amp#27;[39m &amp#27;[37mPOST&amp#27;[39m &amp#27;[37m/wd/hub/session/9573bde2-13ca-473e-b928-43f4d34b66fb/touch/perform&amp#27;[39m
&amp#27;[35m[HTTP]&amp#27;[39m &amp#27;[90m{"actions":[{"action":"tap","options":{"element":"00000000-0000-006d-ffff-ffff00000055"}},{"action":"release","options":{}}]}&amp#27;[39m
[debug] &amp#27;[35m[W3C (9573bde2)]&amp#27;[39m Calling AppiumDriver.performTouch() with args: [[{"action":"tap","options":{"element":"00000000-0000-006d-ffff-ffff00000055"}},{"action":"release","options":{}}],"9573bde2-13ca-473e-b928-43f4d34b66fb"]
&amp#27;[35m[UiAutomator2]&amp#27;[39m calling get location: 00000000-0000-006d-ffff-ffff00000055
[debug] &amp#27;[35m[WD Proxy]&amp#27;[39m Matched '/element/00000000-0000-006d-ffff-ffff00000055/location' to command name 'getLocation'
[debug] &amp#27;[35m[WD Proxy]&amp#27;[39m Proxying [GET /element/00000000-0000-006d-ffff-ffff00000055/location] to [GET http://127.0.0.1:8200/wd/hub/session/87f68da1-b0ec-4a2c-a5da-fa3ceab8eb4d/element/00000000-0000-006d-ffff-ffff00000055/location] with no body
[debug] &amp#27;[35m[WD Proxy]&amp#27;[39m Got response with status 200: {"sessionId":"87f68da1-b0ec-4a2c-a5da-fa3ceab8eb4d","value":{"x":309,"y":1646}}
[debug] &amp#27;[35m[WD Proxy]&amp#27;[39m Matched '/element/00000000-0000-006d-ffff-ffff00000055/size' to command name 'getSize'
[debug] &amp#27;[35m[WD Proxy]&amp#27;[39m Proxying [GET /element/00000000-0000-006d-ffff-ffff00000055/size] to [GET http://127.0.0.1:8200/wd/hub/session/87f68da1-b0ec-4a2c-a5da-fa3ceab8eb4d/element/00000000-0000-006d-ffff-ffff00000055/size] with no body
[debug] &amp#27;[35m[WD Proxy]&amp#27;[39m Got response with status 200: {"sessionId":"87f68da1-b0ec-4a2c-a5da-fa3ceab8eb4d","value":{"height":126,"width":231}}
[debug] &amp#27;[35m[WD Proxy]&amp#27;[39m Proxying [POST /appium/tap] to [POST http://127.0.0.1:8200/wd/hub/session/87f68da1-b0ec-4a2c-a5da-fa3ceab8eb4d/appium/tap] with body: {"x":424.5,"y":1709,"undefined":null}
[debug] &amp#27;[35m[WD Proxy]&amp#27;[39m Got response with status 200: {"sessionId":"87f68da1-b0ec-4a2c-a5da-fa3ceab8eb4d","value":null}
[debug] &amp#27;[35m[W3C (9573bde2)]&amp#27;[39m Responding to client with driver.performTouch() result: null
&amp#27;[35m[HTTP]&amp#27;[39m &amp#27;[37m<-- POST /wd/hub/session/9573bde2-13ca-473e-b928-43f4d34b66fb/touch/perform &amp#27;[39m&amp#27;[32m200&amp#27;[39m &amp#27;[90m159 ms - 14&amp#27;[39m
&amp#27;[35m[HTTP]&amp#27;[39m &amp#27;[90m&amp#27;[39m
2022-07-28 14:07:478 %-Sp Log4j :46 -Click on Push Button
&amp#27;[35m[HTTP]&amp#27;[39m &amp#27;[37m-->&amp#27;[39m &amp#27;[37mPOST&amp#27;[39m &amp#27;[37m/wd/hub/session/9573bde2-13ca-473e-b928-43f4d34b66fb/element&amp#27;[39m
&amp#27;[35m[HTTP]&amp#27;[39m &amp#27;[90m{"using":"xpath","value":"/hierarchy/android.widget.FrameLayout/android.view.ViewGroup/android.widget.FrameLayout[1]/android.widget.HorizontalScrollView/android.widget.LinearLayout/android.app.ActionBar.Tab[4]/android.widget.TextView"}&amp#27;[39m
[debug] &amp#27;[35m[W3C (9573bde2)]&amp#27;[39m Calling AppiumDriver.findElement() with args: ["xpath","/hierarchy/android.widget.FrameLayout/android.view.ViewGroup/android.widget.FrameLayout[1]/android.widget.HorizontalScrollView/android.widget.LinearLayout/android.app.ActionBar.Tab[4]/android.widget.TextView","9573bde2-13ca-473e-b928-43f4d34b66fb"]
[debug] &amp#27;[35m[BaseDriver]&amp#27;[39m Valid locator strategies for this request: xpath, id, class name, accessibility id, css selector, -android uiautomator
[debug] &amp#27;[35m[BaseDriver]&amp#27;[39m Waiting up to 10000 ms for condition
[debug] &amp#27;[35m[WD Proxy]&amp#27;[39m Matched '/element' to command name 'findElement'
[debug] &amp#27;[35m[WD Proxy]&amp#27;[39m Proxying [POST /element] to [POST http://127.0.0.1:8200/wd/hub/session/87f68da1-b0ec-4a2c-a5da-fa3ceab8eb4d/element] with body: {"strategy":"xpath","selector":"/hierarchy/android.widget.FrameLayout/android.view.ViewGroup/android.widget.FrameLayout[1]/android.widget.HorizontalScrollView/android.widget.LinearLayout/android.app.ActionBar.Tab[4]/android.widget.TextView","context":"","multiple":false}
[debug] &amp#27;[35m[WD Proxy]&amp#27;[39m Got response with status 200: {"sessionId":"87f68da1-b0ec-4a2c-a5da-fa3ceab8eb4d","value":{"ELEMENT":"00000000-0000-006d-ffff-ffff0000004f","element-6066-11e4-a52e-4f735466cecf":"00000000-0000-006d-ffff-ffff0000004f"}}
[debug] &amp#27;[35m[W3C (9573bde2)]&amp#27;[39m Responding to client with driver.findElement() result: {"element-6066-11e4-a52e-4f735466cecf":"00000000-0000-006d-ffff-ffff0000004f","ELEMENT":"00000000-0000-006d-ffff-ffff0000004f"}
&amp#27;[35m[HTTP]&amp#27;[39m &amp#27;[37m<-- POST /wd/hub/session/9573bde2-13ca-473e-b928-43f4d34b66fb/element &amp#27;[39m&amp#27;[32m200&amp#27;[39m &amp#27;[90m90 ms - 137&amp#27;[39m
&amp#27;[35m[HTTP]&amp#27;[39m &amp#27;[90m&amp#27;[39m
&amp#27;[35m[HTTP]&amp#27;[39m &amp#27;[37m-->&amp#27;[39m &amp#27;[37mPOST&amp#27;[39m &amp#27;[37m/wd/hub/session/9573bde2-13ca-473e-b928-43f4d34b66fb/element/00000000-0000-006d-ffff-ffff0000004f/click&amp#27;[39m
&amp#27;[35m[HTTP]&amp#27;[39m &amp#27;[90m{"id":"00000000-0000-006d-ffff-ffff0000004f"}&amp#27;[39m
[debug] &amp#27;[35m[W3C (9573bde2)]&amp#27;[39m Calling AppiumDriver.click() with args: ["00000000-0000-006d-ffff-ffff0000004f","9573bde2-13ca-473e-b928-43f4d34b66fb"]
[debug] &amp#27;[35m[WD Proxy]&amp#27;[39m Matched '/element/00000000-0000-006d-ffff-ffff0000004f/click' to command name 'click'
[debug] &amp#27;[35m[WD Proxy]&amp#27;[39m Proxying [POST /element/00000000-0000-006d-ffff-ffff0000004f/click] to [POST http://127.0.0.1:8200/wd/hub/session/87f68da1-b0ec-4a2c-a5da-fa3ceab8eb4d/element/00000000-0000-006d-ffff-ffff0000004f/click] with body: {"element":"00000000-0000-006d-ffff-ffff0000004f"}
[debug] &amp#27;[35m[WD Proxy]&amp#27;[39m Got response with status 200: {"sessionId":"87f68da1-b0ec-4a2c-a5da-fa3ceab8eb4d","value":null}
[debug] &amp#27;[35m[W3C (9573bde2)]&amp#27;[39m Responding to client with driver.click() result: null
&amp#27;[35m[HTTP]&amp#27;[39m &amp#27;[37m<-- POST /wd/hub/session/9573bde2-13ca-473e-b928-43f4d34b66fb/element/00000000-0000-006d-ffff-ffff0000004f/click &amp#27;[39m&amp#27;[32m200&amp#27;[39m &amp#27;[90m747 ms - 14&amp#27;[39m
&amp#27;[35m[HTTP]&amp#27;[39m &amp#27;[90m&amp#27;[39m
&amp#27;[35m[HTTP]&amp#27;[39m &amp#27;[37m-->&amp#27;[39m &amp#27;[37mPOST&amp#27;[39m &amp#27;[37m/wd/hub/session/9573bde2-13ca-473e-b928-43f4d34b66fb/element&amp#27;[39m
&amp#27;[35m[HTTP]&amp#27;[39m &amp#27;[90m{"using":"id","value":"io.appium.android.apis:id/get"}&amp#27;[39m
[debug] &amp#27;[35m[W3C (9573bde2)]&amp#27;[39m Calling AppiumDriver.findElement() with args: ["id","io.appium.android.apis:id/get","9573bde2-13ca-473e-b928-43f4d34b66fb"]
[debug] &amp#27;[35m[BaseDriver]&amp#27;[39m Valid locator strategies for this request: xpath, id, class name, accessibility id, css selector, -android uiautomator
[debug] &amp#27;[35m[BaseDriver]&amp#27;[39m Waiting up to 10000 ms for condition
[debug] &amp#27;[35m[WD Proxy]&amp#27;[39m Matched '/element' to command name 'findElement'
[debug] &amp#27;[35m[WD Proxy]&amp#27;[39m Proxying [POST /element] to [POST http://127.0.0.1:8200/wd/hub/session/87f68da1-b0ec-4a2c-a5da-fa3ceab8eb4d/element] with body: {"strategy":"id","selector":"io.appium.android.apis:id/get","context":"","multiple":false}
[debug] &amp#27;[35m[WD Proxy]&amp#27;[39m Got response with status 200: {"sessionId":"87f68da1-b0ec-4a2c-a5da-fa3ceab8eb4d","value":{"ELEMENT":"00000000-0000-006d-ffff-ffff0000006d","element-6066-11e4-a52e-4f735466cecf":"00000000-0000-006d-ffff-ffff0000006d"}}
[debug] &amp#27;[35m[W3C (9573bde2)]&amp#27;[39m Responding to client with driver.findElement() result: {"element-6066-11e4-a52e-4f735466cecf":"00000000-0000-006d-ffff-ffff0000006d","ELEMENT":"00000000-0000-006d-ffff-ffff0000006d"}
&amp#27;[35m[HTTP]&amp#27;[39m &amp#27;[37m<-- POST /wd/hub/session/9573bde2-13ca-473e-b928-43f4d34b66fb/element &amp#27;[39m&amp#27;[32m200&amp#27;[39m &amp#27;[90m608 ms - 137&amp#27;[39m
&amp#27;[35m[HTTP]&amp#27;[39m &amp#27;[90m&amp#27;[39m
&amp#27;[35m[HTTP]&amp#27;[39m &amp#27;[37m-->&amp#27;[39m &amp#27;[37mPOST&amp#27;[39m &amp#27;[37m/wd/hub/session/9573bde2-13ca-473e-b928-43f4d34b66fb/element/00000000-0000-006d-ffff-ffff0000006d/click&amp#27;[39m
&amp#27;[35m[HTTP]&amp#27;[39m &amp#27;[90m{"id":"00000000-0000-006d-ffff-ffff0000006d"}&amp#27;[39m
[debug] &amp#27;[35m[W3C (9573bde2)]&amp#27;[39m Calling AppiumDriver.click() with args: ["00000000-0000-006d-ffff-ffff0000006d","9573bde2-13ca-473e-b928-43f4d34b66fb"]
[debug] &amp#27;[35m[WD Proxy]&amp#27;[39m Matched '/element/00000000-0000-006d-ffff-ffff0000006d/click' to command name 'click'
[debug] &amp#27;[35m[WD Proxy]&amp#27;[39m Proxying [POST /element/00000000-0000-006d-ffff-ffff0000006d/click] to [POST http://127.0.0.1:8200/wd/hub/session/87f68da1-b0ec-4a2c-a5da-fa3ceab8eb4d/element/00000000-0000-006d-ffff-ffff0000006d/click] with body: {"element":"00000000-0000-006d-ffff-ffff0000006d"}
[debug] &amp#27;[35m[WD Proxy]&amp#27;[39m Got response with status 200: {"sessionId":"87f68da1-b0ec-4a2c-a5da-fa3ceab8eb4d","value":null}
[debug] &amp#27;[35m[W3C (9573bde2)]&amp#27;[39m Responding to client with driver.click() result: null
&amp#27;[35m[HTTP]&amp#27;[39m &amp#27;[37m<-- POST /wd/hub/session/9573bde2-13ca-473e-b928-43f4d34b66fb/element/00000000-0000-006d-ffff-ffff0000006d/click &amp#27;[39m&amp#27;[32m200&amp#27;[39m &amp#27;[90m20 ms - 14&amp#27;[39m
&amp#27;[35m[HTTP]&amp#27;[39m &amp#27;[90m&amp#27;[39m
2022-07-28 14:07:999 %-Sp Log4j :54 -Click on tab button
2022-07-28 14:07:999 %-Sp Log4j :55 -Click on get result
&amp#27;[35m[HTTP]&amp#27;[39m &amp#27;[37m-->&amp#27;[39m &amp#27;[37mPOST&amp#27;[39m &amp#27;[37m/wd/hub/session/9573bde2-13ca-473e-b928-43f4d34b66fb/element&amp#27;[39m
&amp#27;[35m[HTTP]&amp#27;[39m &amp#27;[90m{"using":"id","value":"io.appium.android.apis:id/violet"}&amp#27;[39m
[debug] &amp#27;[35m[W3C (9573bde2)]&amp#27;[39m Calling AppiumDriver.findElement() with args: ["id","io.appium.android.apis:id/violet","9573bde2-13ca-473e-b928-43f4d34b66fb"]
[debug] &amp#27;[35m[BaseDriver]&amp#27;[39m Valid locator strategies for this request: xpath, id, class name, accessibility id, css selector, -android uiautomator
[debug] &amp#27;[35m[BaseDriver]&amp#27;[39m Waiting up to 10000 ms for condition
[debug] &amp#27;[35m[WD Proxy]&amp#27;[39m Matched '/element' to command name 'findElement'
[debug] &amp#27;[35m[WD Proxy]&amp#27;[39m Proxying [POST /element] to [POST http://127.0.0.1:8200/wd/hub/session/87f68da1-b0ec-4a2c-a5da-fa3ceab8eb4d/element] with body: {"strategy":"id","selector":"io.appium.android.apis:id/violet","context":"","multiple":false}
&amp#27;[35m[WD Proxy]&amp#27;[39m Got response with status 404: {"sessionId":"87f68da1-b0ec-4a2c-a5da-fa3ceab8eb4d","value":{"error":"no such element","message":"An element could not be located on the page using the given search parameters","stacktrace":"io.appium.uiautomator2.common.exceptions.ElementNotFoundException: An element could not be located on the page using the given search parameters\n\tat io.appium.uiautomator2.handler.FindElement.safeHandle(FindElement.java:70)\n\tat io.appium.uiautomator2.handler.request.SafeRequestHandler.handle(SafeRequestHandler.java:59)\n\tat io.appium.uiautomator2.server.AppiumServlet.handleRequest(AppiumServlet.java:266)\n\tat io.appium.uiautomator2.server.AppiumServlet.handleHttpRequest(AppiumServlet.java:260)\n\tat io.appium.uiautomator2.http.ServerHandler.channelRead(ServerHandler.java:68)\n\tat io.netty.channel.AbstractChannelHandlerContext.invokeChannelRead(AbstractChannelHandlerContext.java:366)\n\tat io.netty.channel.AbstractChannelHandlerContext.invokeChannelRead(AbstractChannelHandlerContext.java:352)\n\tat io.netty.chann...
[debug] &amp#27;[35m[W3C]&amp#27;[39m Matched W3C error code 'no such element' to NoSuchElementError
[debug] &amp#27;[35m[BaseDriver]&amp#27;[39m Waited for 139 ms so far
[debug] &amp#27;[35m[WD Proxy]&amp#27;[39m Matched '/element' to command name 'findElement'
[debug] &amp#27;[35m[WD Proxy]&amp#27;[39m Proxying [POST /element] to [POST http://127.0.0.1:8200/wd/hub/session/87f68da1-b0ec-4a2c-a5da-fa3ceab8eb4d/element] with body: {"strategy":"id","selector":"io.appium.android.apis:id/violet","context":"","multiple":false}
[debug] &amp#27;[35m[WD Proxy]&amp#27;[39m Got response with status 200: {"sessionId":"87f68da1-b0ec-4a2c-a5da-fa3ceab8eb4d","value":{"ELEMENT":"00000000-0000-006e-ffff-ffff0000007b","element-6066-11e4-a52e-4f735466cecf":"00000000-0000-006e-ffff-ffff0000007b"}}
[debug] &amp#27;[35m[W3C (9573bde2)]&amp#27;[39m Responding to client with driver.findElement() result: {"element-6066-11e4-a52e-4f735466cecf":"00000000-0000-006e-ffff-ffff0000007b","ELEMENT":"00000000-0000-006e-ffff-ffff0000007b"}
&amp#27;[35m[HTTP]&amp#27;[39m &amp#27;[37m<-- POST /wd/hub/session/9573bde2-13ca-473e-b928-43f4d34b66fb/element &amp#27;[39m&amp#27;[32m200&amp#27;[39m &amp#27;[90m1024 ms - 137&amp#27;[39m
&amp#27;[35m[HTTP]&amp#27;[39m &amp#27;[90m&amp#27;[39m
&amp#27;[35m[HTTP]&amp#27;[39m &amp#27;[37m-->&amp#27;[39m &amp#27;[37mPOST&amp#27;[39m &amp#27;[37m/wd/hub/session/9573bde2-13ca-473e-b928-43f4d34b66fb/element/00000000-0000-006e-ffff-ffff0000007b/click&amp#27;[39m
&amp#27;[35m[HTTP]&amp#27;[39m &amp#27;[90m{"id":"00000000-0000-006e-ffff-ffff0000007b"}&amp#27;[39m
[debug] &amp#27;[35m[W3C (9573bde2)]&amp#27;[39m Calling AppiumDriver.click() with args: ["00000000-0000-006e-ffff-ffff0000007b","9573bde2-13ca-473e-b928-43f4d34b66fb"]
[debug] &amp#27;[35m[WD Proxy]&amp#27;[39m Matched '/element/00000000-0000-006e-ffff-ffff0000007b/click' to command name 'click'
[debug] &amp#27;[35m[WD Proxy]&amp#27;[39m Proxying [POST /element/00000000-0000-006e-ffff-ffff0000007b/click] to [POST http://127.0.0.1:8200/wd/hub/session/87f68da1-b0ec-4a2c-a5da-fa3ceab8eb4d/element/00000000-0000-006e-ffff-ffff0000007b/click] with body: {"element":"00000000-0000-006e-ffff-ffff0000007b"}
[debug] &amp#27;[35m[WD Proxy]&amp#27;[39m Got response with status 200: {"sessionId":"87f68da1-b0ec-4a2c-a5da-fa3ceab8eb4d","value":null}
[debug] &amp#27;[35m[W3C (9573bde2)]&amp#27;[39m Responding to client with driver.click() result: null
&amp#27;[35m[HTTP]&amp#27;[39m &amp#27;[37m<-- POST /wd/hub/session/9573bde2-13ca-473e-b928-43f4d34b66fb/element/00000000-0000-006e-ffff-ffff0000007b/click &amp#27;[39m&amp#27;[32m200&amp#27;[39m &amp#27;[90m26 ms - 14&amp#27;[39m
&amp#27;[35m[HTTP]&amp#27;[39m &amp#27;[90m&amp#27;[39m
2022-07-28 14:07:78 %-Sp Log4j :61 -Pick result
&amp#27;[35m[HTTP]&amp#27;[39m &amp#27;[37m-->&amp#27;[39m &amp#27;[37mDELETE&amp#27;[39m &amp#27;[37m/wd/hub/session/9573bde2-13ca-473e-b928-43f4d34b66fb&amp#27;[39m
&amp#27;[35m[HTTP]&amp#27;[39m &amp#27;[90m{}&amp#27;[39m
[debug] &amp#27;[35m[W3C (9573bde2)]&amp#27;[39m Calling AppiumDriver.deleteSession() with args: ["9573bde2-13ca-473e-b928-43f4d34b66fb"]
[debug] &amp#27;[35m[BaseDriver]&amp#27;[39m Event 'quitSessionRequested' logged at 1658997681107 (14:11:21 GMT+0530 (India Standard Time))
&amp#27;[35m[Appium]&amp#27;[39m Removing session 9573bde2-13ca-473e-b928-43f4d34b66fb from our master session list
[debug] &amp#27;[35m[UiAutomator2]&amp#27;[39m Deleting UiAutomator2 session
[debug] &amp#27;[35m[UiAutomator2]&amp#27;[39m Deleting UiAutomator2 server session
[debug] &amp#27;[35m[WD Proxy]&amp#27;[39m Matched '/' to command name 'deleteSession'
[debug] &amp#27;[35m[WD Proxy]&amp#27;[39m Proxying [DELETE /] to [DELETE http://127.0.0.1:8200/wd/hub/session/87f68da1-b0ec-4a2c-a5da-fa3ceab8eb4d] with no body
[debug] &amp#27;[35m[WD Proxy]&amp#27;[39m Got response with status 200: {"sessionId":"87f68da1-b0ec-4a2c-a5da-fa3ceab8eb4d","value":null}
[debug] &amp#27;[35m[ADB]&amp#27;[39m Running 'C:\Users\pooja05\AppData\Local\Android\Sdk\platform-tools\adb.exe -P 5037 -s emulator-5554 shell am force-stop io.appium.android.apis'
[debug] &amp#27;[35m[Logcat]&amp#27;[39m Stopping logcat capture
[debug] &amp#27;[35m[ADB]&amp#27;[39m Removing forwarded port socket connection: 8200 
[debug] &amp#27;[35m[ADB]&amp#27;[39m Running 'C:\Users\pooja05\AppData\Local\Android\Sdk\platform-tools\adb.exe -P 5037 -s emulator-5554 forward --remove tcp:8200'
[debug] &amp#27;[35m[BaseDriver]&amp#27;[39m Event 'quitSessionFinished' logged at 1658997681271 (14:11:21 GMT+0530 (India Standard Time))
[debug] &amp#27;[35m[W3C (9573bde2)]&amp#27;[39m Received response: null
[debug] &amp#27;[35m[W3C (9573bde2)]&amp#27;[39m But deleting session, so not returning
[debug] &amp#27;[35m[W3C (9573bde2)]&amp#27;[39m Responding to client with driver.deleteSession() result: null
&amp#27;[35m[HTTP]&amp#27;[39m &amp#27;[37m<-- DELETE /wd/hub/session/9573bde2-13ca-473e-b928-43f4d34b66fb &amp#27;[39m&amp#27;[32m200&amp#27;[39m &amp#27;[90m165 ms - 14&amp#27;[39m
&amp#27;[35m[HTTP]&amp#27;[39m &amp#27;[90m&amp#27;[39m

  @tag
  Scenario: APP Functionality               &amp#27;[90m# App.feature:6&amp#27;[0m
    &amp#27;[32mGiven &amp#27;[0m&amp#27;[32mTap on the app button&amp#27;[0m             &amp#27;[90m# AppFeature.tap_on_the_app_button()&amp#27;[0m
    &amp#27;[32mWhen &amp#27;[0m&amp#27;[32mclick on the fragment&amp#27;[0m              &amp#27;[90m# AppFeature.click_on_the_fragment()&amp#27;[0m
    &amp#27;[32mAnd &amp#27;[0m&amp#27;[32mClick on nested and stack&amp#27;[0m           &amp#27;[90m# AppFeature.click_on_nested_and_stack()&amp#27;[0m
    &amp#27;[32mAnd &amp#27;[0m&amp#27;[32mclick on the push button&amp#27;[0m            &amp#27;[90m# AppFeature.click_on_the_push_button()&amp#27;[0m
    &amp#27;[32mAnd &amp#27;[0m&amp#27;[32mtap on tabs and click on get result&amp#27;[0m &amp#27;[90m# AppFeature.tap_on_tabs_and_click_on_get_result()&amp#27;[0m
    &amp#27;[32mThen &amp#27;[0m&amp#27;[32mClick on the pick result&amp#27;[0m           &amp#27;[90m# AppFeature.click_on_the_pick_result()&amp#27;[0m
]]></system-out>
    <system-err><![CDATA[Jul 28, 2022 2:11:11 PM io.appium.java_client.remote.AppiumCommandExecutor$1 lambda$0
INFO: Detected dialect: W3C
]]></system-err>
  </testcase>
  <testcase name="feature[Check the Functionality of Content](3)" classname="Runner.Runner" time="13.244">
    <system-out><![CDATA[feature
@tag
Feature: Check the Functionality of Content
&amp#27;[35m[HTTP]&amp#27;[39m &amp#27;[37m-->&amp#27;[39m &amp#27;[37mPOST&amp#27;[39m &amp#27;[37m/wd/hub/session&amp#27;[39m
&amp#27;[35m[HTTP]&amp#27;[39m &amp#27;[90m{"desiredCapabilities":{"app":"src/test/resources/App/ApiDemos-debug.apk","appActivity":".ApiDemos","appPackage":"io.appium.android.apis","platformVersion":"8.1","platformName":"Android","deviceName":"android"},"capabilities":{"alwaysMatch":{"appium:app":"src/test/resources/App/ApiDemos-debug.apk","appium:appActivity":".ApiDemos","appium:appPackage":"io.appium.android.apis","appium:deviceName":"android","platformName":"android","appium:platformVersion":"8.1"},"firstMatch":[{}]}}&amp#27;[39m
[debug] &amp#27;[35m[W3C]&amp#27;[39m Calling AppiumDriver.createSession() with args: [{"app":"src/test/resources/App/ApiDemos-debug.apk","appActivity":".ApiDemos","appPackage":"io.appium.android.apis","platformVersion":"8.1","platformName":"Android","deviceName":"android"},null,{"alwaysMatch":{"appium:app":"src/test/resources/App/ApiDemos-debug.apk","appium:appActivity":".ApiDemos","appium:appPackage":"io.appium.android.apis","appium:deviceName":"android","platformName":"android","appium:platformVersion":"8.1"},"firstMatch":[{}]}]
[debug] &amp#27;[35m[BaseDriver]&amp#27;[39m Event 'newSessionRequested' logged at 1658997681365 (14:11:21 GMT+0530 (India Standard Time))
&amp#27;[35m[Appium]&amp#27;[39m 
&amp#27;[35m[Appium]&amp#27;[39m ======================================================================
&amp#27;[35m[Appium]&amp#27;[39m   DEPRECATION WARNING:
&amp#27;[35m[Appium]&amp#27;[39m 
&amp#27;[35m[Appium]&amp#27;[39m   The 'automationName' capability was not provided in the desired 
&amp#27;[35m[Appium]&amp#27;[39m   capabilities for this Android session
&amp#27;[35m[Appium]&amp#27;[39m 
&amp#27;[35m[Appium]&amp#27;[39m   Setting 'automationName=UiAutomator2' by default and using the 
&amp#27;[35m[Appium]&amp#27;[39m   UiAutomator2 Driver
&amp#27;[35m[Appium]&amp#27;[39m 
&amp#27;[35m[Appium]&amp#27;[39m   The next major version of Appium (2.x) will **require** the 
&amp#27;[35m[Appium]&amp#27;[39m   'automationName' capability to be set for all sessions on all 
&amp#27;[35m[Appium]&amp#27;[39m   platforms
&amp#27;[35m[Appium]&amp#27;[39m 
&amp#27;[35m[Appium]&amp#27;[39m   In previous versions (Appium <= 1.13.x), the default was 
&amp#27;[35m[Appium]&amp#27;[39m   'automationName=UiAutomator1'
&amp#27;[35m[Appium]&amp#27;[39m 
&amp#27;[35m[Appium]&amp#27;[39m   If you wish to use that automation instead of UiAutomator2, please 
&amp#27;[35m[Appium]&amp#27;[39m   add 'automationName=UiAutomator1' to your desired capabilities
&amp#27;[35m[Appium]&amp#27;[39m 
&amp#27;[35m[Appium]&amp#27;[39m   For more information about drivers, please visit 
&amp#27;[35m[Appium]&amp#27;[39m   http://appium.io/docs/en/about-appium/intro/ and explore the 
&amp#27;[35m[Appium]&amp#27;[39m   'Drivers' menu
&amp#27;[35m[Appium]&amp#27;[39m 
&amp#27;[35m[Appium]&amp#27;[39m ======================================================================
&amp#27;[35m[Appium]&amp#27;[39m 
&amp#27;[35m[Appium]&amp#27;[39m Appium v1.22.3 creating new AndroidUiautomator2Driver (v1.70.1) session
[debug] &amp#27;[35m[BaseDriver]&amp#27;[39m W3C capabilities and MJSONWP desired capabilities were provided
[debug] &amp#27;[35m[BaseDriver]&amp#27;[39m Creating session with W3C capabilities: {
[debug] &amp#27;[35m[BaseDriver]&amp#27;[39m   "alwaysMatch": {
[debug] &amp#27;[35m[BaseDriver]&amp#27;[39m     "platformName": "android",
[debug] &amp#27;[35m[BaseDriver]&amp#27;[39m     "appium:app": "src/test/resources/App/ApiDemos-debug.apk",
[debug] &amp#27;[35m[BaseDriver]&amp#27;[39m     "appium:appActivity": ".ApiDemos",
[debug] &amp#27;[35m[BaseDriver]&amp#27;[39m     "appium:appPackage": "io.appium.android.apis",
[debug] &amp#27;[35m[BaseDriver]&amp#27;[39m     "appium:deviceName": "android",
[debug] &amp#27;[35m[BaseDriver]&amp#27;[39m     "appium:platformVersion": "8.1"
[debug] &amp#27;[35m[BaseDriver]&amp#27;[39m   },
[debug] &amp#27;[35m[BaseDriver]&amp#27;[39m   "firstMatch": [
[debug] &amp#27;[35m[BaseDriver]&amp#27;[39m     {}
[debug] &amp#27;[35m[BaseDriver]&amp#27;[39m   ]
[debug] &amp#27;[35m[BaseDriver]&amp#27;[39m }
&amp#27;[35m[BaseDriver]&amp#27;[39m Session created with session id: 3d3d5e30-3d30-4e27-8a3f-b055625988bc
&amp#27;[35m[BaseDriver]&amp#27;[39m Using local app 'src/test/resources/App/ApiDemos-debug.apk'
&amp#27;[35m[BaseDriver]&amp#27;[39m The current application path 'src/test/resources/App/ApiDemos-debug.apk' is not absolute and has been rewritten to 'C:\Users\pooja05\eclipse-workspace\ExitTest\src\test\resources\App\ApiDemos-debug.apk'. Consider using absolute paths rather than relative
[debug] &amp#27;[35m[UiAutomator2]&amp#27;[39m Checking whether app is actually present
&amp#27;[35m[ADB]&amp#27;[39m Using 'adb.exe' from 'C:\Users\pooja05\AppData\Local\Android\Sdk\platform-tools\adb.exe'
[debug] &amp#27;[35m[ADB]&amp#27;[39m Running 'C:\Users\pooja05\AppData\Local\Android\Sdk\platform-tools\adb.exe -P 5037 start-server'
&amp#27;[35m[AndroidDriver]&amp#27;[39m Retrieving device list
[debug] &amp#27;[35m[ADB]&amp#27;[39m Trying to find a connected android device
[debug] &amp#27;[35m[ADB]&amp#27;[39m Getting connected devices
[debug] &amp#27;[35m[ADB]&amp#27;[39m Connected devices: [{"udid":"emulator-5554","state":"device"}]
&amp#27;[35m[AndroidDriver]&amp#27;[39m Looking for a device with Android '8.1.0'
[debug] &amp#27;[35m[ADB]&amp#27;[39m Setting device id to emulator-5554
&amp#27;[35m[ADB]&amp#27;[39m Getting device platform version
[debug] &amp#27;[35m[ADB]&amp#27;[39m Running 'C:\Users\pooja05\AppData\Local\Android\Sdk\platform-tools\adb.exe -P 5037 -s emulator-5554 shell getprop ro.build.version.release'
[debug] &amp#27;[35m[ADB]&amp#27;[39m Current device property 'ro.build.version.release': 8.1.0
&amp#27;[35m[AndroidDriver]&amp#27;[39m Using device: emulator-5554
&amp#27;[35m[ADB]&amp#27;[39m Using 'adb.exe' from 'C:\Users\pooja05\AppData\Local\Android\Sdk\platform-tools\adb.exe'
[debug] &amp#27;[35m[ADB]&amp#27;[39m Running 'C:\Users\pooja05\AppData\Local\Android\Sdk\platform-tools\adb.exe -P 5037 start-server'
[debug] &amp#27;[35m[ADB]&amp#27;[39m Setting device id to emulator-5554
[debug] &amp#27;[35m[ADB]&amp#27;[39m Running 'C:\Users\pooja05\AppData\Local\Android\Sdk\platform-tools\adb.exe -P 5037 -s emulator-5554 shell getprop ro.build.version.sdk'
[debug] &amp#27;[35m[ADB]&amp#27;[39m Current device property 'ro.build.version.sdk': 27
[debug] &amp#27;[35m[ADB]&amp#27;[39m Device API level: 27
[debug] &amp#27;[35m[ADB]&amp#27;[39m Running 'C:\Users\pooja05\AppData\Local\Android\Sdk\platform-tools\adb.exe -P 5037 -s emulator-5554 wait-for-device'
[debug] &amp#27;[35m[ADB]&amp#27;[39m Running 'C:\Users\pooja05\AppData\Local\Android\Sdk\platform-tools\adb.exe -P 5037 -s emulator-5554 shell echo ping'
[debug] &amp#27;[35m[AndroidDriver]&amp#27;[39m Pushing settings apk to device...
[debug] &amp#27;[35m[ADB]&amp#27;[39m Getting install status for io.appium.settings
[debug] &amp#27;[35m[ADB]&amp#27;[39m Running 'C:\Users\pooja05\AppData\Local\Android\Sdk\platform-tools\adb.exe -P 5037 -s emulator-5554 shell dumpsys package io.appium.settings'
[debug] &amp#27;[35m[ADB]&amp#27;[39m 'io.appium.settings' is installed
[debug] &amp#27;[35m[ADB]&amp#27;[39m Getting package info for 'io.appium.settings'
[debug] &amp#27;[35m[ADB]&amp#27;[39m Running 'C:\Users\pooja05\AppData\Local\Android\Sdk\platform-tools\adb.exe -P 5037 -s emulator-5554 shell dumpsys package io.appium.settings'
[debug] &amp#27;[35m[ADB]&amp#27;[39m The version name of the installed 'io.appium.settings' is greater or equal to the application version name ('3.4.0' >= '3.4.0')
[debug] &amp#27;[35m[ADB]&amp#27;[39m There is no need to install/upgrade 'C:\Users\pooja05\AppData\Roaming\npm\node_modules\appium\node_modules\io.appium.settings\apks\settings_apk-debug.apk'
[debug] &amp#27;[35m[ADB]&amp#27;[39m Getting IDs of all 'io.appium.settings' processes
[debug] &amp#27;[35m[ADB]&amp#27;[39m Running 'C:\Users\pooja05\AppData\Local\Android\Sdk\platform-tools\adb.exe -P 5037 -s emulator-5554 shell 'pgrep --help; echo $?''
[debug] &amp#27;[35m[ADB]&amp#27;[39m Running 'C:\Users\pooja05\AppData\Local\Android\Sdk\platform-tools\adb.exe -P 5037 -s emulator-5554 shell pgrep -f \(\[\[:blank:\]\]\|\^\)io\.appium\.settings\(\[\[:blank:\]\]\|\$\)'
[debug] &amp#27;[35m[Instrumentation]&amp#27;[39m .
[debug] &amp#27;[35m[AndroidDriver]&amp#27;[39m io.appium.settings is already running. There is no need to reset its permissions.
[debug] &amp#27;[35m[Logcat]&amp#27;[39m Starting logs capture with command: C:\\Users\\pooja05\\AppData\\Local\\Android\\Sdk\\platform-tools\\adb.exe -P 5037 -s emulator-5554 logcat -v threadtime
[debug] &amp#27;[35m[Instrumentation]&amp#27;[39m Time: 13.067
[debug] &amp#27;[35m[Instrumentation]&amp#27;[39m 
[debug] &amp#27;[35m[Instrumentation]&amp#27;[39m OK (1 test)
[debug] &amp#27;[35m[Instrumentation]&amp#27;[39m The process has exited with code 0
[debug] &amp#27;[35m[UiAutomator2]&amp#27;[39m Forwarding UiAutomator2 Server port 6790 to local port 8200
[debug] &amp#27;[35m[ADB]&amp#27;[39m Forwarding system: 8200 to device: 6790
[debug] &amp#27;[35m[ADB]&amp#27;[39m Running 'C:\Users\pooja05\AppData\Local\Android\Sdk\platform-tools\adb.exe -P 5037 -s emulator-5554 forward tcp:8200 tcp:6790'
[debug] &amp#27;[35m[ADB]&amp#27;[39m Getting install status for io.appium.uiautomator2.server
[debug] &amp#27;[35m[ADB]&amp#27;[39m Running 'C:\Users\pooja05\AppData\Local\Android\Sdk\platform-tools\adb.exe -P 5037 -s emulator-5554 shell dumpsys package io.appium.uiautomator2.server'
[debug] &amp#27;[35m[ADB]&amp#27;[39m 'io.appium.uiautomator2.server' is installed
[debug] &amp#27;[35m[ADB]&amp#27;[39m Getting package info for 'io.appium.uiautomator2.server'
[debug] &amp#27;[35m[ADB]&amp#27;[39m Running 'C:\Users\pooja05\AppData\Local\Android\Sdk\platform-tools\adb.exe -P 5037 -s emulator-5554 shell dumpsys package io.appium.uiautomator2.server'
[debug] &amp#27;[35m[ADB]&amp#27;[39m The version name of the installed 'io.appium.uiautomator2.server' is greater or equal to the application version name ('4.27.0' >= '4.27.0')
[debug] &amp#27;[35m[UiAutomator2]&amp#27;[39m io.appium.uiautomator2.server installation state: sameVersionInstalled
[debug] &amp#27;[35m[ADB]&amp#27;[39m Checking app cert for C:\Users\pooja05\AppData\Roaming\npm\node_modules\appium\node_modules\appium-uiautomator2-server\apks\appium-uiautomator2-server-v4.27.0.apk
[debug] &amp#27;[35m[ADB]&amp#27;[39m Using the previously cached signature entry for 'appium-uiautomator2-server-v4.27.0.apk'
[debug] &amp#27;[35m[ADB]&amp#27;[39m sha256 hash did match for 'appium-uiautomator2-server-v4.27.0.apk'
[debug] &amp#27;[35m[ADB]&amp#27;[39m Getting install status for io.appium.uiautomator2.server.test
[debug] &amp#27;[35m[ADB]&amp#27;[39m Running 'C:\Users\pooja05\AppData\Local\Android\Sdk\platform-tools\adb.exe -P 5037 -s emulator-5554 shell dumpsys package io.appium.uiautomator2.server.test'
[debug] &amp#27;[35m[ADB]&amp#27;[39m 'io.appium.uiautomator2.server.test' is installed
[debug] &amp#27;[35m[ADB]&amp#27;[39m Checking app cert for C:\Users\pooja05\AppData\Roaming\npm\node_modules\appium\node_modules\appium-uiautomator2-server\apks\appium-uiautomator2-server-debug-androidTest.apk
[debug] &amp#27;[35m[ADB]&amp#27;[39m Using the previously cached signature entry for 'appium-uiautomator2-server-debug-androidTest.apk'
[debug] &amp#27;[35m[ADB]&amp#27;[39m sha256 hash did match for 'appium-uiautomator2-server-debug-androidTest.apk'
&amp#27;[35m[UiAutomator2]&amp#27;[39m Server packages are not going to be (re)installed
[debug] &amp#27;[35m[UiAutomator2]&amp#27;[39m Waiting up to 30000ms for services to be available
[debug] &amp#27;[35m[ADB]&amp#27;[39m Running 'C:\Users\pooja05\AppData\Local\Android\Sdk\platform-tools\adb.exe -P 5037 -s emulator-5554 shell pm list instrumentation'
[debug] &amp#27;[35m[UiAutomator2]&amp#27;[39m Instrumentation target 'io.appium.uiautomator2.server.test/androidx.test.runner.AndroidJUnitRunner' is available
&amp#27;[35m[ADB]&amp#27;[39m Adding packages ["io.appium.settings","io.appium.uiautomator2.server","io.appium.uiautomator2.server.test"] to Doze whitelist
[debug] &amp#27;[35m[ADB]&amp#27;[39m Got the following command chunks to execute: [["dumpsys","deviceidle","whitelist","+io.appium.settings",";","dumpsys","deviceidle","whitelist","+io.appium.uiautomator2.server",";","dumpsys","deviceidle","whitelist","+io.appium.uiautomator2.server.test",";"]]
[debug] &amp#27;[35m[ADB]&amp#27;[39m Running 'C:\Users\pooja05\AppData\Local\Android\Sdk\platform-tools\adb.exe -P 5037 -s emulator-5554 shell dumpsys deviceidle whitelist +io.appium.settings ; dumpsys deviceidle whitelist +io.appium.uiautomator2.server ; dumpsys deviceidle whitelist +io.appium.uiautomator2.server.test ;'
[debug] &amp#27;[35m[ADB]&amp#27;[39m Checking app cert for C:\Users\pooja05\eclipse-workspace\ExitTest\src\test\resources\App\ApiDemos-debug.apk
[debug] &amp#27;[35m[ADB]&amp#27;[39m Using the previously cached signature entry for 'ApiDemos-debug.apk'
[debug] &amp#27;[35m[ADB]&amp#27;[39m Getting install status for io.appium.android.apis
[debug] &amp#27;[35m[ADB]&amp#27;[39m Running 'C:\Users\pooja05\AppData\Local\Android\Sdk\platform-tools\adb.exe -P 5037 -s emulator-5554 shell dumpsys package io.appium.android.apis'
[debug] &amp#27;[35m[ADB]&amp#27;[39m 'io.appium.android.apis' is installed
[debug] &amp#27;[35m[ADB]&amp#27;[39m Getting package info for 'io.appium.android.apis'
[debug] &amp#27;[35m[ADB]&amp#27;[39m Running 'C:\Users\pooja05\AppData\Local\Android\Sdk\platform-tools\adb.exe -P 5037 -s emulator-5554 shell dumpsys package io.appium.android.apis'
&amp#27;[35m[ADB]&amp#27;[39m Cannot read version codes of 'C:\Users\pooja05\eclipse-workspace\ExitTest\src\test\resources\App\ApiDemos-debug.apk' and/or 'io.appium.android.apis'
&amp#27;[35m[ADB]&amp#27;[39m Cannot read version names of 'C:\Users\pooja05\eclipse-workspace\ExitTest\src\test\resources\App\ApiDemos-debug.apk' and/or 'io.appium.android.apis'
[debug] &amp#27;[35m[ADB]&amp#27;[39m The current install state of 'C:\Users\pooja05\eclipse-workspace\ExitTest\src\test\resources\App\ApiDemos-debug.apk' is unknown. Installing anyway
[debug] &amp#27;[35m[ADB]&amp#27;[39m Running 'C:\Users\pooja05\AppData\Local\Android\Sdk\platform-tools\adb.exe -P 5037 -s emulator-5554 features'
&amp#27;[35m[ADB]&amp#27;[39m The application at 'C:\Users\pooja05\eclipse-workspace\ExitTest\src\test\resources\App\ApiDemos-debug.apk' will not be cached, because the device under test has confirmed the support of streamed installs
[debug] &amp#27;[35m[ADB]&amp#27;[39m Running 'C:\Users\pooja05\AppData\Local\Android\Sdk\platform-tools\adb.exe -P 5037 -s emulator-5554 install -r C:\Users\pooja05\eclipse-workspace\ExitTest\src\test\resources\App\ApiDemos-debug.apk'
&amp#27;[35m[ADB]&amp#27;[39m The installation of 'ApiDemos-debug.apk' took 672ms
[debug] &amp#27;[35m[ADB]&amp#27;[39m Install command stdout: Performing Streamed Install
[debug] &amp#27;[35m[ADB]&amp#27;[39m Success
&amp#27;[35m[AndroidDriver]&amp#27;[39m Performing fast reset on 'io.appium.android.apis'
[debug] &amp#27;[35m[ADB]&amp#27;[39m Getting install status for io.appium.android.apis
[debug] &amp#27;[35m[ADB]&amp#27;[39m Running 'C:\Users\pooja05\AppData\Local\Android\Sdk\platform-tools\adb.exe -P 5037 -s emulator-5554 shell dumpsys package io.appium.android.apis'
[debug] &amp#27;[35m[ADB]&amp#27;[39m 'io.appium.android.apis' is installed
[debug] &amp#27;[35m[ADB]&amp#27;[39m Running 'C:\Users\pooja05\AppData\Local\Android\Sdk\platform-tools\adb.exe -P 5037 -s emulator-5554 shell am force-stop io.appium.android.apis'
[debug] &amp#27;[35m[ADB]&amp#27;[39m Running 'C:\Users\pooja05\AppData\Local\Android\Sdk\platform-tools\adb.exe -P 5037 -s emulator-5554 shell pm clear io.appium.android.apis'
[debug] &amp#27;[35m[AndroidDriver]&amp#27;[39m Performed fast reset on the installed 'io.appium.android.apis' application (stop and clear)
[debug] &amp#27;[35m[UiAutomator2]&amp#27;[39m Performing shallow cleanup of automation leftovers
[debug] &amp#27;[35m[UiAutomator2]&amp#27;[39m No obsolete sessions have been detected (socket hang up)
[debug] &amp#27;[35m[ADB]&amp#27;[39m Running 'C:\Users\pooja05\AppData\Local\Android\Sdk\platform-tools\adb.exe -P 5037 -s emulator-5554 shell am force-stop io.appium.uiautomator2.server.test'
&amp#27;[35m[UiAutomator2]&amp#27;[39m Starting UIAutomator2 server 4.27.0
&amp#27;[35m[UiAutomator2]&amp#27;[39m Using UIAutomator2 server from 'C:\Users\pooja05\AppData\Roaming\npm\node_modules\appium\node_modules\appium-uiautomator2-server\apks\appium-uiautomator2-server-v4.27.0.apk' and test from 'C:\Users\pooja05\AppData\Roaming\npm\node_modules\appium\node_modules\appium-uiautomator2-server\apks\appium-uiautomator2-server-debug-androidTest.apk'
&amp#27;[35m[UiAutomator2]&amp#27;[39m Waiting up to 30000ms for UiAutomator2 to be online...
[debug] &amp#27;[35m[ADB]&amp#27;[39m Creating ADB subprocess with args: ["-P",5037,"-s","emulator-5554","shell","am","instrument","-w","-e","disableAnalytics",true,"io.appium.uiautomator2.server.test/androidx.test.runner.AndroidJUnitRunner"]
[debug] &amp#27;[35m[WD Proxy]&amp#27;[39m Matched '/status' to command name 'getStatus'
[debug] &amp#27;[35m[WD Proxy]&amp#27;[39m Proxying [GET /status] to [GET http://127.0.0.1:8200/wd/hub/status] with no body
&amp#27;[35m[WD Proxy]&amp#27;[39m socket hang up
[debug] &amp#27;[35m[Instrumentation]&amp#27;[39m io.appium.uiautomator2.server.test.AppiumUiAutomator2Server:
[debug] &amp#27;[35m[WD Proxy]&amp#27;[39m Matched '/status' to command name 'getStatus'
[debug] &amp#27;[35m[WD Proxy]&amp#27;[39m Proxying [GET /status] to [GET http://127.0.0.1:8200/wd/hub/status] with no body
&amp#27;[35m[WD Proxy]&amp#27;[39m socket hang up
[debug] &amp#27;[35m[WD Proxy]&amp#27;[39m Matched '/status' to command name 'getStatus'
[debug] &amp#27;[35m[WD Proxy]&amp#27;[39m Proxying [GET /status] to [GET http://127.0.0.1:8200/wd/hub/status] with no body
[debug] &amp#27;[35m[WD Proxy]&amp#27;[39m Got response with status 200: {"sessionId":"None","value":{"message":"UiAutomator2 Server is ready to accept commands","ready":true}}
[debug] &amp#27;[35m[UiAutomator2]&amp#27;[39m The initialization of the instrumentation process took 2152ms
[debug] &amp#27;[35m[WD Proxy]&amp#27;[39m Matched '/session' to command name 'createSession'
[debug] &amp#27;[35m[WD Proxy]&amp#27;[39m Proxying [POST /session] to [POST http://127.0.0.1:8200/wd/hub/session] with body: {"capabilities":{"firstMatch":[{"platform":"LINUX","webStorageEnabled":false,"takesScreenshot":true,"javascriptEnabled":true,"databaseEnabled":false,"networkConnectionEnabled":true,"locationContextEnabled":false,"warnings":{},"desired":{"platformName":"android","app":"src/test/resources/App/ApiDemos-debug.apk","appActivity":".ApiDemos","appPackage":"io.appium.android.apis","deviceName":"android","platformVersion":"8.1"},"platformName":"android","app":"src/test/resources/App/ApiDemos-debug.apk","appActivity":".ApiDemos","appPackage":"io.appium.android.apis","deviceName":"emulator-5554","platformVersion":"8.1","deviceUDID":"emulator-5554"}],"alwaysMatch":{}}}
[debug] &amp#27;[35m[WD Proxy]&amp#27;[39m Got response with status 200: {"sessionId":"988f9130-4f16-4fb5-87be-8cda95c93507","value":{"capabilities":{"firstMatch":[{"platform":"LINUX","webStorageEnabled":false,"takesScreenshot":true,"javascriptEnabled":true,"databaseEnabled":false,"networkConnectionEnabled":true,"locationContextEnabled":false,"warnings":{},"desired":{"platformName":"android","app":"src/test/resources/App/ApiDemos-debug.apk","appActivity":".ApiDemos","appPackage":"io.appium.android.apis","deviceName":"android","platformVersion":"8.1"},"platformName":"android","app":"src/test/resources/App/ApiDemos-debug.apk","appActivity":".ApiDemos","appPackage":"io.appium.android.apis","deviceName":"emulator-5554","platformVersion":"8.1","deviceUDID":"emulator-5554"}],"alwaysMatch":{}},"sessionId":"988f9130-4f16-4fb5-87be-8cda95c93507"}}
&amp#27;[35m[WD Proxy]&amp#27;[39m Determined the downstream protocol as 'W3C'
[debug] &amp#27;[35m[WD Proxy]&amp#27;[39m Proxying [GET /appium/device/info] to [GET http://127.0.0.1:8200/wd/hub/session/988f9130-4f16-4fb5-87be-8cda95c93507/appium/device/info] with no body
[debug] &amp#27;[35m[WD Proxy]&amp#27;[39m Got response with status 200: {"sessionId":"988f9130-4f16-4fb5-87be-8cda95c93507","value":{"androidId":"422d6ee91807b345","apiVersion":"27","bluetooth":null,"brand":"google","carrierName":"Android","displayDensity":420,"locale":"en_US","manufacturer":"Google","model":"Android SDK built for x86","networks":[{"capabilities":{"SSID":null,"linkDownBandwidthKbps":102400,"linkUpstreamBandwidthKbps":51200,"networkCapabilities":"NET_CAPABILITY_MMS,NET_CAPABILITY_SUPL,NET_CAPABILITY_DUN,NET_CAPABILITY_FOTA,NET_CAPABILITY_IMS,NET_CAPABILITY_CBS,NET_CAPABILITY_IA,NET_CAPABILITY_INTERNET,NET_CAPABILITY_NOT_RESTRICTED,NET_CAPABILITY_TRUSTED,NET_CAPABILITY_NOT_VPN,NET_CAPABILITY_VALIDATED","signalStrength":-2147483648,"transportTypes":"TRANSPORT_CELLULAR"},"detailedState":"CONNECTED","extraInfo":"epc.tmobile.com","isAvailable":true,"isConnected":true,"isFailover":false,"isRoaming":false,"state":"CONNECTED","subtype":13,"subtypeName":"LTE","type":0,"typeName":"MOBILE"},{"capabilities":{"SSID":null,"linkDownBandwidthKbps":1048576,"linkUpstreamBandwidt...
[debug] &amp#27;[35m[ADB]&amp#27;[39m Running 'C:\Users\pooja05\AppData\Local\Android\Sdk\platform-tools\adb.exe -P 5037 -s emulator-5554 shell dumpsys window'
&amp#27;[35m[AndroidDriver]&amp#27;[39m Screen already unlocked, doing nothing
&amp#27;[35m[UiAutomator2]&amp#27;[39m Starting 'io.appium.android.apis/.ApiDemos and waiting for 'io.appium.android.apis/.ApiDemos'
[debug] &amp#27;[35m[ADB]&amp#27;[39m Running 'C:\Users\pooja05\AppData\Local\Android\Sdk\platform-tools\adb.exe -P 5037 -s emulator-5554 shell am start -W -n io.appium.android.apis/.ApiDemos -S -a android.intent.action.MAIN -c android.intent.category.LAUNCHER -f 0x10200000'
[debug] &amp#27;[35m[WD Proxy]&amp#27;[39m Proxying [GET /appium/device/pixel_ratio] to [GET http://127.0.0.1:8200/wd/hub/session/988f9130-4f16-4fb5-87be-8cda95c93507/appium/device/pixel_ratio] with no body
[debug] &amp#27;[35m[WD Proxy]&amp#27;[39m Got response with status 200: {"sessionId":"988f9130-4f16-4fb5-87be-8cda95c93507","value":2.625}
[debug] &amp#27;[35m[WD Proxy]&amp#27;[39m Matched '/appium/device/system_bars' to command name 'getSystemBars'
[debug] &amp#27;[35m[WD Proxy]&amp#27;[39m Proxying [GET /appium/device/system_bars] to [GET http://127.0.0.1:8200/wd/hub/session/988f9130-4f16-4fb5-87be-8cda95c93507/appium/device/system_bars] with no body
[debug] &amp#27;[35m[WD Proxy]&amp#27;[39m Got response with status 200: {"sessionId":"988f9130-4f16-4fb5-87be-8cda95c93507","value":{"statusBar":63}}
[debug] &amp#27;[35m[WD Proxy]&amp#27;[39m Matched '/window/current/size' to command name 'getWindowSize'
[debug] &amp#27;[35m[WD Proxy]&amp#27;[39m Proxying [GET /window/current/size] to [GET http://127.0.0.1:8200/wd/hub/session/988f9130-4f16-4fb5-87be-8cda95c93507/window/current/size] with no body
[debug] &amp#27;[35m[WD Proxy]&amp#27;[39m Got response with status 200: {"sessionId":"988f9130-4f16-4fb5-87be-8cda95c93507","value":{"height":1794,"width":1080}}
&amp#27;[35m[Appium]&amp#27;[39m New AndroidUiautomator2Driver session created successfully, session 3d3d5e30-3d30-4e27-8a3f-b055625988bc added to master session list
[debug] &amp#27;[35m[BaseDriver]&amp#27;[39m Event 'newSessionStarted' logged at 1658997687185 (14:11:27 GMT+0530 (India Standard Time))
[debug] &amp#27;[35m[W3C (3d3d5e30)]&amp#27;[39m Cached the protocol value 'W3C' for the new session 3d3d5e30-3d30-4e27-8a3f-b055625988bc
[debug] &amp#27;[35m[W3C (3d3d5e30)]&amp#27;[39m Responding to client with driver.createSession() result: {"capabilities":{"platform":"LINUX","webStorageEnabled":false,"takesScreenshot":true,"javascriptEnabled":true,"databaseEnabled":false,"networkConnectionEnabled":true,"locationContextEnabled":false,"warnings":{},"desired":{"platformName":"android","app":"src/test/resources/App/ApiDemos-debug.apk","appActivity":".ApiDemos","appPackage":"io.appium.android.apis","deviceName":"android","platformVersion":"8.1"},"platformName":"android","app":"src/test/resources/App/ApiDemos-debug.apk","appActivity":".ApiDemos","appPackage":"io.appium.android.apis","deviceName":"emulator-5554","platformVersion":"8.1.0","deviceUDID":"emulator-5554","deviceApiLevel":27,"deviceScreenSize":"1080x1920","deviceScreenDensity":420,"deviceModel":"Android SDK built for x86","deviceManufacturer":"Google","pixelRatio":2.625,"statBarHeight":63,"viewportRect":{"left":0,"top":63,"width":1080,"height":1731}}}
&amp#27;[35m[HTTP]&amp#27;[39m &amp#27;[37m<-- POST /wd/hub/session &amp#27;[39m&amp#27;[32m200&amp#27;[39m &amp#27;[90m5821 ms - 943&amp#27;[39m
&amp#27;[35m[HTTP]&amp#27;[39m &amp#27;[90m&amp#27;[39m
&amp#27;[35m[HTTP]&amp#27;[39m &amp#27;[37m-->&amp#27;[39m &amp#27;[37mGET&amp#27;[39m &amp#27;[37m/wd/hub/session/3d3d5e30-3d30-4e27-8a3f-b055625988bc&amp#27;[39m
&amp#27;[35m[HTTP]&amp#27;[39m &amp#27;[90m{}&amp#27;[39m
[debug] &amp#27;[35m[W3C (3d3d5e30)]&amp#27;[39m Calling AppiumDriver.getSession() with args: ["3d3d5e30-3d30-4e27-8a3f-b055625988bc"]
[debug] &amp#27;[35m[UiAutomator2]&amp#27;[39m Getting session details from server to mix in
[debug] &amp#27;[35m[WD Proxy]&amp#27;[39m Matched '/' to command name 'getSession'
[debug] &amp#27;[35m[WD Proxy]&amp#27;[39m Proxying [GET /] to [GET http://127.0.0.1:8200/wd/hub/session/988f9130-4f16-4fb5-87be-8cda95c93507] with no body
[debug] &amp#27;[35m[WD Proxy]&amp#27;[39m Got response with status 200: {"sessionId":"988f9130-4f16-4fb5-87be-8cda95c93507","value":{"lastScrollData":null}}
[debug] &amp#27;[35m[W3C (3d3d5e30)]&amp#27;[39m Responding to client with driver.getSession() result: {"platform":"LINUX","webStorageEnabled":false,"takesScreenshot":true,"javascriptEnabled":true,"databaseEnabled":false,"networkConnectionEnabled":true,"locationContextEnabled":false,"warnings":{},"desired":{"platformName":"android","app":"src/test/resources/App/ApiDemos-debug.apk","appActivity":".ApiDemos","appPackage":"io.appium.android.apis","deviceName":"android","platformVersion":"8.1"},"platformName":"android","app":"src/test/resources/App/ApiDemos-debug.apk","appActivity":".ApiDemos","appPackage":"io.appium.android.apis","deviceName":"emulator-5554","platformVersion":"8.1.0","deviceUDID":"emulator-5554","deviceApiLevel":27,"deviceScreenSize":"1080x1920","deviceScreenDensity":420,"deviceModel":"Android SDK built for x86","deviceManufacturer":"Google","pixelRatio":2.625,"statBarHeight":63,"viewportRect":{"left":0,"top":63,"width":1080,"height":1731},"lastScrollData":null}
&amp#27;[35m[HTTP]&amp#27;[39m &amp#27;[37m<-- GET /wd/hub/session/3d3d5e30-3d30-4e27-8a3f-b055625988bc &amp#27;[39m&amp#27;[32m200&amp#27;[39m &amp#27;[90m12 ms - 897&amp#27;[39m
&amp#27;[35m[HTTP]&amp#27;[39m &amp#27;[90m&amp#27;[39m
&amp#27;[35m[HTTP]&amp#27;[39m &amp#27;[37m-->&amp#27;[39m &amp#27;[37mGET&amp#27;[39m &amp#27;[37m/wd/hub/session/3d3d5e30-3d30-4e27-8a3f-b055625988bc&amp#27;[39m
&amp#27;[35m[HTTP]&amp#27;[39m &amp#27;[90m{}&amp#27;[39m
[debug] &amp#27;[35m[W3C (3d3d5e30)]&amp#27;[39m Calling AppiumDriver.getSession() with args: ["3d3d5e30-3d30-4e27-8a3f-b055625988bc"]
[debug] &amp#27;[35m[UiAutomator2]&amp#27;[39m Getting session details from server to mix in
[debug] &amp#27;[35m[WD Proxy]&amp#27;[39m Matched '/' to command name 'getSession'
[debug] &amp#27;[35m[WD Proxy]&amp#27;[39m Proxying [GET /] to [GET http://127.0.0.1:8200/wd/hub/session/988f9130-4f16-4fb5-87be-8cda95c93507] with no body
[debug] &amp#27;[35m[WD Proxy]&amp#27;[39m Got response with status 200: {"sessionId":"988f9130-4f16-4fb5-87be-8cda95c93507","value":{"lastScrollData":null}}
[debug] &amp#27;[35m[W3C (3d3d5e30)]&amp#27;[39m Responding to client with driver.getSession() result: {"platform":"LINUX","webStorageEnabled":false,"takesScreenshot":true,"javascriptEnabled":true,"databaseEnabled":false,"networkConnectionEnabled":true,"locationContextEnabled":false,"warnings":{},"desired":{"platformName":"android","app":"src/test/resources/App/ApiDemos-debug.apk","appActivity":".ApiDemos","appPackage":"io.appium.android.apis","deviceName":"android","platformVersion":"8.1"},"platformName":"android","app":"src/test/resources/App/ApiDemos-debug.apk","appActivity":".ApiDemos","appPackage":"io.appium.android.apis","deviceName":"emulator-5554","platformVersion":"8.1.0","deviceUDID":"emulator-5554","deviceApiLevel":27,"deviceScreenSize":"1080x1920","deviceScreenDensity":420,"deviceModel":"Android SDK built for x86","deviceManufacturer":"Google","pixelRatio":2.625,"statBarHeight":63,"viewportRect":{"left":0,"top":63,"width":1080,"height":1731},"lastScrollData":null}
&amp#27;[35m[HTTP]&amp#27;[39m &amp#27;[37m<-- GET /wd/hub/session/3d3d5e30-3d30-4e27-8a3f-b055625988bc &amp#27;[39m&amp#27;[32m200&amp#27;[39m &amp#27;[90m14 ms - 897&amp#27;[39m
&amp#27;[35m[HTTP]&amp#27;[39m &amp#27;[90m&amp#27;[39m
&amp#27;[35m[HTTP]&amp#27;[39m &amp#27;[37m-->&amp#27;[39m &amp#27;[37mPOST&amp#27;[39m &amp#27;[37m/wd/hub/session/3d3d5e30-3d30-4e27-8a3f-b055625988bc/element&amp#27;[39m
&amp#27;[35m[HTTP]&amp#27;[39m &amp#27;[90m{"using":"xpath","value":"//android.widget.TextView[@content-desc=\"Content\"]"}&amp#27;[39m
[debug] &amp#27;[35m[W3C (3d3d5e30)]&amp#27;[39m Calling AppiumDriver.findElement() with args: ["xpath","//android.widget.TextView[@content-desc=\"Content\"]","3d3d5e30-3d30-4e27-8a3f-b055625988bc"]
[debug] &amp#27;[35m[BaseDriver]&amp#27;[39m Valid locator strategies for this request: xpath, id, class name, accessibility id, css selector, -android uiautomator
[debug] &amp#27;[35m[BaseDriver]&amp#27;[39m Waiting up to 0 ms for condition
[debug] &amp#27;[35m[WD Proxy]&amp#27;[39m Matched '/element' to command name 'findElement'
[debug] &amp#27;[35m[WD Proxy]&amp#27;[39m Proxying [POST /element] to [POST http://127.0.0.1:8200/wd/hub/session/988f9130-4f16-4fb5-87be-8cda95c93507/element] with body: {"strategy":"xpath","selector":"//android.widget.TextView[@content-desc=\"Content\"]","context":"","multiple":false}
[debug] &amp#27;[35m[WD Proxy]&amp#27;[39m Got response with status 200: {"sessionId":"988f9130-4f16-4fb5-87be-8cda95c93507","value":{"ELEMENT":"00000000-0000-0078-ffff-ffff00000008","element-6066-11e4-a52e-4f735466cecf":"00000000-0000-0078-ffff-ffff00000008"}}
[debug] &amp#27;[35m[W3C (3d3d5e30)]&amp#27;[39m Responding to client with driver.findElement() result: {"element-6066-11e4-a52e-4f735466cecf":"00000000-0000-0078-ffff-ffff00000008","ELEMENT":"00000000-0000-0078-ffff-ffff00000008"}
&amp#27;[35m[HTTP]&amp#27;[39m &amp#27;[37m<-- POST /wd/hub/session/3d3d5e30-3d30-4e27-8a3f-b055625988bc/element &amp#27;[39m&amp#27;[32m200&amp#27;[39m &amp#27;[90m1269 ms - 137&amp#27;[39m
&amp#27;[35m[HTTP]&amp#27;[39m &amp#27;[90m&amp#27;[39m
&amp#27;[35m[HTTP]&amp#27;[39m &amp#27;[37m-->&amp#27;[39m &amp#27;[37mPOST&amp#27;[39m &amp#27;[37m/wd/hub/session/3d3d5e30-3d30-4e27-8a3f-b055625988bc/touch/perform&amp#27;[39m
&amp#27;[35m[HTTP]&amp#27;[39m &amp#27;[90m{"actions":[{"action":"tap","options":{"element":"00000000-0000-0078-ffff-ffff00000008"}},{"action":"release","options":{}}]}&amp#27;[39m
[debug] &amp#27;[35m[W3C (3d3d5e30)]&amp#27;[39m Calling AppiumDriver.performTouch() with args: [[{"action":"tap","options":{"element":"00000000-0000-0078-ffff-ffff00000008"}},{"action":"release","options":{}}],"3d3d5e30-3d30-4e27-8a3f-b055625988bc"]
&amp#27;[35m[UiAutomator2]&amp#27;[39m calling get location: 00000000-0000-0078-ffff-ffff00000008
[debug] &amp#27;[35m[WD Proxy]&amp#27;[39m Matched '/element/00000000-0000-0078-ffff-ffff00000008/location' to command name 'getLocation'
[debug] &amp#27;[35m[WD Proxy]&amp#27;[39m Proxying [GET /element/00000000-0000-0078-ffff-ffff00000008/location] to [GET http://127.0.0.1:8200/wd/hub/session/988f9130-4f16-4fb5-87be-8cda95c93507/element/00000000-0000-0078-ffff-ffff00000008/location] with no body
[debug] &amp#27;[35m[WD Proxy]&amp#27;[39m Got response with status 200: {"sessionId":"988f9130-4f16-4fb5-87be-8cda95c93507","value":{"x":0,"y":597}}
[debug] &amp#27;[35m[WD Proxy]&amp#27;[39m Matched '/element/00000000-0000-0078-ffff-ffff00000008/size' to command name 'getSize'
[debug] &amp#27;[35m[WD Proxy]&amp#27;[39m Proxying [GET /element/00000000-0000-0078-ffff-ffff00000008/size] to [GET http://127.0.0.1:8200/wd/hub/session/988f9130-4f16-4fb5-87be-8cda95c93507/element/00000000-0000-0078-ffff-ffff00000008/size] with no body
[debug] &amp#27;[35m[WD Proxy]&amp#27;[39m Got response with status 200: {"sessionId":"988f9130-4f16-4fb5-87be-8cda95c93507","value":{"height":126,"width":1080}}
[debug] &amp#27;[35m[WD Proxy]&amp#27;[39m Proxying [POST /appium/tap] to [POST http://127.0.0.1:8200/wd/hub/session/988f9130-4f16-4fb5-87be-8cda95c93507/appium/tap] with body: {"x":540,"y":660,"undefined":null}
[debug] &amp#27;[35m[WD Proxy]&amp#27;[39m Got response with status 200: {"sessionId":"988f9130-4f16-4fb5-87be-8cda95c93507","value":null}
[debug] &amp#27;[35m[W3C (3d3d5e30)]&amp#27;[39m Responding to client with driver.performTouch() result: null
&amp#27;[35m[HTTP]&amp#27;[39m &amp#27;[37m<-- POST /wd/hub/session/3d3d5e30-3d30-4e27-8a3f-b055625988bc/touch/perform &amp#27;[39m&amp#27;[32m200&amp#27;[39m &amp#27;[90m154 ms - 14&amp#27;[39m
&amp#27;[35m[HTTP]&amp#27;[39m &amp#27;[90m&amp#27;[39m
2022-07-28 14:07:676 %-Sp Log4j :18 -Click on the content
&amp#27;[35m[HTTP]&amp#27;[39m &amp#27;[37m-->&amp#27;[39m &amp#27;[37mPOST&amp#27;[39m &amp#27;[37m/wd/hub/session/3d3d5e30-3d30-4e27-8a3f-b055625988bc/element&amp#27;[39m
&amp#27;[35m[HTTP]&amp#27;[39m &amp#27;[90m{"using":"xpath","value":"//android.widget.TextView[@content-desc=\"Clipboard\"]"}&amp#27;[39m
[debug] &amp#27;[35m[W3C (3d3d5e30)]&amp#27;[39m Calling AppiumDriver.findElement() with args: ["xpath","//android.widget.TextView[@content-desc=\"Clipboard\"]","3d3d5e30-3d30-4e27-8a3f-b055625988bc"]
[debug] &amp#27;[35m[BaseDriver]&amp#27;[39m Valid locator strategies for this request: xpath, id, class name, accessibility id, css selector, -android uiautomator
[debug] &amp#27;[35m[BaseDriver]&amp#27;[39m Waiting up to 0 ms for condition
[debug] &amp#27;[35m[WD Proxy]&amp#27;[39m Matched '/element' to command name 'findElement'
[debug] &amp#27;[35m[WD Proxy]&amp#27;[39m Proxying [POST /element] to [POST http://127.0.0.1:8200/wd/hub/session/988f9130-4f16-4fb5-87be-8cda95c93507/element] with body: {"strategy":"xpath","selector":"//android.widget.TextView[@content-desc=\"Clipboard\"]","context":"","multiple":false}
[debug] &amp#27;[35m[WD Proxy]&amp#27;[39m Got response with status 200: {"sessionId":"988f9130-4f16-4fb5-87be-8cda95c93507","value":{"ELEMENT":"00000000-0000-0079-ffff-ffff00000018","element-6066-11e4-a52e-4f735466cecf":"00000000-0000-0079-ffff-ffff00000018"}}
[debug] &amp#27;[35m[W3C (3d3d5e30)]&amp#27;[39m Responding to client with driver.findElement() result: {"element-6066-11e4-a52e-4f735466cecf":"00000000-0000-0079-ffff-ffff00000018","ELEMENT":"00000000-0000-0079-ffff-ffff00000018"}
&amp#27;[35m[HTTP]&amp#27;[39m &amp#27;[37m<-- POST /wd/hub/session/3d3d5e30-3d30-4e27-8a3f-b055625988bc/element &amp#27;[39m&amp#27;[32m200&amp#27;[39m &amp#27;[90m1166 ms - 137&amp#27;[39m
&amp#27;[35m[HTTP]&amp#27;[39m &amp#27;[90m&amp#27;[39m
&amp#27;[35m[HTTP]&amp#27;[39m &amp#27;[37m-->&amp#27;[39m &amp#27;[37mPOST&amp#27;[39m &amp#27;[37m/wd/hub/session/3d3d5e30-3d30-4e27-8a3f-b055625988bc/touch/perform&amp#27;[39m
&amp#27;[35m[HTTP]&amp#27;[39m &amp#27;[90m{"actions":[{"action":"tap","options":{"element":"00000000-0000-0079-ffff-ffff00000018"}},{"action":"release","options":{}}]}&amp#27;[39m
[debug] &amp#27;[35m[W3C (3d3d5e30)]&amp#27;[39m Calling AppiumDriver.performTouch() with args: [[{"action":"tap","options":{"element":"00000000-0000-0079-ffff-ffff00000018"}},{"action":"release","options":{}}],"3d3d5e30-3d30-4e27-8a3f-b055625988bc"]
&amp#27;[35m[UiAutomator2]&amp#27;[39m calling get location: 00000000-0000-0079-ffff-ffff00000018
[debug] &amp#27;[35m[WD Proxy]&amp#27;[39m Matched '/element/00000000-0000-0079-ffff-ffff00000018/location' to command name 'getLocation'
[debug] &amp#27;[35m[WD Proxy]&amp#27;[39m Proxying [GET /element/00000000-0000-0079-ffff-ffff00000018/location] to [GET http://127.0.0.1:8200/wd/hub/session/988f9130-4f16-4fb5-87be-8cda95c93507/element/00000000-0000-0079-ffff-ffff00000018/location] with no body
[debug] &amp#27;[35m[WD Proxy]&amp#27;[39m Got response with status 200: {"sessionId":"988f9130-4f16-4fb5-87be-8cda95c93507","value":{"x":0,"y":339}}
[debug] &amp#27;[35m[WD Proxy]&amp#27;[39m Matched '/element/00000000-0000-0079-ffff-ffff00000018/size' to command name 'getSize'
[debug] &amp#27;[35m[WD Proxy]&amp#27;[39m Proxying [GET /element/00000000-0000-0079-ffff-ffff00000018/size] to [GET http://127.0.0.1:8200/wd/hub/session/988f9130-4f16-4fb5-87be-8cda95c93507/element/00000000-0000-0079-ffff-ffff00000018/size] with no body
[debug] &amp#27;[35m[WD Proxy]&amp#27;[39m Got response with status 200: {"sessionId":"988f9130-4f16-4fb5-87be-8cda95c93507","value":{"height":126,"width":1080}}
[debug] &amp#27;[35m[WD Proxy]&amp#27;[39m Proxying [POST /appium/tap] to [POST http://127.0.0.1:8200/wd/hub/session/988f9130-4f16-4fb5-87be-8cda95c93507/appium/tap] with body: {"x":540,"y":402,"undefined":null}
[debug] &amp#27;[35m[WD Proxy]&amp#27;[39m Got response with status 200: {"sessionId":"988f9130-4f16-4fb5-87be-8cda95c93507","value":null}
[debug] &amp#27;[35m[W3C (3d3d5e30)]&amp#27;[39m Responding to client with driver.performTouch() result: null
&amp#27;[35m[HTTP]&amp#27;[39m &amp#27;[37m<-- POST /wd/hub/session/3d3d5e30-3d30-4e27-8a3f-b055625988bc/touch/perform &amp#27;[39m&amp#27;[32m200&amp#27;[39m &amp#27;[90m1149 ms - 14&amp#27;[39m
&amp#27;[35m[HTTP]&amp#27;[39m &amp#27;[90m&amp#27;[39m
2022-07-28 14:07:25 %-Sp Log4j :24 -tap on the clipboard
&amp#27;[35m[HTTP]&amp#27;[39m &amp#27;[37m-->&amp#27;[39m &amp#27;[37mPOST&amp#27;[39m &amp#27;[37m/wd/hub/session/3d3d5e30-3d30-4e27-8a3f-b055625988bc/element&amp#27;[39m
&amp#27;[35m[HTTP]&amp#27;[39m &amp#27;[90m{"using":"xpath","value":"//android.widget.TextView[@content-desc=\"Data Types\"]"}&amp#27;[39m
[debug] &amp#27;[35m[W3C (3d3d5e30)]&amp#27;[39m Calling AppiumDriver.findElement() with args: ["xpath","//android.widget.TextView[@content-desc=\"Data Types\"]","3d3d5e30-3d30-4e27-8a3f-b055625988bc"]
[debug] &amp#27;[35m[BaseDriver]&amp#27;[39m Valid locator strategies for this request: xpath, id, class name, accessibility id, css selector, -android uiautomator
[debug] &amp#27;[35m[BaseDriver]&amp#27;[39m Waiting up to 0 ms for condition
[debug] &amp#27;[35m[WD Proxy]&amp#27;[39m Matched '/element' to command name 'findElement'
[debug] &amp#27;[35m[WD Proxy]&amp#27;[39m Proxying [POST /element] to [POST http://127.0.0.1:8200/wd/hub/session/988f9130-4f16-4fb5-87be-8cda95c93507/element] with body: {"strategy":"xpath","selector":"//android.widget.TextView[@content-desc=\"Data Types\"]","context":"","multiple":false}
[debug] &amp#27;[35m[WD Proxy]&amp#27;[39m Got response with status 200: {"sessionId":"988f9130-4f16-4fb5-87be-8cda95c93507","value":{"ELEMENT":"00000000-0000-007a-ffff-ffff00000026","element-6066-11e4-a52e-4f735466cecf":"00000000-0000-007a-ffff-ffff00000026"}}
[debug] &amp#27;[35m[W3C (3d3d5e30)]&amp#27;[39m Responding to client with driver.findElement() result: {"element-6066-11e4-a52e-4f735466cecf":"00000000-0000-007a-ffff-ffff00000026","ELEMENT":"00000000-0000-007a-ffff-ffff00000026"}
&amp#27;[35m[HTTP]&amp#27;[39m &amp#27;[37m<-- POST /wd/hub/session/3d3d5e30-3d30-4e27-8a3f-b055625988bc/element &amp#27;[39m&amp#27;[32m200&amp#27;[39m &amp#27;[90m41 ms - 137&amp#27;[39m
&amp#27;[35m[HTTP]&amp#27;[39m &amp#27;[90m&amp#27;[39m
&amp#27;[35m[HTTP]&amp#27;[39m &amp#27;[37m-->&amp#27;[39m &amp#27;[37mPOST&amp#27;[39m &amp#27;[37m/wd/hub/session/3d3d5e30-3d30-4e27-8a3f-b055625988bc/touch/perform&amp#27;[39m
&amp#27;[35m[HTTP]&amp#27;[39m &amp#27;[90m{"actions":[{"action":"tap","options":{"element":"00000000-0000-007a-ffff-ffff00000026"}},{"action":"release","options":{}}]}&amp#27;[39m
[debug] &amp#27;[35m[W3C (3d3d5e30)]&amp#27;[39m Calling AppiumDriver.performTouch() with args: [[{"action":"tap","options":{"element":"00000000-0000-007a-ffff-ffff00000026"}},{"action":"release","options":{}}],"3d3d5e30-3d30-4e27-8a3f-b055625988bc"]
&amp#27;[35m[UiAutomator2]&amp#27;[39m calling get location: 00000000-0000-007a-ffff-ffff00000026
[debug] &amp#27;[35m[WD Proxy]&amp#27;[39m Matched '/element/00000000-0000-007a-ffff-ffff00000026/location' to command name 'getLocation'
[debug] &amp#27;[35m[WD Proxy]&amp#27;[39m Proxying [GET /element/00000000-0000-007a-ffff-ffff00000026/location] to [GET http://127.0.0.1:8200/wd/hub/session/988f9130-4f16-4fb5-87be-8cda95c93507/element/00000000-0000-007a-ffff-ffff00000026/location] with no body
[debug] &amp#27;[35m[WD Proxy]&amp#27;[39m Got response with status 200: {"sessionId":"988f9130-4f16-4fb5-87be-8cda95c93507","value":{"x":0,"y":210}}
[debug] &amp#27;[35m[WD Proxy]&amp#27;[39m Matched '/element/00000000-0000-007a-ffff-ffff00000026/size' to command name 'getSize'
[debug] &amp#27;[35m[WD Proxy]&amp#27;[39m Proxying [GET /element/00000000-0000-007a-ffff-ffff00000026/size] to [GET http://127.0.0.1:8200/wd/hub/session/988f9130-4f16-4fb5-87be-8cda95c93507/element/00000000-0000-007a-ffff-ffff00000026/size] with no body
[debug] &amp#27;[35m[WD Proxy]&amp#27;[39m Got response with status 200: {"sessionId":"988f9130-4f16-4fb5-87be-8cda95c93507","value":{"height":126,"width":1080}}
[debug] &amp#27;[35m[WD Proxy]&amp#27;[39m Proxying [POST /appium/tap] to [POST http://127.0.0.1:8200/wd/hub/session/988f9130-4f16-4fb5-87be-8cda95c93507/appium/tap] with body: {"x":540,"y":273,"undefined":null}
[debug] &amp#27;[35m[WD Proxy]&amp#27;[39m Got response with status 200: {"sessionId":"988f9130-4f16-4fb5-87be-8cda95c93507","value":null}
[debug] &amp#27;[35m[W3C (3d3d5e30)]&amp#27;[39m Responding to client with driver.performTouch() result: null
&amp#27;[35m[HTTP]&amp#27;[39m &amp#27;[37m<-- POST /wd/hub/session/3d3d5e30-3d30-4e27-8a3f-b055625988bc/touch/perform &amp#27;[39m&amp#27;[32m200&amp#27;[39m &amp#27;[90m1174 ms - 14&amp#27;[39m
&amp#27;[35m[HTTP]&amp#27;[39m &amp#27;[90m&amp#27;[39m
2022-07-28 14:07:275 %-Sp Log4j :31 -tap on the datatype
&amp#27;[35m[HTTP]&amp#27;[39m &amp#27;[37m-->&amp#27;[39m &amp#27;[37mPOST&amp#27;[39m &amp#27;[37m/wd/hub/session/3d3d5e30-3d30-4e27-8a3f-b055625988bc/element&amp#27;[39m
&amp#27;[35m[HTTP]&amp#27;[39m &amp#27;[90m{"using":"id","value":"io.appium.android.apis:id/clip_type"}&amp#27;[39m
[debug] &amp#27;[35m[W3C (3d3d5e30)]&amp#27;[39m Calling AppiumDriver.findElement() with args: ["id","io.appium.android.apis:id/clip_type","3d3d5e30-3d30-4e27-8a3f-b055625988bc"]
[debug] &amp#27;[35m[BaseDriver]&amp#27;[39m Valid locator strategies for this request: xpath, id, class name, accessibility id, css selector, -android uiautomator
[debug] &amp#27;[35m[BaseDriver]&amp#27;[39m Waiting up to 0 ms for condition
[debug] &amp#27;[35m[WD Proxy]&amp#27;[39m Matched '/element' to command name 'findElement'
[debug] &amp#27;[35m[WD Proxy]&amp#27;[39m Proxying [POST /element] to [POST http://127.0.0.1:8200/wd/hub/session/988f9130-4f16-4fb5-87be-8cda95c93507/element] with body: {"strategy":"id","selector":"io.appium.android.apis:id/clip_type","context":"","multiple":false}
[debug] &amp#27;[35m[WD Proxy]&amp#27;[39m Got response with status 200: {"sessionId":"988f9130-4f16-4fb5-87be-8cda95c93507","value":{"ELEMENT":"00000000-0000-007b-ffff-ffff00000027","element-6066-11e4-a52e-4f735466cecf":"00000000-0000-007b-ffff-ffff00000027"}}
[debug] &amp#27;[35m[W3C (3d3d5e30)]&amp#27;[39m Responding to client with driver.findElement() result: {"element-6066-11e4-a52e-4f735466cecf":"00000000-0000-007b-ffff-ffff00000027","ELEMENT":"00000000-0000-007b-ffff-ffff00000027"}
&amp#27;[35m[HTTP]&amp#27;[39m &amp#27;[37m<-- POST /wd/hub/session/3d3d5e30-3d30-4e27-8a3f-b055625988bc/element &amp#27;[39m&amp#27;[32m200&amp#27;[39m &amp#27;[90m24 ms - 137&amp#27;[39m
&amp#27;[35m[HTTP]&amp#27;[39m &amp#27;[90m&amp#27;[39m
&amp#27;[35m[HTTP]&amp#27;[39m &amp#27;[37m-->&amp#27;[39m &amp#27;[37mPOST&amp#27;[39m &amp#27;[37m/wd/hub/session/3d3d5e30-3d30-4e27-8a3f-b055625988bc/touch/perform&amp#27;[39m
&amp#27;[35m[HTTP]&amp#27;[39m &amp#27;[90m{"actions":[{"action":"tap","options":{"element":"00000000-0000-007b-ffff-ffff00000027"}},{"action":"release","options":{}}]}&amp#27;[39m
[debug] &amp#27;[35m[W3C (3d3d5e30)]&amp#27;[39m Calling AppiumDriver.performTouch() with args: [[{"action":"tap","options":{"element":"00000000-0000-007b-ffff-ffff00000027"}},{"action":"release","options":{}}],"3d3d5e30-3d30-4e27-8a3f-b055625988bc"]
&amp#27;[35m[UiAutomator2]&amp#27;[39m calling get location: 00000000-0000-007b-ffff-ffff00000027
[debug] &amp#27;[35m[WD Proxy]&amp#27;[39m Matched '/element/00000000-0000-007b-ffff-ffff00000027/location' to command name 'getLocation'
[debug] &amp#27;[35m[WD Proxy]&amp#27;[39m Proxying [GET /element/00000000-0000-007b-ffff-ffff00000027/location] to [GET http://127.0.0.1:8200/wd/hub/session/988f9130-4f16-4fb5-87be-8cda95c93507/element/00000000-0000-007b-ffff-ffff00000027/location] with no body
[debug] &amp#27;[35m[WD Proxy]&amp#27;[39m Got response with status 200: {"sessionId":"988f9130-4f16-4fb5-87be-8cda95c93507","value":{"x":221,"y":737}}
[debug] &amp#27;[35m[WD Proxy]&amp#27;[39m Matched '/element/00000000-0000-007b-ffff-ffff00000027/size' to command name 'getSize'
[debug] &amp#27;[35m[WD Proxy]&amp#27;[39m Proxying [GET /element/00000000-0000-007b-ffff-ffff00000027/size] to [GET http://127.0.0.1:8200/wd/hub/session/988f9130-4f16-4fb5-87be-8cda95c93507/element/00000000-0000-007b-ffff-ffff00000027/size] with no body
[debug] &amp#27;[35m[WD Proxy]&amp#27;[39m Got response with status 200: {"sessionId":"988f9130-4f16-4fb5-87be-8cda95c93507","value":{"height":61,"width":552}}
[debug] &amp#27;[35m[WD Proxy]&amp#27;[39m Proxying [POST /appium/tap] to [POST http://127.0.0.1:8200/wd/hub/session/988f9130-4f16-4fb5-87be-8cda95c93507/appium/tap] with body: {"x":497,"y":767.5,"undefined":null}
[debug] &amp#27;[35m[WD Proxy]&amp#27;[39m Got response with status 200: {"sessionId":"988f9130-4f16-4fb5-87be-8cda95c93507","value":null}
[debug] &amp#27;[35m[W3C (3d3d5e30)]&amp#27;[39m Responding to client with driver.performTouch() result: null
&amp#27;[35m[HTTP]&amp#27;[39m &amp#27;[37m<-- POST /wd/hub/session/3d3d5e30-3d30-4e27-8a3f-b055625988bc/touch/perform &amp#27;[39m&amp#27;[32m200&amp#27;[39m &amp#27;[90m144 ms - 14&amp#27;[39m
&amp#27;[35m[HTTP]&amp#27;[39m &amp#27;[90m&amp#27;[39m
2022-07-28 14:07:468 %-Sp Log4j :38 -click on the clip
&amp#27;[35m[HTTP]&amp#27;[39m &amp#27;[37m-->&amp#27;[39m &amp#27;[37mPOST&amp#27;[39m &amp#27;[37m/wd/hub/session/3d3d5e30-3d30-4e27-8a3f-b055625988bc/element&amp#27;[39m
&amp#27;[35m[HTTP]&amp#27;[39m &amp#27;[90m{"using":"xpath","value":"/hierarchy/android.widget.FrameLayout/android.widget.FrameLayout/android.widget.ListView/android.widget.CheckedTextView[6]"}&amp#27;[39m
[debug] &amp#27;[35m[W3C (3d3d5e30)]&amp#27;[39m Calling AppiumDriver.findElement() with args: ["xpath","/hierarchy/android.widget.FrameLayout/android.widget.FrameLayout/android.widget.ListView/android.widget.CheckedTextView[6]","3d3d5e30-3d30-4e27-8a3f-b055625988bc"]
[debug] &amp#27;[35m[BaseDriver]&amp#27;[39m Valid locator strategies for this request: xpath, id, class name, accessibility id, css selector, -android uiautomator
[debug] &amp#27;[35m[BaseDriver]&amp#27;[39m Waiting up to 0 ms for condition
[debug] &amp#27;[35m[WD Proxy]&amp#27;[39m Matched '/element' to command name 'findElement'
[debug] &amp#27;[35m[WD Proxy]&amp#27;[39m Proxying [POST /element] to [POST http://127.0.0.1:8200/wd/hub/session/988f9130-4f16-4fb5-87be-8cda95c93507/element] with body: {"strategy":"xpath","selector":"/hierarchy/android.widget.FrameLayout/android.widget.FrameLayout/android.widget.ListView/android.widget.CheckedTextView[6]","context":"","multiple":false}
[debug] &amp#27;[35m[WD Proxy]&amp#27;[39m Got response with status 200: {"sessionId":"988f9130-4f16-4fb5-87be-8cda95c93507","value":{"ELEMENT":"00000000-0000-007c-ffff-ffff0000004c","element-6066-11e4-a52e-4f735466cecf":"00000000-0000-007c-ffff-ffff0000004c"}}
[debug] &amp#27;[35m[W3C (3d3d5e30)]&amp#27;[39m Responding to client with driver.findElement() result: {"element-6066-11e4-a52e-4f735466cecf":"00000000-0000-007c-ffff-ffff0000004c","ELEMENT":"00000000-0000-007c-ffff-ffff0000004c"}
&amp#27;[35m[HTTP]&amp#27;[39m &amp#27;[37m<-- POST /wd/hub/session/3d3d5e30-3d30-4e27-8a3f-b055625988bc/element &amp#27;[39m&amp#27;[32m200&amp#27;[39m &amp#27;[90m42 ms - 137&amp#27;[39m
&amp#27;[35m[HTTP]&amp#27;[39m &amp#27;[90m&amp#27;[39m
&amp#27;[35m[HTTP]&amp#27;[39m &amp#27;[37m-->&amp#27;[39m &amp#27;[37mPOST&amp#27;[39m &amp#27;[37m/wd/hub/session/3d3d5e30-3d30-4e27-8a3f-b055625988bc/touch/perform&amp#27;[39m
&amp#27;[35m[HTTP]&amp#27;[39m &amp#27;[90m{"actions":[{"action":"tap","options":{"element":"00000000-0000-007c-ffff-ffff0000004c"}},{"action":"release","options":{}}]}&amp#27;[39m
[debug] &amp#27;[35m[W3C (3d3d5e30)]&amp#27;[39m Calling AppiumDriver.performTouch() with args: [[{"action":"tap","options":{"element":"00000000-0000-007c-ffff-ffff0000004c"}},{"action":"release","options":{}}],"3d3d5e30-3d30-4e27-8a3f-b055625988bc"]
&amp#27;[35m[UiAutomator2]&amp#27;[39m calling get location: 00000000-0000-007c-ffff-ffff0000004c
[debug] &amp#27;[35m[WD Proxy]&amp#27;[39m Matched '/element/00000000-0000-007c-ffff-ffff0000004c/location' to command name 'getLocation'
[debug] &amp#27;[35m[WD Proxy]&amp#27;[39m Proxying [GET /element/00000000-0000-007c-ffff-ffff0000004c/location] to [GET http://127.0.0.1:8200/wd/hub/session/988f9130-4f16-4fb5-87be-8cda95c93507/element/00000000-0000-007c-ffff-ffff0000004c/location] with no body
[debug] &amp#27;[35m[WD Proxy]&amp#27;[39m Got response with status 200: {"sessionId":"988f9130-4f16-4fb5-87be-8cda95c93507","value":{"x":221,"y":1367}}
[debug] &amp#27;[35m[WD Proxy]&amp#27;[39m Matched '/element/00000000-0000-007c-ffff-ffff0000004c/size' to command name 'getSize'
[debug] &amp#27;[35m[WD Proxy]&amp#27;[39m Proxying [GET /element/00000000-0000-007c-ffff-ffff0000004c/size] to [GET http://127.0.0.1:8200/wd/hub/session/988f9130-4f16-4fb5-87be-8cda95c93507/element/00000000-0000-007c-ffff-ffff0000004c/size] with no body
[debug] &amp#27;[35m[WD Proxy]&amp#27;[39m Got response with status 200: {"sessionId":"988f9130-4f16-4fb5-87be-8cda95c93507","value":{"height":126,"width":426}}
[debug] &amp#27;[35m[WD Proxy]&amp#27;[39m Proxying [POST /appium/tap] to [POST http://127.0.0.1:8200/wd/hub/session/988f9130-4f16-4fb5-87be-8cda95c93507/appium/tap] with body: {"x":434,"y":1430,"undefined":null}
[debug] &amp#27;[35m[WD Proxy]&amp#27;[39m Got response with status 200: {"sessionId":"988f9130-4f16-4fb5-87be-8cda95c93507","value":null}
[debug] &amp#27;[35m[W3C (3d3d5e30)]&amp#27;[39m Responding to client with driver.performTouch() result: null
&amp#27;[35m[HTTP]&amp#27;[39m &amp#27;[37m<-- POST /wd/hub/session/3d3d5e30-3d30-4e27-8a3f-b055625988bc/touch/perform &amp#27;[39m&amp#27;[32m200&amp#27;[39m &amp#27;[90m813 ms - 14&amp#27;[39m
&amp#27;[35m[HTTP]&amp#27;[39m &amp#27;[90m&amp#27;[39m
2022-07-28 14:07:365 %-Sp Log4j :45 -Result is displayed
&amp#27;[35m[HTTP]&amp#27;[39m &amp#27;[37m-->&amp#27;[39m &amp#27;[37mDELETE&amp#27;[39m &amp#27;[37m/wd/hub/session/3d3d5e30-3d30-4e27-8a3f-b055625988bc&amp#27;[39m
&amp#27;[35m[HTTP]&amp#27;[39m &amp#27;[90m{}&amp#27;[39m
[debug] &amp#27;[35m[W3C (3d3d5e30)]&amp#27;[39m Calling AppiumDriver.deleteSession() with args: ["3d3d5e30-3d30-4e27-8a3f-b055625988bc"]
[debug] &amp#27;[35m[BaseDriver]&amp#27;[39m Event 'quitSessionRequested' logged at 1658997694373 (14:11:34 GMT+0530 (India Standard Time))
&amp#27;[35m[Appium]&amp#27;[39m Removing session 3d3d5e30-3d30-4e27-8a3f-b055625988bc from our master session list
[debug] &amp#27;[35m[UiAutomator2]&amp#27;[39m Deleting UiAutomator2 session
[debug] &amp#27;[35m[UiAutomator2]&amp#27;[39m Deleting UiAutomator2 server session
[debug] &amp#27;[35m[WD Proxy]&amp#27;[39m Matched '/' to command name 'deleteSession'
[debug] &amp#27;[35m[WD Proxy]&amp#27;[39m Proxying [DELETE /] to [DELETE http://127.0.0.1:8200/wd/hub/session/988f9130-4f16-4fb5-87be-8cda95c93507] with no body
[debug] &amp#27;[35m[WD Proxy]&amp#27;[39m Got response with status 200: {"sessionId":"988f9130-4f16-4fb5-87be-8cda95c93507","value":null}
[debug] &amp#27;[35m[ADB]&amp#27;[39m Running 'C:\Users\pooja05\AppData\Local\Android\Sdk\platform-tools\adb.exe -P 5037 -s emulator-5554 shell am force-stop io.appium.android.apis'
[debug] &amp#27;[35m[Logcat]&amp#27;[39m Stopping logcat capture
[debug] &amp#27;[35m[ADB]&amp#27;[39m Removing forwarded port socket connection: 8200 
[debug] &amp#27;[35m[ADB]&amp#27;[39m Running 'C:\Users\pooja05\AppData\Local\Android\Sdk\platform-tools\adb.exe -P 5037 -s emulator-5554 forward --remove tcp:8200'
[debug] &amp#27;[35m[BaseDriver]&amp#27;[39m Event 'quitSessionFinished' logged at 1658997694554 (14:11:34 GMT+0530 (India Standard Time))
[debug] &amp#27;[35m[W3C (3d3d5e30)]&amp#27;[39m Received response: null
[debug] &amp#27;[35m[W3C (3d3d5e30)]&amp#27;[39m But deleting session, so not returning
[debug] &amp#27;[35m[W3C (3d3d5e30)]&amp#27;[39m Responding to client with driver.deleteSession() result: null
&amp#27;[35m[HTTP]&amp#27;[39m &amp#27;[37m<-- DELETE /wd/hub/session/3d3d5e30-3d30-4e27-8a3f-b055625988bc &amp#27;[39m&amp#27;[32m200&amp#27;[39m &amp#27;[90m182 ms - 14&amp#27;[39m
&amp#27;[35m[HTTP]&amp#27;[39m &amp#27;[90m&amp#27;[39m

  @tag
  Scenario: Content Functionality   &amp#27;[90m# Content.feature:6&amp#27;[0m
    &amp#27;[32mGiven &amp#27;[0m&amp#27;[32mTap on the content button&amp#27;[0m &amp#27;[90m# ContentFeature.tap_on_the_content_button()&amp#27;[0m
    &amp#27;[32mWhen &amp#27;[0m&amp#27;[32mclick on the clipboard&amp#27;[0m     &amp#27;[90m# ContentFeature.click_on_the_clipboard()&amp#27;[0m
    &amp#27;[32mAnd &amp#27;[0m&amp#27;[32mTap on datatype&amp#27;[0m             &amp#27;[90m# ContentFeature.tap_on_datatype()&amp#27;[0m
    &amp#27;[32mAnd &amp#27;[0m&amp#27;[32mClick on the clip&amp#27;[0m           &amp#27;[90m# ContentFeature.click_on_the_clip()&amp#27;[0m
    &amp#27;[32mThen &amp#27;[0m&amp#27;[32mResult is shown&amp#27;[0m            &amp#27;[90m# ContentFeature.result_is_shown()&amp#27;[0m
]]></system-out>
    <system-err><![CDATA[Jul 28, 2022 2:11:27 PM io.appium.java_client.remote.AppiumCommandExecutor$1 lambda$0
INFO: Detected dialect: W3C
]]></system-err>
  </testcase>
  <testcase name="feature[Check the Functionality of OS](4)" classname="Runner.Runner" time="51.397">
    <system-out><![CDATA[feature
@tag
Feature: Check the Functionality of OS
&amp#27;[35m[HTTP]&amp#27;[39m &amp#27;[37m-->&amp#27;[39m &amp#27;[37mPOST&amp#27;[39m &amp#27;[37m/wd/hub/session&amp#27;[39m
&amp#27;[35m[HTTP]&amp#27;[39m &amp#27;[90m{"desiredCapabilities":{"app":"src/test/resources/App/ApiDemos-debug.apk","appActivity":".ApiDemos","appPackage":"io.appium.android.apis","platformVersion":"8.1","platformName":"Android","deviceName":"android"},"capabilities":{"alwaysMatch":{"appium:app":"src/test/resources/App/ApiDemos-debug.apk","appium:appActivity":".ApiDemos","appium:appPackage":"io.appium.android.apis","appium:deviceName":"android","platformName":"android","appium:platformVersion":"8.1"},"firstMatch":[{}]}}&amp#27;[39m
[debug] &amp#27;[35m[W3C]&amp#27;[39m Calling AppiumDriver.createSession() with args: [{"app":"src/test/resources/App/ApiDemos-debug.apk","appActivity":".ApiDemos","appPackage":"io.appium.android.apis","platformVersion":"8.1","platformName":"Android","deviceName":"android"},null,{"alwaysMatch":{"appium:app":"src/test/resources/App/ApiDemos-debug.apk","appium:appActivity":".ApiDemos","appium:appPackage":"io.appium.android.apis","appium:deviceName":"android","platformName":"android","appium:platformVersion":"8.1"},"firstMatch":[{}]}]
[debug] &amp#27;[35m[BaseDriver]&amp#27;[39m Event 'newSessionRequested' logged at 1658997694616 (14:11:34 GMT+0530 (India Standard Time))
&amp#27;[35m[Appium]&amp#27;[39m 
&amp#27;[35m[Appium]&amp#27;[39m ======================================================================
&amp#27;[35m[Appium]&amp#27;[39m   DEPRECATION WARNING:
&amp#27;[35m[Appium]&amp#27;[39m 
&amp#27;[35m[Appium]&amp#27;[39m   The 'automationName' capability was not provided in the desired 
&amp#27;[35m[Appium]&amp#27;[39m   capabilities for this Android session
&amp#27;[35m[Appium]&amp#27;[39m 
&amp#27;[35m[Appium]&amp#27;[39m   Setting 'automationName=UiAutomator2' by default and using the 
&amp#27;[35m[Appium]&amp#27;[39m   UiAutomator2 Driver
&amp#27;[35m[Appium]&amp#27;[39m 
&amp#27;[35m[Appium]&amp#27;[39m   The next major version of Appium (2.x) will **require** the 
&amp#27;[35m[Appium]&amp#27;[39m   'automationName' capability to be set for all sessions on all 
&amp#27;[35m[Appium]&amp#27;[39m   platforms
&amp#27;[35m[Appium]&amp#27;[39m 
&amp#27;[35m[Appium]&amp#27;[39m   In previous versions (Appium <= 1.13.x), the default was 
&amp#27;[35m[Appium]&amp#27;[39m   'automationName=UiAutomator1'
&amp#27;[35m[Appium]&amp#27;[39m 
&amp#27;[35m[Appium]&amp#27;[39m   If you wish to use that automation instead of UiAutomator2, please 
&amp#27;[35m[Appium]&amp#27;[39m   add 'automationName=UiAutomator1' to your desired capabilities
&amp#27;[35m[Appium]&amp#27;[39m 
&amp#27;[35m[Appium]&amp#27;[39m   For more information about drivers, please visit 
&amp#27;[35m[Appium]&amp#27;[39m   http://appium.io/docs/en/about-appium/intro/ and explore the 
&amp#27;[35m[Appium]&amp#27;[39m   'Drivers' menu
&amp#27;[35m[Appium]&amp#27;[39m 
&amp#27;[35m[Appium]&amp#27;[39m ======================================================================
&amp#27;[35m[Appium]&amp#27;[39m 
&amp#27;[35m[Appium]&amp#27;[39m Appium v1.22.3 creating new AndroidUiautomator2Driver (v1.70.1) session
[debug] &amp#27;[35m[BaseDriver]&amp#27;[39m W3C capabilities and MJSONWP desired capabilities were provided
[debug] &amp#27;[35m[BaseDriver]&amp#27;[39m Creating session with W3C capabilities: {
[debug] &amp#27;[35m[BaseDriver]&amp#27;[39m   "alwaysMatch": {
[debug] &amp#27;[35m[BaseDriver]&amp#27;[39m     "platformName": "android",
[debug] &amp#27;[35m[BaseDriver]&amp#27;[39m     "appium:app": "src/test/resources/App/ApiDemos-debug.apk",
[debug] &amp#27;[35m[BaseDriver]&amp#27;[39m     "appium:appActivity": ".ApiDemos",
[debug] &amp#27;[35m[BaseDriver]&amp#27;[39m     "appium:appPackage": "io.appium.android.apis",
[debug] &amp#27;[35m[BaseDriver]&amp#27;[39m     "appium:deviceName": "android",
[debug] &amp#27;[35m[BaseDriver]&amp#27;[39m     "appium:platformVersion": "8.1"
[debug] &amp#27;[35m[BaseDriver]&amp#27;[39m   },
[debug] &amp#27;[35m[BaseDriver]&amp#27;[39m   "firstMatch": [
[debug] &amp#27;[35m[BaseDriver]&amp#27;[39m     {}
[debug] &amp#27;[35m[BaseDriver]&amp#27;[39m   ]
[debug] &amp#27;[35m[BaseDriver]&amp#27;[39m }
&amp#27;[35m[BaseDriver]&amp#27;[39m Session created with session id: 7969f056-1108-42eb-a605-4f3badcb4581
&amp#27;[35m[BaseDriver]&amp#27;[39m Using local app 'src/test/resources/App/ApiDemos-debug.apk'
&amp#27;[35m[BaseDriver]&amp#27;[39m The current application path 'src/test/resources/App/ApiDemos-debug.apk' is not absolute and has been rewritten to 'C:\Users\pooja05\eclipse-workspace\ExitTest\src\test\resources\App\ApiDemos-debug.apk'. Consider using absolute paths rather than relative
[debug] &amp#27;[35m[UiAutomator2]&amp#27;[39m Checking whether app is actually present
&amp#27;[35m[ADB]&amp#27;[39m Using 'adb.exe' from 'C:\Users\pooja05\AppData\Local\Android\Sdk\platform-tools\adb.exe'
[debug] &amp#27;[35m[ADB]&amp#27;[39m Running 'C:\Users\pooja05\AppData\Local\Android\Sdk\platform-tools\adb.exe -P 5037 start-server'
&amp#27;[35m[AndroidDriver]&amp#27;[39m Retrieving device list
[debug] &amp#27;[35m[ADB]&amp#27;[39m Trying to find a connected android device
[debug] &amp#27;[35m[ADB]&amp#27;[39m Getting connected devices
[debug] &amp#27;[35m[Instrumentation]&amp#27;[39m .
[debug] &amp#27;[35m[ADB]&amp#27;[39m Connected devices: [{"udid":"emulator-5554","state":"device"}]
&amp#27;[35m[AndroidDriver]&amp#27;[39m Looking for a device with Android '8.1.0'
[debug] &amp#27;[35m[ADB]&amp#27;[39m Setting device id to emulator-5554
&amp#27;[35m[ADB]&amp#27;[39m Getting device platform version
[debug] &amp#27;[35m[ADB]&amp#27;[39m Running 'C:\Users\pooja05\AppData\Local\Android\Sdk\platform-tools\adb.exe -P 5037 -s emulator-5554 shell getprop ro.build.version.release'
[debug] &amp#27;[35m[Instrumentation]&amp#27;[39m Time: 10.06
[debug] &amp#27;[35m[Instrumentation]&amp#27;[39m 
[debug] &amp#27;[35m[Instrumentation]&amp#27;[39m OK (1 test)
[debug] &amp#27;[35m[ADB]&amp#27;[39m Current device property 'ro.build.version.release': 8.1.0
&amp#27;[35m[AndroidDriver]&amp#27;[39m Using device: emulator-5554
&amp#27;[35m[ADB]&amp#27;[39m Using 'adb.exe' from 'C:\Users\pooja05\AppData\Local\Android\Sdk\platform-tools\adb.exe'
[debug] &amp#27;[35m[ADB]&amp#27;[39m Running 'C:\Users\pooja05\AppData\Local\Android\Sdk\platform-tools\adb.exe -P 5037 start-server'
[debug] &amp#27;[35m[Instrumentation]&amp#27;[39m The process has exited with code 0
[debug] &amp#27;[35m[ADB]&amp#27;[39m Setting device id to emulator-5554
[debug] &amp#27;[35m[ADB]&amp#27;[39m Running 'C:\Users\pooja05\AppData\Local\Android\Sdk\platform-tools\adb.exe -P 5037 -s emulator-5554 shell getprop ro.build.version.sdk'
[debug] &amp#27;[35m[ADB]&amp#27;[39m Current device property 'ro.build.version.sdk': 27
[debug] &amp#27;[35m[ADB]&amp#27;[39m Device API level: 27
[debug] &amp#27;[35m[ADB]&amp#27;[39m Running 'C:\Users\pooja05\AppData\Local\Android\Sdk\platform-tools\adb.exe -P 5037 -s emulator-5554 wait-for-device'
[debug] &amp#27;[35m[ADB]&amp#27;[39m Running 'C:\Users\pooja05\AppData\Local\Android\Sdk\platform-tools\adb.exe -P 5037 -s emulator-5554 shell echo ping'
[debug] &amp#27;[35m[AndroidDriver]&amp#27;[39m Pushing settings apk to device...
[debug] &amp#27;[35m[ADB]&amp#27;[39m Getting install status for io.appium.settings
[debug] &amp#27;[35m[ADB]&amp#27;[39m Running 'C:\Users\pooja05\AppData\Local\Android\Sdk\platform-tools\adb.exe -P 5037 -s emulator-5554 shell dumpsys package io.appium.settings'
[debug] &amp#27;[35m[ADB]&amp#27;[39m 'io.appium.settings' is installed
[debug] &amp#27;[35m[ADB]&amp#27;[39m Getting package info for 'io.appium.settings'
[debug] &amp#27;[35m[ADB]&amp#27;[39m Running 'C:\Users\pooja05\AppData\Local\Android\Sdk\platform-tools\adb.exe -P 5037 -s emulator-5554 shell dumpsys package io.appium.settings'
[debug] &amp#27;[35m[ADB]&amp#27;[39m The version name of the installed 'io.appium.settings' is greater or equal to the application version name ('3.4.0' >= '3.4.0')
[debug] &amp#27;[35m[ADB]&amp#27;[39m There is no need to install/upgrade 'C:\Users\pooja05\AppData\Roaming\npm\node_modules\appium\node_modules\io.appium.settings\apks\settings_apk-debug.apk'
[debug] &amp#27;[35m[ADB]&amp#27;[39m Getting IDs of all 'io.appium.settings' processes
[debug] &amp#27;[35m[ADB]&amp#27;[39m Running 'C:\Users\pooja05\AppData\Local\Android\Sdk\platform-tools\adb.exe -P 5037 -s emulator-5554 shell 'pgrep --help; echo $?''
[debug] &amp#27;[35m[ADB]&amp#27;[39m Running 'C:\Users\pooja05\AppData\Local\Android\Sdk\platform-tools\adb.exe -P 5037 -s emulator-5554 shell pgrep -f \(\[\[:blank:\]\]\|\^\)io\.appium\.settings\(\[\[:blank:\]\]\|\$\)'
[debug] &amp#27;[35m[AndroidDriver]&amp#27;[39m io.appium.settings is already running. There is no need to reset its permissions.
[debug] &amp#27;[35m[Logcat]&amp#27;[39m Starting logs capture with command: C:\\Users\\pooja05\\AppData\\Local\\Android\\Sdk\\platform-tools\\adb.exe -P 5037 -s emulator-5554 logcat -v threadtime
[debug] &amp#27;[35m[UiAutomator2]&amp#27;[39m Forwarding UiAutomator2 Server port 6790 to local port 8200
[debug] &amp#27;[35m[ADB]&amp#27;[39m Forwarding system: 8200 to device: 6790
[debug] &amp#27;[35m[ADB]&amp#27;[39m Running 'C:\Users\pooja05\AppData\Local\Android\Sdk\platform-tools\adb.exe -P 5037 -s emulator-5554 forward tcp:8200 tcp:6790'
[debug] &amp#27;[35m[ADB]&amp#27;[39m Getting install status for io.appium.uiautomator2.server
[debug] &amp#27;[35m[ADB]&amp#27;[39m Running 'C:\Users\pooja05\AppData\Local\Android\Sdk\platform-tools\adb.exe -P 5037 -s emulator-5554 shell dumpsys package io.appium.uiautomator2.server'
[debug] &amp#27;[35m[ADB]&amp#27;[39m 'io.appium.uiautomator2.server' is installed
[debug] &amp#27;[35m[ADB]&amp#27;[39m Getting package info for 'io.appium.uiautomator2.server'
[debug] &amp#27;[35m[ADB]&amp#27;[39m Running 'C:\Users\pooja05\AppData\Local\Android\Sdk\platform-tools\adb.exe -P 5037 -s emulator-5554 shell dumpsys package io.appium.uiautomator2.server'
[debug] &amp#27;[35m[ADB]&amp#27;[39m The version name of the installed 'io.appium.uiautomator2.server' is greater or equal to the application version name ('4.27.0' >= '4.27.0')
[debug] &amp#27;[35m[UiAutomator2]&amp#27;[39m io.appium.uiautomator2.server installation state: sameVersionInstalled
[debug] &amp#27;[35m[ADB]&amp#27;[39m Checking app cert for C:\Users\pooja05\AppData\Roaming\npm\node_modules\appium\node_modules\appium-uiautomator2-server\apks\appium-uiautomator2-server-v4.27.0.apk
[debug] &amp#27;[35m[ADB]&amp#27;[39m Using the previously cached signature entry for 'appium-uiautomator2-server-v4.27.0.apk'
[debug] &amp#27;[35m[ADB]&amp#27;[39m sha256 hash did match for 'appium-uiautomator2-server-v4.27.0.apk'
[debug] &amp#27;[35m[ADB]&amp#27;[39m Getting install status for io.appium.uiautomator2.server.test
[debug] &amp#27;[35m[ADB]&amp#27;[39m Running 'C:\Users\pooja05\AppData\Local\Android\Sdk\platform-tools\adb.exe -P 5037 -s emulator-5554 shell dumpsys package io.appium.uiautomator2.server.test'
[debug] &amp#27;[35m[ADB]&amp#27;[39m 'io.appium.uiautomator2.server.test' is installed
[debug] &amp#27;[35m[ADB]&amp#27;[39m Checking app cert for C:\Users\pooja05\AppData\Roaming\npm\node_modules\appium\node_modules\appium-uiautomator2-server\apks\appium-uiautomator2-server-debug-androidTest.apk
[debug] &amp#27;[35m[ADB]&amp#27;[39m Using the previously cached signature entry for 'appium-uiautomator2-server-debug-androidTest.apk'
[debug] &amp#27;[35m[ADB]&amp#27;[39m sha256 hash did match for 'appium-uiautomator2-server-debug-androidTest.apk'
&amp#27;[35m[UiAutomator2]&amp#27;[39m Server packages are not going to be (re)installed
[debug] &amp#27;[35m[UiAutomator2]&amp#27;[39m Waiting up to 30000ms for services to be available
[debug] &amp#27;[35m[ADB]&amp#27;[39m Running 'C:\Users\pooja05\AppData\Local\Android\Sdk\platform-tools\adb.exe -P 5037 -s emulator-5554 shell pm list instrumentation'
[debug] &amp#27;[35m[UiAutomator2]&amp#27;[39m Instrumentation target 'io.appium.uiautomator2.server.test/androidx.test.runner.AndroidJUnitRunner' is available
&amp#27;[35m[ADB]&amp#27;[39m Adding packages ["io.appium.settings","io.appium.uiautomator2.server","io.appium.uiautomator2.server.test"] to Doze whitelist
[debug] &amp#27;[35m[ADB]&amp#27;[39m Got the following command chunks to execute: [["dumpsys","deviceidle","whitelist","+io.appium.settings",";","dumpsys","deviceidle","whitelist","+io.appium.uiautomator2.server",";","dumpsys","deviceidle","whitelist","+io.appium.uiautomator2.server.test",";"]]
[debug] &amp#27;[35m[ADB]&amp#27;[39m Running 'C:\Users\pooja05\AppData\Local\Android\Sdk\platform-tools\adb.exe -P 5037 -s emulator-5554 shell dumpsys deviceidle whitelist +io.appium.settings ; dumpsys deviceidle whitelist +io.appium.uiautomator2.server ; dumpsys deviceidle whitelist +io.appium.uiautomator2.server.test ;'
[debug] &amp#27;[35m[ADB]&amp#27;[39m Checking app cert for C:\Users\pooja05\eclipse-workspace\ExitTest\src\test\resources\App\ApiDemos-debug.apk
[debug] &amp#27;[35m[ADB]&amp#27;[39m Using the previously cached signature entry for 'ApiDemos-debug.apk'
[debug] &amp#27;[35m[ADB]&amp#27;[39m Getting install status for io.appium.android.apis
[debug] &amp#27;[35m[ADB]&amp#27;[39m Running 'C:\Users\pooja05\AppData\Local\Android\Sdk\platform-tools\adb.exe -P 5037 -s emulator-5554 shell dumpsys package io.appium.android.apis'
[debug] &amp#27;[35m[ADB]&amp#27;[39m 'io.appium.android.apis' is installed
[debug] &amp#27;[35m[ADB]&amp#27;[39m Getting package info for 'io.appium.android.apis'
[debug] &amp#27;[35m[ADB]&amp#27;[39m Running 'C:\Users\pooja05\AppData\Local\Android\Sdk\platform-tools\adb.exe -P 5037 -s emulator-5554 shell dumpsys package io.appium.android.apis'
&amp#27;[35m[ADB]&amp#27;[39m Cannot read version codes of 'C:\Users\pooja05\eclipse-workspace\ExitTest\src\test\resources\App\ApiDemos-debug.apk' and/or 'io.appium.android.apis'
&amp#27;[35m[ADB]&amp#27;[39m Cannot read version names of 'C:\Users\pooja05\eclipse-workspace\ExitTest\src\test\resources\App\ApiDemos-debug.apk' and/or 'io.appium.android.apis'
[debug] &amp#27;[35m[ADB]&amp#27;[39m The current install state of 'C:\Users\pooja05\eclipse-workspace\ExitTest\src\test\resources\App\ApiDemos-debug.apk' is unknown. Installing anyway
[debug] &amp#27;[35m[ADB]&amp#27;[39m Running 'C:\Users\pooja05\AppData\Local\Android\Sdk\platform-tools\adb.exe -P 5037 -s emulator-5554 features'
&amp#27;[35m[ADB]&amp#27;[39m The application at 'C:\Users\pooja05\eclipse-workspace\ExitTest\src\test\resources\App\ApiDemos-debug.apk' will not be cached, because the device under test has confirmed the support of streamed installs
[debug] &amp#27;[35m[ADB]&amp#27;[39m Running 'C:\Users\pooja05\AppData\Local\Android\Sdk\platform-tools\adb.exe -P 5037 -s emulator-5554 install -r C:\Users\pooja05\eclipse-workspace\ExitTest\src\test\resources\App\ApiDemos-debug.apk'
&amp#27;[35m[ADB]&amp#27;[39m The installation of 'ApiDemos-debug.apk' took 631ms
[debug] &amp#27;[35m[ADB]&amp#27;[39m Install command stdout: Performing Streamed Install
[debug] &amp#27;[35m[ADB]&amp#27;[39m Success
&amp#27;[35m[AndroidDriver]&amp#27;[39m Performing fast reset on 'io.appium.android.apis'
[debug] &amp#27;[35m[ADB]&amp#27;[39m Getting install status for io.appium.android.apis
[debug] &amp#27;[35m[ADB]&amp#27;[39m Running 'C:\Users\pooja05\AppData\Local\Android\Sdk\platform-tools\adb.exe -P 5037 -s emulator-5554 shell dumpsys package io.appium.android.apis'
[debug] &amp#27;[35m[ADB]&amp#27;[39m 'io.appium.android.apis' is installed
[debug] &amp#27;[35m[ADB]&amp#27;[39m Running 'C:\Users\pooja05\AppData\Local\Android\Sdk\platform-tools\adb.exe -P 5037 -s emulator-5554 shell am force-stop io.appium.android.apis'
[debug] &amp#27;[35m[ADB]&amp#27;[39m Running 'C:\Users\pooja05\AppData\Local\Android\Sdk\platform-tools\adb.exe -P 5037 -s emulator-5554 shell pm clear io.appium.android.apis'
[debug] &amp#27;[35m[AndroidDriver]&amp#27;[39m Performed fast reset on the installed 'io.appium.android.apis' application (stop and clear)
[debug] &amp#27;[35m[UiAutomator2]&amp#27;[39m Performing shallow cleanup of automation leftovers
[debug] &amp#27;[35m[UiAutomator2]&amp#27;[39m No obsolete sessions have been detected (socket hang up)
[debug] &amp#27;[35m[ADB]&amp#27;[39m Running 'C:\Users\pooja05\AppData\Local\Android\Sdk\platform-tools\adb.exe -P 5037 -s emulator-5554 shell am force-stop io.appium.uiautomator2.server.test'
&amp#27;[35m[UiAutomator2]&amp#27;[39m Starting UIAutomator2 server 4.27.0
&amp#27;[35m[UiAutomator2]&amp#27;[39m Using UIAutomator2 server from 'C:\Users\pooja05\AppData\Roaming\npm\node_modules\appium\node_modules\appium-uiautomator2-server\apks\appium-uiautomator2-server-v4.27.0.apk' and test from 'C:\Users\pooja05\AppData\Roaming\npm\node_modules\appium\node_modules\appium-uiautomator2-server\apks\appium-uiautomator2-server-debug-androidTest.apk'
&amp#27;[35m[UiAutomator2]&amp#27;[39m Waiting up to 30000ms for UiAutomator2 to be online...
[debug] &amp#27;[35m[ADB]&amp#27;[39m Creating ADB subprocess with args: ["-P",5037,"-s","emulator-5554","shell","am","instrument","-w","-e","disableAnalytics",true,"io.appium.uiautomator2.server.test/androidx.test.runner.AndroidJUnitRunner"]
[debug] &amp#27;[35m[WD Proxy]&amp#27;[39m Matched '/status' to command name 'getStatus'
[debug] &amp#27;[35m[WD Proxy]&amp#27;[39m Proxying [GET /status] to [GET http://127.0.0.1:8200/wd/hub/status] with no body
&amp#27;[35m[WD Proxy]&amp#27;[39m socket hang up
[debug] &amp#27;[35m[Instrumentation]&amp#27;[39m io.appium.uiautomator2.server.test.AppiumUiAutomator2Server:
[debug] &amp#27;[35m[WD Proxy]&amp#27;[39m Matched '/status' to command name 'getStatus'
[debug] &amp#27;[35m[WD Proxy]&amp#27;[39m Proxying [GET /status] to [GET http://127.0.0.1:8200/wd/hub/status] with no body
&amp#27;[35m[WD Proxy]&amp#27;[39m socket hang up
[debug] &amp#27;[35m[WD Proxy]&amp#27;[39m Matched '/status' to command name 'getStatus'
[debug] &amp#27;[35m[WD Proxy]&amp#27;[39m Proxying [GET /status] to [GET http://127.0.0.1:8200/wd/hub/status] with no body
[debug] &amp#27;[35m[WD Proxy]&amp#27;[39m Got response with status 200: {"sessionId":"None","value":{"message":"UiAutomator2 Server is ready to accept commands","ready":true}}
[debug] &amp#27;[35m[UiAutomator2]&amp#27;[39m The initialization of the instrumentation process took 2112ms
[debug] &amp#27;[35m[WD Proxy]&amp#27;[39m Matched '/session' to command name 'createSession'
[debug] &amp#27;[35m[WD Proxy]&amp#27;[39m Proxying [POST /session] to [POST http://127.0.0.1:8200/wd/hub/session] with body: {"capabilities":{"firstMatch":[{"platform":"LINUX","webStorageEnabled":false,"takesScreenshot":true,"javascriptEnabled":true,"databaseEnabled":false,"networkConnectionEnabled":true,"locationContextEnabled":false,"warnings":{},"desired":{"platformName":"android","app":"src/test/resources/App/ApiDemos-debug.apk","appActivity":".ApiDemos","appPackage":"io.appium.android.apis","deviceName":"android","platformVersion":"8.1"},"platformName":"android","app":"src/test/resources/App/ApiDemos-debug.apk","appActivity":".ApiDemos","appPackage":"io.appium.android.apis","deviceName":"emulator-5554","platformVersion":"8.1","deviceUDID":"emulator-5554"}],"alwaysMatch":{}}}
[debug] &amp#27;[35m[WD Proxy]&amp#27;[39m Got response with status 200: {"sessionId":"27124dad-a28a-4364-b0f1-d76e0b4a2d4e","value":{"capabilities":{"firstMatch":[{"platform":"LINUX","webStorageEnabled":false,"takesScreenshot":true,"javascriptEnabled":true,"databaseEnabled":false,"networkConnectionEnabled":true,"locationContextEnabled":false,"warnings":{},"desired":{"platformName":"android","app":"src/test/resources/App/ApiDemos-debug.apk","appActivity":".ApiDemos","appPackage":"io.appium.android.apis","deviceName":"android","platformVersion":"8.1"},"platformName":"android","app":"src/test/resources/App/ApiDemos-debug.apk","appActivity":".ApiDemos","appPackage":"io.appium.android.apis","deviceName":"emulator-5554","platformVersion":"8.1","deviceUDID":"emulator-5554"}],"alwaysMatch":{}},"sessionId":"27124dad-a28a-4364-b0f1-d76e0b4a2d4e"}}
&amp#27;[35m[WD Proxy]&amp#27;[39m Determined the downstream protocol as 'W3C'
[debug] &amp#27;[35m[WD Proxy]&amp#27;[39m Proxying [GET /appium/device/info] to [GET http://127.0.0.1:8200/wd/hub/session/27124dad-a28a-4364-b0f1-d76e0b4a2d4e/appium/device/info] with no body
[debug] &amp#27;[35m[WD Proxy]&amp#27;[39m Got response with status 200: {"sessionId":"27124dad-a28a-4364-b0f1-d76e0b4a2d4e","value":{"androidId":"422d6ee91807b345","apiVersion":"27","bluetooth":null,"brand":"google","carrierName":"Android","displayDensity":420,"locale":"en_US","manufacturer":"Google","model":"Android SDK built for x86","networks":[{"capabilities":{"SSID":null,"linkDownBandwidthKbps":102400,"linkUpstreamBandwidthKbps":51200,"networkCapabilities":"NET_CAPABILITY_MMS,NET_CAPABILITY_SUPL,NET_CAPABILITY_DUN,NET_CAPABILITY_FOTA,NET_CAPABILITY_IMS,NET_CAPABILITY_CBS,NET_CAPABILITY_IA,NET_CAPABILITY_INTERNET,NET_CAPABILITY_NOT_RESTRICTED,NET_CAPABILITY_TRUSTED,NET_CAPABILITY_NOT_VPN,NET_CAPABILITY_VALIDATED","signalStrength":-2147483648,"transportTypes":"TRANSPORT_CELLULAR"},"detailedState":"CONNECTED","extraInfo":"epc.tmobile.com","isAvailable":true,"isConnected":true,"isFailover":false,"isRoaming":false,"state":"CONNECTED","subtype":13,"subtypeName":"LTE","type":0,"typeName":"MOBILE"},{"capabilities":{"SSID":null,"linkDownBandwidthKbps":1048576,"linkUpstreamBandwidt...
[debug] &amp#27;[35m[ADB]&amp#27;[39m Running 'C:\Users\pooja05\AppData\Local\Android\Sdk\platform-tools\adb.exe -P 5037 -s emulator-5554 shell dumpsys window'
&amp#27;[35m[AndroidDriver]&amp#27;[39m Screen already unlocked, doing nothing
&amp#27;[35m[UiAutomator2]&amp#27;[39m Starting 'io.appium.android.apis/.ApiDemos and waiting for 'io.appium.android.apis/.ApiDemos'
[debug] &amp#27;[35m[ADB]&amp#27;[39m Running 'C:\Users\pooja05\AppData\Local\Android\Sdk\platform-tools\adb.exe -P 5037 -s emulator-5554 shell am start -W -n io.appium.android.apis/.ApiDemos -S -a android.intent.action.MAIN -c android.intent.category.LAUNCHER -f 0x10200000'
[debug] &amp#27;[35m[WD Proxy]&amp#27;[39m Proxying [GET /appium/device/pixel_ratio] to [GET http://127.0.0.1:8200/wd/hub/session/27124dad-a28a-4364-b0f1-d76e0b4a2d4e/appium/device/pixel_ratio] with no body
[debug] &amp#27;[35m[WD Proxy]&amp#27;[39m Got response with status 200: {"sessionId":"27124dad-a28a-4364-b0f1-d76e0b4a2d4e","value":2.625}
[debug] &amp#27;[35m[WD Proxy]&amp#27;[39m Matched '/appium/device/system_bars' to command name 'getSystemBars'
[debug] &amp#27;[35m[WD Proxy]&amp#27;[39m Proxying [GET /appium/device/system_bars] to [GET http://127.0.0.1:8200/wd/hub/session/27124dad-a28a-4364-b0f1-d76e0b4a2d4e/appium/device/system_bars] with no body
[debug] &amp#27;[35m[WD Proxy]&amp#27;[39m Got response with status 200: {"sessionId":"27124dad-a28a-4364-b0f1-d76e0b4a2d4e","value":{"statusBar":63}}
[debug] &amp#27;[35m[WD Proxy]&amp#27;[39m Matched '/window/current/size' to command name 'getWindowSize'
[debug] &amp#27;[35m[WD Proxy]&amp#27;[39m Proxying [GET /window/current/size] to [GET http://127.0.0.1:8200/wd/hub/session/27124dad-a28a-4364-b0f1-d76e0b4a2d4e/window/current/size] with no body
[debug] &amp#27;[35m[WD Proxy]&amp#27;[39m Got response with status 200: {"sessionId":"27124dad-a28a-4364-b0f1-d76e0b4a2d4e","value":{"height":1794,"width":1080}}
&amp#27;[35m[Appium]&amp#27;[39m New AndroidUiautomator2Driver session created successfully, session 7969f056-1108-42eb-a605-4f3badcb4581 added to master session list
[debug] &amp#27;[35m[BaseDriver]&amp#27;[39m Event 'newSessionStarted' logged at 1658997700228 (14:11:40 GMT+0530 (India Standard Time))
[debug] &amp#27;[35m[W3C (7969f056)]&amp#27;[39m Cached the protocol value 'W3C' for the new session 7969f056-1108-42eb-a605-4f3badcb4581
[debug] &amp#27;[35m[W3C (7969f056)]&amp#27;[39m Responding to client with driver.createSession() result: {"capabilities":{"platform":"LINUX","webStorageEnabled":false,"takesScreenshot":true,"javascriptEnabled":true,"databaseEnabled":false,"networkConnectionEnabled":true,"locationContextEnabled":false,"warnings":{},"desired":{"platformName":"android","app":"src/test/resources/App/ApiDemos-debug.apk","appActivity":".ApiDemos","appPackage":"io.appium.android.apis","deviceName":"android","platformVersion":"8.1"},"platformName":"android","app":"src/test/resources/App/ApiDemos-debug.apk","appActivity":".ApiDemos","appPackage":"io.appium.android.apis","deviceName":"emulator-5554","platformVersion":"8.1.0","deviceUDID":"emulator-5554","deviceApiLevel":27,"deviceScreenSize":"1080x1920","deviceScreenDensity":420,"deviceModel":"Android SDK built for x86","deviceManufacturer":"Google","pixelRatio":2.625,"statBarHeight":63,"viewportRect":{"left":0,"top":63,"width":1080,"height":1731}}}
&amp#27;[35m[HTTP]&amp#27;[39m &amp#27;[37m<-- POST /wd/hub/session &amp#27;[39m&amp#27;[32m200&amp#27;[39m &amp#27;[90m5614 ms - 943&amp#27;[39m
&amp#27;[35m[HTTP]&amp#27;[39m &amp#27;[90m&amp#27;[39m
&amp#27;[35m[HTTP]&amp#27;[39m &amp#27;[37m-->&amp#27;[39m &amp#27;[37mGET&amp#27;[39m &amp#27;[37m/wd/hub/session/7969f056-1108-42eb-a605-4f3badcb4581&amp#27;[39m
&amp#27;[35m[HTTP]&amp#27;[39m &amp#27;[90m{}&amp#27;[39m
[debug] &amp#27;[35m[W3C (7969f056)]&amp#27;[39m Calling AppiumDriver.getSession() with args: ["7969f056-1108-42eb-a605-4f3badcb4581"]
[debug] &amp#27;[35m[UiAutomator2]&amp#27;[39m Getting session details from server to mix in
[debug] &amp#27;[35m[WD Proxy]&amp#27;[39m Matched '/' to command name 'getSession'
[debug] &amp#27;[35m[WD Proxy]&amp#27;[39m Proxying [GET /] to [GET http://127.0.0.1:8200/wd/hub/session/27124dad-a28a-4364-b0f1-d76e0b4a2d4e] with no body
[debug] &amp#27;[35m[WD Proxy]&amp#27;[39m Got response with status 200: {"sessionId":"27124dad-a28a-4364-b0f1-d76e0b4a2d4e","value":{"lastScrollData":null}}
[debug] &amp#27;[35m[W3C (7969f056)]&amp#27;[39m Responding to client with driver.getSession() result: {"platform":"LINUX","webStorageEnabled":false,"takesScreenshot":true,"javascriptEnabled":true,"databaseEnabled":false,"networkConnectionEnabled":true,"locationContextEnabled":false,"warnings":{},"desired":{"platformName":"android","app":"src/test/resources/App/ApiDemos-debug.apk","appActivity":".ApiDemos","appPackage":"io.appium.android.apis","deviceName":"android","platformVersion":"8.1"},"platformName":"android","app":"src/test/resources/App/ApiDemos-debug.apk","appActivity":".ApiDemos","appPackage":"io.appium.android.apis","deviceName":"emulator-5554","platformVersion":"8.1.0","deviceUDID":"emulator-5554","deviceApiLevel":27,"deviceScreenSize":"1080x1920","deviceScreenDensity":420,"deviceModel":"Android SDK built for x86","deviceManufacturer":"Google","pixelRatio":2.625,"statBarHeight":63,"viewportRect":{"left":0,"top":63,"width":1080,"height":1731},"lastScrollData":null}
&amp#27;[35m[HTTP]&amp#27;[39m &amp#27;[37m<-- GET /wd/hub/session/7969f056-1108-42eb-a605-4f3badcb4581 &amp#27;[39m&amp#27;[32m200&amp#27;[39m &amp#27;[90m12 ms - 897&amp#27;[39m
&amp#27;[35m[HTTP]&amp#27;[39m &amp#27;[90m&amp#27;[39m
&amp#27;[35m[HTTP]&amp#27;[39m &amp#27;[37m-->&amp#27;[39m &amp#27;[37mGET&amp#27;[39m &amp#27;[37m/wd/hub/session/7969f056-1108-42eb-a605-4f3badcb4581&amp#27;[39m
&amp#27;[35m[HTTP]&amp#27;[39m &amp#27;[90m{}&amp#27;[39m
[debug] &amp#27;[35m[W3C (7969f056)]&amp#27;[39m Calling AppiumDriver.getSession() with args: ["7969f056-1108-42eb-a605-4f3badcb4581"]
[debug] &amp#27;[35m[UiAutomator2]&amp#27;[39m Getting session details from server to mix in
[debug] &amp#27;[35m[WD Proxy]&amp#27;[39m Matched '/' to command name 'getSession'
[debug] &amp#27;[35m[WD Proxy]&amp#27;[39m Proxying [GET /] to [GET http://127.0.0.1:8200/wd/hub/session/27124dad-a28a-4364-b0f1-d76e0b4a2d4e] with no body
[debug] &amp#27;[35m[WD Proxy]&amp#27;[39m Got response with status 200: {"sessionId":"27124dad-a28a-4364-b0f1-d76e0b4a2d4e","value":{"lastScrollData":null}}
[debug] &amp#27;[35m[W3C (7969f056)]&amp#27;[39m Responding to client with driver.getSession() result: {"platform":"LINUX","webStorageEnabled":false,"takesScreenshot":true,"javascriptEnabled":true,"databaseEnabled":false,"networkConnectionEnabled":true,"locationContextEnabled":false,"warnings":{},"desired":{"platformName":"android","app":"src/test/resources/App/ApiDemos-debug.apk","appActivity":".ApiDemos","appPackage":"io.appium.android.apis","deviceName":"android","platformVersion":"8.1"},"platformName":"android","app":"src/test/resources/App/ApiDemos-debug.apk","appActivity":".ApiDemos","appPackage":"io.appium.android.apis","deviceName":"emulator-5554","platformVersion":"8.1.0","deviceUDID":"emulator-5554","deviceApiLevel":27,"deviceScreenSize":"1080x1920","deviceScreenDensity":420,"deviceModel":"Android SDK built for x86","deviceManufacturer":"Google","pixelRatio":2.625,"statBarHeight":63,"viewportRect":{"left":0,"top":63,"width":1080,"height":1731},"lastScrollData":null}
&amp#27;[35m[HTTP]&amp#27;[39m &amp#27;[37m<-- GET /wd/hub/session/7969f056-1108-42eb-a605-4f3badcb4581 &amp#27;[39m&amp#27;[32m200&amp#27;[39m &amp#27;[90m11 ms - 897&amp#27;[39m
&amp#27;[35m[HTTP]&amp#27;[39m &amp#27;[90m&amp#27;[39m
&amp#27;[35m[HTTP]&amp#27;[39m &amp#27;[37m-->&amp#27;[39m &amp#27;[37mPOST&amp#27;[39m &amp#27;[37m/wd/hub/session/7969f056-1108-42eb-a605-4f3badcb4581/element&amp#27;[39m
&amp#27;[35m[HTTP]&amp#27;[39m &amp#27;[90m{"using":"xpath","value":"//android.widget.TextView[@content-desc=\"OS\"]"}&amp#27;[39m
[debug] &amp#27;[35m[W3C (7969f056)]&amp#27;[39m Calling AppiumDriver.findElement() with args: ["xpath","//android.widget.TextView[@content-desc=\"OS\"]","7969f056-1108-42eb-a605-4f3badcb4581"]
[debug] &amp#27;[35m[BaseDriver]&amp#27;[39m Valid locator strategies for this request: xpath, id, class name, accessibility id, css selector, -android uiautomator
[debug] &amp#27;[35m[BaseDriver]&amp#27;[39m Waiting up to 0 ms for condition
[debug] &amp#27;[35m[WD Proxy]&amp#27;[39m Matched '/element' to command name 'findElement'
[debug] &amp#27;[35m[WD Proxy]&amp#27;[39m Proxying [POST /element] to [POST http://127.0.0.1:8200/wd/hub/session/27124dad-a28a-4364-b0f1-d76e0b4a2d4e/element] with body: {"strategy":"xpath","selector":"//android.widget.TextView[@content-desc=\"OS\"]","context":"","multiple":false}
[debug] &amp#27;[35m[WD Proxy]&amp#27;[39m Got response with status 200: {"sessionId":"27124dad-a28a-4364-b0f1-d76e0b4a2d4e","value":{"ELEMENT":"00000000-0000-0086-ffff-ffff0000000c","element-6066-11e4-a52e-4f735466cecf":"00000000-0000-0086-ffff-ffff0000000c"}}
[debug] &amp#27;[35m[W3C (7969f056)]&amp#27;[39m Responding to client with driver.findElement() result: {"element-6066-11e4-a52e-4f735466cecf":"00000000-0000-0086-ffff-ffff0000000c","ELEMENT":"00000000-0000-0086-ffff-ffff0000000c"}
&amp#27;[35m[HTTP]&amp#27;[39m &amp#27;[37m<-- POST /wd/hub/session/7969f056-1108-42eb-a605-4f3badcb4581/element &amp#27;[39m&amp#27;[32m200&amp#27;[39m &amp#27;[90m1117 ms - 137&amp#27;[39m
&amp#27;[35m[HTTP]&amp#27;[39m &amp#27;[90m&amp#27;[39m
&amp#27;[35m[HTTP]&amp#27;[39m &amp#27;[37m-->&amp#27;[39m &amp#27;[37mPOST&amp#27;[39m &amp#27;[37m/wd/hub/session/7969f056-1108-42eb-a605-4f3badcb4581/element/00000000-0000-0086-ffff-ffff0000000c/click&amp#27;[39m
&amp#27;[35m[HTTP]&amp#27;[39m &amp#27;[90m{"id":"00000000-0000-0086-ffff-ffff0000000c"}&amp#27;[39m
[debug] &amp#27;[35m[W3C (7969f056)]&amp#27;[39m Calling AppiumDriver.click() with args: ["00000000-0000-0086-ffff-ffff0000000c","7969f056-1108-42eb-a605-4f3badcb4581"]
[debug] &amp#27;[35m[WD Proxy]&amp#27;[39m Matched '/element/00000000-0000-0086-ffff-ffff0000000c/click' to command name 'click'
[debug] &amp#27;[35m[WD Proxy]&amp#27;[39m Proxying [POST /element/00000000-0000-0086-ffff-ffff0000000c/click] to [POST http://127.0.0.1:8200/wd/hub/session/27124dad-a28a-4364-b0f1-d76e0b4a2d4e/element/00000000-0000-0086-ffff-ffff0000000c/click] with body: {"element":"00000000-0000-0086-ffff-ffff0000000c"}
[debug] &amp#27;[35m[WD Proxy]&amp#27;[39m Got response with status 200: {"sessionId":"27124dad-a28a-4364-b0f1-d76e0b4a2d4e","value":null}
[debug] &amp#27;[35m[W3C (7969f056)]&amp#27;[39m Responding to client with driver.click() result: null
&amp#27;[35m[HTTP]&amp#27;[39m &amp#27;[37m<-- POST /wd/hub/session/7969f056-1108-42eb-a605-4f3badcb4581/element/00000000-0000-0086-ffff-ffff0000000c/click &amp#27;[39m&amp#27;[32m200&amp#27;[39m &amp#27;[90m1132 ms - 14&amp#27;[39m
&amp#27;[35m[HTTP]&amp#27;[39m &amp#27;[90m&amp#27;[39m
2022-07-28 14:07:537 %-Sp Log4j :22 -OS Button 
&amp#27;[35m[HTTP]&amp#27;[39m &amp#27;[37m-->&amp#27;[39m &amp#27;[37mPOST&amp#27;[39m &amp#27;[37m/wd/hub/session/7969f056-1108-42eb-a605-4f3badcb4581/element&amp#27;[39m
&amp#27;[35m[HTTP]&amp#27;[39m &amp#27;[90m{"using":"xpath","value":"//android.widget.TextView[@content-desc=\"SMS Messaging\"]"}&amp#27;[39m
[debug] &amp#27;[35m[W3C (7969f056)]&amp#27;[39m Calling AppiumDriver.findElement() with args: ["xpath","//android.widget.TextView[@content-desc=\"SMS Messaging\"]","7969f056-1108-42eb-a605-4f3badcb4581"]
[debug] &amp#27;[35m[BaseDriver]&amp#27;[39m Valid locator strategies for this request: xpath, id, class name, accessibility id, css selector, -android uiautomator
[debug] &amp#27;[35m[BaseDriver]&amp#27;[39m Waiting up to 0 ms for condition
[debug] &amp#27;[35m[WD Proxy]&amp#27;[39m Matched '/element' to command name 'findElement'
[debug] &amp#27;[35m[WD Proxy]&amp#27;[39m Proxying [POST /element] to [POST http://127.0.0.1:8200/wd/hub/session/27124dad-a28a-4364-b0f1-d76e0b4a2d4e/element] with body: {"strategy":"xpath","selector":"//android.widget.TextView[@content-desc=\"SMS Messaging\"]","context":"","multiple":false}
[debug] &amp#27;[35m[WD Proxy]&amp#27;[39m Got response with status 200: {"sessionId":"27124dad-a28a-4364-b0f1-d76e0b4a2d4e","value":{"ELEMENT":"00000000-0000-0087-ffff-ffff0000001a","element-6066-11e4-a52e-4f735466cecf":"00000000-0000-0087-ffff-ffff0000001a"}}
[debug] &amp#27;[35m[W3C (7969f056)]&amp#27;[39m Responding to client with driver.findElement() result: {"element-6066-11e4-a52e-4f735466cecf":"00000000-0000-0087-ffff-ffff0000001a","ELEMENT":"00000000-0000-0087-ffff-ffff0000001a"}
&amp#27;[35m[HTTP]&amp#27;[39m &amp#27;[37m<-- POST /wd/hub/session/7969f056-1108-42eb-a605-4f3badcb4581/element &amp#27;[39m&amp#27;[32m200&amp#27;[39m &amp#27;[90m47 ms - 137&amp#27;[39m
&amp#27;[35m[HTTP]&amp#27;[39m &amp#27;[90m&amp#27;[39m
&amp#27;[35m[HTTP]&amp#27;[39m &amp#27;[37m-->&amp#27;[39m &amp#27;[37mPOST&amp#27;[39m &amp#27;[37m/wd/hub/session/7969f056-1108-42eb-a605-4f3badcb4581/touch/perform&amp#27;[39m
&amp#27;[35m[HTTP]&amp#27;[39m &amp#27;[90m{"actions":[{"action":"tap","options":{"element":"00000000-0000-0087-ffff-ffff0000001a"}},{"action":"release","options":{}}]}&amp#27;[39m
[debug] &amp#27;[35m[W3C (7969f056)]&amp#27;[39m Calling AppiumDriver.performTouch() with args: [[{"action":"tap","options":{"element":"00000000-0000-0087-ffff-ffff0000001a"}},{"action":"release","options":{}}],"7969f056-1108-42eb-a605-4f3badcb4581"]
&amp#27;[35m[UiAutomator2]&amp#27;[39m calling get location: 00000000-0000-0087-ffff-ffff0000001a
[debug] &amp#27;[35m[WD Proxy]&amp#27;[39m Matched '/element/00000000-0000-0087-ffff-ffff0000001a/location' to command name 'getLocation'
[debug] &amp#27;[35m[WD Proxy]&amp#27;[39m Proxying [GET /element/00000000-0000-0087-ffff-ffff0000001a/location] to [GET http://127.0.0.1:8200/wd/hub/session/27124dad-a28a-4364-b0f1-d76e0b4a2d4e/element/00000000-0000-0087-ffff-ffff0000001a/location] with no body
[debug] &amp#27;[35m[WD Proxy]&amp#27;[39m Got response with status 200: {"sessionId":"27124dad-a28a-4364-b0f1-d76e0b4a2d4e","value":{"x":0,"y":597}}
[debug] &amp#27;[35m[WD Proxy]&amp#27;[39m Matched '/element/00000000-0000-0087-ffff-ffff0000001a/size' to command name 'getSize'
[debug] &amp#27;[35m[WD Proxy]&amp#27;[39m Proxying [GET /element/00000000-0000-0087-ffff-ffff0000001a/size] to [GET http://127.0.0.1:8200/wd/hub/session/27124dad-a28a-4364-b0f1-d76e0b4a2d4e/element/00000000-0000-0087-ffff-ffff0000001a/size] with no body
[debug] &amp#27;[35m[WD Proxy]&amp#27;[39m Got response with status 200: {"sessionId":"27124dad-a28a-4364-b0f1-d76e0b4a2d4e","value":{"height":126,"width":1080}}
[debug] &amp#27;[35m[WD Proxy]&amp#27;[39m Proxying [POST /appium/tap] to [POST http://127.0.0.1:8200/wd/hub/session/27124dad-a28a-4364-b0f1-d76e0b4a2d4e/appium/tap] with body: {"x":540,"y":660,"undefined":null}
[debug] &amp#27;[35m[WD Proxy]&amp#27;[39m Got response with status 200: {"sessionId":"27124dad-a28a-4364-b0f1-d76e0b4a2d4e","value":null}
[debug] &amp#27;[35m[W3C (7969f056)]&amp#27;[39m Responding to client with driver.performTouch() result: null
&amp#27;[35m[HTTP]&amp#27;[39m &amp#27;[37m<-- POST /wd/hub/session/7969f056-1108-42eb-a605-4f3badcb4581/touch/perform &amp#27;[39m&amp#27;[32m200&amp#27;[39m &amp#27;[90m1372 ms - 14&amp#27;[39m
&amp#27;[35m[HTTP]&amp#27;[39m &amp#27;[90m&amp#27;[39m
2022-07-28 14:07:981 %-Sp Log4j :28 -click on the message
&amp#27;[35m[HTTP]&amp#27;[39m &amp#27;[37m-->&amp#27;[39m &amp#27;[37mPOST&amp#27;[39m &amp#27;[37m/wd/hub/session/7969f056-1108-42eb-a605-4f3badcb4581/element&amp#27;[39m
&amp#27;[35m[HTTP]&amp#27;[39m &amp#27;[90m{"using":"id","value":"io.appium.android.apis:id/sms_recipient"}&amp#27;[39m
[debug] &amp#27;[35m[W3C (7969f056)]&amp#27;[39m Calling AppiumDriver.findElement() with args: ["id","io.appium.android.apis:id/sms_recipient","7969f056-1108-42eb-a605-4f3badcb4581"]
[debug] &amp#27;[35m[BaseDriver]&amp#27;[39m Valid locator strategies for this request: xpath, id, class name, accessibility id, css selector, -android uiautomator
[debug] &amp#27;[35m[BaseDriver]&amp#27;[39m Waiting up to 0 ms for condition
[debug] &amp#27;[35m[WD Proxy]&amp#27;[39m Matched '/element' to command name 'findElement'
[debug] &amp#27;[35m[WD Proxy]&amp#27;[39m Proxying [POST /element] to [POST http://127.0.0.1:8200/wd/hub/session/27124dad-a28a-4364-b0f1-d76e0b4a2d4e/element] with body: {"strategy":"id","selector":"io.appium.android.apis:id/sms_recipient","context":"","multiple":false}
[debug] &amp#27;[35m[WD Proxy]&amp#27;[39m Got response with status 200: {"sessionId":"27124dad-a28a-4364-b0f1-d76e0b4a2d4e","value":{"ELEMENT":"00000000-0000-0088-ffff-ffff0000001d","element-6066-11e4-a52e-4f735466cecf":"00000000-0000-0088-ffff-ffff0000001d"}}
[debug] &amp#27;[35m[W3C (7969f056)]&amp#27;[39m Responding to client with driver.findElement() result: {"element-6066-11e4-a52e-4f735466cecf":"00000000-0000-0088-ffff-ffff0000001d","ELEMENT":"00000000-0000-0088-ffff-ffff0000001d"}
&amp#27;[35m[HTTP]&amp#27;[39m &amp#27;[37m<-- POST /wd/hub/session/7969f056-1108-42eb-a605-4f3badcb4581/element &amp#27;[39m&amp#27;[32m200&amp#27;[39m &amp#27;[90m284 ms - 137&amp#27;[39m
&amp#27;[35m[HTTP]&amp#27;[39m &amp#27;[90m&amp#27;[39m
&amp#27;[35m[HTTP]&amp#27;[39m &amp#27;[37m-->&amp#27;[39m &amp#27;[37mPOST&amp#27;[39m &amp#27;[37m/wd/hub/session/7969f056-1108-42eb-a605-4f3badcb4581/element/00000000-0000-0088-ffff-ffff0000001d/value&amp#27;[39m
&amp#27;[35m[HTTP]&amp#27;[39m &amp#27;[90m{"id":"00000000-0000-0088-ffff-ffff0000001d","text":"Pihu","value":["P","i","h","u"]}&amp#27;[39m
[debug] &amp#27;[35m[W3C (7969f056)]&amp#27;[39m Calling AppiumDriver.setValue() with args: [["P","i","h","u"],"00000000-0000-0088-ffff-ffff0000001d","7969f056-1108-42eb-a605-4f3badcb4581"]
[debug] &amp#27;[35m[WD Proxy]&amp#27;[39m Matched '/element/00000000-0000-0088-ffff-ffff0000001d/value' to command name 'setValue'
[debug] &amp#27;[35m[Protocol Converter]&amp#27;[39m Added 'value' property ["P","i","h","u"] to 'setValue' request body
[debug] &amp#27;[35m[WD Proxy]&amp#27;[39m Proxying [POST /element/00000000-0000-0088-ffff-ffff0000001d/value] to [POST http://127.0.0.1:8200/wd/hub/session/27124dad-a28a-4364-b0f1-d76e0b4a2d4e/element/00000000-0000-0088-ffff-ffff0000001d/value] with body: {"elementId":"00000000-0000-0088-ffff-ffff0000001d","text":"Pihu","replace":false,"value":["P","i","h","u"]}
[debug] &amp#27;[35m[WD Proxy]&amp#27;[39m Got response with status 200: {"sessionId":"27124dad-a28a-4364-b0f1-d76e0b4a2d4e","value":null}
[debug] &amp#27;[35m[W3C (7969f056)]&amp#27;[39m Responding to client with driver.setValue() result: null
&amp#27;[35m[HTTP]&amp#27;[39m &amp#27;[37m<-- POST /wd/hub/session/7969f056-1108-42eb-a605-4f3badcb4581/element/00000000-0000-0088-ffff-ffff0000001d/value &amp#27;[39m&amp#27;[32m200&amp#27;[39m &amp#27;[90m26 ms - 14&amp#27;[39m
&amp#27;[35m[HTTP]&amp#27;[39m &amp#27;[90m&amp#27;[39m
2022-07-28 14:07:333 %-Sp Log4j :36 -Enter the Receipient Name
2022-07-28 14:07:334 %-Sp Log4j :37 -Pihu
&amp#27;[35m[HTTP]&amp#27;[39m &amp#27;[37m-->&amp#27;[39m &amp#27;[37mPOST&amp#27;[39m &amp#27;[37m/wd/hub/session/7969f056-1108-42eb-a605-4f3badcb4581/element&amp#27;[39m
&amp#27;[35m[HTTP]&amp#27;[39m &amp#27;[90m{"using":"id","value":"io.appium.android.apis:id/sms_content"}&amp#27;[39m
[debug] &amp#27;[35m[W3C (7969f056)]&amp#27;[39m Calling AppiumDriver.findElement() with args: ["id","io.appium.android.apis:id/sms_content","7969f056-1108-42eb-a605-4f3badcb4581"]
[debug] &amp#27;[35m[BaseDriver]&amp#27;[39m Valid locator strategies for this request: xpath, id, class name, accessibility id, css selector, -android uiautomator
[debug] &amp#27;[35m[BaseDriver]&amp#27;[39m Waiting up to 0 ms for condition
[debug] &amp#27;[35m[WD Proxy]&amp#27;[39m Matched '/element' to command name 'findElement'
[debug] &amp#27;[35m[WD Proxy]&amp#27;[39m Proxying [POST /element] to [POST http://127.0.0.1:8200/wd/hub/session/27124dad-a28a-4364-b0f1-d76e0b4a2d4e/element] with body: {"strategy":"id","selector":"io.appium.android.apis:id/sms_content","context":"","multiple":false}
[debug] &amp#27;[35m[WD Proxy]&amp#27;[39m Got response with status 200: {"sessionId":"27124dad-a28a-4364-b0f1-d76e0b4a2d4e","value":{"ELEMENT":"00000000-0000-0088-ffff-ffff0000002f","element-6066-11e4-a52e-4f735466cecf":"00000000-0000-0088-ffff-ffff0000002f"}}
[debug] &amp#27;[35m[W3C (7969f056)]&amp#27;[39m Responding to client with driver.findElement() result: {"element-6066-11e4-a52e-4f735466cecf":"00000000-0000-0088-ffff-ffff0000002f","ELEMENT":"00000000-0000-0088-ffff-ffff0000002f"}
&amp#27;[35m[HTTP]&amp#27;[39m &amp#27;[37m<-- POST /wd/hub/session/7969f056-1108-42eb-a605-4f3badcb4581/element &amp#27;[39m&amp#27;[32m200&amp#27;[39m &amp#27;[90m26 ms - 137&amp#27;[39m
&amp#27;[35m[HTTP]&amp#27;[39m &amp#27;[90m&amp#27;[39m
&amp#27;[35m[HTTP]&amp#27;[39m &amp#27;[37m-->&amp#27;[39m &amp#27;[37mPOST&amp#27;[39m &amp#27;[37m/wd/hub/session/7969f056-1108-42eb-a605-4f3badcb4581/element/00000000-0000-0088-ffff-ffff0000002f/value&amp#27;[39m
&amp#27;[35m[HTTP]&amp#27;[39m &amp#27;[90m{"id":"00000000-0000-0088-ffff-ffff0000002f","text":"Hello, How are You","value":["H","e","l","l","o",","," ","H","o","w"," ","a","r","e"," ","Y","o","u"]}&amp#27;[39m
[debug] &amp#27;[35m[W3C (7969f056)]&amp#27;[39m Calling AppiumDriver.setValue() with args: [["H","e","l","l","o",","," ","H","o","w"," ","a","r","e"," ","Y","o","u"],"00000000-0000-0088-ffff-ffff0000002f","7969f056-1108-42eb-a605-4f3badcb4581"]
[debug] &amp#27;[35m[WD Proxy]&amp#27;[39m Matched '/element/00000000-0000-0088-ffff-ffff0000002f/value' to command name 'setValue'
[debug] &amp#27;[35m[Protocol Converter]&amp#27;[39m Added 'value' property ["H","e","l","l","o",","," ","H","o","w"," ","a","r","e"," ","Y","o","u"] to 'setValue' request body
[debug] &amp#27;[35m[WD Proxy]&amp#27;[39m Proxying [POST /element/00000000-0000-0088-ffff-ffff0000002f/value] to [POST http://127.0.0.1:8200/wd/hub/session/27124dad-a28a-4364-b0f1-d76e0b4a2d4e/element/00000000-0000-0088-ffff-ffff0000002f/value] with body: {"elementId":"00000000-0000-0088-ffff-ffff0000002f","text":"Hello, How are You","replace":false,"value":["H","e","l","l","o",","," ","H","o","w"," ","a","r","e"," ","Y","o","u"]}
[debug] &amp#27;[35m[WD Proxy]&amp#27;[39m Got response with status 200: {"sessionId":"27124dad-a28a-4364-b0f1-d76e0b4a2d4e","value":null}
[debug] &amp#27;[35m[W3C (7969f056)]&amp#27;[39m Responding to client with driver.setValue() result: null
&amp#27;[35m[HTTP]&amp#27;[39m &amp#27;[37m<-- POST /wd/hub/session/7969f056-1108-42eb-a605-4f3badcb4581/element/00000000-0000-0088-ffff-ffff0000002f/value &amp#27;[39m&amp#27;[32m200&amp#27;[39m &amp#27;[90m18 ms - 14&amp#27;[39m
&amp#27;[35m[HTTP]&amp#27;[39m &amp#27;[90m&amp#27;[39m
2022-07-28 14:07:427 %-Sp Log4j :46 -Enter the Message Body
2022-07-28 14:07:427 %-Sp Log4j :47 -Hello, How are You
&amp#27;[35m[HTTP]&amp#27;[39m &amp#27;[37m-->&amp#27;[39m &amp#27;[37mPOST&amp#27;[39m &amp#27;[37m/wd/hub/session/7969f056-1108-42eb-a605-4f3badcb4581/element&amp#27;[39m
&amp#27;[35m[HTTP]&amp#27;[39m &amp#27;[90m{"using":"id","value":"io.appium.android.apis:id/sms_send_message"}&amp#27;[39m
[debug] &amp#27;[35m[W3C (7969f056)]&amp#27;[39m Calling AppiumDriver.findElement() with args: ["id","io.appium.android.apis:id/sms_send_message","7969f056-1108-42eb-a605-4f3badcb4581"]
[debug] &amp#27;[35m[BaseDriver]&amp#27;[39m Valid locator strategies for this request: xpath, id, class name, accessibility id, css selector, -android uiautomator
[debug] &amp#27;[35m[BaseDriver]&amp#27;[39m Waiting up to 0 ms for condition
[debug] &amp#27;[35m[WD Proxy]&amp#27;[39m Matched '/element' to command name 'findElement'
[debug] &amp#27;[35m[WD Proxy]&amp#27;[39m Proxying [POST /element] to [POST http://127.0.0.1:8200/wd/hub/session/27124dad-a28a-4364-b0f1-d76e0b4a2d4e/element] with body: {"strategy":"id","selector":"io.appium.android.apis:id/sms_send_message","context":"","multiple":false}
[debug] &amp#27;[35m[WD Proxy]&amp#27;[39m Got response with status 200: {"sessionId":"27124dad-a28a-4364-b0f1-d76e0b4a2d4e","value":{"ELEMENT":"00000000-0000-0088-ffff-ffff00000030","element-6066-11e4-a52e-4f735466cecf":"00000000-0000-0088-ffff-ffff00000030"}}
[debug] &amp#27;[35m[W3C (7969f056)]&amp#27;[39m Responding to client with driver.findElement() result: {"element-6066-11e4-a52e-4f735466cecf":"00000000-0000-0088-ffff-ffff00000030","ELEMENT":"00000000-0000-0088-ffff-ffff00000030"}
&amp#27;[35m[HTTP]&amp#27;[39m &amp#27;[37m<-- POST /wd/hub/session/7969f056-1108-42eb-a605-4f3badcb4581/element &amp#27;[39m&amp#27;[32m200&amp#27;[39m &amp#27;[90m19 ms - 137&amp#27;[39m
&amp#27;[35m[HTTP]&amp#27;[39m &amp#27;[90m&amp#27;[39m
&amp#27;[35m[HTTP]&amp#27;[39m &amp#27;[37m-->&amp#27;[39m &amp#27;[37mPOST&amp#27;[39m &amp#27;[37m/wd/hub/session/7969f056-1108-42eb-a605-4f3badcb4581/element/00000000-0000-0088-ffff-ffff00000030/click&amp#27;[39m
&amp#27;[35m[HTTP]&amp#27;[39m &amp#27;[90m{"id":"00000000-0000-0088-ffff-ffff00000030"}&amp#27;[39m
[debug] &amp#27;[35m[W3C (7969f056)]&amp#27;[39m Calling AppiumDriver.click() with args: ["00000000-0000-0088-ffff-ffff00000030","7969f056-1108-42eb-a605-4f3badcb4581"]
[debug] &amp#27;[35m[WD Proxy]&amp#27;[39m Matched '/element/00000000-0000-0088-ffff-ffff00000030/click' to command name 'click'
[debug] &amp#27;[35m[WD Proxy]&amp#27;[39m Proxying [POST /element/00000000-0000-0088-ffff-ffff00000030/click] to [POST http://127.0.0.1:8200/wd/hub/session/27124dad-a28a-4364-b0f1-d76e0b4a2d4e/element/00000000-0000-0088-ffff-ffff00000030/click] with body: {"element":"00000000-0000-0088-ffff-ffff00000030"}
[debug] &amp#27;[35m[WD Proxy]&amp#27;[39m Got response with status 200: {"sessionId":"27124dad-a28a-4364-b0f1-d76e0b4a2d4e","value":null}
[debug] &amp#27;[35m[W3C (7969f056)]&amp#27;[39m Responding to client with driver.click() result: null
&amp#27;[35m[HTTP]&amp#27;[39m &amp#27;[37m<-- POST /wd/hub/session/7969f056-1108-42eb-a605-4f3badcb4581/element/00000000-0000-0088-ffff-ffff00000030/click &amp#27;[39m&amp#27;[32m200&amp#27;[39m &amp#27;[90m16 ms - 14&amp#27;[39m
&amp#27;[35m[HTTP]&amp#27;[39m &amp#27;[90m&amp#27;[39m
2022-07-28 14:07:491 %-Sp Log4j :54 -Send the details
&amp#27;[35m[HTTP]&amp#27;[39m &amp#27;[37m-->&amp#27;[39m &amp#27;[37mDELETE&amp#27;[39m &amp#27;[37m/wd/hub/session/7969f056-1108-42eb-a605-4f3badcb4581&amp#27;[39m
&amp#27;[35m[HTTP]&amp#27;[39m &amp#27;[90m{}&amp#27;[39m
[debug] &amp#27;[35m[W3C (7969f056)]&amp#27;[39m Calling AppiumDriver.deleteSession() with args: ["7969f056-1108-42eb-a605-4f3badcb4581"]
[debug] &amp#27;[35m[BaseDriver]&amp#27;[39m Event 'quitSessionRequested' logged at 1658997715507 (14:11:55 GMT+0530 (India Standard Time))
&amp#27;[35m[Appium]&amp#27;[39m Removing session 7969f056-1108-42eb-a605-4f3badcb4581 from our master session list
[debug] &amp#27;[35m[UiAutomator2]&amp#27;[39m Deleting UiAutomator2 session
[debug] &amp#27;[35m[UiAutomator2]&amp#27;[39m Deleting UiAutomator2 server session
[debug] &amp#27;[35m[WD Proxy]&amp#27;[39m Matched '/' to command name 'deleteSession'
[debug] &amp#27;[35m[WD Proxy]&amp#27;[39m Proxying [DELETE /] to [DELETE http://127.0.0.1:8200/wd/hub/session/27124dad-a28a-4364-b0f1-d76e0b4a2d4e] with no body
[debug] &amp#27;[35m[WD Proxy]&amp#27;[39m Got response with status 200: {"sessionId":"27124dad-a28a-4364-b0f1-d76e0b4a2d4e","value":null}
[debug] &amp#27;[35m[ADB]&amp#27;[39m Running 'C:\Users\pooja05\AppData\Local\Android\Sdk\platform-tools\adb.exe -P 5037 -s emulator-5554 shell am force-stop io.appium.android.apis'
[debug] &amp#27;[35m[Logcat]&amp#27;[39m Stopping logcat capture
[debug] &amp#27;[35m[ADB]&amp#27;[39m Removing forwarded port socket connection: 8200 
[debug] &amp#27;[35m[ADB]&amp#27;[39m Running 'C:\Users\pooja05\AppData\Local\Android\Sdk\platform-tools\adb.exe -P 5037 -s emulator-5554 forward --remove tcp:8200'
[debug] &amp#27;[35m[BaseDriver]&amp#27;[39m Event 'quitSessionFinished' logged at 1658997715673 (14:11:55 GMT+0530 (India Standard Time))
[debug] &amp#27;[35m[W3C (7969f056)]&amp#27;[39m Received response: null
[debug] &amp#27;[35m[W3C (7969f056)]&amp#27;[39m But deleting session, so not returning
[debug] &amp#27;[35m[W3C (7969f056)]&amp#27;[39m Responding to client with driver.deleteSession() result: null
&amp#27;[35m[HTTP]&amp#27;[39m &amp#27;[37m<-- DELETE /wd/hub/session/7969f056-1108-42eb-a605-4f3badcb4581 &amp#27;[39m&amp#27;[32m200&amp#27;[39m &amp#27;[90m167 ms - 14&amp#27;[39m
&amp#27;[35m[HTTP]&amp#27;[39m &amp#27;[90m&amp#27;[39m

  @tag
  Scenario: OS Functionality                        &amp#27;[90m# Graphic.feature:6&amp#27;[0m
    &amp#27;[32mGiven &amp#27;[0m&amp#27;[32mTap on the OS button&amp#27;[0m                      &amp#27;[90m# GraphicFeature.tap_on_the_OS_button()&amp#27;[0m
    &amp#27;[32mWhen &amp#27;[0m&amp#27;[32mclick on message&amp#27;[0m                           &amp#27;[90m# GraphicFeature.click_on_message()&amp#27;[0m
    &amp#27;[32mAnd &amp#27;[0m&amp#27;[32menter the receipient name "&amp#27;[0m&amp#27;[32m&amp#27;[1mPihu&amp#27;[0m&amp#27;[32m"&amp#27;[0m            &amp#27;[90m# GraphicFeature.enter_the_receipient_name(String)&amp#27;[0m
    &amp#27;[32mAnd &amp#27;[0m&amp#27;[32menter the message body "&amp#27;[0m&amp#27;[32m&amp#27;[1mHello, How are You&amp#27;[0m&amp#27;[32m"&amp#27;[0m &amp#27;[90m# GraphicFeature.enter_the_message_body(String)&amp#27;[0m
    &amp#27;[32mThen &amp#27;[0m&amp#27;[32mClick on the send&amp#27;[0m                          &amp#27;[90m# GraphicFeature.click_on_the_send()&amp#27;[0m

  @tag
  Scenario Outline: OS Functionality  &amp#27;[90m# Graphic.feature:14&amp#27;[0m
    &amp#27;[36mGiven &amp#27;[0m&amp#27;[36mTap on the OS button&amp#27;[0m
    &amp#27;[36mWhen &amp#27;[0m&amp#27;[36mclick on message&amp#27;[0m
    &amp#27;[36mAnd &amp#27;[0m&amp#27;[36menter the receipient "<name>"&amp#27;[0m
    &amp#27;[36mAnd &amp#27;[0m&amp#27;[36menter the message "<body>"&amp#27;[0m
    &amp#27;[36mThen &amp#27;[0m&amp#27;[36mClick on the send&amp#27;[0m

    Examples: 
&amp#27;[35m[HTTP]&amp#27;[39m &amp#27;[37m-->&amp#27;[39m &amp#27;[37mPOST&amp#27;[39m &amp#27;[37m/wd/hub/session&amp#27;[39m
&amp#27;[35m[HTTP]&amp#27;[39m &amp#27;[90m{"desiredCapabilities":{"app":"src/test/resources/App/ApiDemos-debug.apk","appActivity":".ApiDemos","appPackage":"io.appium.android.apis","platformVersion":"8.1","platformName":"Android","deviceName":"android"},"capabilities":{"alwaysMatch":{"appium:app":"src/test/resources/App/ApiDemos-debug.apk","appium:appActivity":".ApiDemos","appium:appPackage":"io.appium.android.apis","appium:deviceName":"android","platformName":"android","appium:platformVersion":"8.1"},"firstMatch":[{}]}}&amp#27;[39m
[debug] &amp#27;[35m[W3C]&amp#27;[39m Calling AppiumDriver.createSession() with args: [{"app":"src/test/resources/App/ApiDemos-debug.apk","appActivity":".ApiDemos","appPackage":"io.appium.android.apis","platformVersion":"8.1","platformName":"Android","deviceName":"android"},null,{"alwaysMatch":{"appium:app":"src/test/resources/App/ApiDemos-debug.apk","appium:appActivity":".ApiDemos","appium:appPackage":"io.appium.android.apis","appium:deviceName":"android","platformName":"android","appium:platformVersion":"8.1"},"firstMatch":[{}]}]
[debug] &amp#27;[35m[BaseDriver]&amp#27;[39m Event 'newSessionRequested' logged at 1658997715706 (14:11:55 GMT+0530 (India Standard Time))
&amp#27;[35m[Appium]&amp#27;[39m 
&amp#27;[35m[Appium]&amp#27;[39m ======================================================================
&amp#27;[35m[Appium]&amp#27;[39m   DEPRECATION WARNING:
&amp#27;[35m[Appium]&amp#27;[39m 
&amp#27;[35m[Appium]&amp#27;[39m   The 'automationName' capability was not provided in the desired 
&amp#27;[35m[Appium]&amp#27;[39m   capabilities for this Android session
&amp#27;[35m[Appium]&amp#27;[39m 
&amp#27;[35m[Appium]&amp#27;[39m   Setting 'automationName=UiAutomator2' by default and using the 
&amp#27;[35m[Appium]&amp#27;[39m   UiAutomator2 Driver
&amp#27;[35m[Appium]&amp#27;[39m 
&amp#27;[35m[Appium]&amp#27;[39m   The next major version of Appium (2.x) will **require** the 
&amp#27;[35m[Appium]&amp#27;[39m   'automationName' capability to be set for all sessions on all 
&amp#27;[35m[Appium]&amp#27;[39m   platforms
&amp#27;[35m[Appium]&amp#27;[39m 
&amp#27;[35m[Appium]&amp#27;[39m   In previous versions (Appium <= 1.13.x), the default was 
&amp#27;[35m[Appium]&amp#27;[39m   'automationName=UiAutomator1'
&amp#27;[35m[Appium]&amp#27;[39m 
&amp#27;[35m[Appium]&amp#27;[39m   If you wish to use that automation instead of UiAutomator2, please 
&amp#27;[35m[Appium]&amp#27;[39m   add 'automationName=UiAutomator1' to your desired capabilities
&amp#27;[35m[Appium]&amp#27;[39m 
&amp#27;[35m[Appium]&amp#27;[39m   For more information about drivers, please visit 
&amp#27;[35m[Appium]&amp#27;[39m   http://appium.io/docs/en/about-appium/intro/ and explore the 
&amp#27;[35m[Appium]&amp#27;[39m   'Drivers' menu
&amp#27;[35m[Appium]&amp#27;[39m 
&amp#27;[35m[Appium]&amp#27;[39m ======================================================================
&amp#27;[35m[Appium]&amp#27;[39m 
&amp#27;[35m[Appium]&amp#27;[39m Appium v1.22.3 creating new AndroidUiautomator2Driver (v1.70.1) session
[debug] &amp#27;[35m[BaseDriver]&amp#27;[39m W3C capabilities and MJSONWP desired capabilities were provided
[debug] &amp#27;[35m[BaseDriver]&amp#27;[39m Creating session with W3C capabilities: {
[debug] &amp#27;[35m[BaseDriver]&amp#27;[39m   "alwaysMatch": {
[debug] &amp#27;[35m[BaseDriver]&amp#27;[39m     "platformName": "android",
[debug] &amp#27;[35m[BaseDriver]&amp#27;[39m     "appium:app": "src/test/resources/App/ApiDemos-debug.apk",
[debug] &amp#27;[35m[BaseDriver]&amp#27;[39m     "appium:appActivity": ".ApiDemos",
[debug] &amp#27;[35m[BaseDriver]&amp#27;[39m     "appium:appPackage": "io.appium.android.apis",
[debug] &amp#27;[35m[BaseDriver]&amp#27;[39m     "appium:deviceName": "android",
[debug] &amp#27;[35m[BaseDriver]&amp#27;[39m     "appium:platformVersion": "8.1"
[debug] &amp#27;[35m[BaseDriver]&amp#27;[39m   },
[debug] &amp#27;[35m[BaseDriver]&amp#27;[39m   "firstMatch": [
[debug] &amp#27;[35m[BaseDriver]&amp#27;[39m     {}
[debug] &amp#27;[35m[BaseDriver]&amp#27;[39m   ]
[debug] &amp#27;[35m[BaseDriver]&amp#27;[39m }
&amp#27;[35m[BaseDriver]&amp#27;[39m Session created with session id: 7f8b0e2a-2108-4375-94b8-098ac600fba3
&amp#27;[35m[BaseDriver]&amp#27;[39m Using local app 'src/test/resources/App/ApiDemos-debug.apk'
&amp#27;[35m[BaseDriver]&amp#27;[39m The current application path 'src/test/resources/App/ApiDemos-debug.apk' is not absolute and has been rewritten to 'C:\Users\pooja05\eclipse-workspace\ExitTest\src\test\resources\App\ApiDemos-debug.apk'. Consider using absolute paths rather than relative
[debug] &amp#27;[35m[UiAutomator2]&amp#27;[39m Checking whether app is actually present
&amp#27;[35m[ADB]&amp#27;[39m Using 'adb.exe' from 'C:\Users\pooja05\AppData\Local\Android\Sdk\platform-tools\adb.exe'
[debug] &amp#27;[35m[ADB]&amp#27;[39m Running 'C:\Users\pooja05\AppData\Local\Android\Sdk\platform-tools\adb.exe -P 5037 start-server'
[debug] &amp#27;[35m[Instrumentation]&amp#27;[39m .
&amp#27;[35m[AndroidDriver]&amp#27;[39m Retrieving device list
[debug] &amp#27;[35m[ADB]&amp#27;[39m Trying to find a connected android device
[debug] &amp#27;[35m[ADB]&amp#27;[39m Getting connected devices
[debug] &amp#27;[35m[ADB]&amp#27;[39m Connected devices: [{"udid":"emulator-5554","state":"device"}]
&amp#27;[35m[AndroidDriver]&amp#27;[39m Looking for a device with Android '8.1.0'
[debug] &amp#27;[35m[ADB]&amp#27;[39m Setting device id to emulator-5554
&amp#27;[35m[ADB]&amp#27;[39m Getting device platform version
[debug] &amp#27;[35m[ADB]&amp#27;[39m Running 'C:\Users\pooja05\AppData\Local\Android\Sdk\platform-tools\adb.exe -P 5037 -s emulator-5554 shell getprop ro.build.version.release'
[debug] &amp#27;[35m[ADB]&amp#27;[39m Current device property 'ro.build.version.release': 8.1.0
&amp#27;[35m[AndroidDriver]&amp#27;[39m Using device: emulator-5554
&amp#27;[35m[ADB]&amp#27;[39m Using 'adb.exe' from 'C:\Users\pooja05\AppData\Local\Android\Sdk\platform-tools\adb.exe'
[debug] &amp#27;[35m[ADB]&amp#27;[39m Running 'C:\Users\pooja05\AppData\Local\Android\Sdk\platform-tools\adb.exe -P 5037 start-server'
[debug] &amp#27;[35m[ADB]&amp#27;[39m Setting device id to emulator-5554
[debug] &amp#27;[35m[ADB]&amp#27;[39m Running 'C:\Users\pooja05\AppData\Local\Android\Sdk\platform-tools\adb.exe -P 5037 -s emulator-5554 shell getprop ro.build.version.sdk'
[debug] &amp#27;[35m[ADB]&amp#27;[39m Current device property 'ro.build.version.sdk': 27
[debug] &amp#27;[35m[ADB]&amp#27;[39m Device API level: 27
[debug] &amp#27;[35m[ADB]&amp#27;[39m Running 'C:\Users\pooja05\AppData\Local\Android\Sdk\platform-tools\adb.exe -P 5037 -s emulator-5554 wait-for-device'
[debug] &amp#27;[35m[ADB]&amp#27;[39m Running 'C:\Users\pooja05\AppData\Local\Android\Sdk\platform-tools\adb.exe -P 5037 -s emulator-5554 shell echo ping'
[debug] &amp#27;[35m[AndroidDriver]&amp#27;[39m Pushing settings apk to device...
[debug] &amp#27;[35m[ADB]&amp#27;[39m Getting install status for io.appium.settings
[debug] &amp#27;[35m[ADB]&amp#27;[39m Running 'C:\Users\pooja05\AppData\Local\Android\Sdk\platform-tools\adb.exe -P 5037 -s emulator-5554 shell dumpsys package io.appium.settings'
[debug] &amp#27;[35m[ADB]&amp#27;[39m 'io.appium.settings' is installed
[debug] &amp#27;[35m[ADB]&amp#27;[39m Getting package info for 'io.appium.settings'
[debug] &amp#27;[35m[ADB]&amp#27;[39m Running 'C:\Users\pooja05\AppData\Local\Android\Sdk\platform-tools\adb.exe -P 5037 -s emulator-5554 shell dumpsys package io.appium.settings'
[debug] &amp#27;[35m[ADB]&amp#27;[39m The version name of the installed 'io.appium.settings' is greater or equal to the application version name ('3.4.0' >= '3.4.0')
[debug] &amp#27;[35m[ADB]&amp#27;[39m There is no need to install/upgrade 'C:\Users\pooja05\AppData\Roaming\npm\node_modules\appium\node_modules\io.appium.settings\apks\settings_apk-debug.apk'
[debug] &amp#27;[35m[ADB]&amp#27;[39m Getting IDs of all 'io.appium.settings' processes
[debug] &amp#27;[35m[ADB]&amp#27;[39m Running 'C:\Users\pooja05\AppData\Local\Android\Sdk\platform-tools\adb.exe -P 5037 -s emulator-5554 shell 'pgrep --help; echo $?''
[debug] &amp#27;[35m[ADB]&amp#27;[39m Running 'C:\Users\pooja05\AppData\Local\Android\Sdk\platform-tools\adb.exe -P 5037 -s emulator-5554 shell pgrep -f \(\[\[:blank:\]\]\|\^\)io\.appium\.settings\(\[\[:blank:\]\]\|\$\)'
[debug] &amp#27;[35m[AndroidDriver]&amp#27;[39m io.appium.settings is already running. There is no need to reset its permissions.
[debug] &amp#27;[35m[Logcat]&amp#27;[39m Starting logs capture with command: C:\\Users\\pooja05\\AppData\\Local\\Android\\Sdk\\platform-tools\\adb.exe -P 5037 -s emulator-5554 logcat -v threadtime
[debug] &amp#27;[35m[UiAutomator2]&amp#27;[39m Forwarding UiAutomator2 Server port 6790 to local port 8200
[debug] &amp#27;[35m[ADB]&amp#27;[39m Forwarding system: 8200 to device: 6790
[debug] &amp#27;[35m[ADB]&amp#27;[39m Running 'C:\Users\pooja05\AppData\Local\Android\Sdk\platform-tools\adb.exe -P 5037 -s emulator-5554 forward tcp:8200 tcp:6790'
[debug] &amp#27;[35m[ADB]&amp#27;[39m Getting install status for io.appium.uiautomator2.server
[debug] &amp#27;[35m[ADB]&amp#27;[39m Running 'C:\Users\pooja05\AppData\Local\Android\Sdk\platform-tools\adb.exe -P 5037 -s emulator-5554 shell dumpsys package io.appium.uiautomator2.server'
[debug] &amp#27;[35m[ADB]&amp#27;[39m 'io.appium.uiautomator2.server' is installed
[debug] &amp#27;[35m[ADB]&amp#27;[39m Getting package info for 'io.appium.uiautomator2.server'
[debug] &amp#27;[35m[ADB]&amp#27;[39m Running 'C:\Users\pooja05\AppData\Local\Android\Sdk\platform-tools\adb.exe -P 5037 -s emulator-5554 shell dumpsys package io.appium.uiautomator2.server'
[debug] &amp#27;[35m[ADB]&amp#27;[39m The version name of the installed 'io.appium.uiautomator2.server' is greater or equal to the application version name ('4.27.0' >= '4.27.0')
[debug] &amp#27;[35m[UiAutomator2]&amp#27;[39m io.appium.uiautomator2.server installation state: sameVersionInstalled
[debug] &amp#27;[35m[ADB]&amp#27;[39m Checking app cert for C:\Users\pooja05\AppData\Roaming\npm\node_modules\appium\node_modules\appium-uiautomator2-server\apks\appium-uiautomator2-server-v4.27.0.apk
[debug] &amp#27;[35m[ADB]&amp#27;[39m Using the previously cached signature entry for 'appium-uiautomator2-server-v4.27.0.apk'
[debug] &amp#27;[35m[ADB]&amp#27;[39m sha256 hash did match for 'appium-uiautomator2-server-v4.27.0.apk'
[debug] &amp#27;[35m[ADB]&amp#27;[39m Getting install status for io.appium.uiautomator2.server.test
[debug] &amp#27;[35m[ADB]&amp#27;[39m Running 'C:\Users\pooja05\AppData\Local\Android\Sdk\platform-tools\adb.exe -P 5037 -s emulator-5554 shell dumpsys package io.appium.uiautomator2.server.test'
[debug] &amp#27;[35m[ADB]&amp#27;[39m 'io.appium.uiautomator2.server.test' is installed
[debug] &amp#27;[35m[ADB]&amp#27;[39m Checking app cert for C:\Users\pooja05\AppData\Roaming\npm\node_modules\appium\node_modules\appium-uiautomator2-server\apks\appium-uiautomator2-server-debug-androidTest.apk
[debug] &amp#27;[35m[ADB]&amp#27;[39m Using the previously cached signature entry for 'appium-uiautomator2-server-debug-androidTest.apk'
[debug] &amp#27;[35m[ADB]&amp#27;[39m sha256 hash did match for 'appium-uiautomator2-server-debug-androidTest.apk'
&amp#27;[35m[UiAutomator2]&amp#27;[39m Server packages are not going to be (re)installed
[debug] &amp#27;[35m[UiAutomator2]&amp#27;[39m Waiting up to 30000ms for services to be available
[debug] &amp#27;[35m[ADB]&amp#27;[39m Running 'C:\Users\pooja05\AppData\Local\Android\Sdk\platform-tools\adb.exe -P 5037 -s emulator-5554 shell pm list instrumentation'
[debug] &amp#27;[35m[UiAutomator2]&amp#27;[39m Instrumentation target 'io.appium.uiautomator2.server.test/androidx.test.runner.AndroidJUnitRunner' is available
&amp#27;[35m[ADB]&amp#27;[39m Adding packages ["io.appium.settings","io.appium.uiautomator2.server","io.appium.uiautomator2.server.test"] to Doze whitelist
[debug] &amp#27;[35m[ADB]&amp#27;[39m Got the following command chunks to execute: [["dumpsys","deviceidle","whitelist","+io.appium.settings",";","dumpsys","deviceidle","whitelist","+io.appium.uiautomator2.server",";","dumpsys","deviceidle","whitelist","+io.appium.uiautomator2.server.test",";"]]
[debug] &amp#27;[35m[ADB]&amp#27;[39m Running 'C:\Users\pooja05\AppData\Local\Android\Sdk\platform-tools\adb.exe -P 5037 -s emulator-5554 shell dumpsys deviceidle whitelist +io.appium.settings ; dumpsys deviceidle whitelist +io.appium.uiautomator2.server ; dumpsys deviceidle whitelist +io.appium.uiautomator2.server.test ;'
[debug] &amp#27;[35m[ADB]&amp#27;[39m Checking app cert for C:\Users\pooja05\eclipse-workspace\ExitTest\src\test\resources\App\ApiDemos-debug.apk
[debug] &amp#27;[35m[ADB]&amp#27;[39m Using the previously cached signature entry for 'ApiDemos-debug.apk'
[debug] &amp#27;[35m[ADB]&amp#27;[39m Getting install status for io.appium.android.apis
[debug] &amp#27;[35m[ADB]&amp#27;[39m Running 'C:\Users\pooja05\AppData\Local\Android\Sdk\platform-tools\adb.exe -P 5037 -s emulator-5554 shell dumpsys package io.appium.android.apis'
[debug] &amp#27;[35m[ADB]&amp#27;[39m 'io.appium.android.apis' is installed
[debug] &amp#27;[35m[ADB]&amp#27;[39m Getting package info for 'io.appium.android.apis'
[debug] &amp#27;[35m[ADB]&amp#27;[39m Running 'C:\Users\pooja05\AppData\Local\Android\Sdk\platform-tools\adb.exe -P 5037 -s emulator-5554 shell dumpsys package io.appium.android.apis'
&amp#27;[35m[ADB]&amp#27;[39m Cannot read version codes of 'C:\Users\pooja05\eclipse-workspace\ExitTest\src\test\resources\App\ApiDemos-debug.apk' and/or 'io.appium.android.apis'
&amp#27;[35m[ADB]&amp#27;[39m Cannot read version names of 'C:\Users\pooja05\eclipse-workspace\ExitTest\src\test\resources\App\ApiDemos-debug.apk' and/or 'io.appium.android.apis'
[debug] &amp#27;[35m[ADB]&amp#27;[39m The current install state of 'C:\Users\pooja05\eclipse-workspace\ExitTest\src\test\resources\App\ApiDemos-debug.apk' is unknown. Installing anyway
[debug] &amp#27;[35m[ADB]&amp#27;[39m Running 'C:\Users\pooja05\AppData\Local\Android\Sdk\platform-tools\adb.exe -P 5037 -s emulator-5554 features'
&amp#27;[35m[ADB]&amp#27;[39m The application at 'C:\Users\pooja05\eclipse-workspace\ExitTest\src\test\resources\App\ApiDemos-debug.apk' will not be cached, because the device under test has confirmed the support of streamed installs
[debug] &amp#27;[35m[ADB]&amp#27;[39m Running 'C:\Users\pooja05\AppData\Local\Android\Sdk\platform-tools\adb.exe -P 5037 -s emulator-5554 install -r C:\Users\pooja05\eclipse-workspace\ExitTest\src\test\resources\App\ApiDemos-debug.apk'
&amp#27;[35m[ADB]&amp#27;[39m The installation of 'ApiDemos-debug.apk' took 623ms
[debug] &amp#27;[35m[ADB]&amp#27;[39m Install command stdout: Performing Streamed Install
[debug] &amp#27;[35m[ADB]&amp#27;[39m Success
&amp#27;[35m[AndroidDriver]&amp#27;[39m Performing fast reset on 'io.appium.android.apis'
[debug] &amp#27;[35m[ADB]&amp#27;[39m Getting install status for io.appium.android.apis
[debug] &amp#27;[35m[ADB]&amp#27;[39m Running 'C:\Users\pooja05\AppData\Local\Android\Sdk\platform-tools\adb.exe -P 5037 -s emulator-5554 shell dumpsys package io.appium.android.apis'
[debug] &amp#27;[35m[ADB]&amp#27;[39m 'io.appium.android.apis' is installed
[debug] &amp#27;[35m[ADB]&amp#27;[39m Running 'C:\Users\pooja05\AppData\Local\Android\Sdk\platform-tools\adb.exe -P 5037 -s emulator-5554 shell am force-stop io.appium.android.apis'
[debug] &amp#27;[35m[ADB]&amp#27;[39m Running 'C:\Users\pooja05\AppData\Local\Android\Sdk\platform-tools\adb.exe -P 5037 -s emulator-5554 shell pm clear io.appium.android.apis'
[debug] &amp#27;[35m[AndroidDriver]&amp#27;[39m Performed fast reset on the installed 'io.appium.android.apis' application (stop and clear)
[debug] &amp#27;[35m[UiAutomator2]&amp#27;[39m Performing shallow cleanup of automation leftovers
[debug] &amp#27;[35m[UiAutomator2]&amp#27;[39m No obsolete sessions have been detected (socket hang up)
[debug] &amp#27;[35m[ADB]&amp#27;[39m Running 'C:\Users\pooja05\AppData\Local\Android\Sdk\platform-tools\adb.exe -P 5037 -s emulator-5554 shell am force-stop io.appium.uiautomator2.server.test'
&amp#27;[35m[UiAutomator2]&amp#27;[39m Starting UIAutomator2 server 4.27.0
&amp#27;[35m[UiAutomator2]&amp#27;[39m Using UIAutomator2 server from 'C:\Users\pooja05\AppData\Roaming\npm\node_modules\appium\node_modules\appium-uiautomator2-server\apks\appium-uiautomator2-server-v4.27.0.apk' and test from 'C:\Users\pooja05\AppData\Roaming\npm\node_modules\appium\node_modules\appium-uiautomator2-server\apks\appium-uiautomator2-server-debug-androidTest.apk'
&amp#27;[35m[UiAutomator2]&amp#27;[39m Waiting up to 30000ms for UiAutomator2 to be online...
[debug] &amp#27;[35m[ADB]&amp#27;[39m Creating ADB subprocess with args: ["-P",5037,"-s","emulator-5554","shell","am","instrument","-w","-e","disableAnalytics",true,"io.appium.uiautomator2.server.test/androidx.test.runner.AndroidJUnitRunner"]
[debug] &amp#27;[35m[WD Proxy]&amp#27;[39m Matched '/status' to command name 'getStatus'
[debug] &amp#27;[35m[WD Proxy]&amp#27;[39m Proxying [GET /status] to [GET http://127.0.0.1:8200/wd/hub/status] with no body
&amp#27;[35m[WD Proxy]&amp#27;[39m socket hang up
[debug] &amp#27;[35m[Instrumentation]&amp#27;[39m INSTRUMENTATION_RESULT: shortMsg=Process crashed.
[debug] &amp#27;[35m[Instrumentation]&amp#27;[39m INSTRUMENTATION_CODE: 0
[debug] &amp#27;[35m[Instrumentation]&amp#27;[39m The process has exited with code 0
[debug] &amp#27;[35m[Instrumentation]&amp#27;[39m io.appium.uiautomator2.server.test.AppiumUiAutomator2Server:
[debug] &amp#27;[35m[WD Proxy]&amp#27;[39m Matched '/status' to command name 'getStatus'
[debug] &amp#27;[35m[WD Proxy]&amp#27;[39m Proxying [GET /status] to [GET http://127.0.0.1:8200/wd/hub/status] with no body
&amp#27;[35m[WD Proxy]&amp#27;[39m socket hang up
[debug] &amp#27;[35m[WD Proxy]&amp#27;[39m Matched '/status' to command name 'getStatus'
[debug] &amp#27;[35m[WD Proxy]&amp#27;[39m Proxying [GET /status] to [GET http://127.0.0.1:8200/wd/hub/status] with no body
[debug] &amp#27;[35m[WD Proxy]&amp#27;[39m Got response with status 200: {"sessionId":"None","value":{"message":"UiAutomator2 Server is ready to accept commands","ready":true}}
[debug] &amp#27;[35m[UiAutomator2]&amp#27;[39m The initialization of the instrumentation process took 2107ms
[debug] &amp#27;[35m[WD Proxy]&amp#27;[39m Matched '/session' to command name 'createSession'
[debug] &amp#27;[35m[WD Proxy]&amp#27;[39m Proxying [POST /session] to [POST http://127.0.0.1:8200/wd/hub/session] with body: {"capabilities":{"firstMatch":[{"platform":"LINUX","webStorageEnabled":false,"takesScreenshot":true,"javascriptEnabled":true,"databaseEnabled":false,"networkConnectionEnabled":true,"locationContextEnabled":false,"warnings":{},"desired":{"platformName":"android","app":"src/test/resources/App/ApiDemos-debug.apk","appActivity":".ApiDemos","appPackage":"io.appium.android.apis","deviceName":"android","platformVersion":"8.1"},"platformName":"android","app":"src/test/resources/App/ApiDemos-debug.apk","appActivity":".ApiDemos","appPackage":"io.appium.android.apis","deviceName":"emulator-5554","platformVersion":"8.1","deviceUDID":"emulator-5554"}],"alwaysMatch":{}}}
[debug] &amp#27;[35m[WD Proxy]&amp#27;[39m Got response with status 200: {"sessionId":"02d40bfd-ff8a-4f19-92c6-57a371122e8d","value":{"capabilities":{"firstMatch":[{"platform":"LINUX","webStorageEnabled":false,"takesScreenshot":true,"javascriptEnabled":true,"databaseEnabled":false,"networkConnectionEnabled":true,"locationContextEnabled":false,"warnings":{},"desired":{"platformName":"android","app":"src/test/resources/App/ApiDemos-debug.apk","appActivity":".ApiDemos","appPackage":"io.appium.android.apis","deviceName":"android","platformVersion":"8.1"},"platformName":"android","app":"src/test/resources/App/ApiDemos-debug.apk","appActivity":".ApiDemos","appPackage":"io.appium.android.apis","deviceName":"emulator-5554","platformVersion":"8.1","deviceUDID":"emulator-5554"}],"alwaysMatch":{}},"sessionId":"02d40bfd-ff8a-4f19-92c6-57a371122e8d"}}
&amp#27;[35m[WD Proxy]&amp#27;[39m Determined the downstream protocol as 'W3C'
[debug] &amp#27;[35m[WD Proxy]&amp#27;[39m Proxying [GET /appium/device/info] to [GET http://127.0.0.1:8200/wd/hub/session/02d40bfd-ff8a-4f19-92c6-57a371122e8d/appium/device/info] with no body
[debug] &amp#27;[35m[WD Proxy]&amp#27;[39m Got response with status 200: {"sessionId":"02d40bfd-ff8a-4f19-92c6-57a371122e8d","value":{"androidId":"422d6ee91807b345","apiVersion":"27","bluetooth":null,"brand":"google","carrierName":"Android","displayDensity":420,"locale":"en_US","manufacturer":"Google","model":"Android SDK built for x86","networks":[{"capabilities":{"SSID":null,"linkDownBandwidthKbps":102400,"linkUpstreamBandwidthKbps":51200,"networkCapabilities":"NET_CAPABILITY_MMS,NET_CAPABILITY_SUPL,NET_CAPABILITY_DUN,NET_CAPABILITY_FOTA,NET_CAPABILITY_IMS,NET_CAPABILITY_CBS,NET_CAPABILITY_IA,NET_CAPABILITY_INTERNET,NET_CAPABILITY_NOT_RESTRICTED,NET_CAPABILITY_TRUSTED,NET_CAPABILITY_NOT_VPN,NET_CAPABILITY_VALIDATED","signalStrength":-2147483648,"transportTypes":"TRANSPORT_CELLULAR"},"detailedState":"CONNECTED","extraInfo":"epc.tmobile.com","isAvailable":true,"isConnected":true,"isFailover":false,"isRoaming":false,"state":"CONNECTED","subtype":13,"subtypeName":"LTE","type":0,"typeName":"MOBILE"},{"capabilities":{"SSID":null,"linkDownBandwidthKbps":1048576,"linkUpstreamBandwidt...
[debug] &amp#27;[35m[ADB]&amp#27;[39m Running 'C:\Users\pooja05\AppData\Local\Android\Sdk\platform-tools\adb.exe -P 5037 -s emulator-5554 shell dumpsys window'
&amp#27;[35m[AndroidDriver]&amp#27;[39m Screen already unlocked, doing nothing
&amp#27;[35m[UiAutomator2]&amp#27;[39m Starting 'io.appium.android.apis/.ApiDemos and waiting for 'io.appium.android.apis/.ApiDemos'
[debug] &amp#27;[35m[ADB]&amp#27;[39m Running 'C:\Users\pooja05\AppData\Local\Android\Sdk\platform-tools\adb.exe -P 5037 -s emulator-5554 shell am start -W -n io.appium.android.apis/.ApiDemos -S -a android.intent.action.MAIN -c android.intent.category.LAUNCHER -f 0x10200000'
[debug] &amp#27;[35m[WD Proxy]&amp#27;[39m Proxying [GET /appium/device/pixel_ratio] to [GET http://127.0.0.1:8200/wd/hub/session/02d40bfd-ff8a-4f19-92c6-57a371122e8d/appium/device/pixel_ratio] with no body
[debug] &amp#27;[35m[WD Proxy]&amp#27;[39m Got response with status 200: {"sessionId":"02d40bfd-ff8a-4f19-92c6-57a371122e8d","value":2.625}
[debug] &amp#27;[35m[WD Proxy]&amp#27;[39m Matched '/appium/device/system_bars' to command name 'getSystemBars'
[debug] &amp#27;[35m[WD Proxy]&amp#27;[39m Proxying [GET /appium/device/system_bars] to [GET http://127.0.0.1:8200/wd/hub/session/02d40bfd-ff8a-4f19-92c6-57a371122e8d/appium/device/system_bars] with no body
[debug] &amp#27;[35m[WD Proxy]&amp#27;[39m Got response with status 200: {"sessionId":"02d40bfd-ff8a-4f19-92c6-57a371122e8d","value":{"statusBar":63}}
[debug] &amp#27;[35m[WD Proxy]&amp#27;[39m Matched '/window/current/size' to command name 'getWindowSize'
[debug] &amp#27;[35m[WD Proxy]&amp#27;[39m Proxying [GET /window/current/size] to [GET http://127.0.0.1:8200/wd/hub/session/02d40bfd-ff8a-4f19-92c6-57a371122e8d/window/current/size] with no body
[debug] &amp#27;[35m[WD Proxy]&amp#27;[39m Got response with status 200: {"sessionId":"02d40bfd-ff8a-4f19-92c6-57a371122e8d","value":{"height":1794,"width":1080}}
&amp#27;[35m[Appium]&amp#27;[39m New AndroidUiautomator2Driver session created successfully, session 7f8b0e2a-2108-4375-94b8-098ac600fba3 added to master session list
[debug] &amp#27;[35m[BaseDriver]&amp#27;[39m Event 'newSessionStarted' logged at 1658997721432 (14:12:01 GMT+0530 (India Standard Time))
[debug] &amp#27;[35m[W3C (7f8b0e2a)]&amp#27;[39m Cached the protocol value 'W3C' for the new session 7f8b0e2a-2108-4375-94b8-098ac600fba3
[debug] &amp#27;[35m[W3C (7f8b0e2a)]&amp#27;[39m Responding to client with driver.createSession() result: {"capabilities":{"platform":"LINUX","webStorageEnabled":false,"takesScreenshot":true,"javascriptEnabled":true,"databaseEnabled":false,"networkConnectionEnabled":true,"locationContextEnabled":false,"warnings":{},"desired":{"platformName":"android","app":"src/test/resources/App/ApiDemos-debug.apk","appActivity":".ApiDemos","appPackage":"io.appium.android.apis","deviceName":"android","platformVersion":"8.1"},"platformName":"android","app":"src/test/resources/App/ApiDemos-debug.apk","appActivity":".ApiDemos","appPackage":"io.appium.android.apis","deviceName":"emulator-5554","platformVersion":"8.1.0","deviceUDID":"emulator-5554","deviceApiLevel":27,"deviceScreenSize":"1080x1920","deviceScreenDensity":420,"deviceModel":"Android SDK built for x86","deviceManufacturer":"Google","pixelRatio":2.625,"statBarHeight":63,"viewportRect":{"left":0,"top":63,"width":1080,"height":1731}}}
&amp#27;[35m[HTTP]&amp#27;[39m &amp#27;[37m<-- POST /wd/hub/session &amp#27;[39m&amp#27;[32m200&amp#27;[39m &amp#27;[90m5728 ms - 943&amp#27;[39m
&amp#27;[35m[HTTP]&amp#27;[39m &amp#27;[90m&amp#27;[39m
&amp#27;[35m[HTTP]&amp#27;[39m &amp#27;[37m-->&amp#27;[39m &amp#27;[37mGET&amp#27;[39m &amp#27;[37m/wd/hub/session/7f8b0e2a-2108-4375-94b8-098ac600fba3&amp#27;[39m
&amp#27;[35m[HTTP]&amp#27;[39m &amp#27;[90m{}&amp#27;[39m
[debug] &amp#27;[35m[W3C (7f8b0e2a)]&amp#27;[39m Calling AppiumDriver.getSession() with args: ["7f8b0e2a-2108-4375-94b8-098ac600fba3"]
[debug] &amp#27;[35m[UiAutomator2]&amp#27;[39m Getting session details from server to mix in
[debug] &amp#27;[35m[WD Proxy]&amp#27;[39m Matched '/' to command name 'getSession'
[debug] &amp#27;[35m[WD Proxy]&amp#27;[39m Proxying [GET /] to [GET http://127.0.0.1:8200/wd/hub/session/02d40bfd-ff8a-4f19-92c6-57a371122e8d] with no body
[debug] &amp#27;[35m[WD Proxy]&amp#27;[39m Got response with status 200: {"sessionId":"02d40bfd-ff8a-4f19-92c6-57a371122e8d","value":{"lastScrollData":null}}
[debug] &amp#27;[35m[W3C (7f8b0e2a)]&amp#27;[39m Responding to client with driver.getSession() result: {"platform":"LINUX","webStorageEnabled":false,"takesScreenshot":true,"javascriptEnabled":true,"databaseEnabled":false,"networkConnectionEnabled":true,"locationContextEnabled":false,"warnings":{},"desired":{"platformName":"android","app":"src/test/resources/App/ApiDemos-debug.apk","appActivity":".ApiDemos","appPackage":"io.appium.android.apis","deviceName":"android","platformVersion":"8.1"},"platformName":"android","app":"src/test/resources/App/ApiDemos-debug.apk","appActivity":".ApiDemos","appPackage":"io.appium.android.apis","deviceName":"emulator-5554","platformVersion":"8.1.0","deviceUDID":"emulator-5554","deviceApiLevel":27,"deviceScreenSize":"1080x1920","deviceScreenDensity":420,"deviceModel":"Android SDK built for x86","deviceManufacturer":"Google","pixelRatio":2.625,"statBarHeight":63,"viewportRect":{"left":0,"top":63,"width":1080,"height":1731},"lastScrollData":null}
&amp#27;[35m[HTTP]&amp#27;[39m &amp#27;[37m<-- GET /wd/hub/session/7f8b0e2a-2108-4375-94b8-098ac600fba3 &amp#27;[39m&amp#27;[32m200&amp#27;[39m &amp#27;[90m8 ms - 897&amp#27;[39m
&amp#27;[35m[HTTP]&amp#27;[39m &amp#27;[90m&amp#27;[39m
&amp#27;[35m[HTTP]&amp#27;[39m &amp#27;[37m-->&amp#27;[39m &amp#27;[37mGET&amp#27;[39m &amp#27;[37m/wd/hub/session/7f8b0e2a-2108-4375-94b8-098ac600fba3&amp#27;[39m
&amp#27;[35m[HTTP]&amp#27;[39m &amp#27;[90m{}&amp#27;[39m
[debug] &amp#27;[35m[W3C (7f8b0e2a)]&amp#27;[39m Calling AppiumDriver.getSession() with args: ["7f8b0e2a-2108-4375-94b8-098ac600fba3"]
[debug] &amp#27;[35m[UiAutomator2]&amp#27;[39m Getting session details from server to mix in
[debug] &amp#27;[35m[WD Proxy]&amp#27;[39m Matched '/' to command name 'getSession'
[debug] &amp#27;[35m[WD Proxy]&amp#27;[39m Proxying [GET /] to [GET http://127.0.0.1:8200/wd/hub/session/02d40bfd-ff8a-4f19-92c6-57a371122e8d] with no body
[debug] &amp#27;[35m[WD Proxy]&amp#27;[39m Got response with status 200: {"sessionId":"02d40bfd-ff8a-4f19-92c6-57a371122e8d","value":{"lastScrollData":null}}
[debug] &amp#27;[35m[W3C (7f8b0e2a)]&amp#27;[39m Responding to client with driver.getSession() result: {"platform":"LINUX","webStorageEnabled":false,"takesScreenshot":true,"javascriptEnabled":true,"databaseEnabled":false,"networkConnectionEnabled":true,"locationContextEnabled":false,"warnings":{},"desired":{"platformName":"android","app":"src/test/resources/App/ApiDemos-debug.apk","appActivity":".ApiDemos","appPackage":"io.appium.android.apis","deviceName":"android","platformVersion":"8.1"},"platformName":"android","app":"src/test/resources/App/ApiDemos-debug.apk","appActivity":".ApiDemos","appPackage":"io.appium.android.apis","deviceName":"emulator-5554","platformVersion":"8.1.0","deviceUDID":"emulator-5554","deviceApiLevel":27,"deviceScreenSize":"1080x1920","deviceScreenDensity":420,"deviceModel":"Android SDK built for x86","deviceManufacturer":"Google","pixelRatio":2.625,"statBarHeight":63,"viewportRect":{"left":0,"top":63,"width":1080,"height":1731},"lastScrollData":null}
&amp#27;[35m[HTTP]&amp#27;[39m &amp#27;[37m<-- GET /wd/hub/session/7f8b0e2a-2108-4375-94b8-098ac600fba3 &amp#27;[39m&amp#27;[32m200&amp#27;[39m &amp#27;[90m8 ms - 897&amp#27;[39m
&amp#27;[35m[HTTP]&amp#27;[39m &amp#27;[90m&amp#27;[39m
&amp#27;[35m[HTTP]&amp#27;[39m &amp#27;[37m-->&amp#27;[39m &amp#27;[37mPOST&amp#27;[39m &amp#27;[37m/wd/hub/session/7f8b0e2a-2108-4375-94b8-098ac600fba3/element&amp#27;[39m
&amp#27;[35m[HTTP]&amp#27;[39m &amp#27;[90m{"using":"xpath","value":"//android.widget.TextView[@content-desc=\"OS\"]"}&amp#27;[39m
[debug] &amp#27;[35m[W3C (7f8b0e2a)]&amp#27;[39m Calling AppiumDriver.findElement() with args: ["xpath","//android.widget.TextView[@content-desc=\"OS\"]","7f8b0e2a-2108-4375-94b8-098ac600fba3"]
[debug] &amp#27;[35m[BaseDriver]&amp#27;[39m Valid locator strategies for this request: xpath, id, class name, accessibility id, css selector, -android uiautomator
[debug] &amp#27;[35m[BaseDriver]&amp#27;[39m Waiting up to 0 ms for condition
[debug] &amp#27;[35m[WD Proxy]&amp#27;[39m Matched '/element' to command name 'findElement'
[debug] &amp#27;[35m[WD Proxy]&amp#27;[39m Proxying [POST /element] to [POST http://127.0.0.1:8200/wd/hub/session/02d40bfd-ff8a-4f19-92c6-57a371122e8d/element] with body: {"strategy":"xpath","selector":"//android.widget.TextView[@content-desc=\"OS\"]","context":"","multiple":false}
[debug] &amp#27;[35m[WD Proxy]&amp#27;[39m Got response with status 200: {"sessionId":"02d40bfd-ff8a-4f19-92c6-57a371122e8d","value":{"ELEMENT":"00000000-0000-0092-ffff-ffff0000000c","element-6066-11e4-a52e-4f735466cecf":"00000000-0000-0092-ffff-ffff0000000c"}}
[debug] &amp#27;[35m[W3C (7f8b0e2a)]&amp#27;[39m Responding to client with driver.findElement() result: {"element-6066-11e4-a52e-4f735466cecf":"00000000-0000-0092-ffff-ffff0000000c","ELEMENT":"00000000-0000-0092-ffff-ffff0000000c"}
&amp#27;[35m[HTTP]&amp#27;[39m &amp#27;[37m<-- POST /wd/hub/session/7f8b0e2a-2108-4375-94b8-098ac600fba3/element &amp#27;[39m&amp#27;[32m200&amp#27;[39m &amp#27;[90m1301 ms - 137&amp#27;[39m
&amp#27;[35m[HTTP]&amp#27;[39m &amp#27;[90m&amp#27;[39m
&amp#27;[35m[HTTP]&amp#27;[39m &amp#27;[37m-->&amp#27;[39m &amp#27;[37mPOST&amp#27;[39m &amp#27;[37m/wd/hub/session/7f8b0e2a-2108-4375-94b8-098ac600fba3/element/00000000-0000-0092-ffff-ffff0000000c/click&amp#27;[39m
&amp#27;[35m[HTTP]&amp#27;[39m &amp#27;[90m{"id":"00000000-0000-0092-ffff-ffff0000000c"}&amp#27;[39m
[debug] &amp#27;[35m[W3C (7f8b0e2a)]&amp#27;[39m Calling AppiumDriver.click() with args: ["00000000-0000-0092-ffff-ffff0000000c","7f8b0e2a-2108-4375-94b8-098ac600fba3"]
[debug] &amp#27;[35m[WD Proxy]&amp#27;[39m Matched '/element/00000000-0000-0092-ffff-ffff0000000c/click' to command name 'click'
[debug] &amp#27;[35m[WD Proxy]&amp#27;[39m Proxying [POST /element/00000000-0000-0092-ffff-ffff0000000c/click] to [POST http://127.0.0.1:8200/wd/hub/session/02d40bfd-ff8a-4f19-92c6-57a371122e8d/element/00000000-0000-0092-ffff-ffff0000000c/click] with body: {"element":"00000000-0000-0092-ffff-ffff0000000c"}
[debug] &amp#27;[35m[WD Proxy]&amp#27;[39m Got response with status 200: {"sessionId":"02d40bfd-ff8a-4f19-92c6-57a371122e8d","value":null}
[debug] &amp#27;[35m[W3C (7f8b0e2a)]&amp#27;[39m Responding to client with driver.click() result: null
&amp#27;[35m[HTTP]&amp#27;[39m &amp#27;[37m<-- POST /wd/hub/session/7f8b0e2a-2108-4375-94b8-098ac600fba3/element/00000000-0000-0092-ffff-ffff0000000c/click &amp#27;[39m&amp#27;[32m200&amp#27;[39m &amp#27;[90m1200 ms - 14&amp#27;[39m
&amp#27;[35m[HTTP]&amp#27;[39m &amp#27;[90m&amp#27;[39m
2022-07-28 14:07:990 %-Sp Log4j :22 -OS Button 
&amp#27;[35m[HTTP]&amp#27;[39m &amp#27;[37m-->&amp#27;[39m &amp#27;[37mPOST&amp#27;[39m &amp#27;[37m/wd/hub/session/7f8b0e2a-2108-4375-94b8-098ac600fba3/element&amp#27;[39m
&amp#27;[35m[HTTP]&amp#27;[39m &amp#27;[90m{"using":"xpath","value":"//android.widget.TextView[@content-desc=\"SMS Messaging\"]"}&amp#27;[39m
[debug] &amp#27;[35m[W3C (7f8b0e2a)]&amp#27;[39m Calling AppiumDriver.findElement() with args: ["xpath","//android.widget.TextView[@content-desc=\"SMS Messaging\"]","7f8b0e2a-2108-4375-94b8-098ac600fba3"]
[debug] &amp#27;[35m[BaseDriver]&amp#27;[39m Valid locator strategies for this request: xpath, id, class name, accessibility id, css selector, -android uiautomator
[debug] &amp#27;[35m[BaseDriver]&amp#27;[39m Waiting up to 0 ms for condition
[debug] &amp#27;[35m[WD Proxy]&amp#27;[39m Matched '/element' to command name 'findElement'
[debug] &amp#27;[35m[WD Proxy]&amp#27;[39m Proxying [POST /element] to [POST http://127.0.0.1:8200/wd/hub/session/02d40bfd-ff8a-4f19-92c6-57a371122e8d/element] with body: {"strategy":"xpath","selector":"//android.widget.TextView[@content-desc=\"SMS Messaging\"]","context":"","multiple":false}
[debug] &amp#27;[35m[WD Proxy]&amp#27;[39m Got response with status 200: {"sessionId":"02d40bfd-ff8a-4f19-92c6-57a371122e8d","value":{"ELEMENT":"00000000-0000-0093-ffff-ffff0000001a","element-6066-11e4-a52e-4f735466cecf":"00000000-0000-0093-ffff-ffff0000001a"}}
[debug] &amp#27;[35m[W3C (7f8b0e2a)]&amp#27;[39m Responding to client with driver.findElement() result: {"element-6066-11e4-a52e-4f735466cecf":"00000000-0000-0093-ffff-ffff0000001a","ELEMENT":"00000000-0000-0093-ffff-ffff0000001a"}
&amp#27;[35m[HTTP]&amp#27;[39m &amp#27;[37m<-- POST /wd/hub/session/7f8b0e2a-2108-4375-94b8-098ac600fba3/element &amp#27;[39m&amp#27;[32m200&amp#27;[39m &amp#27;[90m55 ms - 137&amp#27;[39m
&amp#27;[35m[HTTP]&amp#27;[39m &amp#27;[90m&amp#27;[39m
&amp#27;[35m[HTTP]&amp#27;[39m &amp#27;[37m-->&amp#27;[39m &amp#27;[37mPOST&amp#27;[39m &amp#27;[37m/wd/hub/session/7f8b0e2a-2108-4375-94b8-098ac600fba3/touch/perform&amp#27;[39m
&amp#27;[35m[HTTP]&amp#27;[39m &amp#27;[90m{"actions":[{"action":"tap","options":{"element":"00000000-0000-0093-ffff-ffff0000001a"}},{"action":"release","options":{}}]}&amp#27;[39m
[debug] &amp#27;[35m[W3C (7f8b0e2a)]&amp#27;[39m Calling AppiumDriver.performTouch() with args: [[{"action":"tap","options":{"element":"00000000-0000-0093-ffff-ffff0000001a"}},{"action":"release","options":{}}],"7f8b0e2a-2108-4375-94b8-098ac600fba3"]
&amp#27;[35m[UiAutomator2]&amp#27;[39m calling get location: 00000000-0000-0093-ffff-ffff0000001a
[debug] &amp#27;[35m[WD Proxy]&amp#27;[39m Matched '/element/00000000-0000-0093-ffff-ffff0000001a/location' to command name 'getLocation'
[debug] &amp#27;[35m[WD Proxy]&amp#27;[39m Proxying [GET /element/00000000-0000-0093-ffff-ffff0000001a/location] to [GET http://127.0.0.1:8200/wd/hub/session/02d40bfd-ff8a-4f19-92c6-57a371122e8d/element/00000000-0000-0093-ffff-ffff0000001a/location] with no body
[debug] &amp#27;[35m[WD Proxy]&amp#27;[39m Got response with status 200: {"sessionId":"02d40bfd-ff8a-4f19-92c6-57a371122e8d","value":{"x":0,"y":597}}
[debug] &amp#27;[35m[WD Proxy]&amp#27;[39m Matched '/element/00000000-0000-0093-ffff-ffff0000001a/size' to command name 'getSize'
[debug] &amp#27;[35m[WD Proxy]&amp#27;[39m Proxying [GET /element/00000000-0000-0093-ffff-ffff0000001a/size] to [GET http://127.0.0.1:8200/wd/hub/session/02d40bfd-ff8a-4f19-92c6-57a371122e8d/element/00000000-0000-0093-ffff-ffff0000001a/size] with no body
[debug] &amp#27;[35m[WD Proxy]&amp#27;[39m Got response with status 200: {"sessionId":"02d40bfd-ff8a-4f19-92c6-57a371122e8d","value":{"height":126,"width":1080}}
[debug] &amp#27;[35m[WD Proxy]&amp#27;[39m Proxying [POST /appium/tap] to [POST http://127.0.0.1:8200/wd/hub/session/02d40bfd-ff8a-4f19-92c6-57a371122e8d/appium/tap] with body: {"x":540,"y":660,"undefined":null}
[debug] &amp#27;[35m[WD Proxy]&amp#27;[39m Got response with status 200: {"sessionId":"02d40bfd-ff8a-4f19-92c6-57a371122e8d","value":null}
[debug] &amp#27;[35m[W3C (7f8b0e2a)]&amp#27;[39m Responding to client with driver.performTouch() result: null
&amp#27;[35m[HTTP]&amp#27;[39m &amp#27;[37m<-- POST /wd/hub/session/7f8b0e2a-2108-4375-94b8-098ac600fba3/touch/perform &amp#27;[39m&amp#27;[32m200&amp#27;[39m &amp#27;[90m1333 ms - 14&amp#27;[39m
&amp#27;[35m[HTTP]&amp#27;[39m &amp#27;[90m&amp#27;[39m
2022-07-28 14:07:395 %-Sp Log4j :28 -click on the message
&amp#27;[35m[HTTP]&amp#27;[39m &amp#27;[37m-->&amp#27;[39m &amp#27;[37mPOST&amp#27;[39m &amp#27;[37m/wd/hub/session/7f8b0e2a-2108-4375-94b8-098ac600fba3/element&amp#27;[39m
&amp#27;[35m[HTTP]&amp#27;[39m &amp#27;[90m{"using":"id","value":"io.appium.android.apis:id/sms_recipient"}&amp#27;[39m
[debug] &amp#27;[35m[W3C (7f8b0e2a)]&amp#27;[39m Calling AppiumDriver.findElement() with args: ["id","io.appium.android.apis:id/sms_recipient","7f8b0e2a-2108-4375-94b8-098ac600fba3"]
[debug] &amp#27;[35m[BaseDriver]&amp#27;[39m Valid locator strategies for this request: xpath, id, class name, accessibility id, css selector, -android uiautomator
[debug] &amp#27;[35m[BaseDriver]&amp#27;[39m Waiting up to 0 ms for condition
[debug] &amp#27;[35m[WD Proxy]&amp#27;[39m Matched '/element' to command name 'findElement'
[debug] &amp#27;[35m[WD Proxy]&amp#27;[39m Proxying [POST /element] to [POST http://127.0.0.1:8200/wd/hub/session/02d40bfd-ff8a-4f19-92c6-57a371122e8d/element] with body: {"strategy":"id","selector":"io.appium.android.apis:id/sms_recipient","context":"","multiple":false}
[debug] &amp#27;[35m[WD Proxy]&amp#27;[39m Got response with status 200: {"sessionId":"02d40bfd-ff8a-4f19-92c6-57a371122e8d","value":{"ELEMENT":"00000000-0000-0094-ffff-ffff0000001d","element-6066-11e4-a52e-4f735466cecf":"00000000-0000-0094-ffff-ffff0000001d"}}
[debug] &amp#27;[35m[W3C (7f8b0e2a)]&amp#27;[39m Responding to client with driver.findElement() result: {"element-6066-11e4-a52e-4f735466cecf":"00000000-0000-0094-ffff-ffff0000001d","ELEMENT":"00000000-0000-0094-ffff-ffff0000001d"}
&amp#27;[35m[HTTP]&amp#27;[39m &amp#27;[37m<-- POST /wd/hub/session/7f8b0e2a-2108-4375-94b8-098ac600fba3/element &amp#27;[39m&amp#27;[32m200&amp#27;[39m &amp#27;[90m31 ms - 137&amp#27;[39m
&amp#27;[35m[HTTP]&amp#27;[39m &amp#27;[90m&amp#27;[39m
&amp#27;[35m[HTTP]&amp#27;[39m &amp#27;[37m-->&amp#27;[39m &amp#27;[37mPOST&amp#27;[39m &amp#27;[37m/wd/hub/session/7f8b0e2a-2108-4375-94b8-098ac600fba3/element/00000000-0000-0094-ffff-ffff0000001d/value&amp#27;[39m
&amp#27;[35m[HTTP]&amp#27;[39m &amp#27;[90m{"id":"00000000-0000-0094-ffff-ffff0000001d","text":"Panchi","value":["P","a","n","c","h","i"]}&amp#27;[39m
[debug] &amp#27;[35m[W3C (7f8b0e2a)]&amp#27;[39m Calling AppiumDriver.setValue() with args: [["P","a","n","c","h","i"],"00000000-0000-0094-ffff-ffff0000001d","7f8b0e2a-2108-4375-94b8-098ac600fba3"]
[debug] &amp#27;[35m[WD Proxy]&amp#27;[39m Matched '/element/00000000-0000-0094-ffff-ffff0000001d/value' to command name 'setValue'
[debug] &amp#27;[35m[Protocol Converter]&amp#27;[39m Added 'value' property ["P","a","n","c","h","i"] to 'setValue' request body
[debug] &amp#27;[35m[WD Proxy]&amp#27;[39m Proxying [POST /element/00000000-0000-0094-ffff-ffff0000001d/value] to [POST http://127.0.0.1:8200/wd/hub/session/02d40bfd-ff8a-4f19-92c6-57a371122e8d/element/00000000-0000-0094-ffff-ffff0000001d/value] with body: {"elementId":"00000000-0000-0094-ffff-ffff0000001d","text":"Panchi","replace":false,"value":["P","a","n","c","h","i"]}
[debug] &amp#27;[35m[WD Proxy]&amp#27;[39m Got response with status 200: {"sessionId":"02d40bfd-ff8a-4f19-92c6-57a371122e8d","value":null}
[debug] &amp#27;[35m[W3C (7f8b0e2a)]&amp#27;[39m Responding to client with driver.setValue() result: null
&amp#27;[35m[HTTP]&amp#27;[39m &amp#27;[37m<-- POST /wd/hub/session/7f8b0e2a-2108-4375-94b8-098ac600fba3/element/00000000-0000-0094-ffff-ffff0000001d/value &amp#27;[39m&amp#27;[32m200&amp#27;[39m &amp#27;[90m24 ms - 14&amp#27;[39m
&amp#27;[35m[HTTP]&amp#27;[39m &amp#27;[90m&amp#27;[39m
2022-07-28 14:07:503 %-Sp Log4j :61 -Panchi
&amp#27;[35m[HTTP]&amp#27;[39m &amp#27;[37m-->&amp#27;[39m &amp#27;[37mPOST&amp#27;[39m &amp#27;[37m/wd/hub/session/7f8b0e2a-2108-4375-94b8-098ac600fba3/element&amp#27;[39m
&amp#27;[35m[HTTP]&amp#27;[39m &amp#27;[90m{"using":"id","value":"io.appium.android.apis:id/sms_content"}&amp#27;[39m
[debug] &amp#27;[35m[W3C (7f8b0e2a)]&amp#27;[39m Calling AppiumDriver.findElement() with args: ["id","io.appium.android.apis:id/sms_content","7f8b0e2a-2108-4375-94b8-098ac600fba3"]
[debug] &amp#27;[35m[BaseDriver]&amp#27;[39m Valid locator strategies for this request: xpath, id, class name, accessibility id, css selector, -android uiautomator
[debug] &amp#27;[35m[BaseDriver]&amp#27;[39m Waiting up to 0 ms for condition
[debug] &amp#27;[35m[WD Proxy]&amp#27;[39m Matched '/element' to command name 'findElement'
[debug] &amp#27;[35m[WD Proxy]&amp#27;[39m Proxying [POST /element] to [POST http://127.0.0.1:8200/wd/hub/session/02d40bfd-ff8a-4f19-92c6-57a371122e8d/element] with body: {"strategy":"id","selector":"io.appium.android.apis:id/sms_content","context":"","multiple":false}
[debug] &amp#27;[35m[WD Proxy]&amp#27;[39m Got response with status 200: {"sessionId":"02d40bfd-ff8a-4f19-92c6-57a371122e8d","value":{"ELEMENT":"00000000-0000-0094-ffff-ffff0000002f","element-6066-11e4-a52e-4f735466cecf":"00000000-0000-0094-ffff-ffff0000002f"}}
[debug] &amp#27;[35m[W3C (7f8b0e2a)]&amp#27;[39m Responding to client with driver.findElement() result: {"element-6066-11e4-a52e-4f735466cecf":"00000000-0000-0094-ffff-ffff0000002f","ELEMENT":"00000000-0000-0094-ffff-ffff0000002f"}
&amp#27;[35m[HTTP]&amp#27;[39m &amp#27;[37m<-- POST /wd/hub/session/7f8b0e2a-2108-4375-94b8-098ac600fba3/element &amp#27;[39m&amp#27;[32m200&amp#27;[39m &amp#27;[90m21 ms - 137&amp#27;[39m
&amp#27;[35m[HTTP]&amp#27;[39m &amp#27;[90m&amp#27;[39m
&amp#27;[35m[HTTP]&amp#27;[39m &amp#27;[37m-->&amp#27;[39m &amp#27;[37mPOST&amp#27;[39m &amp#27;[37m/wd/hub/session/7f8b0e2a-2108-4375-94b8-098ac600fba3/element/00000000-0000-0094-ffff-ffff0000002f/value&amp#27;[39m
&amp#27;[35m[HTTP]&amp#27;[39m &amp#27;[90m{"id":"00000000-0000-0094-ffff-ffff0000002f","text":"Hii","value":["H","i","i"]}&amp#27;[39m
[debug] &amp#27;[35m[W3C (7f8b0e2a)]&amp#27;[39m Calling AppiumDriver.setValue() with args: [["H","i","i"],"00000000-0000-0094-ffff-ffff0000002f","7f8b0e2a-2108-4375-94b8-098ac600fba3"]
[debug] &amp#27;[35m[WD Proxy]&amp#27;[39m Matched '/element/00000000-0000-0094-ffff-ffff0000002f/value' to command name 'setValue'
[debug] &amp#27;[35m[Protocol Converter]&amp#27;[39m Added 'value' property ["H","i","i"] to 'setValue' request body
[debug] &amp#27;[35m[WD Proxy]&amp#27;[39m Proxying [POST /element/00000000-0000-0094-ffff-ffff0000002f/value] to [POST http://127.0.0.1:8200/wd/hub/session/02d40bfd-ff8a-4f19-92c6-57a371122e8d/element/00000000-0000-0094-ffff-ffff0000002f/value] with body: {"elementId":"00000000-0000-0094-ffff-ffff0000002f","text":"Hii","replace":false,"value":["H","i","i"]}
[debug] &amp#27;[35m[WD Proxy]&amp#27;[39m Got response with status 200: {"sessionId":"02d40bfd-ff8a-4f19-92c6-57a371122e8d","value":null}
[debug] &amp#27;[35m[W3C (7f8b0e2a)]&amp#27;[39m Responding to client with driver.setValue() result: null
&amp#27;[35m[HTTP]&amp#27;[39m &amp#27;[37m<-- POST /wd/hub/session/7f8b0e2a-2108-4375-94b8-098ac600fba3/element/00000000-0000-0094-ffff-ffff0000002f/value &amp#27;[39m&amp#27;[32m200&amp#27;[39m &amp#27;[90m21 ms - 14&amp#27;[39m
&amp#27;[35m[HTTP]&amp#27;[39m &amp#27;[90m&amp#27;[39m
2022-07-28 14:07:584 %-Sp Log4j :68 -Hii
&amp#27;[35m[HTTP]&amp#27;[39m &amp#27;[37m-->&amp#27;[39m &amp#27;[37mPOST&amp#27;[39m &amp#27;[37m/wd/hub/session/7f8b0e2a-2108-4375-94b8-098ac600fba3/element&amp#27;[39m
&amp#27;[35m[HTTP]&amp#27;[39m &amp#27;[90m{"using":"id","value":"io.appium.android.apis:id/sms_send_message"}&amp#27;[39m
[debug] &amp#27;[35m[W3C (7f8b0e2a)]&amp#27;[39m Calling AppiumDriver.findElement() with args: ["id","io.appium.android.apis:id/sms_send_message","7f8b0e2a-2108-4375-94b8-098ac600fba3"]
[debug] &amp#27;[35m[BaseDriver]&amp#27;[39m Valid locator strategies for this request: xpath, id, class name, accessibility id, css selector, -android uiautomator
[debug] &amp#27;[35m[BaseDriver]&amp#27;[39m Waiting up to 0 ms for condition
[debug] &amp#27;[35m[WD Proxy]&amp#27;[39m Matched '/element' to command name 'findElement'
[debug] &amp#27;[35m[WD Proxy]&amp#27;[39m Proxying [POST /element] to [POST http://127.0.0.1:8200/wd/hub/session/02d40bfd-ff8a-4f19-92c6-57a371122e8d/element] with body: {"strategy":"id","selector":"io.appium.android.apis:id/sms_send_message","context":"","multiple":false}
[debug] &amp#27;[35m[WD Proxy]&amp#27;[39m Got response with status 200: {"sessionId":"02d40bfd-ff8a-4f19-92c6-57a371122e8d","value":{"ELEMENT":"00000000-0000-0094-ffff-ffff00000030","element-6066-11e4-a52e-4f735466cecf":"00000000-0000-0094-ffff-ffff00000030"}}
[debug] &amp#27;[35m[W3C (7f8b0e2a)]&amp#27;[39m Responding to client with driver.findElement() result: {"element-6066-11e4-a52e-4f735466cecf":"00000000-0000-0094-ffff-ffff00000030","ELEMENT":"00000000-0000-0094-ffff-ffff00000030"}
&amp#27;[35m[HTTP]&amp#27;[39m &amp#27;[37m<-- POST /wd/hub/session/7f8b0e2a-2108-4375-94b8-098ac600fba3/element &amp#27;[39m&amp#27;[32m200&amp#27;[39m &amp#27;[90m27 ms - 137&amp#27;[39m
&amp#27;[35m[HTTP]&amp#27;[39m &amp#27;[90m&amp#27;[39m
&amp#27;[35m[HTTP]&amp#27;[39m &amp#27;[37m-->&amp#27;[39m &amp#27;[37mPOST&amp#27;[39m &amp#27;[37m/wd/hub/session/7f8b0e2a-2108-4375-94b8-098ac600fba3/element/00000000-0000-0094-ffff-ffff00000030/click&amp#27;[39m
&amp#27;[35m[HTTP]&amp#27;[39m &amp#27;[90m{"id":"00000000-0000-0094-ffff-ffff00000030"}&amp#27;[39m
[debug] &amp#27;[35m[W3C (7f8b0e2a)]&amp#27;[39m Calling AppiumDriver.click() with args: ["00000000-0000-0094-ffff-ffff00000030","7f8b0e2a-2108-4375-94b8-098ac600fba3"]
[debug] &amp#27;[35m[WD Proxy]&amp#27;[39m Matched '/element/00000000-0000-0094-ffff-ffff00000030/click' to command name 'click'
[debug] &amp#27;[35m[WD Proxy]&amp#27;[39m Proxying [POST /element/00000000-0000-0094-ffff-ffff00000030/click] to [POST http://127.0.0.1:8200/wd/hub/session/02d40bfd-ff8a-4f19-92c6-57a371122e8d/element/00000000-0000-0094-ffff-ffff00000030/click] with body: {"element":"00000000-0000-0094-ffff-ffff00000030"}
[debug] &amp#27;[35m[WD Proxy]&amp#27;[39m Got response with status 200: {"sessionId":"02d40bfd-ff8a-4f19-92c6-57a371122e8d","value":null}
[debug] &amp#27;[35m[W3C (7f8b0e2a)]&amp#27;[39m Responding to client with driver.click() result: null
&amp#27;[35m[HTTP]&amp#27;[39m &amp#27;[37m<-- POST /wd/hub/session/7f8b0e2a-2108-4375-94b8-098ac600fba3/element/00000000-0000-0094-ffff-ffff00000030/click &amp#27;[39m&amp#27;[32m200&amp#27;[39m &amp#27;[90m19 ms - 14&amp#27;[39m
&amp#27;[35m[HTTP]&amp#27;[39m &amp#27;[90m&amp#27;[39m
2022-07-28 14:07:668 %-Sp Log4j :54 -Send the details
&amp#27;[35m[HTTP]&amp#27;[39m &amp#27;[37m-->&amp#27;[39m &amp#27;[37mDELETE&amp#27;[39m &amp#27;[37m/wd/hub/session/7f8b0e2a-2108-4375-94b8-098ac600fba3&amp#27;[39m
&amp#27;[35m[HTTP]&amp#27;[39m &amp#27;[90m{}&amp#27;[39m
[debug] &amp#27;[35m[W3C (7f8b0e2a)]&amp#27;[39m Calling AppiumDriver.deleteSession() with args: ["7f8b0e2a-2108-4375-94b8-098ac600fba3"]
[debug] &amp#27;[35m[BaseDriver]&amp#27;[39m Event 'quitSessionRequested' logged at 1658997730679 (14:12:10 GMT+0530 (India Standard Time))
&amp#27;[35m[Appium]&amp#27;[39m Removing session 7f8b0e2a-2108-4375-94b8-098ac600fba3 from our master session list
[debug] &amp#27;[35m[UiAutomator2]&amp#27;[39m Deleting UiAutomator2 session
[debug] &amp#27;[35m[UiAutomator2]&amp#27;[39m Deleting UiAutomator2 server session
[debug] &amp#27;[35m[WD Proxy]&amp#27;[39m Matched '/' to command name 'deleteSession'
[debug] &amp#27;[35m[WD Proxy]&amp#27;[39m Proxying [DELETE /] to [DELETE http://127.0.0.1:8200/wd/hub/session/02d40bfd-ff8a-4f19-92c6-57a371122e8d] with no body
[debug] &amp#27;[35m[WD Proxy]&amp#27;[39m Got response with status 200: {"sessionId":"02d40bfd-ff8a-4f19-92c6-57a371122e8d","value":null}
[debug] &amp#27;[35m[ADB]&amp#27;[39m Running 'C:\Users\pooja05\AppData\Local\Android\Sdk\platform-tools\adb.exe -P 5037 -s emulator-5554 shell am force-stop io.appium.android.apis'
[debug] &amp#27;[35m[Logcat]&amp#27;[39m Stopping logcat capture
[debug] &amp#27;[35m[ADB]&amp#27;[39m Removing forwarded port socket connection: 8200 
[debug] &amp#27;[35m[ADB]&amp#27;[39m Running 'C:\Users\pooja05\AppData\Local\Android\Sdk\platform-tools\adb.exe -P 5037 -s emulator-5554 forward --remove tcp:8200'
[debug] &amp#27;[35m[BaseDriver]&amp#27;[39m Event 'quitSessionFinished' logged at 1658997730819 (14:12:10 GMT+0530 (India Standard Time))
[debug] &amp#27;[35m[W3C (7f8b0e2a)]&amp#27;[39m Received response: null
[debug] &amp#27;[35m[W3C (7f8b0e2a)]&amp#27;[39m But deleting session, so not returning
[debug] &amp#27;[35m[W3C (7f8b0e2a)]&amp#27;[39m Responding to client with driver.deleteSession() result: null
&amp#27;[35m[HTTP]&amp#27;[39m &amp#27;[37m<-- DELETE /wd/hub/session/7f8b0e2a-2108-4375-94b8-098ac600fba3 &amp#27;[39m&amp#27;[32m200&amp#27;[39m &amp#27;[90m141 ms - 14&amp#27;[39m
&amp#27;[35m[HTTP]&amp#27;[39m &amp#27;[90m&amp#27;[39m
&amp#27;[35m[HTTP]&amp#27;[39m &amp#27;[37m-->&amp#27;[39m &amp#27;[37mPOST&amp#27;[39m &amp#27;[37m/wd/hub/session&amp#27;[39m
&amp#27;[35m[HTTP]&amp#27;[39m &amp#27;[90m{"desiredCapabilities":{"app":"src/test/resources/App/ApiDemos-debug.apk","appActivity":".ApiDemos","appPackage":"io.appium.android.apis","platformVersion":"8.1","platformName":"Android","deviceName":"android"},"capabilities":{"alwaysMatch":{"appium:app":"src/test/resources/App/ApiDemos-debug.apk","appium:appActivity":".ApiDemos","appium:appPackage":"io.appium.android.apis","appium:deviceName":"android","platformName":"android","appium:platformVersion":"8.1"},"firstMatch":[{}]}}&amp#27;[39m
[debug] &amp#27;[35m[W3C]&amp#27;[39m Calling AppiumDriver.createSession() with args: [{"app":"src/test/resources/App/ApiDemos-debug.apk","appActivity":".ApiDemos","appPackage":"io.appium.android.apis","platformVersion":"8.1","platformName":"Android","deviceName":"android"},null,{"alwaysMatch":{"appium:app":"src/test/resources/App/ApiDemos-debug.apk","appium:appActivity":".ApiDemos","appium:appPackage":"io.appium.android.apis","appium:deviceName":"android","platformName":"android","appium:platformVersion":"8.1"},"firstMatch":[{}]}]
[debug] &amp#27;[35m[BaseDriver]&amp#27;[39m Event 'newSessionRequested' logged at 1658997730853 (14:12:10 GMT+0530 (India Standard Time))
&amp#27;[35m[Appium]&amp#27;[39m 
&amp#27;[35m[Appium]&amp#27;[39m ======================================================================
&amp#27;[35m[Appium]&amp#27;[39m   DEPRECATION WARNING:
&amp#27;[35m[Appium]&amp#27;[39m 
&amp#27;[35m[Appium]&amp#27;[39m   The 'automationName' capability was not provided in the desired 
&amp#27;[35m[Appium]&amp#27;[39m   capabilities for this Android session
&amp#27;[35m[Appium]&amp#27;[39m 
&amp#27;[35m[Appium]&amp#27;[39m   Setting 'automationName=UiAutomator2' by default and using the 
&amp#27;[35m[Appium]&amp#27;[39m   UiAutomator2 Driver
&amp#27;[35m[Appium]&amp#27;[39m 
&amp#27;[35m[Appium]&amp#27;[39m   The next major version of Appium (2.x) will **require** the 
&amp#27;[35m[Appium]&amp#27;[39m   'automationName' capability to be set for all sessions on all 
&amp#27;[35m[Appium]&amp#27;[39m   platforms
&amp#27;[35m[Appium]&amp#27;[39m 
&amp#27;[35m[Appium]&amp#27;[39m   In previous versions (Appium <= 1.13.x), the default was 
&amp#27;[35m[Appium]&amp#27;[39m   'automationName=UiAutomator1'
&amp#27;[35m[Appium]&amp#27;[39m 
&amp#27;[35m[Appium]&amp#27;[39m   If you wish to use that automation instead of UiAutomator2, please 
&amp#27;[35m[Appium]&amp#27;[39m   add 'automationName=UiAutomator1' to your desired capabilities
&amp#27;[35m[Appium]&amp#27;[39m 
&amp#27;[35m[Appium]&amp#27;[39m   For more information about drivers, please visit 
&amp#27;[35m[Appium]&amp#27;[39m   http://appium.io/docs/en/about-appium/intro/ and explore the 
&amp#27;[35m[Appium]&amp#27;[39m   'Drivers' menu
&amp#27;[35m[Appium]&amp#27;[39m 
&amp#27;[35m[Appium]&amp#27;[39m ======================================================================
&amp#27;[35m[Appium]&amp#27;[39m 
&amp#27;[35m[Appium]&amp#27;[39m Appium v1.22.3 creating new AndroidUiautomator2Driver (v1.70.1) session
[debug] &amp#27;[35m[BaseDriver]&amp#27;[39m W3C capabilities and MJSONWP desired capabilities were provided
[debug] &amp#27;[35m[BaseDriver]&amp#27;[39m Creating session with W3C capabilities: {
[debug] &amp#27;[35m[BaseDriver]&amp#27;[39m   "alwaysMatch": {
[debug] &amp#27;[35m[BaseDriver]&amp#27;[39m     "platformName": "android",
[debug] &amp#27;[35m[BaseDriver]&amp#27;[39m     "appium:app": "src/test/resources/App/ApiDemos-debug.apk",
[debug] &amp#27;[35m[BaseDriver]&amp#27;[39m     "appium:appActivity": ".ApiDemos",
[debug] &amp#27;[35m[BaseDriver]&amp#27;[39m     "appium:appPackage": "io.appium.android.apis",
[debug] &amp#27;[35m[BaseDriver]&amp#27;[39m     "appium:deviceName": "android",
[debug] &amp#27;[35m[BaseDriver]&amp#27;[39m     "appium:platformVersion": "8.1"
[debug] &amp#27;[35m[BaseDriver]&amp#27;[39m   },
[debug] &amp#27;[35m[BaseDriver]&amp#27;[39m   "firstMatch": [
[debug] &amp#27;[35m[BaseDriver]&amp#27;[39m     {}
[debug] &amp#27;[35m[BaseDriver]&amp#27;[39m   ]
[debug] &amp#27;[35m[BaseDriver]&amp#27;[39m }
&amp#27;[35m[BaseDriver]&amp#27;[39m Session created with session id: a9b000d2-9ea1-4300-9c54-1e4170b4c544
&amp#27;[35m[BaseDriver]&amp#27;[39m Using local app 'src/test/resources/App/ApiDemos-debug.apk'
&amp#27;[35m[BaseDriver]&amp#27;[39m The current application path 'src/test/resources/App/ApiDemos-debug.apk' is not absolute and has been rewritten to 'C:\Users\pooja05\eclipse-workspace\ExitTest\src\test\resources\App\ApiDemos-debug.apk'. Consider using absolute paths rather than relative
[debug] &amp#27;[35m[UiAutomator2]&amp#27;[39m Checking whether app is actually present
&amp#27;[35m[ADB]&amp#27;[39m Using 'adb.exe' from 'C:\Users\pooja05\AppData\Local\Android\Sdk\platform-tools\adb.exe'
[debug] &amp#27;[35m[ADB]&amp#27;[39m Running 'C:\Users\pooja05\AppData\Local\Android\Sdk\platform-tools\adb.exe -P 5037 start-server'
&amp#27;[35m[AndroidDriver]&amp#27;[39m Retrieving device list
[debug] &amp#27;[35m[ADB]&amp#27;[39m Trying to find a connected android device
[debug] &amp#27;[35m[ADB]&amp#27;[39m Getting connected devices
[debug] &amp#27;[35m[ADB]&amp#27;[39m Connected devices: [{"udid":"emulator-5554","state":"device"}]
&amp#27;[35m[AndroidDriver]&amp#27;[39m Looking for a device with Android '8.1.0'
[debug] &amp#27;[35m[ADB]&amp#27;[39m Setting device id to emulator-5554
&amp#27;[35m[ADB]&amp#27;[39m Getting device platform version
[debug] &amp#27;[35m[ADB]&amp#27;[39m Running 'C:\Users\pooja05\AppData\Local\Android\Sdk\platform-tools\adb.exe -P 5037 -s emulator-5554 shell getprop ro.build.version.release'
[debug] &amp#27;[35m[ADB]&amp#27;[39m Current device property 'ro.build.version.release': 8.1.0
&amp#27;[35m[AndroidDriver]&amp#27;[39m Using device: emulator-5554
&amp#27;[35m[ADB]&amp#27;[39m Using 'adb.exe' from 'C:\Users\pooja05\AppData\Local\Android\Sdk\platform-tools\adb.exe'
[debug] &amp#27;[35m[ADB]&amp#27;[39m Running 'C:\Users\pooja05\AppData\Local\Android\Sdk\platform-tools\adb.exe -P 5037 start-server'
[debug] &amp#27;[35m[Instrumentation]&amp#27;[39m .
[debug] &amp#27;[35m[ADB]&amp#27;[39m Setting device id to emulator-5554
[debug] &amp#27;[35m[ADB]&amp#27;[39m Running 'C:\Users\pooja05\AppData\Local\Android\Sdk\platform-tools\adb.exe -P 5037 -s emulator-5554 shell getprop ro.build.version.sdk'
[debug] &amp#27;[35m[ADB]&amp#27;[39m Current device property 'ro.build.version.sdk': 27
[debug] &amp#27;[35m[ADB]&amp#27;[39m Device API level: 27
[debug] &amp#27;[35m[ADB]&amp#27;[39m Running 'C:\Users\pooja05\AppData\Local\Android\Sdk\platform-tools\adb.exe -P 5037 -s emulator-5554 wait-for-device'
[debug] &amp#27;[35m[ADB]&amp#27;[39m Running 'C:\Users\pooja05\AppData\Local\Android\Sdk\platform-tools\adb.exe -P 5037 -s emulator-5554 shell echo ping'
[debug] &amp#27;[35m[AndroidDriver]&amp#27;[39m Pushing settings apk to device...
[debug] &amp#27;[35m[ADB]&amp#27;[39m Getting install status for io.appium.settings
[debug] &amp#27;[35m[ADB]&amp#27;[39m Running 'C:\Users\pooja05\AppData\Local\Android\Sdk\platform-tools\adb.exe -P 5037 -s emulator-5554 shell dumpsys package io.appium.settings'
[debug] &amp#27;[35m[ADB]&amp#27;[39m 'io.appium.settings' is installed
[debug] &amp#27;[35m[ADB]&amp#27;[39m Getting package info for 'io.appium.settings'
[debug] &amp#27;[35m[ADB]&amp#27;[39m Running 'C:\Users\pooja05\AppData\Local\Android\Sdk\platform-tools\adb.exe -P 5037 -s emulator-5554 shell dumpsys package io.appium.settings'
[debug] &amp#27;[35m[ADB]&amp#27;[39m The version name of the installed 'io.appium.settings' is greater or equal to the application version name ('3.4.0' >= '3.4.0')
[debug] &amp#27;[35m[ADB]&amp#27;[39m There is no need to install/upgrade 'C:\Users\pooja05\AppData\Roaming\npm\node_modules\appium\node_modules\io.appium.settings\apks\settings_apk-debug.apk'
[debug] &amp#27;[35m[ADB]&amp#27;[39m Getting IDs of all 'io.appium.settings' processes
[debug] &amp#27;[35m[ADB]&amp#27;[39m Running 'C:\Users\pooja05\AppData\Local\Android\Sdk\platform-tools\adb.exe -P 5037 -s emulator-5554 shell 'pgrep --help; echo $?''
[debug] &amp#27;[35m[ADB]&amp#27;[39m Running 'C:\Users\pooja05\AppData\Local\Android\Sdk\platform-tools\adb.exe -P 5037 -s emulator-5554 shell pgrep -f \(\[\[:blank:\]\]\|\^\)io\.appium\.settings\(\[\[:blank:\]\]\|\$\)'
[debug] &amp#27;[35m[AndroidDriver]&amp#27;[39m io.appium.settings is already running. There is no need to reset its permissions.
[debug] &amp#27;[35m[Logcat]&amp#27;[39m Starting logs capture with command: C:\\Users\\pooja05\\AppData\\Local\\Android\\Sdk\\platform-tools\\adb.exe -P 5037 -s emulator-5554 logcat -v threadtime
[debug] &amp#27;[35m[UiAutomator2]&amp#27;[39m Forwarding UiAutomator2 Server port 6790 to local port 8200
[debug] &amp#27;[35m[ADB]&amp#27;[39m Forwarding system: 8200 to device: 6790
[debug] &amp#27;[35m[ADB]&amp#27;[39m Running 'C:\Users\pooja05\AppData\Local\Android\Sdk\platform-tools\adb.exe -P 5037 -s emulator-5554 forward tcp:8200 tcp:6790'
[debug] &amp#27;[35m[ADB]&amp#27;[39m Getting install status for io.appium.uiautomator2.server
[debug] &amp#27;[35m[ADB]&amp#27;[39m Running 'C:\Users\pooja05\AppData\Local\Android\Sdk\platform-tools\adb.exe -P 5037 -s emulator-5554 shell dumpsys package io.appium.uiautomator2.server'
[debug] &amp#27;[35m[ADB]&amp#27;[39m 'io.appium.uiautomator2.server' is installed
[debug] &amp#27;[35m[ADB]&amp#27;[39m Getting package info for 'io.appium.uiautomator2.server'
[debug] &amp#27;[35m[ADB]&amp#27;[39m Running 'C:\Users\pooja05\AppData\Local\Android\Sdk\platform-tools\adb.exe -P 5037 -s emulator-5554 shell dumpsys package io.appium.uiautomator2.server'
[debug] &amp#27;[35m[ADB]&amp#27;[39m The version name of the installed 'io.appium.uiautomator2.server' is greater or equal to the application version name ('4.27.0' >= '4.27.0')
[debug] &amp#27;[35m[UiAutomator2]&amp#27;[39m io.appium.uiautomator2.server installation state: sameVersionInstalled
[debug] &amp#27;[35m[ADB]&amp#27;[39m Checking app cert for C:\Users\pooja05\AppData\Roaming\npm\node_modules\appium\node_modules\appium-uiautomator2-server\apks\appium-uiautomator2-server-v4.27.0.apk
[debug] &amp#27;[35m[ADB]&amp#27;[39m Using the previously cached signature entry for 'appium-uiautomator2-server-v4.27.0.apk'
[debug] &amp#27;[35m[ADB]&amp#27;[39m sha256 hash did match for 'appium-uiautomator2-server-v4.27.0.apk'
[debug] &amp#27;[35m[ADB]&amp#27;[39m Getting install status for io.appium.uiautomator2.server.test
[debug] &amp#27;[35m[ADB]&amp#27;[39m Running 'C:\Users\pooja05\AppData\Local\Android\Sdk\platform-tools\adb.exe -P 5037 -s emulator-5554 shell dumpsys package io.appium.uiautomator2.server.test'
[debug] &amp#27;[35m[ADB]&amp#27;[39m 'io.appium.uiautomator2.server.test' is installed
[debug] &amp#27;[35m[ADB]&amp#27;[39m Checking app cert for C:\Users\pooja05\AppData\Roaming\npm\node_modules\appium\node_modules\appium-uiautomator2-server\apks\appium-uiautomator2-server-debug-androidTest.apk
[debug] &amp#27;[35m[ADB]&amp#27;[39m Using the previously cached signature entry for 'appium-uiautomator2-server-debug-androidTest.apk'
[debug] &amp#27;[35m[ADB]&amp#27;[39m sha256 hash did match for 'appium-uiautomator2-server-debug-androidTest.apk'
&amp#27;[35m[UiAutomator2]&amp#27;[39m Server packages are not going to be (re)installed
[debug] &amp#27;[35m[UiAutomator2]&amp#27;[39m Waiting up to 30000ms for services to be available
[debug] &amp#27;[35m[ADB]&amp#27;[39m Running 'C:\Users\pooja05\AppData\Local\Android\Sdk\platform-tools\adb.exe -P 5037 -s emulator-5554 shell pm list instrumentation'
[debug] &amp#27;[35m[UiAutomator2]&amp#27;[39m Instrumentation target 'io.appium.uiautomator2.server.test/androidx.test.runner.AndroidJUnitRunner' is available
&amp#27;[35m[ADB]&amp#27;[39m Adding packages ["io.appium.settings","io.appium.uiautomator2.server","io.appium.uiautomator2.server.test"] to Doze whitelist
[debug] &amp#27;[35m[ADB]&amp#27;[39m Got the following command chunks to execute: [["dumpsys","deviceidle","whitelist","+io.appium.settings",";","dumpsys","deviceidle","whitelist","+io.appium.uiautomator2.server",";","dumpsys","deviceidle","whitelist","+io.appium.uiautomator2.server.test",";"]]
[debug] &amp#27;[35m[ADB]&amp#27;[39m Running 'C:\Users\pooja05\AppData\Local\Android\Sdk\platform-tools\adb.exe -P 5037 -s emulator-5554 shell dumpsys deviceidle whitelist +io.appium.settings ; dumpsys deviceidle whitelist +io.appium.uiautomator2.server ; dumpsys deviceidle whitelist +io.appium.uiautomator2.server.test ;'
[debug] &amp#27;[35m[ADB]&amp#27;[39m Checking app cert for C:\Users\pooja05\eclipse-workspace\ExitTest\src\test\resources\App\ApiDemos-debug.apk
[debug] &amp#27;[35m[ADB]&amp#27;[39m Using the previously cached signature entry for 'ApiDemos-debug.apk'
[debug] &amp#27;[35m[ADB]&amp#27;[39m Getting install status for io.appium.android.apis
[debug] &amp#27;[35m[ADB]&amp#27;[39m Running 'C:\Users\pooja05\AppData\Local\Android\Sdk\platform-tools\adb.exe -P 5037 -s emulator-5554 shell dumpsys package io.appium.android.apis'
[debug] &amp#27;[35m[ADB]&amp#27;[39m 'io.appium.android.apis' is installed
[debug] &amp#27;[35m[ADB]&amp#27;[39m Getting package info for 'io.appium.android.apis'
[debug] &amp#27;[35m[ADB]&amp#27;[39m Running 'C:\Users\pooja05\AppData\Local\Android\Sdk\platform-tools\adb.exe -P 5037 -s emulator-5554 shell dumpsys package io.appium.android.apis'
&amp#27;[35m[ADB]&amp#27;[39m Cannot read version codes of 'C:\Users\pooja05\eclipse-workspace\ExitTest\src\test\resources\App\ApiDemos-debug.apk' and/or 'io.appium.android.apis'
&amp#27;[35m[ADB]&amp#27;[39m Cannot read version names of 'C:\Users\pooja05\eclipse-workspace\ExitTest\src\test\resources\App\ApiDemos-debug.apk' and/or 'io.appium.android.apis'
[debug] &amp#27;[35m[ADB]&amp#27;[39m The current install state of 'C:\Users\pooja05\eclipse-workspace\ExitTest\src\test\resources\App\ApiDemos-debug.apk' is unknown. Installing anyway
[debug] &amp#27;[35m[ADB]&amp#27;[39m Running 'C:\Users\pooja05\AppData\Local\Android\Sdk\platform-tools\adb.exe -P 5037 -s emulator-5554 features'
&amp#27;[35m[ADB]&amp#27;[39m The application at 'C:\Users\pooja05\eclipse-workspace\ExitTest\src\test\resources\App\ApiDemos-debug.apk' will not be cached, because the device under test has confirmed the support of streamed installs
[debug] &amp#27;[35m[ADB]&amp#27;[39m Running 'C:\Users\pooja05\AppData\Local\Android\Sdk\platform-tools\adb.exe -P 5037 -s emulator-5554 install -r C:\Users\pooja05\eclipse-workspace\ExitTest\src\test\resources\App\ApiDemos-debug.apk'
&amp#27;[35m[ADB]&amp#27;[39m The installation of 'ApiDemos-debug.apk' took 432ms
[debug] &amp#27;[35m[ADB]&amp#27;[39m Install command stdout: Performing Streamed Install
[debug] &amp#27;[35m[ADB]&amp#27;[39m Success
&amp#27;[35m[AndroidDriver]&amp#27;[39m Performing fast reset on 'io.appium.android.apis'
[debug] &amp#27;[35m[ADB]&amp#27;[39m Getting install status for io.appium.android.apis
[debug] &amp#27;[35m[ADB]&amp#27;[39m Running 'C:\Users\pooja05\AppData\Local\Android\Sdk\platform-tools\adb.exe -P 5037 -s emulator-5554 shell dumpsys package io.appium.android.apis'
[debug] &amp#27;[35m[ADB]&amp#27;[39m 'io.appium.android.apis' is installed
[debug] &amp#27;[35m[ADB]&amp#27;[39m Running 'C:\Users\pooja05\AppData\Local\Android\Sdk\platform-tools\adb.exe -P 5037 -s emulator-5554 shell am force-stop io.appium.android.apis'
[debug] &amp#27;[35m[ADB]&amp#27;[39m Running 'C:\Users\pooja05\AppData\Local\Android\Sdk\platform-tools\adb.exe -P 5037 -s emulator-5554 shell pm clear io.appium.android.apis'
[debug] &amp#27;[35m[AndroidDriver]&amp#27;[39m Performed fast reset on the installed 'io.appium.android.apis' application (stop and clear)
[debug] &amp#27;[35m[UiAutomator2]&amp#27;[39m Performing shallow cleanup of automation leftovers
[debug] &amp#27;[35m[UiAutomator2]&amp#27;[39m No obsolete sessions have been detected (socket hang up)
[debug] &amp#27;[35m[ADB]&amp#27;[39m Running 'C:\Users\pooja05\AppData\Local\Android\Sdk\platform-tools\adb.exe -P 5037 -s emulator-5554 shell am force-stop io.appium.uiautomator2.server.test'
&amp#27;[35m[UiAutomator2]&amp#27;[39m Starting UIAutomator2 server 4.27.0
&amp#27;[35m[UiAutomator2]&amp#27;[39m Using UIAutomator2 server from 'C:\Users\pooja05\AppData\Roaming\npm\node_modules\appium\node_modules\appium-uiautomator2-server\apks\appium-uiautomator2-server-v4.27.0.apk' and test from 'C:\Users\pooja05\AppData\Roaming\npm\node_modules\appium\node_modules\appium-uiautomator2-server\apks\appium-uiautomator2-server-debug-androidTest.apk'
&amp#27;[35m[UiAutomator2]&amp#27;[39m Waiting up to 30000ms for UiAutomator2 to be online...
[debug] &amp#27;[35m[ADB]&amp#27;[39m Creating ADB subprocess with args: ["-P",5037,"-s","emulator-5554","shell","am","instrument","-w","-e","disableAnalytics",true,"io.appium.uiautomator2.server.test/androidx.test.runner.AndroidJUnitRunner"]
[debug] &amp#27;[35m[WD Proxy]&amp#27;[39m Matched '/status' to command name 'getStatus'
[debug] &amp#27;[35m[WD Proxy]&amp#27;[39m Proxying [GET /status] to [GET http://127.0.0.1:8200/wd/hub/status] with no body
&amp#27;[35m[WD Proxy]&amp#27;[39m socket hang up
[debug] &amp#27;[35m[Instrumentation]&amp#27;[39m INSTRUMENTATION_RESULT: shortMsg=Process crashed.
[debug] &amp#27;[35m[Instrumentation]&amp#27;[39m INSTRUMENTATION_CODE: 0
[debug] &amp#27;[35m[Instrumentation]&amp#27;[39m The process has exited with code 0
[debug] &amp#27;[35m[Instrumentation]&amp#27;[39m io.appium.uiautomator2.server.test.AppiumUiAutomator2Server:
[debug] &amp#27;[35m[WD Proxy]&amp#27;[39m Matched '/status' to command name 'getStatus'
[debug] &amp#27;[35m[WD Proxy]&amp#27;[39m Proxying [GET /status] to [GET http://127.0.0.1:8200/wd/hub/status] with no body
&amp#27;[35m[WD Proxy]&amp#27;[39m socket hang up
[debug] &amp#27;[35m[WD Proxy]&amp#27;[39m Matched '/status' to command name 'getStatus'
[debug] &amp#27;[35m[WD Proxy]&amp#27;[39m Proxying [GET /status] to [GET http://127.0.0.1:8200/wd/hub/status] with no body
[debug] &amp#27;[35m[WD Proxy]&amp#27;[39m Got response with status 200: {"sessionId":"None","value":{"message":"UiAutomator2 Server is ready to accept commands","ready":true}}
[debug] &amp#27;[35m[UiAutomator2]&amp#27;[39m The initialization of the instrumentation process took 2114ms
[debug] &amp#27;[35m[WD Proxy]&amp#27;[39m Matched '/session' to command name 'createSession'
[debug] &amp#27;[35m[WD Proxy]&amp#27;[39m Proxying [POST /session] to [POST http://127.0.0.1:8200/wd/hub/session] with body: {"capabilities":{"firstMatch":[{"platform":"LINUX","webStorageEnabled":false,"takesScreenshot":true,"javascriptEnabled":true,"databaseEnabled":false,"networkConnectionEnabled":true,"locationContextEnabled":false,"warnings":{},"desired":{"platformName":"android","app":"src/test/resources/App/ApiDemos-debug.apk","appActivity":".ApiDemos","appPackage":"io.appium.android.apis","deviceName":"android","platformVersion":"8.1"},"platformName":"android","app":"src/test/resources/App/ApiDemos-debug.apk","appActivity":".ApiDemos","appPackage":"io.appium.android.apis","deviceName":"emulator-5554","platformVersion":"8.1","deviceUDID":"emulator-5554"}],"alwaysMatch":{}}}
[debug] &amp#27;[35m[WD Proxy]&amp#27;[39m Got response with status 200: {"sessionId":"4df367f8-23c3-4c4b-a587-189b214cae01","value":{"capabilities":{"firstMatch":[{"platform":"LINUX","webStorageEnabled":false,"takesScreenshot":true,"javascriptEnabled":true,"databaseEnabled":false,"networkConnectionEnabled":true,"locationContextEnabled":false,"warnings":{},"desired":{"platformName":"android","app":"src/test/resources/App/ApiDemos-debug.apk","appActivity":".ApiDemos","appPackage":"io.appium.android.apis","deviceName":"android","platformVersion":"8.1"},"platformName":"android","app":"src/test/resources/App/ApiDemos-debug.apk","appActivity":".ApiDemos","appPackage":"io.appium.android.apis","deviceName":"emulator-5554","platformVersion":"8.1","deviceUDID":"emulator-5554"}],"alwaysMatch":{}},"sessionId":"4df367f8-23c3-4c4b-a587-189b214cae01"}}
&amp#27;[35m[WD Proxy]&amp#27;[39m Determined the downstream protocol as 'W3C'
[debug] &amp#27;[35m[WD Proxy]&amp#27;[39m Proxying [GET /appium/device/info] to [GET http://127.0.0.1:8200/wd/hub/session/4df367f8-23c3-4c4b-a587-189b214cae01/appium/device/info] with no body
[debug] &amp#27;[35m[WD Proxy]&amp#27;[39m Got response with status 200: {"sessionId":"4df367f8-23c3-4c4b-a587-189b214cae01","value":{"androidId":"422d6ee91807b345","apiVersion":"27","bluetooth":null,"brand":"google","carrierName":"Android","displayDensity":420,"locale":"en_US","manufacturer":"Google","model":"Android SDK built for x86","networks":[{"capabilities":{"SSID":null,"linkDownBandwidthKbps":102400,"linkUpstreamBandwidthKbps":51200,"networkCapabilities":"NET_CAPABILITY_MMS,NET_CAPABILITY_SUPL,NET_CAPABILITY_DUN,NET_CAPABILITY_FOTA,NET_CAPABILITY_IMS,NET_CAPABILITY_CBS,NET_CAPABILITY_IA,NET_CAPABILITY_INTERNET,NET_CAPABILITY_NOT_RESTRICTED,NET_CAPABILITY_TRUSTED,NET_CAPABILITY_NOT_VPN,NET_CAPABILITY_VALIDATED","signalStrength":-2147483648,"transportTypes":"TRANSPORT_CELLULAR"},"detailedState":"CONNECTED","extraInfo":"epc.tmobile.com","isAvailable":true,"isConnected":true,"isFailover":false,"isRoaming":false,"state":"CONNECTED","subtype":13,"subtypeName":"LTE","type":0,"typeName":"MOBILE"},{"capabilities":{"SSID":null,"linkDownBandwidthKbps":1048576,"linkUpstreamBandwidt...
[debug] &amp#27;[35m[ADB]&amp#27;[39m Running 'C:\Users\pooja05\AppData\Local\Android\Sdk\platform-tools\adb.exe -P 5037 -s emulator-5554 shell dumpsys window'
&amp#27;[35m[AndroidDriver]&amp#27;[39m Screen already unlocked, doing nothing
&amp#27;[35m[UiAutomator2]&amp#27;[39m Starting 'io.appium.android.apis/.ApiDemos and waiting for 'io.appium.android.apis/.ApiDemos'
[debug] &amp#27;[35m[ADB]&amp#27;[39m Running 'C:\Users\pooja05\AppData\Local\Android\Sdk\platform-tools\adb.exe -P 5037 -s emulator-5554 shell am start -W -n io.appium.android.apis/.ApiDemos -S -a android.intent.action.MAIN -c android.intent.category.LAUNCHER -f 0x10200000'
[debug] &amp#27;[35m[WD Proxy]&amp#27;[39m Proxying [GET /appium/device/pixel_ratio] to [GET http://127.0.0.1:8200/wd/hub/session/4df367f8-23c3-4c4b-a587-189b214cae01/appium/device/pixel_ratio] with no body
[debug] &amp#27;[35m[WD Proxy]&amp#27;[39m Got response with status 200: {"sessionId":"4df367f8-23c3-4c4b-a587-189b214cae01","value":2.625}
[debug] &amp#27;[35m[WD Proxy]&amp#27;[39m Matched '/appium/device/system_bars' to command name 'getSystemBars'
[debug] &amp#27;[35m[WD Proxy]&amp#27;[39m Proxying [GET /appium/device/system_bars] to [GET http://127.0.0.1:8200/wd/hub/session/4df367f8-23c3-4c4b-a587-189b214cae01/appium/device/system_bars] with no body
[debug] &amp#27;[35m[WD Proxy]&amp#27;[39m Got response with status 200: {"sessionId":"4df367f8-23c3-4c4b-a587-189b214cae01","value":{"statusBar":63}}
[debug] &amp#27;[35m[WD Proxy]&amp#27;[39m Matched '/window/current/size' to command name 'getWindowSize'
[debug] &amp#27;[35m[WD Proxy]&amp#27;[39m Proxying [GET /window/current/size] to [GET http://127.0.0.1:8200/wd/hub/session/4df367f8-23c3-4c4b-a587-189b214cae01/window/current/size] with no body
[debug] &amp#27;[35m[WD Proxy]&amp#27;[39m Got response with status 200: {"sessionId":"4df367f8-23c3-4c4b-a587-189b214cae01","value":{"height":1794,"width":1080}}
&amp#27;[35m[Appium]&amp#27;[39m New AndroidUiautomator2Driver session created successfully, session a9b000d2-9ea1-4300-9c54-1e4170b4c544 added to master session list
[debug] &amp#27;[35m[BaseDriver]&amp#27;[39m Event 'newSessionStarted' logged at 1658997736377 (14:12:16 GMT+0530 (India Standard Time))
[debug] &amp#27;[35m[W3C (a9b000d2)]&amp#27;[39m Cached the protocol value 'W3C' for the new session a9b000d2-9ea1-4300-9c54-1e4170b4c544
[debug] &amp#27;[35m[W3C (a9b000d2)]&amp#27;[39m Responding to client with driver.createSession() result: {"capabilities":{"platform":"LINUX","webStorageEnabled":false,"takesScreenshot":true,"javascriptEnabled":true,"databaseEnabled":false,"networkConnectionEnabled":true,"locationContextEnabled":false,"warnings":{},"desired":{"platformName":"android","app":"src/test/resources/App/ApiDemos-debug.apk","appActivity":".ApiDemos","appPackage":"io.appium.android.apis","deviceName":"android","platformVersion":"8.1"},"platformName":"android","app":"src/test/resources/App/ApiDemos-debug.apk","appActivity":".ApiDemos","appPackage":"io.appium.android.apis","deviceName":"emulator-5554","platformVersion":"8.1.0","deviceUDID":"emulator-5554","deviceApiLevel":27,"deviceScreenSize":"1080x1920","deviceScreenDensity":420,"deviceModel":"Android SDK built for x86","deviceManufacturer":"Google","pixelRatio":2.625,"statBarHeight":63,"viewportRect":{"left":0,"top":63,"width":1080,"height":1731}}}
&amp#27;[35m[HTTP]&amp#27;[39m &amp#27;[37m<-- POST /wd/hub/session &amp#27;[39m&amp#27;[32m200&amp#27;[39m &amp#27;[90m5528 ms - 943&amp#27;[39m
&amp#27;[35m[HTTP]&amp#27;[39m &amp#27;[90m&amp#27;[39m
&amp#27;[35m[HTTP]&amp#27;[39m &amp#27;[37m-->&amp#27;[39m &amp#27;[37mGET&amp#27;[39m &amp#27;[37m/wd/hub/session/a9b000d2-9ea1-4300-9c54-1e4170b4c544&amp#27;[39m
&amp#27;[35m[HTTP]&amp#27;[39m &amp#27;[90m{}&amp#27;[39m
[debug] &amp#27;[35m[W3C (a9b000d2)]&amp#27;[39m Calling AppiumDriver.getSession() with args: ["a9b000d2-9ea1-4300-9c54-1e4170b4c544"]
[debug] &amp#27;[35m[UiAutomator2]&amp#27;[39m Getting session details from server to mix in
[debug] &amp#27;[35m[WD Proxy]&amp#27;[39m Matched '/' to command name 'getSession'
[debug] &amp#27;[35m[WD Proxy]&amp#27;[39m Proxying [GET /] to [GET http://127.0.0.1:8200/wd/hub/session/4df367f8-23c3-4c4b-a587-189b214cae01] with no body
[debug] &amp#27;[35m[WD Proxy]&amp#27;[39m Got response with status 200: {"sessionId":"4df367f8-23c3-4c4b-a587-189b214cae01","value":{"lastScrollData":null}}
[debug] &amp#27;[35m[W3C (a9b000d2)]&amp#27;[39m Responding to client with driver.getSession() result: {"platform":"LINUX","webStorageEnabled":false,"takesScreenshot":true,"javascriptEnabled":true,"databaseEnabled":false,"networkConnectionEnabled":true,"locationContextEnabled":false,"warnings":{},"desired":{"platformName":"android","app":"src/test/resources/App/ApiDemos-debug.apk","appActivity":".ApiDemos","appPackage":"io.appium.android.apis","deviceName":"android","platformVersion":"8.1"},"platformName":"android","app":"src/test/resources/App/ApiDemos-debug.apk","appActivity":".ApiDemos","appPackage":"io.appium.android.apis","deviceName":"emulator-5554","platformVersion":"8.1.0","deviceUDID":"emulator-5554","deviceApiLevel":27,"deviceScreenSize":"1080x1920","deviceScreenDensity":420,"deviceModel":"Android SDK built for x86","deviceManufacturer":"Google","pixelRatio":2.625,"statBarHeight":63,"viewportRect":{"left":0,"top":63,"width":1080,"height":1731},"lastScrollData":null}
&amp#27;[35m[HTTP]&amp#27;[39m &amp#27;[37m<-- GET /wd/hub/session/a9b000d2-9ea1-4300-9c54-1e4170b4c544 &amp#27;[39m&amp#27;[32m200&amp#27;[39m &amp#27;[90m12 ms - 897&amp#27;[39m
&amp#27;[35m[HTTP]&amp#27;[39m &amp#27;[90m&amp#27;[39m
&amp#27;[35m[HTTP]&amp#27;[39m &amp#27;[37m-->&amp#27;[39m &amp#27;[37mGET&amp#27;[39m &amp#27;[37m/wd/hub/session/a9b000d2-9ea1-4300-9c54-1e4170b4c544&amp#27;[39m
&amp#27;[35m[HTTP]&amp#27;[39m &amp#27;[90m{}&amp#27;[39m
[debug] &amp#27;[35m[W3C (a9b000d2)]&amp#27;[39m Calling AppiumDriver.getSession() with args: ["a9b000d2-9ea1-4300-9c54-1e4170b4c544"]
[debug] &amp#27;[35m[UiAutomator2]&amp#27;[39m Getting session details from server to mix in
[debug] &amp#27;[35m[WD Proxy]&amp#27;[39m Matched '/' to command name 'getSession'
[debug] &amp#27;[35m[WD Proxy]&amp#27;[39m Proxying [GET /] to [GET http://127.0.0.1:8200/wd/hub/session/4df367f8-23c3-4c4b-a587-189b214cae01] with no body
[debug] &amp#27;[35m[WD Proxy]&amp#27;[39m Got response with status 200: {"sessionId":"4df367f8-23c3-4c4b-a587-189b214cae01","value":{"lastScrollData":null}}
[debug] &amp#27;[35m[W3C (a9b000d2)]&amp#27;[39m Responding to client with driver.getSession() result: {"platform":"LINUX","webStorageEnabled":false,"takesScreenshot":true,"javascriptEnabled":true,"databaseEnabled":false,"networkConnectionEnabled":true,"locationContextEnabled":false,"warnings":{},"desired":{"platformName":"android","app":"src/test/resources/App/ApiDemos-debug.apk","appActivity":".ApiDemos","appPackage":"io.appium.android.apis","deviceName":"android","platformVersion":"8.1"},"platformName":"android","app":"src/test/resources/App/ApiDemos-debug.apk","appActivity":".ApiDemos","appPackage":"io.appium.android.apis","deviceName":"emulator-5554","platformVersion":"8.1.0","deviceUDID":"emulator-5554","deviceApiLevel":27,"deviceScreenSize":"1080x1920","deviceScreenDensity":420,"deviceModel":"Android SDK built for x86","deviceManufacturer":"Google","pixelRatio":2.625,"statBarHeight":63,"viewportRect":{"left":0,"top":63,"width":1080,"height":1731},"lastScrollData":null}
&amp#27;[35m[HTTP]&amp#27;[39m &amp#27;[37m<-- GET /wd/hub/session/a9b000d2-9ea1-4300-9c54-1e4170b4c544 &amp#27;[39m&amp#27;[32m200&amp#27;[39m &amp#27;[90m10 ms - 897&amp#27;[39m
&amp#27;[35m[HTTP]&amp#27;[39m &amp#27;[90m&amp#27;[39m

  @tag
  Scenario Outline: OS Functionality  &amp#27;[90m# Graphic.feature:23&amp#27;[0m
    &amp#27;[32mGiven &amp#27;[0m&amp#27;[32mTap on the OS button&amp#27;[0m        &amp#27;[90m# GraphicFeature.tap_on_the_OS_button()&amp#27;[0m
    &amp#27;[32mWhen &amp#27;[0m&amp#27;[32mclick on message&amp#27;[0m             &amp#27;[90m# GraphicFeature.click_on_message()&amp#27;[0m
    &amp#27;[32mAnd &amp#27;[0m&amp#27;[32menter the receipient "&amp#27;[0m&amp#27;[32m&amp#27;[1mPanchi&amp#27;[0m&amp#27;[32m"&amp#27;[0m &amp#27;[90m# GraphicFeature.enter_the_receipient(String)&amp#27;[0m
    &amp#27;[32mAnd &amp#27;[0m&amp#27;[32menter the message "&amp#27;[0m&amp#27;[32m&amp#27;[1mHii&amp#27;[0m&amp#27;[32m"&amp#27;[0m       &amp#27;[90m# GraphicFeature.enter_the_message(String)&amp#27;[0m
    &amp#27;[32mThen &amp#27;[0m&amp#27;[32mClick on the send&amp#27;[0m            &amp#27;[90m# GraphicFeature.click_on_the_send()&amp#27;[0m
&amp#27;[35m[HTTP]&amp#27;[39m &amp#27;[37m-->&amp#27;[39m &amp#27;[37mPOST&amp#27;[39m &amp#27;[37m/wd/hub/session/a9b000d2-9ea1-4300-9c54-1e4170b4c544/element&amp#27;[39m
&amp#27;[35m[HTTP]&amp#27;[39m &amp#27;[90m{"using":"xpath","value":"//android.widget.TextView[@content-desc=\"OS\"]"}&amp#27;[39m
[debug] &amp#27;[35m[W3C (a9b000d2)]&amp#27;[39m Calling AppiumDriver.findElement() with args: ["xpath","//android.widget.TextView[@content-desc=\"OS\"]","a9b000d2-9ea1-4300-9c54-1e4170b4c544"]
[debug] &amp#27;[35m[BaseDriver]&amp#27;[39m Valid locator strategies for this request: xpath, id, class name, accessibility id, css selector, -android uiautomator
[debug] &amp#27;[35m[BaseDriver]&amp#27;[39m Waiting up to 0 ms for condition
[debug] &amp#27;[35m[WD Proxy]&amp#27;[39m Matched '/element' to command name 'findElement'
[debug] &amp#27;[35m[WD Proxy]&amp#27;[39m Proxying [POST /element] to [POST http://127.0.0.1:8200/wd/hub/session/4df367f8-23c3-4c4b-a587-189b214cae01/element] with body: {"strategy":"xpath","selector":"//android.widget.TextView[@content-desc=\"OS\"]","context":"","multiple":false}
[debug] &amp#27;[35m[WD Proxy]&amp#27;[39m Got response with status 200: {"sessionId":"4df367f8-23c3-4c4b-a587-189b214cae01","value":{"ELEMENT":"00000000-0000-009e-ffff-ffff0000000c","element-6066-11e4-a52e-4f735466cecf":"00000000-0000-009e-ffff-ffff0000000c"}}
[debug] &amp#27;[35m[W3C (a9b000d2)]&amp#27;[39m Responding to client with driver.findElement() result: {"element-6066-11e4-a52e-4f735466cecf":"00000000-0000-009e-ffff-ffff0000000c","ELEMENT":"00000000-0000-009e-ffff-ffff0000000c"}
&amp#27;[35m[HTTP]&amp#27;[39m &amp#27;[37m<-- POST /wd/hub/session/a9b000d2-9ea1-4300-9c54-1e4170b4c544/element &amp#27;[39m&amp#27;[32m200&amp#27;[39m &amp#27;[90m1074 ms - 137&amp#27;[39m
&amp#27;[35m[HTTP]&amp#27;[39m &amp#27;[90m&amp#27;[39m
&amp#27;[35m[HTTP]&amp#27;[39m &amp#27;[37m-->&amp#27;[39m &amp#27;[37mPOST&amp#27;[39m &amp#27;[37m/wd/hub/session/a9b000d2-9ea1-4300-9c54-1e4170b4c544/element/00000000-0000-009e-ffff-ffff0000000c/click&amp#27;[39m
&amp#27;[35m[HTTP]&amp#27;[39m &amp#27;[90m{"id":"00000000-0000-009e-ffff-ffff0000000c"}&amp#27;[39m
[debug] &amp#27;[35m[W3C (a9b000d2)]&amp#27;[39m Calling AppiumDriver.click() with args: ["00000000-0000-009e-ffff-ffff0000000c","a9b000d2-9ea1-4300-9c54-1e4170b4c544"]
[debug] &amp#27;[35m[WD Proxy]&amp#27;[39m Matched '/element/00000000-0000-009e-ffff-ffff0000000c/click' to command name 'click'
[debug] &amp#27;[35m[WD Proxy]&amp#27;[39m Proxying [POST /element/00000000-0000-009e-ffff-ffff0000000c/click] to [POST http://127.0.0.1:8200/wd/hub/session/4df367f8-23c3-4c4b-a587-189b214cae01/element/00000000-0000-009e-ffff-ffff0000000c/click] with body: {"element":"00000000-0000-009e-ffff-ffff0000000c"}
[debug] &amp#27;[35m[WD Proxy]&amp#27;[39m Got response with status 200: {"sessionId":"4df367f8-23c3-4c4b-a587-189b214cae01","value":null}
[debug] &amp#27;[35m[W3C (a9b000d2)]&amp#27;[39m Responding to client with driver.click() result: null
&amp#27;[35m[HTTP]&amp#27;[39m &amp#27;[37m<-- POST /wd/hub/session/a9b000d2-9ea1-4300-9c54-1e4170b4c544/element/00000000-0000-009e-ffff-ffff0000000c/click &amp#27;[39m&amp#27;[32m200&amp#27;[39m &amp#27;[90m23 ms - 14&amp#27;[39m
&amp#27;[35m[HTTP]&amp#27;[39m &amp#27;[90m&amp#27;[39m
2022-07-28 14:07:534 %-Sp Log4j :22 -OS Button 
&amp#27;[35m[HTTP]&amp#27;[39m &amp#27;[37m-->&amp#27;[39m &amp#27;[37mPOST&amp#27;[39m &amp#27;[37m/wd/hub/session/a9b000d2-9ea1-4300-9c54-1e4170b4c544/element&amp#27;[39m
&amp#27;[35m[HTTP]&amp#27;[39m &amp#27;[90m{"using":"xpath","value":"//android.widget.TextView[@content-desc=\"SMS Messaging\"]"}&amp#27;[39m
[debug] &amp#27;[35m[W3C (a9b000d2)]&amp#27;[39m Calling AppiumDriver.findElement() with args: ["xpath","//android.widget.TextView[@content-desc=\"SMS Messaging\"]","a9b000d2-9ea1-4300-9c54-1e4170b4c544"]
[debug] &amp#27;[35m[BaseDriver]&amp#27;[39m Valid locator strategies for this request: xpath, id, class name, accessibility id, css selector, -android uiautomator
[debug] &amp#27;[35m[BaseDriver]&amp#27;[39m Waiting up to 0 ms for condition
[debug] &amp#27;[35m[WD Proxy]&amp#27;[39m Matched '/element' to command name 'findElement'
[debug] &amp#27;[35m[WD Proxy]&amp#27;[39m Proxying [POST /element] to [POST http://127.0.0.1:8200/wd/hub/session/4df367f8-23c3-4c4b-a587-189b214cae01/element] with body: {"strategy":"xpath","selector":"//android.widget.TextView[@content-desc=\"SMS Messaging\"]","context":"","multiple":false}
[debug] &amp#27;[35m[WD Proxy]&amp#27;[39m Got response with status 200: {"sessionId":"4df367f8-23c3-4c4b-a587-189b214cae01","value":{"ELEMENT":"00000000-0000-009f-ffff-ffff0000001a","element-6066-11e4-a52e-4f735466cecf":"00000000-0000-009f-ffff-ffff0000001a"}}
[debug] &amp#27;[35m[W3C (a9b000d2)]&amp#27;[39m Responding to client with driver.findElement() result: {"element-6066-11e4-a52e-4f735466cecf":"00000000-0000-009f-ffff-ffff0000001a","ELEMENT":"00000000-0000-009f-ffff-ffff0000001a"}
&amp#27;[35m[HTTP]&amp#27;[39m &amp#27;[37m<-- POST /wd/hub/session/a9b000d2-9ea1-4300-9c54-1e4170b4c544/element &amp#27;[39m&amp#27;[32m200&amp#27;[39m &amp#27;[90m1127 ms - 137&amp#27;[39m
&amp#27;[35m[HTTP]&amp#27;[39m &amp#27;[90m&amp#27;[39m
&amp#27;[35m[HTTP]&amp#27;[39m &amp#27;[37m-->&amp#27;[39m &amp#27;[37mPOST&amp#27;[39m &amp#27;[37m/wd/hub/session/a9b000d2-9ea1-4300-9c54-1e4170b4c544/touch/perform&amp#27;[39m
&amp#27;[35m[HTTP]&amp#27;[39m &amp#27;[90m{"actions":[{"action":"tap","options":{"element":"00000000-0000-009f-ffff-ffff0000001a"}},{"action":"release","options":{}}]}&amp#27;[39m
[debug] &amp#27;[35m[W3C (a9b000d2)]&amp#27;[39m Calling AppiumDriver.performTouch() with args: [[{"action":"tap","options":{"element":"00000000-0000-009f-ffff-ffff0000001a"}},{"action":"release","options":{}}],"a9b000d2-9ea1-4300-9c54-1e4170b4c544"]
&amp#27;[35m[UiAutomator2]&amp#27;[39m calling get location: 00000000-0000-009f-ffff-ffff0000001a
[debug] &amp#27;[35m[WD Proxy]&amp#27;[39m Matched '/element/00000000-0000-009f-ffff-ffff0000001a/location' to command name 'getLocation'
[debug] &amp#27;[35m[WD Proxy]&amp#27;[39m Proxying [GET /element/00000000-0000-009f-ffff-ffff0000001a/location] to [GET http://127.0.0.1:8200/wd/hub/session/4df367f8-23c3-4c4b-a587-189b214cae01/element/00000000-0000-009f-ffff-ffff0000001a/location] with no body
[debug] &amp#27;[35m[WD Proxy]&amp#27;[39m Got response with status 200: {"sessionId":"4df367f8-23c3-4c4b-a587-189b214cae01","value":{"x":0,"y":597}}
[debug] &amp#27;[35m[WD Proxy]&amp#27;[39m Matched '/element/00000000-0000-009f-ffff-ffff0000001a/size' to command name 'getSize'
[debug] &amp#27;[35m[WD Proxy]&amp#27;[39m Proxying [GET /element/00000000-0000-009f-ffff-ffff0000001a/size] to [GET http://127.0.0.1:8200/wd/hub/session/4df367f8-23c3-4c4b-a587-189b214cae01/element/00000000-0000-009f-ffff-ffff0000001a/size] with no body
[debug] &amp#27;[35m[WD Proxy]&amp#27;[39m Got response with status 200: {"sessionId":"4df367f8-23c3-4c4b-a587-189b214cae01","value":{"height":126,"width":1080}}
[debug] &amp#27;[35m[WD Proxy]&amp#27;[39m Proxying [POST /appium/tap] to [POST http://127.0.0.1:8200/wd/hub/session/4df367f8-23c3-4c4b-a587-189b214cae01/appium/tap] with body: {"x":540,"y":660,"undefined":null}
[debug] &amp#27;[35m[WD Proxy]&amp#27;[39m Got response with status 200: {"sessionId":"4df367f8-23c3-4c4b-a587-189b214cae01","value":null}
[debug] &amp#27;[35m[W3C (a9b000d2)]&amp#27;[39m Responding to client with driver.performTouch() result: null
&amp#27;[35m[HTTP]&amp#27;[39m &amp#27;[37m<-- POST /wd/hub/session/a9b000d2-9ea1-4300-9c54-1e4170b4c544/touch/perform &amp#27;[39m&amp#27;[32m200&amp#27;[39m &amp#27;[90m1216 ms - 14&amp#27;[39m
&amp#27;[35m[HTTP]&amp#27;[39m &amp#27;[90m&amp#27;[39m
2022-07-28 14:07:892 %-Sp Log4j :28 -click on the message
&amp#27;[35m[HTTP]&amp#27;[39m &amp#27;[37m-->&amp#27;[39m &amp#27;[37mPOST&amp#27;[39m &amp#27;[37m/wd/hub/session/a9b000d2-9ea1-4300-9c54-1e4170b4c544/element&amp#27;[39m
&amp#27;[35m[HTTP]&amp#27;[39m &amp#27;[90m{"using":"id","value":"io.appium.android.apis:id/sms_recipient"}&amp#27;[39m
[debug] &amp#27;[35m[W3C (a9b000d2)]&amp#27;[39m Calling AppiumDriver.findElement() with args: ["id","io.appium.android.apis:id/sms_recipient","a9b000d2-9ea1-4300-9c54-1e4170b4c544"]
[debug] &amp#27;[35m[BaseDriver]&amp#27;[39m Valid locator strategies for this request: xpath, id, class name, accessibility id, css selector, -android uiautomator
[debug] &amp#27;[35m[BaseDriver]&amp#27;[39m Waiting up to 0 ms for condition
[debug] &amp#27;[35m[WD Proxy]&amp#27;[39m Matched '/element' to command name 'findElement'
[debug] &amp#27;[35m[WD Proxy]&amp#27;[39m Proxying [POST /element] to [POST http://127.0.0.1:8200/wd/hub/session/4df367f8-23c3-4c4b-a587-189b214cae01/element] with body: {"strategy":"id","selector":"io.appium.android.apis:id/sms_recipient","context":"","multiple":false}
[debug] &amp#27;[35m[WD Proxy]&amp#27;[39m Got response with status 200: {"sessionId":"4df367f8-23c3-4c4b-a587-189b214cae01","value":{"ELEMENT":"00000000-0000-00a0-ffff-ffff0000001d","element-6066-11e4-a52e-4f735466cecf":"00000000-0000-00a0-ffff-ffff0000001d"}}
[debug] &amp#27;[35m[W3C (a9b000d2)]&amp#27;[39m Responding to client with driver.findElement() result: {"element-6066-11e4-a52e-4f735466cecf":"00000000-0000-00a0-ffff-ffff0000001d","ELEMENT":"00000000-0000-00a0-ffff-ffff0000001d"}
&amp#27;[35m[HTTP]&amp#27;[39m &amp#27;[37m<-- POST /wd/hub/session/a9b000d2-9ea1-4300-9c54-1e4170b4c544/element &amp#27;[39m&amp#27;[32m200&amp#27;[39m &amp#27;[90m23 ms - 137&amp#27;[39m
&amp#27;[35m[HTTP]&amp#27;[39m &amp#27;[90m&amp#27;[39m
&amp#27;[35m[HTTP]&amp#27;[39m &amp#27;[37m-->&amp#27;[39m &amp#27;[37mPOST&amp#27;[39m &amp#27;[37m/wd/hub/session/a9b000d2-9ea1-4300-9c54-1e4170b4c544/element/00000000-0000-00a0-ffff-ffff0000001d/value&amp#27;[39m
&amp#27;[35m[HTTP]&amp#27;[39m &amp#27;[90m{"id":"00000000-0000-00a0-ffff-ffff0000001d","text":"Janvi","value":["J","a","n","v","i"]}&amp#27;[39m
[debug] &amp#27;[35m[W3C (a9b000d2)]&amp#27;[39m Calling AppiumDriver.setValue() with args: [["J","a","n","v","i"],"00000000-0000-00a0-ffff-ffff0000001d","a9b000d2-9ea1-4300-9c54-1e4170b4c544"]
[debug] &amp#27;[35m[WD Proxy]&amp#27;[39m Matched '/element/00000000-0000-00a0-ffff-ffff0000001d/value' to command name 'setValue'
[debug] &amp#27;[35m[Protocol Converter]&amp#27;[39m Added 'value' property ["J","a","n","v","i"] to 'setValue' request body
[debug] &amp#27;[35m[WD Proxy]&amp#27;[39m Proxying [POST /element/00000000-0000-00a0-ffff-ffff0000001d/value] to [POST http://127.0.0.1:8200/wd/hub/session/4df367f8-23c3-4c4b-a587-189b214cae01/element/00000000-0000-00a0-ffff-ffff0000001d/value] with body: {"elementId":"00000000-0000-00a0-ffff-ffff0000001d","text":"Janvi","replace":false,"value":["J","a","n","v","i"]}
[debug] &amp#27;[35m[WD Proxy]&amp#27;[39m Got response with status 200: {"sessionId":"4df367f8-23c3-4c4b-a587-189b214cae01","value":null}
[debug] &amp#27;[35m[W3C (a9b000d2)]&amp#27;[39m Responding to client with driver.setValue() result: null
&amp#27;[35m[HTTP]&amp#27;[39m &amp#27;[37m<-- POST /wd/hub/session/a9b000d2-9ea1-4300-9c54-1e4170b4c544/element/00000000-0000-00a0-ffff-ffff0000001d/value &amp#27;[39m&amp#27;[32m200&amp#27;[39m &amp#27;[90m636 ms - 14&amp#27;[39m
&amp#27;[35m[HTTP]&amp#27;[39m &amp#27;[90m&amp#27;[39m
2022-07-28 14:07:591 %-Sp Log4j :61 -Janvi
&amp#27;[35m[HTTP]&amp#27;[39m &amp#27;[37m-->&amp#27;[39m &amp#27;[37mPOST&amp#27;[39m &amp#27;[37m/wd/hub/session/a9b000d2-9ea1-4300-9c54-1e4170b4c544/element&amp#27;[39m
&amp#27;[35m[HTTP]&amp#27;[39m &amp#27;[90m{"using":"id","value":"io.appium.android.apis:id/sms_content"}&amp#27;[39m
[debug] &amp#27;[35m[W3C (a9b000d2)]&amp#27;[39m Calling AppiumDriver.findElement() with args: ["id","io.appium.android.apis:id/sms_content","a9b000d2-9ea1-4300-9c54-1e4170b4c544"]
[debug] &amp#27;[35m[BaseDriver]&amp#27;[39m Valid locator strategies for this request: xpath, id, class name, accessibility id, css selector, -android uiautomator
[debug] &amp#27;[35m[BaseDriver]&amp#27;[39m Waiting up to 0 ms for condition
[debug] &amp#27;[35m[WD Proxy]&amp#27;[39m Matched '/element' to command name 'findElement'
[debug] &amp#27;[35m[WD Proxy]&amp#27;[39m Proxying [POST /element] to [POST http://127.0.0.1:8200/wd/hub/session/4df367f8-23c3-4c4b-a587-189b214cae01/element] with body: {"strategy":"id","selector":"io.appium.android.apis:id/sms_content","context":"","multiple":false}
[debug] &amp#27;[35m[WD Proxy]&amp#27;[39m Got response with status 200: {"sessionId":"4df367f8-23c3-4c4b-a587-189b214cae01","value":{"ELEMENT":"00000000-0000-00a0-ffff-ffff0000002f","element-6066-11e4-a52e-4f735466cecf":"00000000-0000-00a0-ffff-ffff0000002f"}}
[debug] &amp#27;[35m[W3C (a9b000d2)]&amp#27;[39m Responding to client with driver.findElement() result: {"element-6066-11e4-a52e-4f735466cecf":"00000000-0000-00a0-ffff-ffff0000002f","ELEMENT":"00000000-0000-00a0-ffff-ffff0000002f"}
&amp#27;[35m[HTTP]&amp#27;[39m &amp#27;[37m<-- POST /wd/hub/session/a9b000d2-9ea1-4300-9c54-1e4170b4c544/element &amp#27;[39m&amp#27;[32m200&amp#27;[39m &amp#27;[90m25 ms - 137&amp#27;[39m
&amp#27;[35m[HTTP]&amp#27;[39m &amp#27;[90m&amp#27;[39m
&amp#27;[35m[HTTP]&amp#27;[39m &amp#27;[37m-->&amp#27;[39m &amp#27;[37mPOST&amp#27;[39m &amp#27;[37m/wd/hub/session/a9b000d2-9ea1-4300-9c54-1e4170b4c544/element/00000000-0000-00a0-ffff-ffff0000002f/value&amp#27;[39m
&amp#27;[35m[HTTP]&amp#27;[39m &amp#27;[90m{"id":"00000000-0000-00a0-ffff-ffff0000002f","text":"Hey","value":["H","e","y"]}&amp#27;[39m
[debug] &amp#27;[35m[W3C (a9b000d2)]&amp#27;[39m Calling AppiumDriver.setValue() with args: [["H","e","y"],"00000000-0000-00a0-ffff-ffff0000002f","a9b000d2-9ea1-4300-9c54-1e4170b4c544"]
[debug] &amp#27;[35m[WD Proxy]&amp#27;[39m Matched '/element/00000000-0000-00a0-ffff-ffff0000002f/value' to command name 'setValue'
[debug] &amp#27;[35m[Protocol Converter]&amp#27;[39m Added 'value' property ["H","e","y"] to 'setValue' request body
[debug] &amp#27;[35m[WD Proxy]&amp#27;[39m Proxying [POST /element/00000000-0000-00a0-ffff-ffff0000002f/value] to [POST http://127.0.0.1:8200/wd/hub/session/4df367f8-23c3-4c4b-a587-189b214cae01/element/00000000-0000-00a0-ffff-ffff0000002f/value] with body: {"elementId":"00000000-0000-00a0-ffff-ffff0000002f","text":"Hey","replace":false,"value":["H","e","y"]}
[debug] &amp#27;[35m[WD Proxy]&amp#27;[39m Got response with status 200: {"sessionId":"4df367f8-23c3-4c4b-a587-189b214cae01","value":null}
[debug] &amp#27;[35m[W3C (a9b000d2)]&amp#27;[39m Responding to client with driver.setValue() result: null
&amp#27;[35m[HTTP]&amp#27;[39m &amp#27;[37m<-- POST /wd/hub/session/a9b000d2-9ea1-4300-9c54-1e4170b4c544/element/00000000-0000-00a0-ffff-ffff0000002f/value &amp#27;[39m&amp#27;[32m200&amp#27;[39m &amp#27;[90m21 ms - 14&amp#27;[39m
&amp#27;[35m[HTTP]&amp#27;[39m &amp#27;[90m&amp#27;[39m
2022-07-28 14:07:674 %-Sp Log4j :68 -Hey
&amp#27;[35m[HTTP]&amp#27;[39m &amp#27;[37m-->&amp#27;[39m &amp#27;[37mPOST&amp#27;[39m &amp#27;[37m/wd/hub/session/a9b000d2-9ea1-4300-9c54-1e4170b4c544/element&amp#27;[39m
&amp#27;[35m[HTTP]&amp#27;[39m &amp#27;[90m{"using":"id","value":"io.appium.android.apis:id/sms_send_message"}&amp#27;[39m
[debug] &amp#27;[35m[W3C (a9b000d2)]&amp#27;[39m Calling AppiumDriver.findElement() with args: ["id","io.appium.android.apis:id/sms_send_message","a9b000d2-9ea1-4300-9c54-1e4170b4c544"]
[debug] &amp#27;[35m[BaseDriver]&amp#27;[39m Valid locator strategies for this request: xpath, id, class name, accessibility id, css selector, -android uiautomator
[debug] &amp#27;[35m[BaseDriver]&amp#27;[39m Waiting up to 0 ms for condition
[debug] &amp#27;[35m[WD Proxy]&amp#27;[39m Matched '/element' to command name 'findElement'
[debug] &amp#27;[35m[WD Proxy]&amp#27;[39m Proxying [POST /element] to [POST http://127.0.0.1:8200/wd/hub/session/4df367f8-23c3-4c4b-a587-189b214cae01/element] with body: {"strategy":"id","selector":"io.appium.android.apis:id/sms_send_message","context":"","multiple":false}
[debug] &amp#27;[35m[WD Proxy]&amp#27;[39m Got response with status 200: {"sessionId":"4df367f8-23c3-4c4b-a587-189b214cae01","value":{"ELEMENT":"00000000-0000-00a0-ffff-ffff00000030","element-6066-11e4-a52e-4f735466cecf":"00000000-0000-00a0-ffff-ffff00000030"}}
[debug] &amp#27;[35m[W3C (a9b000d2)]&amp#27;[39m Responding to client with driver.findElement() result: {"element-6066-11e4-a52e-4f735466cecf":"00000000-0000-00a0-ffff-ffff00000030","ELEMENT":"00000000-0000-00a0-ffff-ffff00000030"}
&amp#27;[35m[HTTP]&amp#27;[39m &amp#27;[37m<-- POST /wd/hub/session/a9b000d2-9ea1-4300-9c54-1e4170b4c544/element &amp#27;[39m&amp#27;[32m200&amp#27;[39m &amp#27;[90m25 ms - 137&amp#27;[39m
&amp#27;[35m[HTTP]&amp#27;[39m &amp#27;[90m&amp#27;[39m
&amp#27;[35m[HTTP]&amp#27;[39m &amp#27;[37m-->&amp#27;[39m &amp#27;[37mPOST&amp#27;[39m &amp#27;[37m/wd/hub/session/a9b000d2-9ea1-4300-9c54-1e4170b4c544/element/00000000-0000-00a0-ffff-ffff00000030/click&amp#27;[39m
&amp#27;[35m[HTTP]&amp#27;[39m &amp#27;[90m{"id":"00000000-0000-00a0-ffff-ffff00000030"}&amp#27;[39m
[debug] &amp#27;[35m[W3C (a9b000d2)]&amp#27;[39m Calling AppiumDriver.click() with args: ["00000000-0000-00a0-ffff-ffff00000030","a9b000d2-9ea1-4300-9c54-1e4170b4c544"]
[debug] &amp#27;[35m[WD Proxy]&amp#27;[39m Matched '/element/00000000-0000-00a0-ffff-ffff00000030/click' to command name 'click'
[debug] &amp#27;[35m[WD Proxy]&amp#27;[39m Proxying [POST /element/00000000-0000-00a0-ffff-ffff00000030/click] to [POST http://127.0.0.1:8200/wd/hub/session/4df367f8-23c3-4c4b-a587-189b214cae01/element/00000000-0000-00a0-ffff-ffff00000030/click] with body: {"element":"00000000-0000-00a0-ffff-ffff00000030"}
[debug] &amp#27;[35m[WD Proxy]&amp#27;[39m Got response with status 200: {"sessionId":"4df367f8-23c3-4c4b-a587-189b214cae01","value":null}
[debug] &amp#27;[35m[W3C (a9b000d2)]&amp#27;[39m Responding to client with driver.click() result: null
&amp#27;[35m[HTTP]&amp#27;[39m &amp#27;[37m<-- POST /wd/hub/session/a9b000d2-9ea1-4300-9c54-1e4170b4c544/element/00000000-0000-00a0-ffff-ffff00000030/click &amp#27;[39m&amp#27;[32m200&amp#27;[39m &amp#27;[90m16 ms - 14&amp#27;[39m
&amp#27;[35m[HTTP]&amp#27;[39m &amp#27;[90m&amp#27;[39m
2022-07-28 14:07:737 %-Sp Log4j :54 -Send the details
&amp#27;[35m[HTTP]&amp#27;[39m &amp#27;[37m-->&amp#27;[39m &amp#27;[37mDELETE&amp#27;[39m &amp#27;[37m/wd/hub/session/a9b000d2-9ea1-4300-9c54-1e4170b4c544&amp#27;[39m
&amp#27;[35m[HTTP]&amp#27;[39m &amp#27;[90m{}&amp#27;[39m
[debug] &amp#27;[35m[W3C (a9b000d2)]&amp#27;[39m Calling AppiumDriver.deleteSession() with args: ["a9b000d2-9ea1-4300-9c54-1e4170b4c544"]
[debug] &amp#27;[35m[BaseDriver]&amp#27;[39m Event 'quitSessionRequested' logged at 1658997745753 (14:12:25 GMT+0530 (India Standard Time))
&amp#27;[35m[Appium]&amp#27;[39m Removing session a9b000d2-9ea1-4300-9c54-1e4170b4c544 from our master session list
[debug] &amp#27;[35m[UiAutomator2]&amp#27;[39m Deleting UiAutomator2 session
[debug] &amp#27;[35m[UiAutomator2]&amp#27;[39m Deleting UiAutomator2 server session
[debug] &amp#27;[35m[WD Proxy]&amp#27;[39m Matched '/' to command name 'deleteSession'
[debug] &amp#27;[35m[WD Proxy]&amp#27;[39m Proxying [DELETE /] to [DELETE http://127.0.0.1:8200/wd/hub/session/4df367f8-23c3-4c4b-a587-189b214cae01] with no body
[debug] &amp#27;[35m[WD Proxy]&amp#27;[39m Got response with status 200: {"sessionId":"4df367f8-23c3-4c4b-a587-189b214cae01","value":null}
[debug] &amp#27;[35m[ADB]&amp#27;[39m Running 'C:\Users\pooja05\AppData\Local\Android\Sdk\platform-tools\adb.exe -P 5037 -s emulator-5554 shell am force-stop io.appium.android.apis'
[debug] &amp#27;[35m[Logcat]&amp#27;[39m Stopping logcat capture
[debug] &amp#27;[35m[ADB]&amp#27;[39m Removing forwarded port socket connection: 8200 
[debug] &amp#27;[35m[ADB]&amp#27;[39m Running 'C:\Users\pooja05\AppData\Local\Android\Sdk\platform-tools\adb.exe -P 5037 -s emulator-5554 forward --remove tcp:8200'
[debug] &amp#27;[35m[BaseDriver]&amp#27;[39m Event 'quitSessionFinished' logged at 1658997745912 (14:12:25 GMT+0530 (India Standard Time))
[debug] &amp#27;[35m[W3C (a9b000d2)]&amp#27;[39m Received response: null
[debug] &amp#27;[35m[W3C (a9b000d2)]&amp#27;[39m But deleting session, so not returning
[debug] &amp#27;[35m[W3C (a9b000d2)]&amp#27;[39m Responding to client with driver.deleteSession() result: null
&amp#27;[35m[HTTP]&amp#27;[39m &amp#27;[37m<-- DELETE /wd/hub/session/a9b000d2-9ea1-4300-9c54-1e4170b4c544 &amp#27;[39m&amp#27;[32m200&amp#27;[39m &amp#27;[90m161 ms - 14&amp#27;[39m
&amp#27;[35m[HTTP]&amp#27;[39m &amp#27;[90m&amp#27;[39m

  @tag
  Scenario Outline: OS Functionality &amp#27;[90m# Graphic.feature:24&amp#27;[0m
    &amp#27;[32mGiven &amp#27;[0m&amp#27;[32mTap on the OS button&amp#27;[0m       &amp#27;[90m# GraphicFeature.tap_on_the_OS_button()&amp#27;[0m
    &amp#27;[32mWhen &amp#27;[0m&amp#27;[32mclick on message&amp#27;[0m            &amp#27;[90m# GraphicFeature.click_on_message()&amp#27;[0m
    &amp#27;[32mAnd &amp#27;[0m&amp#27;[32menter the receipient "&amp#27;[0m&amp#27;[32m&amp#27;[1mJanvi&amp#27;[0m&amp#27;[32m"&amp#27;[0m &amp#27;[90m# GraphicFeature.enter_the_receipient(String)&amp#27;[0m
    &amp#27;[32mAnd &amp#27;[0m&amp#27;[32menter the message "&amp#27;[0m&amp#27;[32m&amp#27;[1mHey&amp#27;[0m&amp#27;[32m"&amp#27;[0m      &amp#27;[90m# GraphicFeature.enter_the_message(String)&amp#27;[0m
    &amp#27;[32mThen &amp#27;[0m&amp#27;[32mClick on the send&amp#27;[0m           &amp#27;[90m# GraphicFeature.click_on_the_send()&amp#27;[0m
]]></system-out>
    <system-err><![CDATA[Jul 28, 2022 2:11:40 PM io.appium.java_client.remote.AppiumCommandExecutor$1 lambda$0
INFO: Detected dialect: W3C
Jul 28, 2022 2:12:01 PM io.appium.java_client.remote.AppiumCommandExecutor$1 lambda$0
INFO: Detected dialect: W3C
Jul 28, 2022 2:12:16 PM io.appium.java_client.remote.AppiumCommandExecutor$1 lambda$0
INFO: Detected dialect: W3C
]]></system-err>
  </testcase>
  <testcase name="feature[Check the Functionality of View](5)" classname="Runner.Runner" time="14.621">
    <system-out><![CDATA[feature
@tag
Feature: Check the Functionality of View
[debug] &amp#27;[35m[Instrumentation]&amp#27;[39m .
&amp#27;[35m[HTTP]&amp#27;[39m &amp#27;[37m-->&amp#27;[39m &amp#27;[37mPOST&amp#27;[39m &amp#27;[37m/wd/hub/session&amp#27;[39m
&amp#27;[35m[HTTP]&amp#27;[39m &amp#27;[90m{"desiredCapabilities":{"app":"src/test/resources/App/ApiDemos-debug.apk","appActivity":".ApiDemos","appPackage":"io.appium.android.apis","platformVersion":"8.1","platformName":"Android","deviceName":"android"},"capabilities":{"alwaysMatch":{"appium:app":"src/test/resources/App/ApiDemos-debug.apk","appium:appActivity":".ApiDemos","appium:appPackage":"io.appium.android.apis","appium:deviceName":"android","platformName":"android","appium:platformVersion":"8.1"},"firstMatch":[{}]}}&amp#27;[39m
[debug] &amp#27;[35m[W3C]&amp#27;[39m Calling AppiumDriver.createSession() with args: [{"app":"src/test/resources/App/ApiDemos-debug.apk","appActivity":".ApiDemos","appPackage":"io.appium.android.apis","platformVersion":"8.1","platformName":"Android","deviceName":"android"},null,{"alwaysMatch":{"appium:app":"src/test/resources/App/ApiDemos-debug.apk","appium:appActivity":".ApiDemos","appium:appPackage":"io.appium.android.apis","appium:deviceName":"android","platformName":"android","appium:platformVersion":"8.1"},"firstMatch":[{}]}]
[debug] &amp#27;[35m[BaseDriver]&amp#27;[39m Event 'newSessionRequested' logged at 1658997745969 (14:12:25 GMT+0530 (India Standard Time))
&amp#27;[35m[Appium]&amp#27;[39m 
&amp#27;[35m[Appium]&amp#27;[39m ======================================================================
&amp#27;[35m[Appium]&amp#27;[39m   DEPRECATION WARNING:
&amp#27;[35m[Appium]&amp#27;[39m 
&amp#27;[35m[Appium]&amp#27;[39m   The 'automationName' capability was not provided in the desired 
&amp#27;[35m[Appium]&amp#27;[39m   capabilities for this Android session
&amp#27;[35m[Appium]&amp#27;[39m 
&amp#27;[35m[Appium]&amp#27;[39m   Setting 'automationName=UiAutomator2' by default and using the 
&amp#27;[35m[Appium]&amp#27;[39m   UiAutomator2 Driver
&amp#27;[35m[Appium]&amp#27;[39m 
&amp#27;[35m[Appium]&amp#27;[39m   The next major version of Appium (2.x) will **require** the 
&amp#27;[35m[Appium]&amp#27;[39m   'automationName' capability to be set for all sessions on all 
&amp#27;[35m[Appium]&amp#27;[39m   platforms
&amp#27;[35m[Appium]&amp#27;[39m 
&amp#27;[35m[Appium]&amp#27;[39m   In previous versions (Appium <= 1.13.x), the default was 
&amp#27;[35m[Appium]&amp#27;[39m   'automationName=UiAutomator1'
&amp#27;[35m[Appium]&amp#27;[39m 
&amp#27;[35m[Appium]&amp#27;[39m   If you wish to use that automation instead of UiAutomator2, please 
&amp#27;[35m[Appium]&amp#27;[39m   add 'automationName=UiAutomator1' to your desired capabilities
&amp#27;[35m[Appium]&amp#27;[39m 
&amp#27;[35m[Appium]&amp#27;[39m   For more information about drivers, please visit 
&amp#27;[35m[Appium]&amp#27;[39m   http://appium.io/docs/en/about-appium/intro/ and explore the 
&amp#27;[35m[Appium]&amp#27;[39m   'Drivers' menu
&amp#27;[35m[Appium]&amp#27;[39m 
&amp#27;[35m[Appium]&amp#27;[39m ======================================================================
&amp#27;[35m[Appium]&amp#27;[39m 
&amp#27;[35m[Appium]&amp#27;[39m Appium v1.22.3 creating new AndroidUiautomator2Driver (v1.70.1) session
[debug] &amp#27;[35m[BaseDriver]&amp#27;[39m W3C capabilities and MJSONWP desired capabilities were provided
[debug] &amp#27;[35m[BaseDriver]&amp#27;[39m Creating session with W3C capabilities: {
[debug] &amp#27;[35m[BaseDriver]&amp#27;[39m   "alwaysMatch": {
[debug] &amp#27;[35m[BaseDriver]&amp#27;[39m     "platformName": "android",
[debug] &amp#27;[35m[BaseDriver]&amp#27;[39m     "appium:app": "src/test/resources/App/ApiDemos-debug.apk",
[debug] &amp#27;[35m[BaseDriver]&amp#27;[39m     "appium:appActivity": ".ApiDemos",
[debug] &amp#27;[35m[BaseDriver]&amp#27;[39m     "appium:appPackage": "io.appium.android.apis",
[debug] &amp#27;[35m[BaseDriver]&amp#27;[39m     "appium:deviceName": "android",
[debug] &amp#27;[35m[BaseDriver]&amp#27;[39m     "appium:platformVersion": "8.1"
[debug] &amp#27;[35m[BaseDriver]&amp#27;[39m   },
[debug] &amp#27;[35m[BaseDriver]&amp#27;[39m   "firstMatch": [
[debug] &amp#27;[35m[BaseDriver]&amp#27;[39m     {}
[debug] &amp#27;[35m[BaseDriver]&amp#27;[39m   ]
[debug] &amp#27;[35m[BaseDriver]&amp#27;[39m }
&amp#27;[35m[BaseDriver]&amp#27;[39m Session created with session id: 7d010bc3-9f33-4abe-abdc-af1dd67ea241
&amp#27;[35m[BaseDriver]&amp#27;[39m Using local app 'src/test/resources/App/ApiDemos-debug.apk'
&amp#27;[35m[BaseDriver]&amp#27;[39m The current application path 'src/test/resources/App/ApiDemos-debug.apk' is not absolute and has been rewritten to 'C:\Users\pooja05\eclipse-workspace\ExitTest\src\test\resources\App\ApiDemos-debug.apk'. Consider using absolute paths rather than relative
[debug] &amp#27;[35m[UiAutomator2]&amp#27;[39m Checking whether app is actually present
&amp#27;[35m[ADB]&amp#27;[39m Using 'adb.exe' from 'C:\Users\pooja05\AppData\Local\Android\Sdk\platform-tools\adb.exe'
[debug] &amp#27;[35m[ADB]&amp#27;[39m Running 'C:\Users\pooja05\AppData\Local\Android\Sdk\platform-tools\adb.exe -P 5037 start-server'
&amp#27;[35m[AndroidDriver]&amp#27;[39m Retrieving device list
[debug] &amp#27;[35m[ADB]&amp#27;[39m Trying to find a connected android device
[debug] &amp#27;[35m[ADB]&amp#27;[39m Getting connected devices
[debug] &amp#27;[35m[ADB]&amp#27;[39m Connected devices: [{"udid":"emulator-5554","state":"device"}]
&amp#27;[35m[AndroidDriver]&amp#27;[39m Looking for a device with Android '8.1.0'
[debug] &amp#27;[35m[ADB]&amp#27;[39m Setting device id to emulator-5554
&amp#27;[35m[ADB]&amp#27;[39m Getting device platform version
[debug] &amp#27;[35m[ADB]&amp#27;[39m Running 'C:\Users\pooja05\AppData\Local\Android\Sdk\platform-tools\adb.exe -P 5037 -s emulator-5554 shell getprop ro.build.version.release'
[debug] &amp#27;[35m[ADB]&amp#27;[39m Current device property 'ro.build.version.release': 8.1.0
&amp#27;[35m[AndroidDriver]&amp#27;[39m Using device: emulator-5554
&amp#27;[35m[ADB]&amp#27;[39m Using 'adb.exe' from 'C:\Users\pooja05\AppData\Local\Android\Sdk\platform-tools\adb.exe'
[debug] &amp#27;[35m[ADB]&amp#27;[39m Running 'C:\Users\pooja05\AppData\Local\Android\Sdk\platform-tools\adb.exe -P 5037 start-server'
[debug] &amp#27;[35m[ADB]&amp#27;[39m Setting device id to emulator-5554
[debug] &amp#27;[35m[ADB]&amp#27;[39m Running 'C:\Users\pooja05\AppData\Local\Android\Sdk\platform-tools\adb.exe -P 5037 -s emulator-5554 shell getprop ro.build.version.sdk'
[debug] &amp#27;[35m[ADB]&amp#27;[39m Current device property 'ro.build.version.sdk': 27
[debug] &amp#27;[35m[ADB]&amp#27;[39m Device API level: 27
[debug] &amp#27;[35m[ADB]&amp#27;[39m Running 'C:\Users\pooja05\AppData\Local\Android\Sdk\platform-tools\adb.exe -P 5037 -s emulator-5554 wait-for-device'
[debug] &amp#27;[35m[ADB]&amp#27;[39m Running 'C:\Users\pooja05\AppData\Local\Android\Sdk\platform-tools\adb.exe -P 5037 -s emulator-5554 shell echo ping'
[debug] &amp#27;[35m[AndroidDriver]&amp#27;[39m Pushing settings apk to device...
[debug] &amp#27;[35m[ADB]&amp#27;[39m Getting install status for io.appium.settings
[debug] &amp#27;[35m[ADB]&amp#27;[39m Running 'C:\Users\pooja05\AppData\Local\Android\Sdk\platform-tools\adb.exe -P 5037 -s emulator-5554 shell dumpsys package io.appium.settings'
[debug] &amp#27;[35m[ADB]&amp#27;[39m 'io.appium.settings' is installed
[debug] &amp#27;[35m[ADB]&amp#27;[39m Getting package info for 'io.appium.settings'
[debug] &amp#27;[35m[ADB]&amp#27;[39m Running 'C:\Users\pooja05\AppData\Local\Android\Sdk\platform-tools\adb.exe -P 5037 -s emulator-5554 shell dumpsys package io.appium.settings'
[debug] &amp#27;[35m[ADB]&amp#27;[39m The version name of the installed 'io.appium.settings' is greater or equal to the application version name ('3.4.0' >= '3.4.0')
[debug] &amp#27;[35m[ADB]&amp#27;[39m There is no need to install/upgrade 'C:\Users\pooja05\AppData\Roaming\npm\node_modules\appium\node_modules\io.appium.settings\apks\settings_apk-debug.apk'
[debug] &amp#27;[35m[ADB]&amp#27;[39m Getting IDs of all 'io.appium.settings' processes
[debug] &amp#27;[35m[ADB]&amp#27;[39m Running 'C:\Users\pooja05\AppData\Local\Android\Sdk\platform-tools\adb.exe -P 5037 -s emulator-5554 shell 'pgrep --help; echo $?''
[debug] &amp#27;[35m[ADB]&amp#27;[39m Running 'C:\Users\pooja05\AppData\Local\Android\Sdk\platform-tools\adb.exe -P 5037 -s emulator-5554 shell pgrep -f \(\[\[:blank:\]\]\|\^\)io\.appium\.settings\(\[\[:blank:\]\]\|\$\)'
[debug] &amp#27;[35m[AndroidDriver]&amp#27;[39m io.appium.settings is already running. There is no need to reset its permissions.
[debug] &amp#27;[35m[Logcat]&amp#27;[39m Starting logs capture with command: C:\\Users\\pooja05\\AppData\\Local\\Android\\Sdk\\platform-tools\\adb.exe -P 5037 -s emulator-5554 logcat -v threadtime
[debug] &amp#27;[35m[UiAutomator2]&amp#27;[39m Forwarding UiAutomator2 Server port 6790 to local port 8200
[debug] &amp#27;[35m[ADB]&amp#27;[39m Forwarding system: 8200 to device: 6790
[debug] &amp#27;[35m[ADB]&amp#27;[39m Running 'C:\Users\pooja05\AppData\Local\Android\Sdk\platform-tools\adb.exe -P 5037 -s emulator-5554 forward tcp:8200 tcp:6790'
[debug] &amp#27;[35m[ADB]&amp#27;[39m Getting install status for io.appium.uiautomator2.server
[debug] &amp#27;[35m[ADB]&amp#27;[39m Running 'C:\Users\pooja05\AppData\Local\Android\Sdk\platform-tools\adb.exe -P 5037 -s emulator-5554 shell dumpsys package io.appium.uiautomator2.server'
[debug] &amp#27;[35m[ADB]&amp#27;[39m 'io.appium.uiautomator2.server' is installed
[debug] &amp#27;[35m[ADB]&amp#27;[39m Getting package info for 'io.appium.uiautomator2.server'
[debug] &amp#27;[35m[ADB]&amp#27;[39m Running 'C:\Users\pooja05\AppData\Local\Android\Sdk\platform-tools\adb.exe -P 5037 -s emulator-5554 shell dumpsys package io.appium.uiautomator2.server'
[debug] &amp#27;[35m[ADB]&amp#27;[39m The version name of the installed 'io.appium.uiautomator2.server' is greater or equal to the application version name ('4.27.0' >= '4.27.0')
[debug] &amp#27;[35m[UiAutomator2]&amp#27;[39m io.appium.uiautomator2.server installation state: sameVersionInstalled
[debug] &amp#27;[35m[ADB]&amp#27;[39m Checking app cert for C:\Users\pooja05\AppData\Roaming\npm\node_modules\appium\node_modules\appium-uiautomator2-server\apks\appium-uiautomator2-server-v4.27.0.apk
[debug] &amp#27;[35m[ADB]&amp#27;[39m Using the previously cached signature entry for 'appium-uiautomator2-server-v4.27.0.apk'
[debug] &amp#27;[35m[ADB]&amp#27;[39m sha256 hash did match for 'appium-uiautomator2-server-v4.27.0.apk'
[debug] &amp#27;[35m[ADB]&amp#27;[39m Getting install status for io.appium.uiautomator2.server.test
[debug] &amp#27;[35m[ADB]&amp#27;[39m Running 'C:\Users\pooja05\AppData\Local\Android\Sdk\platform-tools\adb.exe -P 5037 -s emulator-5554 shell dumpsys package io.appium.uiautomator2.server.test'
[debug] &amp#27;[35m[ADB]&amp#27;[39m 'io.appium.uiautomator2.server.test' is installed
[debug] &amp#27;[35m[ADB]&amp#27;[39m Checking app cert for C:\Users\pooja05\AppData\Roaming\npm\node_modules\appium\node_modules\appium-uiautomator2-server\apks\appium-uiautomator2-server-debug-androidTest.apk
[debug] &amp#27;[35m[ADB]&amp#27;[39m Using the previously cached signature entry for 'appium-uiautomator2-server-debug-androidTest.apk'
[debug] &amp#27;[35m[ADB]&amp#27;[39m sha256 hash did match for 'appium-uiautomator2-server-debug-androidTest.apk'
&amp#27;[35m[UiAutomator2]&amp#27;[39m Server packages are not going to be (re)installed
[debug] &amp#27;[35m[UiAutomator2]&amp#27;[39m Waiting up to 30000ms for services to be available
[debug] &amp#27;[35m[ADB]&amp#27;[39m Running 'C:\Users\pooja05\AppData\Local\Android\Sdk\platform-tools\adb.exe -P 5037 -s emulator-5554 shell pm list instrumentation'
[debug] &amp#27;[35m[UiAutomator2]&amp#27;[39m Instrumentation target 'io.appium.uiautomator2.server.test/androidx.test.runner.AndroidJUnitRunner' is available
&amp#27;[35m[ADB]&amp#27;[39m Adding packages ["io.appium.settings","io.appium.uiautomator2.server","io.appium.uiautomator2.server.test"] to Doze whitelist
[debug] &amp#27;[35m[ADB]&amp#27;[39m Got the following command chunks to execute: [["dumpsys","deviceidle","whitelist","+io.appium.settings",";","dumpsys","deviceidle","whitelist","+io.appium.uiautomator2.server",";","dumpsys","deviceidle","whitelist","+io.appium.uiautomator2.server.test",";"]]
[debug] &amp#27;[35m[ADB]&amp#27;[39m Running 'C:\Users\pooja05\AppData\Local\Android\Sdk\platform-tools\adb.exe -P 5037 -s emulator-5554 shell dumpsys deviceidle whitelist +io.appium.settings ; dumpsys deviceidle whitelist +io.appium.uiautomator2.server ; dumpsys deviceidle whitelist +io.appium.uiautomator2.server.test ;'
[debug] &amp#27;[35m[ADB]&amp#27;[39m Checking app cert for C:\Users\pooja05\eclipse-workspace\ExitTest\src\test\resources\App\ApiDemos-debug.apk
[debug] &amp#27;[35m[ADB]&amp#27;[39m Using the previously cached signature entry for 'ApiDemos-debug.apk'
[debug] &amp#27;[35m[ADB]&amp#27;[39m Getting install status for io.appium.android.apis
[debug] &amp#27;[35m[ADB]&amp#27;[39m Running 'C:\Users\pooja05\AppData\Local\Android\Sdk\platform-tools\adb.exe -P 5037 -s emulator-5554 shell dumpsys package io.appium.android.apis'
[debug] &amp#27;[35m[ADB]&amp#27;[39m 'io.appium.android.apis' is installed
[debug] &amp#27;[35m[ADB]&amp#27;[39m Getting package info for 'io.appium.android.apis'
[debug] &amp#27;[35m[ADB]&amp#27;[39m Running 'C:\Users\pooja05\AppData\Local\Android\Sdk\platform-tools\adb.exe -P 5037 -s emulator-5554 shell dumpsys package io.appium.android.apis'
&amp#27;[35m[ADB]&amp#27;[39m Cannot read version codes of 'C:\Users\pooja05\eclipse-workspace\ExitTest\src\test\resources\App\ApiDemos-debug.apk' and/or 'io.appium.android.apis'
&amp#27;[35m[ADB]&amp#27;[39m Cannot read version names of 'C:\Users\pooja05\eclipse-workspace\ExitTest\src\test\resources\App\ApiDemos-debug.apk' and/or 'io.appium.android.apis'
[debug] &amp#27;[35m[ADB]&amp#27;[39m The current install state of 'C:\Users\pooja05\eclipse-workspace\ExitTest\src\test\resources\App\ApiDemos-debug.apk' is unknown. Installing anyway
[debug] &amp#27;[35m[ADB]&amp#27;[39m Running 'C:\Users\pooja05\AppData\Local\Android\Sdk\platform-tools\adb.exe -P 5037 -s emulator-5554 features'
&amp#27;[35m[ADB]&amp#27;[39m The application at 'C:\Users\pooja05\eclipse-workspace\ExitTest\src\test\resources\App\ApiDemos-debug.apk' will not be cached, because the device under test has confirmed the support of streamed installs
[debug] &amp#27;[35m[ADB]&amp#27;[39m Running 'C:\Users\pooja05\AppData\Local\Android\Sdk\platform-tools\adb.exe -P 5037 -s emulator-5554 install -r C:\Users\pooja05\eclipse-workspace\ExitTest\src\test\resources\App\ApiDemos-debug.apk'
&amp#27;[35m[ADB]&amp#27;[39m The installation of 'ApiDemos-debug.apk' took 708ms
[debug] &amp#27;[35m[ADB]&amp#27;[39m Install command stdout: Performing Streamed Install
[debug] &amp#27;[35m[ADB]&amp#27;[39m Success
&amp#27;[35m[AndroidDriver]&amp#27;[39m Performing fast reset on 'io.appium.android.apis'
[debug] &amp#27;[35m[ADB]&amp#27;[39m Getting install status for io.appium.android.apis
[debug] &amp#27;[35m[ADB]&amp#27;[39m Running 'C:\Users\pooja05\AppData\Local\Android\Sdk\platform-tools\adb.exe -P 5037 -s emulator-5554 shell dumpsys package io.appium.android.apis'
[debug] &amp#27;[35m[ADB]&amp#27;[39m 'io.appium.android.apis' is installed
[debug] &amp#27;[35m[ADB]&amp#27;[39m Running 'C:\Users\pooja05\AppData\Local\Android\Sdk\platform-tools\adb.exe -P 5037 -s emulator-5554 shell am force-stop io.appium.android.apis'
[debug] &amp#27;[35m[ADB]&amp#27;[39m Running 'C:\Users\pooja05\AppData\Local\Android\Sdk\platform-tools\adb.exe -P 5037 -s emulator-5554 shell pm clear io.appium.android.apis'
[debug] &amp#27;[35m[AndroidDriver]&amp#27;[39m Performed fast reset on the installed 'io.appium.android.apis' application (stop and clear)
[debug] &amp#27;[35m[UiAutomator2]&amp#27;[39m Performing shallow cleanup of automation leftovers
[debug] &amp#27;[35m[UiAutomator2]&amp#27;[39m No obsolete sessions have been detected (socket hang up)
[debug] &amp#27;[35m[ADB]&amp#27;[39m Running 'C:\Users\pooja05\AppData\Local\Android\Sdk\platform-tools\adb.exe -P 5037 -s emulator-5554 shell am force-stop io.appium.uiautomator2.server.test'
&amp#27;[35m[UiAutomator2]&amp#27;[39m Starting UIAutomator2 server 4.27.0
&amp#27;[35m[UiAutomator2]&amp#27;[39m Using UIAutomator2 server from 'C:\Users\pooja05\AppData\Roaming\npm\node_modules\appium\node_modules\appium-uiautomator2-server\apks\appium-uiautomator2-server-v4.27.0.apk' and test from 'C:\Users\pooja05\AppData\Roaming\npm\node_modules\appium\node_modules\appium-uiautomator2-server\apks\appium-uiautomator2-server-debug-androidTest.apk'
&amp#27;[35m[UiAutomator2]&amp#27;[39m Waiting up to 30000ms for UiAutomator2 to be online...
[debug] &amp#27;[35m[ADB]&amp#27;[39m Creating ADB subprocess with args: ["-P",5037,"-s","emulator-5554","shell","am","instrument","-w","-e","disableAnalytics",true,"io.appium.uiautomator2.server.test/androidx.test.runner.AndroidJUnitRunner"]
[debug] &amp#27;[35m[WD Proxy]&amp#27;[39m Matched '/status' to command name 'getStatus'
[debug] &amp#27;[35m[WD Proxy]&amp#27;[39m Proxying [GET /status] to [GET http://127.0.0.1:8200/wd/hub/status] with no body
&amp#27;[35m[WD Proxy]&amp#27;[39m socket hang up
[debug] &amp#27;[35m[Instrumentation]&amp#27;[39m INSTRUMENTATION_RESULT: shortMsg=Process crashed.
[debug] &amp#27;[35m[Instrumentation]&amp#27;[39m INSTRUMENTATION_CODE: 0
[debug] &amp#27;[35m[Instrumentation]&amp#27;[39m The process has exited with code 0
[debug] &amp#27;[35m[Instrumentation]&amp#27;[39m io.appium.uiautomator2.server.test.AppiumUiAutomator2Server:
[debug] &amp#27;[35m[WD Proxy]&amp#27;[39m Matched '/status' to command name 'getStatus'
[debug] &amp#27;[35m[WD Proxy]&amp#27;[39m Proxying [GET /status] to [GET http://127.0.0.1:8200/wd/hub/status] with no body
&amp#27;[35m[WD Proxy]&amp#27;[39m socket hang up
[debug] &amp#27;[35m[WD Proxy]&amp#27;[39m Matched '/status' to command name 'getStatus'
[debug] &amp#27;[35m[WD Proxy]&amp#27;[39m Proxying [GET /status] to [GET http://127.0.0.1:8200/wd/hub/status] with no body
[debug] &amp#27;[35m[WD Proxy]&amp#27;[39m Got response with status 200: {"sessionId":"None","value":{"message":"UiAutomator2 Server is ready to accept commands","ready":true}}
[debug] &amp#27;[35m[UiAutomator2]&amp#27;[39m The initialization of the instrumentation process took 2127ms
[debug] &amp#27;[35m[WD Proxy]&amp#27;[39m Matched '/session' to command name 'createSession'
[debug] &amp#27;[35m[WD Proxy]&amp#27;[39m Proxying [POST /session] to [POST http://127.0.0.1:8200/wd/hub/session] with body: {"capabilities":{"firstMatch":[{"platform":"LINUX","webStorageEnabled":false,"takesScreenshot":true,"javascriptEnabled":true,"databaseEnabled":false,"networkConnectionEnabled":true,"locationContextEnabled":false,"warnings":{},"desired":{"platformName":"android","app":"src/test/resources/App/ApiDemos-debug.apk","appActivity":".ApiDemos","appPackage":"io.appium.android.apis","deviceName":"android","platformVersion":"8.1"},"platformName":"android","app":"src/test/resources/App/ApiDemos-debug.apk","appActivity":".ApiDemos","appPackage":"io.appium.android.apis","deviceName":"emulator-5554","platformVersion":"8.1","deviceUDID":"emulator-5554"}],"alwaysMatch":{}}}
[debug] &amp#27;[35m[WD Proxy]&amp#27;[39m Got response with status 200: {"sessionId":"6461c6bc-9cf3-4461-9bd5-1fe0e416d73f","value":{"capabilities":{"firstMatch":[{"platform":"LINUX","webStorageEnabled":false,"takesScreenshot":true,"javascriptEnabled":true,"databaseEnabled":false,"networkConnectionEnabled":true,"locationContextEnabled":false,"warnings":{},"desired":{"platformName":"android","app":"src/test/resources/App/ApiDemos-debug.apk","appActivity":".ApiDemos","appPackage":"io.appium.android.apis","deviceName":"android","platformVersion":"8.1"},"platformName":"android","app":"src/test/resources/App/ApiDemos-debug.apk","appActivity":".ApiDemos","appPackage":"io.appium.android.apis","deviceName":"emulator-5554","platformVersion":"8.1","deviceUDID":"emulator-5554"}],"alwaysMatch":{}},"sessionId":"6461c6bc-9cf3-4461-9bd5-1fe0e416d73f"}}
&amp#27;[35m[WD Proxy]&amp#27;[39m Determined the downstream protocol as 'W3C'
[debug] &amp#27;[35m[WD Proxy]&amp#27;[39m Proxying [GET /appium/device/info] to [GET http://127.0.0.1:8200/wd/hub/session/6461c6bc-9cf3-4461-9bd5-1fe0e416d73f/appium/device/info] with no body
[debug] &amp#27;[35m[WD Proxy]&amp#27;[39m Got response with status 200: {"sessionId":"6461c6bc-9cf3-4461-9bd5-1fe0e416d73f","value":{"androidId":"422d6ee91807b345","apiVersion":"27","bluetooth":null,"brand":"google","carrierName":"Android","displayDensity":420,"locale":"en_US","manufacturer":"Google","model":"Android SDK built for x86","networks":[{"capabilities":{"SSID":null,"linkDownBandwidthKbps":102400,"linkUpstreamBandwidthKbps":51200,"networkCapabilities":"NET_CAPABILITY_MMS,NET_CAPABILITY_SUPL,NET_CAPABILITY_DUN,NET_CAPABILITY_FOTA,NET_CAPABILITY_IMS,NET_CAPABILITY_CBS,NET_CAPABILITY_IA,NET_CAPABILITY_INTERNET,NET_CAPABILITY_NOT_RESTRICTED,NET_CAPABILITY_TRUSTED,NET_CAPABILITY_NOT_VPN,NET_CAPABILITY_VALIDATED","signalStrength":-2147483648,"transportTypes":"TRANSPORT_CELLULAR"},"detailedState":"CONNECTED","extraInfo":"epc.tmobile.com","isAvailable":true,"isConnected":true,"isFailover":false,"isRoaming":false,"state":"CONNECTED","subtype":13,"subtypeName":"LTE","type":0,"typeName":"MOBILE"},{"capabilities":{"SSID":null,"linkDownBandwidthKbps":1048576,"linkUpstreamBandwidt...
[debug] &amp#27;[35m[ADB]&amp#27;[39m Running 'C:\Users\pooja05\AppData\Local\Android\Sdk\platform-tools\adb.exe -P 5037 -s emulator-5554 shell dumpsys window'
&amp#27;[35m[AndroidDriver]&amp#27;[39m Screen already unlocked, doing nothing
&amp#27;[35m[UiAutomator2]&amp#27;[39m Starting 'io.appium.android.apis/.ApiDemos and waiting for 'io.appium.android.apis/.ApiDemos'
[debug] &amp#27;[35m[ADB]&amp#27;[39m Running 'C:\Users\pooja05\AppData\Local\Android\Sdk\platform-tools\adb.exe -P 5037 -s emulator-5554 shell am start -W -n io.appium.android.apis/.ApiDemos -S -a android.intent.action.MAIN -c android.intent.category.LAUNCHER -f 0x10200000'
[debug] &amp#27;[35m[WD Proxy]&amp#27;[39m Proxying [GET /appium/device/pixel_ratio] to [GET http://127.0.0.1:8200/wd/hub/session/6461c6bc-9cf3-4461-9bd5-1fe0e416d73f/appium/device/pixel_ratio] with no body
[debug] &amp#27;[35m[WD Proxy]&amp#27;[39m Got response with status 200: {"sessionId":"6461c6bc-9cf3-4461-9bd5-1fe0e416d73f","value":2.625}
[debug] &amp#27;[35m[WD Proxy]&amp#27;[39m Matched '/appium/device/system_bars' to command name 'getSystemBars'
[debug] &amp#27;[35m[WD Proxy]&amp#27;[39m Proxying [GET /appium/device/system_bars] to [GET http://127.0.0.1:8200/wd/hub/session/6461c6bc-9cf3-4461-9bd5-1fe0e416d73f/appium/device/system_bars] with no body
[debug] &amp#27;[35m[WD Proxy]&amp#27;[39m Got response with status 200: {"sessionId":"6461c6bc-9cf3-4461-9bd5-1fe0e416d73f","value":{"statusBar":63}}
[debug] &amp#27;[35m[WD Proxy]&amp#27;[39m Matched '/window/current/size' to command name 'getWindowSize'
[debug] &amp#27;[35m[WD Proxy]&amp#27;[39m Proxying [GET /window/current/size] to [GET http://127.0.0.1:8200/wd/hub/session/6461c6bc-9cf3-4461-9bd5-1fe0e416d73f/window/current/size] with no body
[debug] &amp#27;[35m[WD Proxy]&amp#27;[39m Got response with status 200: {"sessionId":"6461c6bc-9cf3-4461-9bd5-1fe0e416d73f","value":{"height":1794,"width":1080}}
&amp#27;[35m[Appium]&amp#27;[39m New AndroidUiautomator2Driver session created successfully, session 7d010bc3-9f33-4abe-abdc-af1dd67ea241 added to master session list
[debug] &amp#27;[35m[BaseDriver]&amp#27;[39m Event 'newSessionStarted' logged at 1658997751597 (14:12:31 GMT+0530 (India Standard Time))
[debug] &amp#27;[35m[W3C (7d010bc3)]&amp#27;[39m Cached the protocol value 'W3C' for the new session 7d010bc3-9f33-4abe-abdc-af1dd67ea241
[debug] &amp#27;[35m[W3C (7d010bc3)]&amp#27;[39m Responding to client with driver.createSession() result: {"capabilities":{"platform":"LINUX","webStorageEnabled":false,"takesScreenshot":true,"javascriptEnabled":true,"databaseEnabled":false,"networkConnectionEnabled":true,"locationContextEnabled":false,"warnings":{},"desired":{"platformName":"android","app":"src/test/resources/App/ApiDemos-debug.apk","appActivity":".ApiDemos","appPackage":"io.appium.android.apis","deviceName":"android","platformVersion":"8.1"},"platformName":"android","app":"src/test/resources/App/ApiDemos-debug.apk","appActivity":".ApiDemos","appPackage":"io.appium.android.apis","deviceName":"emulator-5554","platformVersion":"8.1.0","deviceUDID":"emulator-5554","deviceApiLevel":27,"deviceScreenSize":"1080x1920","deviceScreenDensity":420,"deviceModel":"Android SDK built for x86","deviceManufacturer":"Google","pixelRatio":2.625,"statBarHeight":63,"viewportRect":{"left":0,"top":63,"width":1080,"height":1731}}}
&amp#27;[35m[HTTP]&amp#27;[39m &amp#27;[37m<-- POST /wd/hub/session &amp#27;[39m&amp#27;[32m200&amp#27;[39m &amp#27;[90m5629 ms - 943&amp#27;[39m
&amp#27;[35m[HTTP]&amp#27;[39m &amp#27;[90m&amp#27;[39m
&amp#27;[35m[HTTP]&amp#27;[39m &amp#27;[37m-->&amp#27;[39m &amp#27;[37mGET&amp#27;[39m &amp#27;[37m/wd/hub/session/7d010bc3-9f33-4abe-abdc-af1dd67ea241&amp#27;[39m
&amp#27;[35m[HTTP]&amp#27;[39m &amp#27;[90m{}&amp#27;[39m
[debug] &amp#27;[35m[W3C (7d010bc3)]&amp#27;[39m Calling AppiumDriver.getSession() with args: ["7d010bc3-9f33-4abe-abdc-af1dd67ea241"]
[debug] &amp#27;[35m[UiAutomator2]&amp#27;[39m Getting session details from server to mix in
[debug] &amp#27;[35m[WD Proxy]&amp#27;[39m Matched '/' to command name 'getSession'
[debug] &amp#27;[35m[WD Proxy]&amp#27;[39m Proxying [GET /] to [GET http://127.0.0.1:8200/wd/hub/session/6461c6bc-9cf3-4461-9bd5-1fe0e416d73f] with no body
[debug] &amp#27;[35m[WD Proxy]&amp#27;[39m Got response with status 200: {"sessionId":"6461c6bc-9cf3-4461-9bd5-1fe0e416d73f","value":{"lastScrollData":null}}
[debug] &amp#27;[35m[W3C (7d010bc3)]&amp#27;[39m Responding to client with driver.getSession() result: {"platform":"LINUX","webStorageEnabled":false,"takesScreenshot":true,"javascriptEnabled":true,"databaseEnabled":false,"networkConnectionEnabled":true,"locationContextEnabled":false,"warnings":{},"desired":{"platformName":"android","app":"src/test/resources/App/ApiDemos-debug.apk","appActivity":".ApiDemos","appPackage":"io.appium.android.apis","deviceName":"android","platformVersion":"8.1"},"platformName":"android","app":"src/test/resources/App/ApiDemos-debug.apk","appActivity":".ApiDemos","appPackage":"io.appium.android.apis","deviceName":"emulator-5554","platformVersion":"8.1.0","deviceUDID":"emulator-5554","deviceApiLevel":27,"deviceScreenSize":"1080x1920","deviceScreenDensity":420,"deviceModel":"Android SDK built for x86","deviceManufacturer":"Google","pixelRatio":2.625,"statBarHeight":63,"viewportRect":{"left":0,"top":63,"width":1080,"height":1731},"lastScrollData":null}
&amp#27;[35m[HTTP]&amp#27;[39m &amp#27;[37m<-- GET /wd/hub/session/7d010bc3-9f33-4abe-abdc-af1dd67ea241 &amp#27;[39m&amp#27;[32m200&amp#27;[39m &amp#27;[90m11 ms - 897&amp#27;[39m
&amp#27;[35m[HTTP]&amp#27;[39m &amp#27;[90m&amp#27;[39m
&amp#27;[35m[HTTP]&amp#27;[39m &amp#27;[37m-->&amp#27;[39m &amp#27;[37mGET&amp#27;[39m &amp#27;[37m/wd/hub/session/7d010bc3-9f33-4abe-abdc-af1dd67ea241&amp#27;[39m
&amp#27;[35m[HTTP]&amp#27;[39m &amp#27;[90m{}&amp#27;[39m
[debug] &amp#27;[35m[W3C (7d010bc3)]&amp#27;[39m Calling AppiumDriver.getSession() with args: ["7d010bc3-9f33-4abe-abdc-af1dd67ea241"]
[debug] &amp#27;[35m[UiAutomator2]&amp#27;[39m Getting session details from server to mix in
[debug] &amp#27;[35m[WD Proxy]&amp#27;[39m Matched '/' to command name 'getSession'
[debug] &amp#27;[35m[WD Proxy]&amp#27;[39m Proxying [GET /] to [GET http://127.0.0.1:8200/wd/hub/session/6461c6bc-9cf3-4461-9bd5-1fe0e416d73f] with no body
[debug] &amp#27;[35m[WD Proxy]&amp#27;[39m Got response with status 200: {"sessionId":"6461c6bc-9cf3-4461-9bd5-1fe0e416d73f","value":{"lastScrollData":null}}
[debug] &amp#27;[35m[W3C (7d010bc3)]&amp#27;[39m Responding to client with driver.getSession() result: {"platform":"LINUX","webStorageEnabled":false,"takesScreenshot":true,"javascriptEnabled":true,"databaseEnabled":false,"networkConnectionEnabled":true,"locationContextEnabled":false,"warnings":{},"desired":{"platformName":"android","app":"src/test/resources/App/ApiDemos-debug.apk","appActivity":".ApiDemos","appPackage":"io.appium.android.apis","deviceName":"android","platformVersion":"8.1"},"platformName":"android","app":"src/test/resources/App/ApiDemos-debug.apk","appActivity":".ApiDemos","appPackage":"io.appium.android.apis","deviceName":"emulator-5554","platformVersion":"8.1.0","deviceUDID":"emulator-5554","deviceApiLevel":27,"deviceScreenSize":"1080x1920","deviceScreenDensity":420,"deviceModel":"Android SDK built for x86","deviceManufacturer":"Google","pixelRatio":2.625,"statBarHeight":63,"viewportRect":{"left":0,"top":63,"width":1080,"height":1731},"lastScrollData":null}
&amp#27;[35m[HTTP]&amp#27;[39m &amp#27;[37m<-- GET /wd/hub/session/7d010bc3-9f33-4abe-abdc-af1dd67ea241 &amp#27;[39m&amp#27;[32m200&amp#27;[39m &amp#27;[90m8 ms - 897&amp#27;[39m
&amp#27;[35m[HTTP]&amp#27;[39m &amp#27;[90m&amp#27;[39m
&amp#27;[35m[HTTP]&amp#27;[39m &amp#27;[37m-->&amp#27;[39m &amp#27;[37mPOST&amp#27;[39m &amp#27;[37m/wd/hub/session/7d010bc3-9f33-4abe-abdc-af1dd67ea241/element&amp#27;[39m
&amp#27;[35m[HTTP]&amp#27;[39m &amp#27;[90m{"using":"xpath","value":"//android.widget.TextView[@content-desc=\"Views\"]"}&amp#27;[39m
[debug] &amp#27;[35m[W3C (7d010bc3)]&amp#27;[39m Calling AppiumDriver.findElement() with args: ["xpath","//android.widget.TextView[@content-desc=\"Views\"]","7d010bc3-9f33-4abe-abdc-af1dd67ea241"]
[debug] &amp#27;[35m[BaseDriver]&amp#27;[39m Valid locator strategies for this request: xpath, id, class name, accessibility id, css selector, -android uiautomator
[debug] &amp#27;[35m[BaseDriver]&amp#27;[39m Waiting up to 0 ms for condition
[debug] &amp#27;[35m[WD Proxy]&amp#27;[39m Matched '/element' to command name 'findElement'
[debug] &amp#27;[35m[WD Proxy]&amp#27;[39m Proxying [POST /element] to [POST http://127.0.0.1:8200/wd/hub/session/6461c6bc-9cf3-4461-9bd5-1fe0e416d73f/element] with body: {"strategy":"xpath","selector":"//android.widget.TextView[@content-desc=\"Views\"]","context":"","multiple":false}
[debug] &amp#27;[35m[WD Proxy]&amp#27;[39m Got response with status 200: {"sessionId":"6461c6bc-9cf3-4461-9bd5-1fe0e416d73f","value":{"ELEMENT":"00000000-0000-00aa-ffff-ffff0000000f","element-6066-11e4-a52e-4f735466cecf":"00000000-0000-00aa-ffff-ffff0000000f"}}
[debug] &amp#27;[35m[W3C (7d010bc3)]&amp#27;[39m Responding to client with driver.findElement() result: {"element-6066-11e4-a52e-4f735466cecf":"00000000-0000-00aa-ffff-ffff0000000f","ELEMENT":"00000000-0000-00aa-ffff-ffff0000000f"}
&amp#27;[35m[HTTP]&amp#27;[39m &amp#27;[37m<-- POST /wd/hub/session/7d010bc3-9f33-4abe-abdc-af1dd67ea241/element &amp#27;[39m&amp#27;[32m200&amp#27;[39m &amp#27;[90m1318 ms - 137&amp#27;[39m
&amp#27;[35m[HTTP]&amp#27;[39m &amp#27;[90m&amp#27;[39m
&amp#27;[35m[HTTP]&amp#27;[39m &amp#27;[37m-->&amp#27;[39m &amp#27;[37mPOST&amp#27;[39m &amp#27;[37m/wd/hub/session/7d010bc3-9f33-4abe-abdc-af1dd67ea241/element/00000000-0000-00aa-ffff-ffff0000000f/click&amp#27;[39m
&amp#27;[35m[HTTP]&amp#27;[39m &amp#27;[90m{"id":"00000000-0000-00aa-ffff-ffff0000000f"}&amp#27;[39m
[debug] &amp#27;[35m[W3C (7d010bc3)]&amp#27;[39m Calling AppiumDriver.click() with args: ["00000000-0000-00aa-ffff-ffff0000000f","7d010bc3-9f33-4abe-abdc-af1dd67ea241"]
[debug] &amp#27;[35m[WD Proxy]&amp#27;[39m Matched '/element/00000000-0000-00aa-ffff-ffff0000000f/click' to command name 'click'
[debug] &amp#27;[35m[WD Proxy]&amp#27;[39m Proxying [POST /element/00000000-0000-00aa-ffff-ffff0000000f/click] to [POST http://127.0.0.1:8200/wd/hub/session/6461c6bc-9cf3-4461-9bd5-1fe0e416d73f/element/00000000-0000-00aa-ffff-ffff0000000f/click] with body: {"element":"00000000-0000-00aa-ffff-ffff0000000f"}
[debug] &amp#27;[35m[WD Proxy]&amp#27;[39m Got response with status 200: {"sessionId":"6461c6bc-9cf3-4461-9bd5-1fe0e416d73f","value":null}
[debug] &amp#27;[35m[W3C (7d010bc3)]&amp#27;[39m Responding to client with driver.click() result: null
&amp#27;[35m[HTTP]&amp#27;[39m &amp#27;[37m<-- POST /wd/hub/session/7d010bc3-9f33-4abe-abdc-af1dd67ea241/element/00000000-0000-00aa-ffff-ffff0000000f/click &amp#27;[39m&amp#27;[32m200&amp#27;[39m &amp#27;[90m1178 ms - 14&amp#27;[39m
&amp#27;[35m[HTTP]&amp#27;[39m &amp#27;[90m&amp#27;[39m
2022-07-28 14:07:146 %-Sp Log4j :19 -click on view button
&amp#27;[35m[HTTP]&amp#27;[39m &amp#27;[37m-->&amp#27;[39m &amp#27;[37mPOST&amp#27;[39m &amp#27;[37m/wd/hub/session/7d010bc3-9f33-4abe-abdc-af1dd67ea241/element&amp#27;[39m
&amp#27;[35m[HTTP]&amp#27;[39m &amp#27;[90m{"using":"xpath","value":"//android.widget.TextView[@content-desc=\"Animation\"]"}&amp#27;[39m
[debug] &amp#27;[35m[W3C (7d010bc3)]&amp#27;[39m Calling AppiumDriver.findElement() with args: ["xpath","//android.widget.TextView[@content-desc=\"Animation\"]","7d010bc3-9f33-4abe-abdc-af1dd67ea241"]
[debug] &amp#27;[35m[BaseDriver]&amp#27;[39m Valid locator strategies for this request: xpath, id, class name, accessibility id, css selector, -android uiautomator
[debug] &amp#27;[35m[BaseDriver]&amp#27;[39m Waiting up to 0 ms for condition
[debug] &amp#27;[35m[WD Proxy]&amp#27;[39m Matched '/element' to command name 'findElement'
[debug] &amp#27;[35m[WD Proxy]&amp#27;[39m Proxying [POST /element] to [POST http://127.0.0.1:8200/wd/hub/session/6461c6bc-9cf3-4461-9bd5-1fe0e416d73f/element] with body: {"strategy":"xpath","selector":"//android.widget.TextView[@content-desc=\"Animation\"]","context":"","multiple":false}
[debug] &amp#27;[35m[WD Proxy]&amp#27;[39m Got response with status 200: {"sessionId":"6461c6bc-9cf3-4461-9bd5-1fe0e416d73f","value":{"ELEMENT":"00000000-0000-00ab-ffff-ffff00000017","element-6066-11e4-a52e-4f735466cecf":"00000000-0000-00ab-ffff-ffff00000017"}}
[debug] &amp#27;[35m[W3C (7d010bc3)]&amp#27;[39m Responding to client with driver.findElement() result: {"element-6066-11e4-a52e-4f735466cecf":"00000000-0000-00ab-ffff-ffff00000017","ELEMENT":"00000000-0000-00ab-ffff-ffff00000017"}
&amp#27;[35m[HTTP]&amp#27;[39m &amp#27;[37m<-- POST /wd/hub/session/7d010bc3-9f33-4abe-abdc-af1dd67ea241/element &amp#27;[39m&amp#27;[32m200&amp#27;[39m &amp#27;[90m63 ms - 137&amp#27;[39m
&amp#27;[35m[HTTP]&amp#27;[39m &amp#27;[90m&amp#27;[39m
&amp#27;[35m[HTTP]&amp#27;[39m &amp#27;[37m-->&amp#27;[39m &amp#27;[37mPOST&amp#27;[39m &amp#27;[37m/wd/hub/session/7d010bc3-9f33-4abe-abdc-af1dd67ea241/element/00000000-0000-00ab-ffff-ffff00000017/click&amp#27;[39m
&amp#27;[35m[HTTP]&amp#27;[39m &amp#27;[90m{"id":"00000000-0000-00ab-ffff-ffff00000017"}&amp#27;[39m
[debug] &amp#27;[35m[W3C (7d010bc3)]&amp#27;[39m Calling AppiumDriver.click() with args: ["00000000-0000-00ab-ffff-ffff00000017","7d010bc3-9f33-4abe-abdc-af1dd67ea241"]
[debug] &amp#27;[35m[WD Proxy]&amp#27;[39m Matched '/element/00000000-0000-00ab-ffff-ffff00000017/click' to command name 'click'
[debug] &amp#27;[35m[WD Proxy]&amp#27;[39m Proxying [POST /element/00000000-0000-00ab-ffff-ffff00000017/click] to [POST http://127.0.0.1:8200/wd/hub/session/6461c6bc-9cf3-4461-9bd5-1fe0e416d73f/element/00000000-0000-00ab-ffff-ffff00000017/click] with body: {"element":"00000000-0000-00ab-ffff-ffff00000017"}
[debug] &amp#27;[35m[WD Proxy]&amp#27;[39m Got response with status 200: {"sessionId":"6461c6bc-9cf3-4461-9bd5-1fe0e416d73f","value":null}
[debug] &amp#27;[35m[W3C (7d010bc3)]&amp#27;[39m Responding to client with driver.click() result: null
&amp#27;[35m[HTTP]&amp#27;[39m &amp#27;[37m<-- POST /wd/hub/session/7d010bc3-9f33-4abe-abdc-af1dd67ea241/element/00000000-0000-00ab-ffff-ffff00000017/click &amp#27;[39m&amp#27;[32m200&amp#27;[39m &amp#27;[90m17 ms - 14&amp#27;[39m
&amp#27;[35m[HTTP]&amp#27;[39m &amp#27;[90m&amp#27;[39m
2022-07-28 14:07:258 %-Sp Log4j :26 -Click on the animation button
&amp#27;[35m[HTTP]&amp#27;[39m &amp#27;[37m-->&amp#27;[39m &amp#27;[37mPOST&amp#27;[39m &amp#27;[37m/wd/hub/session/7d010bc3-9f33-4abe-abdc-af1dd67ea241/element&amp#27;[39m
&amp#27;[35m[HTTP]&amp#27;[39m &amp#27;[90m{"using":"xpath","value":"//android.widget.TextView[@content-desc=\"3D Transition\"]"}&amp#27;[39m
[debug] &amp#27;[35m[W3C (7d010bc3)]&amp#27;[39m Calling AppiumDriver.findElement() with args: ["xpath","//android.widget.TextView[@content-desc=\"3D Transition\"]","7d010bc3-9f33-4abe-abdc-af1dd67ea241"]
[debug] &amp#27;[35m[BaseDriver]&amp#27;[39m Valid locator strategies for this request: xpath, id, class name, accessibility id, css selector, -android uiautomator
[debug] &amp#27;[35m[BaseDriver]&amp#27;[39m Waiting up to 0 ms for condition
[debug] &amp#27;[35m[WD Proxy]&amp#27;[39m Matched '/element' to command name 'findElement'
[debug] &amp#27;[35m[WD Proxy]&amp#27;[39m Proxying [POST /element] to [POST http://127.0.0.1:8200/wd/hub/session/6461c6bc-9cf3-4461-9bd5-1fe0e416d73f/element] with body: {"strategy":"xpath","selector":"//android.widget.TextView[@content-desc=\"3D Transition\"]","context":"","multiple":false}
[debug] &amp#27;[35m[WD Proxy]&amp#27;[39m Got response with status 200: {"sessionId":"6461c6bc-9cf3-4461-9bd5-1fe0e416d73f","value":{"ELEMENT":"00000000-0000-00ac-ffff-ffff0000002d","element-6066-11e4-a52e-4f735466cecf":"00000000-0000-00ac-ffff-ffff0000002d"}}
[debug] &amp#27;[35m[W3C (7d010bc3)]&amp#27;[39m Responding to client with driver.findElement() result: {"element-6066-11e4-a52e-4f735466cecf":"00000000-0000-00ac-ffff-ffff0000002d","ELEMENT":"00000000-0000-00ac-ffff-ffff0000002d"}
&amp#27;[35m[HTTP]&amp#27;[39m &amp#27;[37m<-- POST /wd/hub/session/7d010bc3-9f33-4abe-abdc-af1dd67ea241/element &amp#27;[39m&amp#27;[32m200&amp#27;[39m &amp#27;[90m1104 ms - 137&amp#27;[39m
&amp#27;[35m[HTTP]&amp#27;[39m &amp#27;[90m&amp#27;[39m
&amp#27;[35m[HTTP]&amp#27;[39m &amp#27;[37m-->&amp#27;[39m &amp#27;[37mPOST&amp#27;[39m &amp#27;[37m/wd/hub/session/7d010bc3-9f33-4abe-abdc-af1dd67ea241/element/00000000-0000-00ac-ffff-ffff0000002d/click&amp#27;[39m
&amp#27;[35m[HTTP]&amp#27;[39m &amp#27;[90m{"id":"00000000-0000-00ac-ffff-ffff0000002d"}&amp#27;[39m
[debug] &amp#27;[35m[W3C (7d010bc3)]&amp#27;[39m Calling AppiumDriver.click() with args: ["00000000-0000-00ac-ffff-ffff0000002d","7d010bc3-9f33-4abe-abdc-af1dd67ea241"]
[debug] &amp#27;[35m[WD Proxy]&amp#27;[39m Matched '/element/00000000-0000-00ac-ffff-ffff0000002d/click' to command name 'click'
[debug] &amp#27;[35m[WD Proxy]&amp#27;[39m Proxying [POST /element/00000000-0000-00ac-ffff-ffff0000002d/click] to [POST http://127.0.0.1:8200/wd/hub/session/6461c6bc-9cf3-4461-9bd5-1fe0e416d73f/element/00000000-0000-00ac-ffff-ffff0000002d/click] with body: {"element":"00000000-0000-00ac-ffff-ffff0000002d"}
[debug] &amp#27;[35m[WD Proxy]&amp#27;[39m Got response with status 200: {"sessionId":"6461c6bc-9cf3-4461-9bd5-1fe0e416d73f","value":null}
[debug] &amp#27;[35m[W3C (7d010bc3)]&amp#27;[39m Responding to client with driver.click() result: null
&amp#27;[35m[HTTP]&amp#27;[39m &amp#27;[37m<-- POST /wd/hub/session/7d010bc3-9f33-4abe-abdc-af1dd67ea241/element/00000000-0000-00ac-ffff-ffff0000002d/click &amp#27;[39m&amp#27;[32m200&amp#27;[39m &amp#27;[90m1254 ms - 14&amp#27;[39m
&amp#27;[35m[HTTP]&amp#27;[39m &amp#27;[90m&amp#27;[39m
2022-07-28 14:07:653 %-Sp Log4j :34 -click on the 3d transition
&amp#27;[35m[HTTP]&amp#27;[39m &amp#27;[37m-->&amp#27;[39m &amp#27;[37mPOST&amp#27;[39m &amp#27;[37m/wd/hub/session/7d010bc3-9f33-4abe-abdc-af1dd67ea241/element&amp#27;[39m
&amp#27;[35m[HTTP]&amp#27;[39m &amp#27;[90m{"using":"xpath","value":"/hierarchy/android.widget.FrameLayout/android.view.ViewGroup/android.widget.FrameLayout[2]/android.widget.FrameLayout/android.widget.ListView/android.widget.TextView[2]"}&amp#27;[39m
[debug] &amp#27;[35m[W3C (7d010bc3)]&amp#27;[39m Calling AppiumDriver.findElement() with args: ["xpath","/hierarchy/android.widget.FrameLayout/android.view.ViewGroup/android.widget.FrameLayout[2]/android.widget.FrameLayout/android.widget.ListView/android.widget.TextView[2]","7d010bc3-9f33-4abe-abdc-af1dd67ea241"]
[debug] &amp#27;[35m[BaseDriver]&amp#27;[39m Valid locator strategies for this request: xpath, id, class name, accessibility id, css selector, -android uiautomator
[debug] &amp#27;[35m[BaseDriver]&amp#27;[39m Waiting up to 0 ms for condition
[debug] &amp#27;[35m[WD Proxy]&amp#27;[39m Matched '/element' to command name 'findElement'
[debug] &amp#27;[35m[WD Proxy]&amp#27;[39m Proxying [POST /element] to [POST http://127.0.0.1:8200/wd/hub/session/6461c6bc-9cf3-4461-9bd5-1fe0e416d73f/element] with body: {"strategy":"xpath","selector":"/hierarchy/android.widget.FrameLayout/android.view.ViewGroup/android.widget.FrameLayout[2]/android.widget.FrameLayout/android.widget.ListView/android.widget.TextView[2]","context":"","multiple":false}
[debug] &amp#27;[35m[WD Proxy]&amp#27;[39m Got response with status 200: {"sessionId":"6461c6bc-9cf3-4461-9bd5-1fe0e416d73f","value":{"ELEMENT":"00000000-0000-00ad-ffff-ffff00000038","element-6066-11e4-a52e-4f735466cecf":"00000000-0000-00ad-ffff-ffff00000038"}}
[debug] &amp#27;[35m[W3C (7d010bc3)]&amp#27;[39m Responding to client with driver.findElement() result: {"element-6066-11e4-a52e-4f735466cecf":"00000000-0000-00ad-ffff-ffff00000038","ELEMENT":"00000000-0000-00ad-ffff-ffff00000038"}
&amp#27;[35m[HTTP]&amp#27;[39m &amp#27;[37m<-- POST /wd/hub/session/7d010bc3-9f33-4abe-abdc-af1dd67ea241/element &amp#27;[39m&amp#27;[32m200&amp#27;[39m &amp#27;[90m53 ms - 137&amp#27;[39m
&amp#27;[35m[HTTP]&amp#27;[39m &amp#27;[90m&amp#27;[39m
&amp#27;[35m[HTTP]&amp#27;[39m &amp#27;[37m-->&amp#27;[39m &amp#27;[37mPOST&amp#27;[39m &amp#27;[37m/wd/hub/session/7d010bc3-9f33-4abe-abdc-af1dd67ea241/element/00000000-0000-00ad-ffff-ffff00000038/click&amp#27;[39m
&amp#27;[35m[HTTP]&amp#27;[39m &amp#27;[90m{"id":"00000000-0000-00ad-ffff-ffff00000038"}&amp#27;[39m
[debug] &amp#27;[35m[W3C (7d010bc3)]&amp#27;[39m Calling AppiumDriver.click() with args: ["00000000-0000-00ad-ffff-ffff00000038","7d010bc3-9f33-4abe-abdc-af1dd67ea241"]
[debug] &amp#27;[35m[WD Proxy]&amp#27;[39m Matched '/element/00000000-0000-00ad-ffff-ffff00000038/click' to command name 'click'
[debug] &amp#27;[35m[WD Proxy]&amp#27;[39m Proxying [POST /element/00000000-0000-00ad-ffff-ffff00000038/click] to [POST http://127.0.0.1:8200/wd/hub/session/6461c6bc-9cf3-4461-9bd5-1fe0e416d73f/element/00000000-0000-00ad-ffff-ffff00000038/click] with body: {"element":"00000000-0000-00ad-ffff-ffff00000038"}
[debug] &amp#27;[35m[WD Proxy]&amp#27;[39m Got response with status 200: {"sessionId":"6461c6bc-9cf3-4461-9bd5-1fe0e416d73f","value":null}
[debug] &amp#27;[35m[W3C (7d010bc3)]&amp#27;[39m Responding to client with driver.click() result: null
&amp#27;[35m[HTTP]&amp#27;[39m &amp#27;[37m<-- POST /wd/hub/session/7d010bc3-9f33-4abe-abdc-af1dd67ea241/element/00000000-0000-00ad-ffff-ffff00000038/click &amp#27;[39m&amp#27;[32m200&amp#27;[39m &amp#27;[90m589 ms - 14&amp#27;[39m
&amp#27;[35m[HTTP]&amp#27;[39m &amp#27;[90m&amp#27;[39m
2022-07-28 14:07:321 %-Sp Log4j :40 -Click on the image name
&amp#27;[35m[HTTP]&amp#27;[39m &amp#27;[37m-->&amp#27;[39m &amp#27;[37mPOST&amp#27;[39m &amp#27;[37m/wd/hub/session/7d010bc3-9f33-4abe-abdc-af1dd67ea241/element&amp#27;[39m
&amp#27;[35m[HTTP]&amp#27;[39m &amp#27;[90m{"using":"id","value":"io.appium.android.apis:id/picture"}&amp#27;[39m
[debug] &amp#27;[35m[W3C (7d010bc3)]&amp#27;[39m Calling AppiumDriver.findElement() with args: ["id","io.appium.android.apis:id/picture","7d010bc3-9f33-4abe-abdc-af1dd67ea241"]
[debug] &amp#27;[35m[BaseDriver]&amp#27;[39m Valid locator strategies for this request: xpath, id, class name, accessibility id, css selector, -android uiautomator
[debug] &amp#27;[35m[BaseDriver]&amp#27;[39m Waiting up to 0 ms for condition
[debug] &amp#27;[35m[WD Proxy]&amp#27;[39m Matched '/element' to command name 'findElement'
[debug] &amp#27;[35m[WD Proxy]&amp#27;[39m Proxying [POST /element] to [POST http://127.0.0.1:8200/wd/hub/session/6461c6bc-9cf3-4461-9bd5-1fe0e416d73f/element] with body: {"strategy":"id","selector":"io.appium.android.apis:id/picture","context":"","multiple":false}
[debug] &amp#27;[35m[WD Proxy]&amp#27;[39m Got response with status 200: {"sessionId":"6461c6bc-9cf3-4461-9bd5-1fe0e416d73f","value":{"ELEMENT":"00000000-0000-00ad-ffff-ffff0000003f","element-6066-11e4-a52e-4f735466cecf":"00000000-0000-00ad-ffff-ffff0000003f"}}
[debug] &amp#27;[35m[W3C (7d010bc3)]&amp#27;[39m Responding to client with driver.findElement() result: {"element-6066-11e4-a52e-4f735466cecf":"00000000-0000-00ad-ffff-ffff0000003f","ELEMENT":"00000000-0000-00ad-ffff-ffff0000003f"}
&amp#27;[35m[HTTP]&amp#27;[39m &amp#27;[37m<-- POST /wd/hub/session/7d010bc3-9f33-4abe-abdc-af1dd67ea241/element &amp#27;[39m&amp#27;[32m200&amp#27;[39m &amp#27;[90m19 ms - 137&amp#27;[39m
&amp#27;[35m[HTTP]&amp#27;[39m &amp#27;[90m&amp#27;[39m
&amp#27;[35m[HTTP]&amp#27;[39m &amp#27;[37m-->&amp#27;[39m &amp#27;[37mPOST&amp#27;[39m &amp#27;[37m/wd/hub/session/7d010bc3-9f33-4abe-abdc-af1dd67ea241/element/00000000-0000-00ad-ffff-ffff0000003f/click&amp#27;[39m
&amp#27;[35m[HTTP]&amp#27;[39m &amp#27;[90m{"id":"00000000-0000-00ad-ffff-ffff0000003f"}&amp#27;[39m
[debug] &amp#27;[35m[W3C (7d010bc3)]&amp#27;[39m Calling AppiumDriver.click() with args: ["00000000-0000-00ad-ffff-ffff0000003f","7d010bc3-9f33-4abe-abdc-af1dd67ea241"]
[debug] &amp#27;[35m[WD Proxy]&amp#27;[39m Matched '/element/00000000-0000-00ad-ffff-ffff0000003f/click' to command name 'click'
[debug] &amp#27;[35m[WD Proxy]&amp#27;[39m Proxying [POST /element/00000000-0000-00ad-ffff-ffff0000003f/click] to [POST http://127.0.0.1:8200/wd/hub/session/6461c6bc-9cf3-4461-9bd5-1fe0e416d73f/element/00000000-0000-00ad-ffff-ffff0000003f/click] with body: {"element":"00000000-0000-00ad-ffff-ffff0000003f"}
[debug] &amp#27;[35m[WD Proxy]&amp#27;[39m Got response with status 200: {"sessionId":"6461c6bc-9cf3-4461-9bd5-1fe0e416d73f","value":null}
[debug] &amp#27;[35m[W3C (7d010bc3)]&amp#27;[39m Responding to client with driver.click() result: null
&amp#27;[35m[HTTP]&amp#27;[39m &amp#27;[37m<-- POST /wd/hub/session/7d010bc3-9f33-4abe-abdc-af1dd67ea241/element/00000000-0000-00ad-ffff-ffff0000003f/click &amp#27;[39m&amp#27;[32m200&amp#27;[39m &amp#27;[90m13 ms - 14&amp#27;[39m
&amp#27;[35m[HTTP]&amp#27;[39m &amp#27;[90m&amp#27;[39m
2022-07-28 14:07:398 %-Sp Log4j :48 -click on the image
&amp#27;[35m[HTTP]&amp#27;[39m &amp#27;[37m-->&amp#27;[39m &amp#27;[37mDELETE&amp#27;[39m &amp#27;[37m/wd/hub/session/7d010bc3-9f33-4abe-abdc-af1dd67ea241&amp#27;[39m
&amp#27;[35m[HTTP]&amp#27;[39m &amp#27;[90m{}&amp#27;[39m
[debug] &amp#27;[35m[W3C (7d010bc3)]&amp#27;[39m Calling AppiumDriver.deleteSession() with args: ["7d010bc3-9f33-4abe-abdc-af1dd67ea241"]
[debug] &amp#27;[35m[BaseDriver]&amp#27;[39m Event 'quitSessionRequested' logged at 1658997760415 (14:12:40 GMT+0530 (India Standard Time))
&amp#27;[35m[Appium]&amp#27;[39m Removing session 7d010bc3-9f33-4abe-abdc-af1dd67ea241 from our master session list
[debug] &amp#27;[35m[UiAutomator2]&amp#27;[39m Deleting UiAutomator2 session
[debug] &amp#27;[35m[UiAutomator2]&amp#27;[39m Deleting UiAutomator2 server session
[debug] &amp#27;[35m[WD Proxy]&amp#27;[39m Matched '/' to command name 'deleteSession'
[debug] &amp#27;[35m[WD Proxy]&amp#27;[39m Proxying [DELETE /] to [DELETE http://127.0.0.1:8200/wd/hub/session/6461c6bc-9cf3-4461-9bd5-1fe0e416d73f] with no body
[debug] &amp#27;[35m[WD Proxy]&amp#27;[39m Got response with status 200: {"sessionId":"6461c6bc-9cf3-4461-9bd5-1fe0e416d73f","value":null}
[debug] &amp#27;[35m[ADB]&amp#27;[39m Running 'C:\Users\pooja05\AppData\Local\Android\Sdk\platform-tools\adb.exe -P 5037 -s emulator-5554 shell am force-stop io.appium.android.apis'
[debug] &amp#27;[35m[Logcat]&amp#27;[39m Stopping logcat capture
[debug] &amp#27;[35m[ADB]&amp#27;[39m Removing forwarded port socket connection: 8200 
[debug] &amp#27;[35m[ADB]&amp#27;[39m Running 'C:\Users\pooja05\AppData\Local\Android\Sdk\platform-tools\adb.exe -P 5037 -s emulator-5554 forward --remove tcp:8200'
[debug] &amp#27;[35m[BaseDriver]&amp#27;[39m Event 'quitSessionFinished' logged at 1658997760565 (14:12:40 GMT+0530 (India Standard Time))
[debug] &amp#27;[35m[W3C (7d010bc3)]&amp#27;[39m Received response: null
[debug] &amp#27;[35m[W3C (7d010bc3)]&amp#27;[39m But deleting session, so not returning
[debug] &amp#27;[35m[W3C (7d010bc3)]&amp#27;[39m Responding to client with driver.deleteSession() result: null
&amp#27;[35m[HTTP]&amp#27;[39m &amp#27;[37m<-- DELETE /wd/hub/session/7d010bc3-9f33-4abe-abdc-af1dd67ea241 &amp#27;[39m&amp#27;[32m200&amp#27;[39m &amp#27;[90m151 ms - 14&amp#27;[39m
&amp#27;[35m[HTTP]&amp#27;[39m &amp#27;[90m&amp#27;[39m

  @tag
  Scenario: View Functionality &amp#27;[90m# View.feature:5&amp#27;[0m
    &amp#27;[32mGiven &amp#27;[0m&amp#27;[32mTap on the View&amp#27;[0m      &amp#27;[90m# ViewFeature.tap_on_the_View()&amp#27;[0m
    &amp#27;[32mWhen &amp#27;[0m&amp#27;[32mclick on animation&amp#27;[0m    &amp#27;[90m# ViewFeature.click_on_animation()&amp#27;[0m
    &amp#27;[32mAnd &amp#27;[0m&amp#27;[32mclick on &amp#27;[0m&amp#27;[32m&amp#27;[1m3&amp#27;[0m&amp#27;[32md transition&amp#27;[0m &amp#27;[90m# ViewFeature.click_on_d_transition(int)&amp#27;[0m
    &amp#27;[32mAnd &amp#27;[0m&amp#27;[32mclick on image name&amp#27;[0m    &amp#27;[90m# ViewFeature.click_on_image_name()&amp#27;[0m
    &amp#27;[32mThen &amp#27;[0m&amp#27;[32mClick on image&amp#27;[0m        &amp#27;[90m# ViewFeature.click_on_image()&amp#27;[0m
]]></system-out>
    <system-err><![CDATA[Jul 28, 2022 2:12:31 PM io.appium.java_client.remote.AppiumCommandExecutor$1 lambda$0
INFO: Detected dialect: W3C
]]></system-err>
  </testcase>
</testsuite>