<?xml version="1.0" encoding="UTF-8"?>
<!-- Generated by org.testng.reporters.JUnitReportReporter -->
<testsuite hostname="IN-51RJ1J3" failures="0" tests="5" name="Runner.Runner" time="112.610" errors="0" timestamp="27 Jul 2022 09:49:03 GMT" skipped="0">
  <testcase classname="Runner.Runner" name="feature" time="17.244"/>
  <testcase classname="Runner.Runner" name="feature" time="13.394"/>
  <testcase classname="Runner.Runner" name="feature" time="51.768"/>
  <testcase classname="Runner.Runner" name="feature" time="17.186"/>
  <testcase classname="Runner.Runner" name="feature" time="13.018"/>
</testsuite> <!-- Runner.Runner -->
