<?xml version="1.0" encoding="UTF-8"?>
<!-- Generated by org.testng.reporters.JUnitReportReporter -->
<testsuite hostname="IN-51RJ1J3" failures="0" tests="5" name="Runner.Runner" time="111.599" errors="0" timestamp="28 Jul 2022 08:42:40 GMT" skipped="0">
  <testcase classname="Runner.Runner" name="feature" time="51.362"/>
  <testcase classname="Runner.Runner" name="feature" time="16.384"/>
  <testcase classname="Runner.Runner" name="feature" time="14.833"/>
  <testcase classname="Runner.Runner" name="feature" time="13.276"/>
  <testcase classname="Runner.Runner" name="feature" time="15.744"/>
</testsuite> <!-- Runner.Runner -->
